---------------------------------------------------------------
[ 2018-03-21T08:59:59+08:00 ] 127.0.0.1 GET /admin/
[ info ] drj.bjzhishanzhimei.com/admin/ [运行时间：0.193011s][吞吐率：5.18req/s] [内存消耗：1,742.59kb] [文件加载：61]
[ info ] [ LANG ] D:\phpStudy\WWW\drj\thinkphp\lang\zh-cn.php
[ info ] [ ROUTE ] array (
  'type' => 'module',
  'module' => 
  array (
    0 => 'admin',
    1 => NULL,
    2 => NULL,
  ),
)
[ info ] [ HEADER ] array (
  'upgrade-insecure-requests' => '1',
  'connection' => 'close',
  'cookie' => 'Hm_lvt_9d483e9e48ba1faa0dfceaf6333de846=1520991119,1521075854,1521421642,1521507948',
  'accept-encoding' => 'gzip, deflate',
  'accept-language' => 'zh-CN,zh;q=0.8,zh-TW;q=0.7,zh-HK;q=0.5,en-US;q=0.3,en;q=0.2',
  'accept' => 'text/html,application/xhtml+xml,application/xml;q=0.9,*/*;q=0.8',
  'user-agent' => 'Mozilla/5.0 (Windows NT 6.1; Win64; x64; rv:59.0) Gecko/20100101 Firefox/59.0',
  'host' => 'drj.bjzhishanzhimei.com',
)
[ info ] [ PARAM ] array (
  '/admin/' => '',
)
[ info ] [ SESSION ] INIT array (
  'prefix' => 'module',
  'auto_start' => true,
  'host' => '127.0.0.1',
  'port' => 6379,
  'password' => '',
  'path' => 'D:\\phpStudy\\WWW\\drj\\runtime\\session',
  'sess_path' => 'D:\\phpStudy\\WWW\\drj\\runtime\\session',
)
[ info ] [ VIEW ] D:\phpStudy\WWW\drj\thinkphp\tpl\dispatch_jump.tpl [ array (
  0 => 'code',
  1 => 'msg',
  2 => 'data',
  3 => 'url',
  4 => 'wait',
) ]
[ info ] [ LOG ] INIT File
---------------------------------------------------------------
[ 2018-03-21T09:00:02+08:00 ] 127.0.0.1 GET /admin/login/index.html
[ info ] drj.bjzhishanzhimei.com/admin/login/index.html [运行时间：0.164009s][吞吐率：6.10req/s] [内存消耗：1,751.49kb] [文件加载：60]
[ info ] [ LANG ] D:\phpStudy\WWW\drj\thinkphp\lang\zh-cn.php
[ info ] [ ROUTE ] array (
  'type' => 'module',
  'module' => 
  array (
    0 => 'admin',
    1 => 'login',
    2 => 'index',
  ),
)
[ info ] [ HEADER ] array (
  'upgrade-insecure-requests' => '1',
  'connection' => 'close',
  'cookie' => 'Hm_lvt_9d483e9e48ba1faa0dfceaf6333de846=1521075854,1521421642,1521507948,1521594000; PHPSESSID=63gkhfod152dbv11d9a3cups25; Hm_lpvt_9d483e9e48ba1faa0dfceaf6333de846=1521594000',
  'referer' => 'http://drj.bjzhishanzhimei.com/admin/',
  'accept-encoding' => 'gzip, deflate',
  'accept-language' => 'zh-CN,zh;q=0.8,zh-TW;q=0.7,zh-HK;q=0.5,en-US;q=0.3,en;q=0.2',
  'accept' => 'text/html,application/xhtml+xml,application/xml;q=0.9,*/*;q=0.8',
  'user-agent' => 'Mozilla/5.0 (Windows NT 6.1; Win64; x64; rv:59.0) Gecko/20100101 Firefox/59.0',
  'host' => 'drj.bjzhishanzhimei.com',
)
[ info ] [ PARAM ] array (
  '/admin/login/index_html' => '',
)
[ info ] [ RUN ] app\admin\controller\Login->index[ D:\phpStudy\WWW\drj\application\admin\controller\Login.php ]
[ info ] [ VIEW ] D:\phpStudy\WWW\drj\public/../application/admin\view\login\index.html [ array (
  0 => 'mName',
  1 => 'cName',
  2 => 'aName',
) ]
[ info ] [ LOG ] INIT File
---------------------------------------------------------------
[ 2018-03-21T09:00:03+08:00 ] 127.0.0.1 GET /captcha.html
[ info ] drj.bjzhishanzhimei.com/captcha.html [运行时间：0.190011s][吞吐率：5.26req/s] [内存消耗：1,418.07kb] [文件加载：47]
[ info ] [ LANG ] D:\phpStudy\WWW\drj\thinkphp\lang\zh-cn.php
[ info ] [ ROUTE ] array (
  'type' => 'method',
  'method' => 
  array (
    0 => '\\think\\captcha\\CaptchaController',
    1 => 'index',
  ),
  'var' => 
  array (
  ),
)
[ info ] [ HEADER ] array (
  'connection' => 'close',
  'cookie' => 'Hm_lvt_9d483e9e48ba1faa0dfceaf6333de846=1521075854,1521421642,1521507948,1521594000; PHPSESSID=63gkhfod152dbv11d9a3cups25; Hm_lpvt_9d483e9e48ba1faa0dfceaf6333de846=1521594000',
  'referer' => 'http://drj.bjzhishanzhimei.com/admin/login/index.html',
  'accept-encoding' => 'gzip, deflate',
  'accept-language' => 'zh-CN,zh;q=0.8,zh-TW;q=0.7,zh-HK;q=0.5,en-US;q=0.3,en;q=0.2',
  'accept' => '*/*',
  'user-agent' => 'Mozilla/5.0 (Windows NT 6.1; Win64; x64; rv:59.0) Gecko/20100101 Firefox/59.0',
  'host' => 'drj.bjzhishanzhimei.com',
)
[ info ] [ PARAM ] array (
  '/captcha_html' => '',
  'id' => NULL,
)
[ info ] [ RUN ] think\captcha\CaptchaController->index[ D:\phpStudy\WWW\drj\vendor\topthink\think-captcha\src\CaptchaController.php ]
[ info ] [ SESSION ] INIT array (
  'prefix' => 'module',
  'auto_start' => true,
  'host' => '127.0.0.1',
  'port' => 6379,
  'password' => '',
  'path' => 'D:\\phpStudy\\WWW\\drj\\runtime\\session',
  'sess_path' => 'D:\\phpStudy\\WWW\\drj\\runtime\\session',
)
[ info ] [ LOG ] INIT File
---------------------------------------------------------------
[ 2018-03-21T09:00:16+08:00 ] 127.0.0.1 POST /admin/login/login.html
[ info ] drj.bjzhishanzhimei.com/admin/login/login.html [运行时间：0.962055s][吞吐率：1.04req/s] [内存消耗：2,951.72kb] [文件加载：76]
[ info ] [ LANG ] D:\phpStudy\WWW\drj\thinkphp\lang\zh-cn.php
[ info ] [ ROUTE ] array (
  'type' => 'module',
  'module' => 
  array (
    0 => 'admin',
    1 => 'login',
    2 => 'login',
  ),
)
[ info ] [ HEADER ] array (
  'connection' => 'close',
  'cookie' => 'Hm_lvt_9d483e9e48ba1faa0dfceaf6333de846=1521075854,1521421642,1521507948,1521594000; PHPSESSID=63gkhfod152dbv11d9a3cups25; Hm_lpvt_9d483e9e48ba1faa0dfceaf6333de846=1521594003',
  'content-length' => '45',
  'x-requested-with' => 'XMLHttpRequest',
  'content-type' => 'application/x-www-form-urlencoded; charset=UTF-8',
  'referer' => 'http://drj.bjzhishanzhimei.com/admin/login/index.html',
  'accept-encoding' => 'gzip, deflate',
  'accept-language' => 'zh-CN,zh;q=0.8,zh-TW;q=0.7,zh-HK;q=0.5,en-US;q=0.3,en;q=0.2',
  'accept' => 'application/json, text/javascript, */*; q=0.01',
  'user-agent' => 'Mozilla/5.0 (Windows NT 6.1; Win64; x64; rv:59.0) Gecko/20100101 Firefox/59.0',
  'host' => 'drj.bjzhishanzhimei.com',
)
[ info ] [ PARAM ] array (
  '/admin/login/login_html' => '',
  'phone' => '12345678910',
  'password' => '123456',
  'captcha' => '2k2',
)
[ info ] [ RUN ] app\admin\controller\Login->login[ D:\phpStudy\WWW\drj\application\admin\controller\Login.php ]
[ info ] [ SESSION ] INIT array (
  'prefix' => 'module',
  'auto_start' => true,
  'host' => '127.0.0.1',
  'port' => 6379,
  'password' => '',
  'path' => 'D:\\phpStudy\\WWW\\drj\\runtime\\session',
  'sess_path' => 'D:\\phpStudy\\WWW\\drj\\runtime\\session',
)
[ info ] [ DB ] INIT mysql
[ info ] [ CACHE ] INIT File
[ info ] [ LOG ] INIT File
[ sql ] [ DB ] CONNECT:[ UseTime:0.142008s ] mysql:host=47.104.154.142;port=9989;dbname=drj;charset=utf8
[ sql ] [ SQL ] SHOW COLUMNS FROM `member` [ RunTime:0.098006s ]
[ sql ] [ SQL ] SELECT * FROM `member` WHERE  `am_phone` = '12345678910' LIMIT 1 [ RunTime:0.095005s ]
[ sql ] [ SQL ] SHOW COLUMNS FROM `member_log` [ RunTime:0.097005s ]
[ sql ] [ SQL ] INSERT INTO `member_log` (`ml_member_id` , `ml_name` , `ml_url` , `ml_ip` , `create_at`) VALUES (17 , '登录后台' , 'admin/login/login' , '127.0.0.1' , 1521594016) [ RunTime:0.099006s ]
[ sql ] [ SQL ] UPDATE `member`  SET `am_ssid`='63gkhfod152dbv11d9a3cups25',`am_pre_time`=1521594016,`update_at`=1521594016  WHERE  `am_id` = 17 [ RunTime:0.101006s ]
---------------------------------------------------------------
[ 2018-03-21T09:00:16+08:00 ] 127.0.0.1 GET /admin/index/index.html
[ info ] drj.bjzhishanzhimei.com/admin/index/index.html [运行时间：0.192011s][吞吐率：5.21req/s] [内存消耗：2,046.27kb] [文件加载：63]
[ info ] [ LANG ] D:\phpStudy\WWW\drj\thinkphp\lang\zh-cn.php
[ info ] [ ROUTE ] array (
  'type' => 'module',
  'module' => 
  array (
    0 => 'admin',
    1 => 'index',
    2 => 'index',
  ),
)
[ info ] [ HEADER ] array (
  'upgrade-insecure-requests' => '1',
  'connection' => 'close',
  'cookie' => 'Hm_lvt_9d483e9e48ba1faa0dfceaf6333de846=1521075854,1521421642,1521507948,1521594000; PHPSESSID=63gkhfod152dbv11d9a3cups25; Hm_lpvt_9d483e9e48ba1faa0dfceaf6333de846=1521594003',
  'referer' => 'http://drj.bjzhishanzhimei.com/admin/login/index.html',
  'accept-encoding' => 'gzip, deflate',
  'accept-language' => 'zh-CN,zh;q=0.8,zh-TW;q=0.7,zh-HK;q=0.5,en-US;q=0.3,en;q=0.2',
  'accept' => 'text/html,application/xhtml+xml,application/xml;q=0.9,*/*;q=0.8',
  'user-agent' => 'Mozilla/5.0 (Windows NT 6.1; Win64; x64; rv:59.0) Gecko/20100101 Firefox/59.0',
  'host' => 'drj.bjzhishanzhimei.com',
)
[ info ] [ PARAM ] array (
  '/admin/index/index_html' => '',
)
[ info ] [ SESSION ] INIT array (
  'prefix' => 'module',
  'auto_start' => true,
  'host' => '127.0.0.1',
  'port' => 6379,
  'password' => '',
  'path' => 'D:\\phpStudy\\WWW\\drj\\runtime\\session',
  'sess_path' => 'D:\\phpStudy\\WWW\\drj\\runtime\\session',
)
[ info ] [ RUN ] app\admin\controller\Index->index[ D:\phpStudy\WWW\drj\application\admin\controller\Index.php ]
[ info ] [ VIEW ] D:\phpStudy\WWW\drj\public/../application/admin\view\index\index.html [ array (
  0 => 'menu',
  1 => 'path',
  2 => 'User',
  3 => 'mName',
  4 => 'cName',
  5 => 'aName',
) ]
[ info ] [ LOG ] INIT File
---------------------------------------------------------------
[ 2018-03-21T09:00:17+08:00 ] 127.0.0.1 GET /admin/index/welcome.html
[ info ] drj.bjzhishanzhimei.com/admin/index/welcome.html [运行时间：0.354020s][吞吐率：2.82req/s] [内存消耗：2,222.46kb] [文件加载：67]
[ info ] [ LANG ] D:\phpStudy\WWW\drj\thinkphp\lang\zh-cn.php
[ info ] [ ROUTE ] array (
  'type' => 'module',
  'module' => 
  array (
    0 => 'admin',
    1 => 'index',
    2 => 'welcome',
  ),
)
[ info ] [ HEADER ] array (
  'upgrade-insecure-requests' => '1',
  'connection' => 'close',
  'cookie' => 'Hm_lvt_9d483e9e48ba1faa0dfceaf6333de846=1521075854,1521421642,1521507948,1521594000; PHPSESSID=63gkhfod152dbv11d9a3cups25; Hm_lpvt_9d483e9e48ba1faa0dfceaf6333de846=1521594003',
  'referer' => 'http://drj.bjzhishanzhimei.com/admin/index/index.html',
  'accept-encoding' => 'gzip, deflate',
  'accept-language' => 'zh-CN,zh;q=0.8,zh-TW;q=0.7,zh-HK;q=0.5,en-US;q=0.3,en;q=0.2',
  'accept' => 'text/html,application/xhtml+xml,application/xml;q=0.9,*/*;q=0.8',
  'user-agent' => 'Mozilla/5.0 (Windows NT 6.1; Win64; x64; rv:59.0) Gecko/20100101 Firefox/59.0',
  'host' => 'drj.bjzhishanzhimei.com',
)
[ info ] [ PARAM ] array (
  '/admin/index/welcome_html' => '',
)
[ info ] [ SESSION ] INIT array (
  'prefix' => 'module',
  'auto_start' => true,
  'host' => '127.0.0.1',
  'port' => 6379,
  'password' => '',
  'path' => 'D:\\phpStudy\\WWW\\drj\\runtime\\session',
  'sess_path' => 'D:\\phpStudy\\WWW\\drj\\runtime\\session',
)
[ info ] [ RUN ] app\admin\controller\Index->welcome[ D:\phpStudy\WWW\drj\application\admin\controller\Index.php ]
[ info ] [ DB ] INIT mysql
[ info ] [ VIEW ] D:\phpStudy\WWW\drj\public/../application/admin\view\index\welcome.html [ array (
  0 => 'menu',
  1 => 'path',
  2 => 'User',
  3 => 'mName',
  4 => 'cName',
  5 => 'aName',
  6 => 'service',
) ]
[ info ] [ LOG ] INIT File
[ sql ] [ DB ] CONNECT:[ UseTime:0.116007s ] mysql:host=47.104.154.142;port=9989;dbname=drj;charset=utf8
[ sql ] [ SQL ] select version() [ RunTime:0.078004s ]
---------------------------------------------------------------
[ 2018-03-21T09:02:15+08:00 ] 127.0.0.1 GET /admin/index/admin/Villa/tolist
[ info ] drj.bjzhishanzhimei.com/admin/index/admin/Villa/tolist [运行时间：0.157009s][吞吐率：6.37req/s] [内存消耗：1,976.13kb] [文件加载：61]
[ info ] [ LANG ] D:\phpStudy\WWW\drj\thinkphp\lang\zh-cn.php
[ info ] [ ROUTE ] array (
  'type' => 'module',
  'module' => 
  array (
    0 => 'admin',
    1 => 'index',
    2 => 'admin',
  ),
)
[ info ] [ HEADER ] array (
  'upgrade-insecure-requests' => '1',
  'connection' => 'close',
  'cookie' => 'Hm_lvt_9d483e9e48ba1faa0dfceaf6333de846=1521075854,1521421642,1521507948,1521594000; PHPSESSID=63gkhfod152dbv11d9a3cups25; Hm_lpvt_9d483e9e48ba1faa0dfceaf6333de846=1521594018',
  'referer' => 'http://drj.bjzhishanzhimei.com/admin/index/index.html',
  'accept-encoding' => 'gzip, deflate',
  'accept-language' => 'zh-CN,zh;q=0.8,zh-TW;q=0.7,zh-HK;q=0.5,en-US;q=0.3,en;q=0.2',
  'accept' => 'text/html,application/xhtml+xml,application/xml;q=0.9,*/*;q=0.8',
  'user-agent' => 'Mozilla/5.0 (Windows NT 6.1; Win64; x64; rv:59.0) Gecko/20100101 Firefox/59.0',
  'host' => 'drj.bjzhishanzhimei.com',
)
[ info ] [ PARAM ] array (
  '/admin/index/admin/Villa/tolist' => '',
  'Villa' => 'tolist',
)
[ info ] [ SESSION ] INIT array (
  'prefix' => 'module',
  'auto_start' => true,
  'host' => '127.0.0.1',
  'port' => 6379,
  'password' => '',
  'path' => 'D:\\phpStudy\\WWW\\drj\\runtime\\session',
  'sess_path' => 'D:\\phpStudy\\WWW\\drj\\runtime\\session',
)
[ info ] [ RUN ] app\admin\controller\Index->admin[ D:\phpStudy\WWW\drj\application\admin\controller\Index.php ]
[ info ] [ LOG ] INIT File
---------------------------------------------------------------
[ 2018-03-21T09:04:08+08:00 ] 127.0.0.1 GET /admin/index/index.html
[ info ] drj.bjzhishanzhimei.com/admin/index/index.html [运行时间：0.197012s][吞吐率：5.08req/s] [内存消耗：2,046.33kb] [文件加载：63]
[ info ] [ LANG ] D:\phpStudy\WWW\drj\thinkphp\lang\zh-cn.php
[ info ] [ ROUTE ] array (
  'type' => 'module',
  'module' => 
  array (
    0 => 'admin',
    1 => 'index',
    2 => 'index',
  ),
)
[ info ] [ HEADER ] array (
  'cache-control' => 'max-age=0',
  'upgrade-insecure-requests' => '1',
  'connection' => 'close',
  'cookie' => 'Hm_lvt_9d483e9e48ba1faa0dfceaf6333de846=1521075854,1521421642,1521507948,1521594000; PHPSESSID=63gkhfod152dbv11d9a3cups25; Hm_lpvt_9d483e9e48ba1faa0dfceaf6333de846=1521594018',
  'referer' => 'http://drj.bjzhishanzhimei.com/admin/login/index.html',
  'accept-encoding' => 'gzip, deflate',
  'accept-language' => 'zh-CN,zh;q=0.8,zh-TW;q=0.7,zh-HK;q=0.5,en-US;q=0.3,en;q=0.2',
  'accept' => 'text/html,application/xhtml+xml,application/xml;q=0.9,*/*;q=0.8',
  'user-agent' => 'Mozilla/5.0 (Windows NT 6.1; Win64; x64; rv:59.0) Gecko/20100101 Firefox/59.0',
  'host' => 'drj.bjzhishanzhimei.com',
)
[ info ] [ PARAM ] array (
  '/admin/index/index_html' => '',
)
[ info ] [ SESSION ] INIT array (
  'prefix' => 'module',
  'auto_start' => true,
  'host' => '127.0.0.1',
  'port' => 6379,
  'password' => '',
  'path' => 'D:\\phpStudy\\WWW\\drj\\runtime\\session',
  'sess_path' => 'D:\\phpStudy\\WWW\\drj\\runtime\\session',
)
[ info ] [ RUN ] app\admin\controller\Index->index[ D:\phpStudy\WWW\drj\application\admin\controller\Index.php ]
[ info ] [ VIEW ] D:\phpStudy\WWW\drj\public/../application/admin\view\index\index.html [ array (
  0 => 'menu',
  1 => 'path',
  2 => 'User',
  3 => 'mName',
  4 => 'cName',
  5 => 'aName',
) ]
[ info ] [ LOG ] INIT File
---------------------------------------------------------------
[ 2018-03-21T09:04:08+08:00 ] 127.0.0.1 GET /admin/index/welcome.html
[ info ] drj.bjzhishanzhimei.com/admin/index/welcome.html [运行时间：0.488028s][吞吐率：2.05req/s] [内存消耗：2,222.52kb] [文件加载：67]
[ info ] [ LANG ] D:\phpStudy\WWW\drj\thinkphp\lang\zh-cn.php
[ info ] [ ROUTE ] array (
  'type' => 'module',
  'module' => 
  array (
    0 => 'admin',
    1 => 'index',
    2 => 'welcome',
  ),
)
[ info ] [ HEADER ] array (
  'cache-control' => 'max-age=0',
  'upgrade-insecure-requests' => '1',
  'connection' => 'close',
  'cookie' => 'Hm_lvt_9d483e9e48ba1faa0dfceaf6333de846=1521075854,1521421642,1521507948,1521594000; PHPSESSID=63gkhfod152dbv11d9a3cups25; Hm_lpvt_9d483e9e48ba1faa0dfceaf6333de846=1521594018',
  'referer' => 'http://drj.bjzhishanzhimei.com/admin/index/index.html',
  'accept-encoding' => 'gzip, deflate',
  'accept-language' => 'zh-CN,zh;q=0.8,zh-TW;q=0.7,zh-HK;q=0.5,en-US;q=0.3,en;q=0.2',
  'accept' => 'text/html,application/xhtml+xml,application/xml;q=0.9,*/*;q=0.8',
  'user-agent' => 'Mozilla/5.0 (Windows NT 6.1; Win64; x64; rv:59.0) Gecko/20100101 Firefox/59.0',
  'host' => 'drj.bjzhishanzhimei.com',
)
[ info ] [ PARAM ] array (
  '/admin/index/welcome_html' => '',
)
[ info ] [ SESSION ] INIT array (
  'prefix' => 'module',
  'auto_start' => true,
  'host' => '127.0.0.1',
  'port' => 6379,
  'password' => '',
  'path' => 'D:\\phpStudy\\WWW\\drj\\runtime\\session',
  'sess_path' => 'D:\\phpStudy\\WWW\\drj\\runtime\\session',
)
[ info ] [ RUN ] app\admin\controller\Index->welcome[ D:\phpStudy\WWW\drj\application\admin\controller\Index.php ]
[ info ] [ DB ] INIT mysql
[ info ] [ VIEW ] D:\phpStudy\WWW\drj\public/../application/admin\view\index\welcome.html [ array (
  0 => 'menu',
  1 => 'path',
  2 => 'User',
  3 => 'mName',
  4 => 'cName',
  5 => 'aName',
  6 => 'service',
) ]
[ info ] [ LOG ] INIT File
[ sql ] [ DB ] CONNECT:[ UseTime:0.119006s ] mysql:host=47.104.154.142;port=9989;dbname=drj;charset=utf8
[ sql ] [ SQL ] select version() [ RunTime:0.079005s ]
---------------------------------------------------------------
[ 2018-03-21T09:04:19+08:00 ] 127.0.0.1 GET /admin/index/admin/Villa/tolist
[ info ] drj.bjzhishanzhimei.com/admin/index/admin/Villa/tolist [运行时间：0.164009s][吞吐率：6.10req/s] [内存消耗：1,976.13kb] [文件加载：61]
[ info ] [ LANG ] D:\phpStudy\WWW\drj\thinkphp\lang\zh-cn.php
[ info ] [ ROUTE ] array (
  'type' => 'module',
  'module' => 
  array (
    0 => 'admin',
    1 => 'index',
    2 => 'admin',
  ),
)
[ info ] [ HEADER ] array (
  'upgrade-insecure-requests' => '1',
  'connection' => 'close',
  'cookie' => 'Hm_lvt_9d483e9e48ba1faa0dfceaf6333de846=1521075854,1521421642,1521507948,1521594000; PHPSESSID=63gkhfod152dbv11d9a3cups25; Hm_lpvt_9d483e9e48ba1faa0dfceaf6333de846=1521594249',
  'referer' => 'http://drj.bjzhishanzhimei.com/admin/index/index.html',
  'accept-encoding' => 'gzip, deflate',
  'accept-language' => 'zh-CN,zh;q=0.8,zh-TW;q=0.7,zh-HK;q=0.5,en-US;q=0.3,en;q=0.2',
  'accept' => 'text/html,application/xhtml+xml,application/xml;q=0.9,*/*;q=0.8',
  'user-agent' => 'Mozilla/5.0 (Windows NT 6.1; Win64; x64; rv:59.0) Gecko/20100101 Firefox/59.0',
  'host' => 'drj.bjzhishanzhimei.com',
)
[ info ] [ PARAM ] array (
  '/admin/index/admin/Villa/tolist' => '',
  'Villa' => 'tolist',
)
[ info ] [ SESSION ] INIT array (
  'prefix' => 'module',
  'auto_start' => true,
  'host' => '127.0.0.1',
  'port' => 6379,
  'password' => '',
  'path' => 'D:\\phpStudy\\WWW\\drj\\runtime\\session',
  'sess_path' => 'D:\\phpStudy\\WWW\\drj\\runtime\\session',
)
[ info ] [ RUN ] app\admin\controller\Index->admin[ D:\phpStudy\WWW\drj\application\admin\controller\Index.php ]
[ info ] [ LOG ] INIT File
---------------------------------------------------------------
[ 2018-03-21T09:04:25+08:00 ] 127.0.0.1 GET /admin
[ info ] drj.bjzhishanzhimei.com/admin [运行时间：0.204012s][吞吐率：4.90req/s] [内存消耗：2,045.13kb] [文件加载：63]
[ info ] [ LANG ] D:\phpStudy\WWW\drj\thinkphp\lang\zh-cn.php
[ info ] [ ROUTE ] array (
  'type' => 'module',
  'module' => 
  array (
    0 => 'admin',
    1 => NULL,
    2 => NULL,
  ),
)
[ info ] [ HEADER ] array (
  'upgrade-insecure-requests' => '1',
  'connection' => 'close',
  'cookie' => 'Hm_lvt_9d483e9e48ba1faa0dfceaf6333de846=1521075854,1521421642,1521507948,1521594000; PHPSESSID=63gkhfod152dbv11d9a3cups25; Hm_lpvt_9d483e9e48ba1faa0dfceaf6333de846=1521594249',
  'accept-encoding' => 'gzip, deflate',
  'accept-language' => 'zh-CN,zh;q=0.8,zh-TW;q=0.7,zh-HK;q=0.5,en-US;q=0.3,en;q=0.2',
  'accept' => 'text/html,application/xhtml+xml,application/xml;q=0.9,*/*;q=0.8',
  'user-agent' => 'Mozilla/5.0 (Windows NT 6.1; Win64; x64; rv:59.0) Gecko/20100101 Firefox/59.0',
  'host' => 'drj.bjzhishanzhimei.com',
)
[ info ] [ PARAM ] array (
  '/admin' => '',
)
[ info ] [ SESSION ] INIT array (
  'prefix' => 'module',
  'auto_start' => true,
  'host' => '127.0.0.1',
  'port' => 6379,
  'password' => '',
  'path' => 'D:\\phpStudy\\WWW\\drj\\runtime\\session',
  'sess_path' => 'D:\\phpStudy\\WWW\\drj\\runtime\\session',
)
[ info ] [ RUN ] app\admin\controller\Index->index[ D:\phpStudy\WWW\drj\application\admin\controller\Index.php ]
[ info ] [ VIEW ] D:\phpStudy\WWW\drj\public/../application/admin\view\index\index.html [ array (
  0 => 'menu',
  1 => 'path',
  2 => 'User',
  3 => 'mName',
  4 => 'cName',
  5 => 'aName',
) ]
[ info ] [ LOG ] INIT File
---------------------------------------------------------------
[ 2018-03-21T09:04:26+08:00 ] 127.0.0.1 GET /admin/index/welcome.html
[ info ] drj.bjzhishanzhimei.com/admin/index/welcome.html [运行时间：0.473028s][吞吐率：2.11req/s] [内存消耗：2,222.19kb] [文件加载：67]
[ info ] [ LANG ] D:\phpStudy\WWW\drj\thinkphp\lang\zh-cn.php
[ info ] [ ROUTE ] array (
  'type' => 'module',
  'module' => 
  array (
    0 => 'admin',
    1 => 'index',
    2 => 'welcome',
  ),
)
[ info ] [ HEADER ] array (
  'upgrade-insecure-requests' => '1',
  'connection' => 'close',
  'cookie' => 'Hm_lvt_9d483e9e48ba1faa0dfceaf6333de846=1521075854,1521421642,1521507948,1521594000; PHPSESSID=63gkhfod152dbv11d9a3cups25; Hm_lpvt_9d483e9e48ba1faa0dfceaf6333de846=1521594249',
  'referer' => 'http://drj.bjzhishanzhimei.com/admin',
  'accept-encoding' => 'gzip, deflate',
  'accept-language' => 'zh-CN,zh;q=0.8,zh-TW;q=0.7,zh-HK;q=0.5,en-US;q=0.3,en;q=0.2',
  'accept' => 'text/html,application/xhtml+xml,application/xml;q=0.9,*/*;q=0.8',
  'user-agent' => 'Mozilla/5.0 (Windows NT 6.1; Win64; x64; rv:59.0) Gecko/20100101 Firefox/59.0',
  'host' => 'drj.bjzhishanzhimei.com',
)
[ info ] [ PARAM ] array (
  '/admin/index/welcome_html' => '',
)
[ info ] [ SESSION ] INIT array (
  'prefix' => 'module',
  'auto_start' => true,
  'host' => '127.0.0.1',
  'port' => 6379,
  'password' => '',
  'path' => 'D:\\phpStudy\\WWW\\drj\\runtime\\session',
  'sess_path' => 'D:\\phpStudy\\WWW\\drj\\runtime\\session',
)
[ info ] [ RUN ] app\admin\controller\Index->welcome[ D:\phpStudy\WWW\drj\application\admin\controller\Index.php ]
[ info ] [ DB ] INIT mysql
[ info ] [ VIEW ] D:\phpStudy\WWW\drj\public/../application/admin\view\index\welcome.html [ array (
  0 => 'menu',
  1 => 'path',
  2 => 'User',
  3 => 'mName',
  4 => 'cName',
  5 => 'aName',
  6 => 'service',
) ]
[ info ] [ LOG ] INIT File
[ sql ] [ DB ] CONNECT:[ UseTime:0.125007s ] mysql:host=47.104.154.142;port=9989;dbname=drj;charset=utf8
[ sql ] [ SQL ] select version() [ RunTime:0.084004s ]
---------------------------------------------------------------
[ 2018-03-21T09:04:27+08:00 ] 127.0.0.1 GET /admin/Villa/tolist
[ info ] drj.bjzhishanzhimei.com/admin/Villa/tolist [运行时间：0.574033s][吞吐率：1.74req/s] [内存消耗：2,906.18kb] [文件加载：70]
[ info ] [ LANG ] D:\phpStudy\WWW\drj\thinkphp\lang\zh-cn.php
[ info ] [ ROUTE ] array (
  'type' => 'module',
  'module' => 
  array (
    0 => 'admin',
    1 => 'Villa',
    2 => 'tolist',
  ),
)
[ info ] [ HEADER ] array (
  'upgrade-insecure-requests' => '1',
  'connection' => 'close',
  'cookie' => 'Hm_lvt_9d483e9e48ba1faa0dfceaf6333de846=1521075854,1521421642,1521507948,1521594000; PHPSESSID=63gkhfod152dbv11d9a3cups25; Hm_lpvt_9d483e9e48ba1faa0dfceaf6333de846=1521594266',
  'referer' => 'http://drj.bjzhishanzhimei.com/admin',
  'accept-encoding' => 'gzip, deflate',
  'accept-language' => 'zh-CN,zh;q=0.8,zh-TW;q=0.7,zh-HK;q=0.5,en-US;q=0.3,en;q=0.2',
  'accept' => 'text/html,application/xhtml+xml,application/xml;q=0.9,*/*;q=0.8',
  'user-agent' => 'Mozilla/5.0 (Windows NT 6.1; Win64; x64; rv:59.0) Gecko/20100101 Firefox/59.0',
  'host' => 'drj.bjzhishanzhimei.com',
)
[ info ] [ PARAM ] array (
  '/admin/Villa/tolist' => '',
)
[ info ] [ SESSION ] INIT array (
  'prefix' => 'module',
  'auto_start' => true,
  'host' => '127.0.0.1',
  'port' => 6379,
  'password' => '',
  'path' => 'D:\\phpStudy\\WWW\\drj\\runtime\\session',
  'sess_path' => 'D:\\phpStudy\\WWW\\drj\\runtime\\session',
)
[ info ] [ RUN ] app\admin\controller\villa->tolist[ D:\phpStudy\WWW\drj\application\admin\controller\Villa.php ]
[ info ] [ DB ] INIT mysql
[ info ] [ VIEW ] D:\phpStudy\WWW\drj\public/../application/admin\view\villa\tolist.html [ array (
  0 => 'menu',
  1 => 'path',
  2 => 'User',
  3 => 'mName',
  4 => 'cName',
  5 => 'aName',
  6 => 'page',
) ]
[ info ] [ LOG ] INIT File
[ sql ] [ DB ] CONNECT:[ UseTime:0.125007s ] mysql:host=47.104.154.142;port=9989;dbname=drj;charset=utf8
[ sql ] [ SQL ] SHOW COLUMNS FROM `villa_data` [ RunTime:0.086005s ]
[ sql ] [ SQL ] SELECT * FROM `villa_data` [ RunTime:0.087005s ]
---------------------------------------------------------------
[ 2018-03-21T09:13:02+08:00 ] 127.0.0.1 GET /admin/Villa/doAdd
[ info ] drj.bjzhishanzhimei.com/admin/Villa/doAdd [运行时间：0.183010s][吞吐率：5.46req/s] [内存消耗：2,017.56kb] [文件加载：63]
[ info ] [ LANG ] D:\phpStudy\WWW\drj\thinkphp\lang\zh-cn.php
[ info ] [ ROUTE ] array (
  'type' => 'module',
  'module' => 
  array (
    0 => 'admin',
    1 => 'Villa',
    2 => 'doAdd',
  ),
)
[ info ] [ HEADER ] array (
  'upgrade-insecure-requests' => '1',
  'connection' => 'close',
  'cookie' => 'Hm_lvt_9d483e9e48ba1faa0dfceaf6333de846=1521075854,1521421642,1521507948,1521594000; PHPSESSID=63gkhfod152dbv11d9a3cups25; Hm_lpvt_9d483e9e48ba1faa0dfceaf6333de846=1521594266',
  'referer' => 'http://drj.bjzhishanzhimei.com/admin/Villa/tolist',
  'accept-encoding' => 'gzip, deflate',
  'accept-language' => 'zh-CN,zh;q=0.8,zh-TW;q=0.7,zh-HK;q=0.5,en-US;q=0.3,en;q=0.2',
  'accept' => 'text/html,application/xhtml+xml,application/xml;q=0.9,*/*;q=0.8',
  'user-agent' => 'Mozilla/5.0 (Windows NT 6.1; Win64; x64; rv:59.0) Gecko/20100101 Firefox/59.0',
  'host' => 'drj.bjzhishanzhimei.com',
)
[ info ] [ PARAM ] array (
  '/admin/Villa/doAdd' => '',
)
[ info ] [ SESSION ] INIT array (
  'prefix' => 'module',
  'auto_start' => true,
  'host' => '127.0.0.1',
  'port' => 6379,
  'password' => '',
  'path' => 'D:\\phpStudy\\WWW\\drj\\runtime\\session',
  'sess_path' => 'D:\\phpStudy\\WWW\\drj\\runtime\\session',
)
[ info ] [ RUN ] app\admin\controller\villa->doadd[ D:\phpStudy\WWW\drj\application\admin\controller\Villa.php ]
[ info ] [ VIEW ] D:\phpStudy\WWW\drj\public/../application/admin\view\villa\doadd.html [ array (
  0 => 'menu',
  1 => 'path',
  2 => 'User',
  3 => 'mName',
  4 => 'cName',
  5 => 'aName',
) ]
[ info ] [ LOG ] INIT File
---------------------------------------------------------------
[ 2018-03-21T09:40:48+08:00 ] 127.0.0.1 POST /index.php/admin/Api/uploadImg
[ info ] drj.bjzhishanzhimei.com/index.php/admin/Api/uploadImg [运行时间：1.027059s][吞吐率：0.97req/s] [内存消耗：2,146.94kb] [文件加载：72]
[ info ] [ LANG ] D:\phpStudy\WWW\drj\thinkphp\lang\zh-cn.php
[ info ] [ ROUTE ] array (
  'type' => 'module',
  'module' => 
  array (
    0 => 'admin',
    1 => 'Api',
    2 => 'uploadImg',
  ),
)
[ info ] [ HEADER ] array (
  'connection' => 'close',
  'cookie' => 'Hm_lvt_9d483e9e48ba1faa0dfceaf6333de846=1521075854,1521421642,1521507948,1521594000; PHPSESSID=63gkhfod152dbv11d9a3cups25; Hm_lpvt_9d483e9e48ba1faa0dfceaf6333de846=1521594266',
  'content-type' => 'multipart/form-data; boundary=---------------------------11631200317536',
  'content-length' => '64179',
  'x-requested-with' => 'XMLHttpRequest',
  'referer' => 'http://drj.bjzhishanzhimei.com/admin/Villa/doAdd',
  'accept-encoding' => 'gzip, deflate',
  'accept-language' => 'zh-CN,zh;q=0.8,zh-TW;q=0.7,zh-HK;q=0.5,en-US;q=0.3,en;q=0.2',
  'accept' => 'application/json, text/javascript, */*; q=0.01',
  'user-agent' => 'Mozilla/5.0 (Windows NT 6.1; Win64; x64; rv:59.0) Gecko/20100101 Firefox/59.0',
  'host' => 'drj.bjzhishanzhimei.com',
)
[ info ] [ PARAM ] array (
)
[ info ] [ SESSION ] INIT array (
  'prefix' => 'module',
  'auto_start' => true,
  'host' => '127.0.0.1',
  'port' => 6379,
  'password' => '',
  'path' => 'D:\\phpStudy\\WWW\\drj\\runtime\\session',
  'sess_path' => 'D:\\phpStudy\\WWW\\drj\\runtime\\session',
)
[ info ] [ RUN ] app\admin\controller\Api->uploadImg[ D:\phpStudy\WWW\drj\application\admin\controller\Api.php ]
[ info ] [ LOG ] INIT File
---------------------------------------------------------------
[ 2018-03-21T09:40:49+08:00 ] 127.0.0.1 POST /index.php/admin/Api/uploadImg
[ info ] drj.bjzhishanzhimei.com/index.php/admin/Api/uploadImg [运行时间：1.831105s][吞吐率：0.55req/s] [内存消耗：2,146.94kb] [文件加载：72]
[ info ] [ LANG ] D:\phpStudy\WWW\drj\thinkphp\lang\zh-cn.php
[ info ] [ ROUTE ] array (
  'type' => 'module',
  'module' => 
  array (
    0 => 'admin',
    1 => 'Api',
    2 => 'uploadImg',
  ),
)
[ info ] [ HEADER ] array (
  'connection' => 'close',
  'cookie' => 'Hm_lvt_9d483e9e48ba1faa0dfceaf6333de846=1521075854,1521421642,1521507948,1521594000; PHPSESSID=63gkhfod152dbv11d9a3cups25; Hm_lpvt_9d483e9e48ba1faa0dfceaf6333de846=1521594266',
  'content-type' => 'multipart/form-data; boundary=---------------------------81591503832667',
  'content-length' => '64179',
  'x-requested-with' => 'XMLHttpRequest',
  'referer' => 'http://drj.bjzhishanzhimei.com/admin/Villa/doAdd',
  'accept-encoding' => 'gzip, deflate',
  'accept-language' => 'zh-CN,zh;q=0.8,zh-TW;q=0.7,zh-HK;q=0.5,en-US;q=0.3,en;q=0.2',
  'accept' => 'application/json, text/javascript, */*; q=0.01',
  'user-agent' => 'Mozilla/5.0 (Windows NT 6.1; Win64; x64; rv:59.0) Gecko/20100101 Firefox/59.0',
  'host' => 'drj.bjzhishanzhimei.com',
)
[ info ] [ PARAM ] array (
)
[ info ] [ SESSION ] INIT array (
  'prefix' => 'module',
  'auto_start' => true,
  'host' => '127.0.0.1',
  'port' => 6379,
  'password' => '',
  'path' => 'D:\\phpStudy\\WWW\\drj\\runtime\\session',
  'sess_path' => 'D:\\phpStudy\\WWW\\drj\\runtime\\session',
)
[ info ] [ RUN ] app\admin\controller\Api->uploadImg[ D:\phpStudy\WWW\drj\application\admin\controller\Api.php ]
[ info ] [ LOG ] INIT File
---------------------------------------------------------------
[ 2018-03-21T09:40:50+08:00 ] 127.0.0.1 POST /index.php/admin/Api/uploadImg
[ info ] drj.bjzhishanzhimei.com/index.php/admin/Api/uploadImg [运行时间：2.616149s][吞吐率：0.38req/s] [内存消耗：2,146.94kb] [文件加载：72]
[ info ] [ LANG ] D:\phpStudy\WWW\drj\thinkphp\lang\zh-cn.php
[ info ] [ ROUTE ] array (
  'type' => 'module',
  'module' => 
  array (
    0 => 'admin',
    1 => 'Api',
    2 => 'uploadImg',
  ),
)
[ info ] [ HEADER ] array (
  'connection' => 'close',
  'cookie' => 'Hm_lvt_9d483e9e48ba1faa0dfceaf6333de846=1521075854,1521421642,1521507948,1521594000; PHPSESSID=63gkhfod152dbv11d9a3cups25; Hm_lpvt_9d483e9e48ba1faa0dfceaf6333de846=1521594266',
  'content-type' => 'multipart/form-data; boundary=---------------------------233641881115216',
  'content-length' => '72808',
  'x-requested-with' => 'XMLHttpRequest',
  'referer' => 'http://drj.bjzhishanzhimei.com/admin/Villa/doAdd',
  'accept-encoding' => 'gzip, deflate',
  'accept-language' => 'zh-CN,zh;q=0.8,zh-TW;q=0.7,zh-HK;q=0.5,en-US;q=0.3,en;q=0.2',
  'accept' => 'application/json, text/javascript, */*; q=0.01',
  'user-agent' => 'Mozilla/5.0 (Windows NT 6.1; Win64; x64; rv:59.0) Gecko/20100101 Firefox/59.0',
  'host' => 'drj.bjzhishanzhimei.com',
)
[ info ] [ PARAM ] array (
)
[ info ] [ SESSION ] INIT array (
  'prefix' => 'module',
  'auto_start' => true,
  'host' => '127.0.0.1',
  'port' => 6379,
  'password' => '',
  'path' => 'D:\\phpStudy\\WWW\\drj\\runtime\\session',
  'sess_path' => 'D:\\phpStudy\\WWW\\drj\\runtime\\session',
)
[ info ] [ RUN ] app\admin\controller\Api->uploadImg[ D:\phpStudy\WWW\drj\application\admin\controller\Api.php ]
[ info ] [ LOG ] INIT File
---------------------------------------------------------------
[ 2018-03-21T09:40:56+08:00 ] 127.0.0.1 POST /index.php/admin/Api/uploadImg
[ info ] drj.bjzhishanzhimei.com/index.php/admin/Api/uploadImg [运行时间：0.498029s][吞吐率：2.01req/s] [内存消耗：2,146.37kb] [文件加载：72]
[ info ] [ LANG ] D:\phpStudy\WWW\drj\thinkphp\lang\zh-cn.php
[ info ] [ ROUTE ] array (
  'type' => 'module',
  'module' => 
  array (
    0 => 'admin',
    1 => 'Api',
    2 => 'uploadImg',
  ),
)
[ info ] [ HEADER ] array (
  'connection' => 'close',
  'cookie' => 'Hm_lvt_9d483e9e48ba1faa0dfceaf6333de846=1521075854,1521421642,1521507948,1521594000; PHPSESSID=63gkhfod152dbv11d9a3cups25; Hm_lpvt_9d483e9e48ba1faa0dfceaf6333de846=1521594266',
  'content-type' => 'multipart/form-data; boundary=---------------------------166772036710352',
  'content-length' => '16067',
  'x-requested-with' => 'XMLHttpRequest',
  'referer' => 'http://drj.bjzhishanzhimei.com/admin/Villa/doAdd',
  'accept-encoding' => 'gzip, deflate',
  'accept-language' => 'zh-CN,zh;q=0.8,zh-TW;q=0.7,zh-HK;q=0.5,en-US;q=0.3,en;q=0.2',
  'accept' => 'application/json, text/javascript, */*; q=0.01',
  'user-agent' => 'Mozilla/5.0 (Windows NT 6.1; Win64; x64; rv:59.0) Gecko/20100101 Firefox/59.0',
  'host' => 'drj.bjzhishanzhimei.com',
)
[ info ] [ PARAM ] array (
)
[ info ] [ SESSION ] INIT array (
  'prefix' => 'module',
  'auto_start' => true,
  'host' => '127.0.0.1',
  'port' => 6379,
  'password' => '',
  'path' => 'D:\\phpStudy\\WWW\\drj\\runtime\\session',
  'sess_path' => 'D:\\phpStudy\\WWW\\drj\\runtime\\session',
)
[ info ] [ RUN ] app\admin\controller\Api->uploadImg[ D:\phpStudy\WWW\drj\application\admin\controller\Api.php ]
[ info ] [ LOG ] INIT File
---------------------------------------------------------------
[ 2018-03-21T09:40:56+08:00 ] 127.0.0.1 POST /index.php/admin/Api/uploadImg
[ info ] drj.bjzhishanzhimei.com/index.php/admin/Api/uploadImg [运行时间：0.835048s][吞吐率：1.20req/s] [内存消耗：2,146.37kb] [文件加载：72]
[ info ] [ LANG ] D:\phpStudy\WWW\drj\thinkphp\lang\zh-cn.php
[ info ] [ ROUTE ] array (
  'type' => 'module',
  'module' => 
  array (
    0 => 'admin',
    1 => 'Api',
    2 => 'uploadImg',
  ),
)
[ info ] [ HEADER ] array (
  'connection' => 'close',
  'cookie' => 'Hm_lvt_9d483e9e48ba1faa0dfceaf6333de846=1521075854,1521421642,1521507948,1521594000; PHPSESSID=63gkhfod152dbv11d9a3cups25; Hm_lpvt_9d483e9e48ba1faa0dfceaf6333de846=1521594266',
  'content-type' => 'multipart/form-data; boundary=---------------------------120861450226879',
  'content-length' => '37211',
  'x-requested-with' => 'XMLHttpRequest',
  'referer' => 'http://drj.bjzhishanzhimei.com/admin/Villa/doAdd',
  'accept-encoding' => 'gzip, deflate',
  'accept-language' => 'zh-CN,zh;q=0.8,zh-TW;q=0.7,zh-HK;q=0.5,en-US;q=0.3,en;q=0.2',
  'accept' => 'application/json, text/javascript, */*; q=0.01',
  'user-agent' => 'Mozilla/5.0 (Windows NT 6.1; Win64; x64; rv:59.0) Gecko/20100101 Firefox/59.0',
  'host' => 'drj.bjzhishanzhimei.com',
)
[ info ] [ PARAM ] array (
)
[ info ] [ SESSION ] INIT array (
  'prefix' => 'module',
  'auto_start' => true,
  'host' => '127.0.0.1',
  'port' => 6379,
  'password' => '',
  'path' => 'D:\\phpStudy\\WWW\\drj\\runtime\\session',
  'sess_path' => 'D:\\phpStudy\\WWW\\drj\\runtime\\session',
)
[ info ] [ RUN ] app\admin\controller\Api->uploadImg[ D:\phpStudy\WWW\drj\application\admin\controller\Api.php ]
[ info ] [ LOG ] INIT File
---------------------------------------------------------------
[ 2018-03-21T09:40:57+08:00 ] 127.0.0.1 POST /index.php/admin/Api/uploadImg
[ info ] drj.bjzhishanzhimei.com/index.php/admin/Api/uploadImg [运行时间：1.126065s][吞吐率：0.89req/s] [内存消耗：2,146.37kb] [文件加载：72]
[ info ] [ LANG ] D:\phpStudy\WWW\drj\thinkphp\lang\zh-cn.php
[ info ] [ ROUTE ] array (
  'type' => 'module',
  'module' => 
  array (
    0 => 'admin',
    1 => 'Api',
    2 => 'uploadImg',
  ),
)
[ info ] [ HEADER ] array (
  'connection' => 'close',
  'cookie' => 'Hm_lvt_9d483e9e48ba1faa0dfceaf6333de846=1521075854,1521421642,1521507948,1521594000; PHPSESSID=63gkhfod152dbv11d9a3cups25; Hm_lpvt_9d483e9e48ba1faa0dfceaf6333de846=1521594266',
  'content-type' => 'multipart/form-data; boundary=---------------------------30556310224244',
  'content-length' => '31969',
  'x-requested-with' => 'XMLHttpRequest',
  'referer' => 'http://drj.bjzhishanzhimei.com/admin/Villa/doAdd',
  'accept-encoding' => 'gzip, deflate',
  'accept-language' => 'zh-CN,zh;q=0.8,zh-TW;q=0.7,zh-HK;q=0.5,en-US;q=0.3,en;q=0.2',
  'accept' => 'application/json, text/javascript, */*; q=0.01',
  'user-agent' => 'Mozilla/5.0 (Windows NT 6.1; Win64; x64; rv:59.0) Gecko/20100101 Firefox/59.0',
  'host' => 'drj.bjzhishanzhimei.com',
)
[ info ] [ PARAM ] array (
)
[ info ] [ SESSION ] INIT array (
  'prefix' => 'module',
  'auto_start' => true,
  'host' => '127.0.0.1',
  'port' => 6379,
  'password' => '',
  'path' => 'D:\\phpStudy\\WWW\\drj\\runtime\\session',
  'sess_path' => 'D:\\phpStudy\\WWW\\drj\\runtime\\session',
)
[ info ] [ RUN ] app\admin\controller\Api->uploadImg[ D:\phpStudy\WWW\drj\application\admin\controller\Api.php ]
[ info ] [ LOG ] INIT File
---------------------------------------------------------------
[ 2018-03-21T09:41:03+08:00 ] 127.0.0.1 POST /index.php/admin/Api/uploadImg
[ info ] drj.bjzhishanzhimei.com/index.php/admin/Api/uploadImg [运行时间：0.538030s][吞吐率：1.86req/s] [内存消耗：2,146.37kb] [文件加载：72]
[ info ] [ LANG ] D:\phpStudy\WWW\drj\thinkphp\lang\zh-cn.php
[ info ] [ ROUTE ] array (
  'type' => 'module',
  'module' => 
  array (
    0 => 'admin',
    1 => 'Api',
    2 => 'uploadImg',
  ),
)
[ info ] [ HEADER ] array (
  'connection' => 'close',
  'cookie' => 'Hm_lvt_9d483e9e48ba1faa0dfceaf6333de846=1521075854,1521421642,1521507948,1521594000; PHPSESSID=63gkhfod152dbv11d9a3cups25; Hm_lpvt_9d483e9e48ba1faa0dfceaf6333de846=1521594266',
  'content-type' => 'multipart/form-data; boundary=---------------------------26303232946438',
  'content-length' => '30430',
  'x-requested-with' => 'XMLHttpRequest',
  'referer' => 'http://drj.bjzhishanzhimei.com/admin/Villa/doAdd',
  'accept-encoding' => 'gzip, deflate',
  'accept-language' => 'zh-CN,zh;q=0.8,zh-TW;q=0.7,zh-HK;q=0.5,en-US;q=0.3,en;q=0.2',
  'accept' => 'application/json, text/javascript, */*; q=0.01',
  'user-agent' => 'Mozilla/5.0 (Windows NT 6.1; Win64; x64; rv:59.0) Gecko/20100101 Firefox/59.0',
  'host' => 'drj.bjzhishanzhimei.com',
)
[ info ] [ PARAM ] array (
)
[ info ] [ SESSION ] INIT array (
  'prefix' => 'module',
  'auto_start' => true,
  'host' => '127.0.0.1',
  'port' => 6379,
  'password' => '',
  'path' => 'D:\\phpStudy\\WWW\\drj\\runtime\\session',
  'sess_path' => 'D:\\phpStudy\\WWW\\drj\\runtime\\session',
)
[ info ] [ RUN ] app\admin\controller\Api->uploadImg[ D:\phpStudy\WWW\drj\application\admin\controller\Api.php ]
[ info ] [ LOG ] INIT File
---------------------------------------------------------------
[ 2018-03-21T09:41:03+08:00 ] 127.0.0.1 POST /index.php/admin/Api/uploadImg
[ info ] drj.bjzhishanzhimei.com/index.php/admin/Api/uploadImg [运行时间：0.898051s][吞吐率：1.11req/s] [内存消耗：2,146.37kb] [文件加载：72]
[ info ] [ LANG ] D:\phpStudy\WWW\drj\thinkphp\lang\zh-cn.php
[ info ] [ ROUTE ] array (
  'type' => 'module',
  'module' => 
  array (
    0 => 'admin',
    1 => 'Api',
    2 => 'uploadImg',
  ),
)
[ info ] [ HEADER ] array (
  'connection' => 'close',
  'cookie' => 'Hm_lvt_9d483e9e48ba1faa0dfceaf6333de846=1521075854,1521421642,1521507948,1521594000; PHPSESSID=63gkhfod152dbv11d9a3cups25; Hm_lpvt_9d483e9e48ba1faa0dfceaf6333de846=1521594266',
  'content-type' => 'multipart/form-data; boundary=---------------------------13327348229011',
  'content-length' => '16065',
  'x-requested-with' => 'XMLHttpRequest',
  'referer' => 'http://drj.bjzhishanzhimei.com/admin/Villa/doAdd',
  'accept-encoding' => 'gzip, deflate',
  'accept-language' => 'zh-CN,zh;q=0.8,zh-TW;q=0.7,zh-HK;q=0.5,en-US;q=0.3,en;q=0.2',
  'accept' => 'application/json, text/javascript, */*; q=0.01',
  'user-agent' => 'Mozilla/5.0 (Windows NT 6.1; Win64; x64; rv:59.0) Gecko/20100101 Firefox/59.0',
  'host' => 'drj.bjzhishanzhimei.com',
)
[ info ] [ PARAM ] array (
)
[ info ] [ SESSION ] INIT array (
  'prefix' => 'module',
  'auto_start' => true,
  'host' => '127.0.0.1',
  'port' => 6379,
  'password' => '',
  'path' => 'D:\\phpStudy\\WWW\\drj\\runtime\\session',
  'sess_path' => 'D:\\phpStudy\\WWW\\drj\\runtime\\session',
)
[ info ] [ RUN ] app\admin\controller\Api->uploadImg[ D:\phpStudy\WWW\drj\application\admin\controller\Api.php ]
[ info ] [ LOG ] INIT File
---------------------------------------------------------------
[ 2018-03-21T09:41:03+08:00 ] 127.0.0.1 POST /index.php/admin/Api/uploadImg
[ info ] drj.bjzhishanzhimei.com/index.php/admin/Api/uploadImg [运行时间：1.199069s][吞吐率：0.83req/s] [内存消耗：2,146.37kb] [文件加载：72]
[ info ] [ LANG ] D:\phpStudy\WWW\drj\thinkphp\lang\zh-cn.php
[ info ] [ ROUTE ] array (
  'type' => 'module',
  'module' => 
  array (
    0 => 'admin',
    1 => 'Api',
    2 => 'uploadImg',
  ),
)
[ info ] [ HEADER ] array (
  'connection' => 'close',
  'cookie' => 'Hm_lvt_9d483e9e48ba1faa0dfceaf6333de846=1521075854,1521421642,1521507948,1521594000; PHPSESSID=63gkhfod152dbv11d9a3cups25; Hm_lpvt_9d483e9e48ba1faa0dfceaf6333de846=1521594266',
  'content-type' => 'multipart/form-data; boundary=---------------------------15761228564286',
  'content-length' => '31969',
  'x-requested-with' => 'XMLHttpRequest',
  'referer' => 'http://drj.bjzhishanzhimei.com/admin/Villa/doAdd',
  'accept-encoding' => 'gzip, deflate',
  'accept-language' => 'zh-CN,zh;q=0.8,zh-TW;q=0.7,zh-HK;q=0.5,en-US;q=0.3,en;q=0.2',
  'accept' => 'application/json, text/javascript, */*; q=0.01',
  'user-agent' => 'Mozilla/5.0 (Windows NT 6.1; Win64; x64; rv:59.0) Gecko/20100101 Firefox/59.0',
  'host' => 'drj.bjzhishanzhimei.com',
)
[ info ] [ PARAM ] array (
)
[ info ] [ SESSION ] INIT array (
  'prefix' => 'module',
  'auto_start' => true,
  'host' => '127.0.0.1',
  'port' => 6379,
  'password' => '',
  'path' => 'D:\\phpStudy\\WWW\\drj\\runtime\\session',
  'sess_path' => 'D:\\phpStudy\\WWW\\drj\\runtime\\session',
)
[ info ] [ RUN ] app\admin\controller\Api->uploadImg[ D:\phpStudy\WWW\drj\application\admin\controller\Api.php ]
[ info ] [ LOG ] INIT File
---------------------------------------------------------------
[ 2018-03-21T09:41:12+08:00 ] 127.0.0.1 POST /index.php/admin/Api/uploadImg
[ info ] drj.bjzhishanzhimei.com/index.php/admin/Api/uploadImg [运行时间：0.595034s][吞吐率：1.68req/s] [内存消耗：2,146.37kb] [文件加载：72]
[ info ] [ LANG ] D:\phpStudy\WWW\drj\thinkphp\lang\zh-cn.php
[ info ] [ ROUTE ] array (
  'type' => 'module',
  'module' => 
  array (
    0 => 'admin',
    1 => 'Api',
    2 => 'uploadImg',
  ),
)
[ info ] [ HEADER ] array (
  'connection' => 'close',
  'cookie' => 'Hm_lvt_9d483e9e48ba1faa0dfceaf6333de846=1521075854,1521421642,1521507948,1521594000; PHPSESSID=63gkhfod152dbv11d9a3cups25; Hm_lpvt_9d483e9e48ba1faa0dfceaf6333de846=1521594266',
  'content-type' => 'multipart/form-data; boundary=---------------------------21744107514093',
  'content-length' => '64179',
  'x-requested-with' => 'XMLHttpRequest',
  'referer' => 'http://drj.bjzhishanzhimei.com/admin/Villa/doAdd',
  'accept-encoding' => 'gzip, deflate',
  'accept-language' => 'zh-CN,zh;q=0.8,zh-TW;q=0.7,zh-HK;q=0.5,en-US;q=0.3,en;q=0.2',
  'accept' => 'application/json, text/javascript, */*; q=0.01',
  'user-agent' => 'Mozilla/5.0 (Windows NT 6.1; Win64; x64; rv:59.0) Gecko/20100101 Firefox/59.0',
  'host' => 'drj.bjzhishanzhimei.com',
)
[ info ] [ PARAM ] array (
)
[ info ] [ SESSION ] INIT array (
  'prefix' => 'module',
  'auto_start' => true,
  'host' => '127.0.0.1',
  'port' => 6379,
  'password' => '',
  'path' => 'D:\\phpStudy\\WWW\\drj\\runtime\\session',
  'sess_path' => 'D:\\phpStudy\\WWW\\drj\\runtime\\session',
)
[ info ] [ RUN ] app\admin\controller\Api->uploadImg[ D:\phpStudy\WWW\drj\application\admin\controller\Api.php ]
[ info ] [ LOG ] INIT File
---------------------------------------------------------------
[ 2018-03-21T09:41:12+08:00 ] 127.0.0.1 POST /index.php/admin/Api/uploadImg
[ info ] drj.bjzhishanzhimei.com/index.php/admin/Api/uploadImg [运行时间：0.959055s][吞吐率：1.04req/s] [内存消耗：2,146.37kb] [文件加载：72]
[ info ] [ LANG ] D:\phpStudy\WWW\drj\thinkphp\lang\zh-cn.php
[ info ] [ ROUTE ] array (
  'type' => 'module',
  'module' => 
  array (
    0 => 'admin',
    1 => 'Api',
    2 => 'uploadImg',
  ),
)
[ info ] [ HEADER ] array (
  'connection' => 'close',
  'cookie' => 'Hm_lvt_9d483e9e48ba1faa0dfceaf6333de846=1521075854,1521421642,1521507948,1521594000; PHPSESSID=63gkhfod152dbv11d9a3cups25; Hm_lpvt_9d483e9e48ba1faa0dfceaf6333de846=1521594266',
  'content-type' => 'multipart/form-data; boundary=---------------------------441284404699',
  'content-length' => '72802',
  'x-requested-with' => 'XMLHttpRequest',
  'referer' => 'http://drj.bjzhishanzhimei.com/admin/Villa/doAdd',
  'accept-encoding' => 'gzip, deflate',
  'accept-language' => 'zh-CN,zh;q=0.8,zh-TW;q=0.7,zh-HK;q=0.5,en-US;q=0.3,en;q=0.2',
  'accept' => 'application/json, text/javascript, */*; q=0.01',
  'user-agent' => 'Mozilla/5.0 (Windows NT 6.1; Win64; x64; rv:59.0) Gecko/20100101 Firefox/59.0',
  'host' => 'drj.bjzhishanzhimei.com',
)
[ info ] [ PARAM ] array (
)
[ info ] [ SESSION ] INIT array (
  'prefix' => 'module',
  'auto_start' => true,
  'host' => '127.0.0.1',
  'port' => 6379,
  'password' => '',
  'path' => 'D:\\phpStudy\\WWW\\drj\\runtime\\session',
  'sess_path' => 'D:\\phpStudy\\WWW\\drj\\runtime\\session',
)
[ info ] [ RUN ] app\admin\controller\Api->uploadImg[ D:\phpStudy\WWW\drj\application\admin\controller\Api.php ]
[ info ] [ LOG ] INIT File
---------------------------------------------------------------
[ 2018-03-21T09:41:13+08:00 ] 127.0.0.1 POST /index.php/admin/Api/uploadImg
[ info ] drj.bjzhishanzhimei.com/index.php/admin/Api/uploadImg [运行时间：1.472084s][吞吐率：0.68req/s] [内存消耗：2,146.37kb] [文件加载：72]
[ info ] [ LANG ] D:\phpStudy\WWW\drj\thinkphp\lang\zh-cn.php
[ info ] [ ROUTE ] array (
  'type' => 'module',
  'module' => 
  array (
    0 => 'admin',
    1 => 'Api',
    2 => 'uploadImg',
  ),
)
[ info ] [ HEADER ] array (
  'connection' => 'close',
  'cookie' => 'Hm_lvt_9d483e9e48ba1faa0dfceaf6333de846=1521075854,1521421642,1521507948,1521594000; PHPSESSID=63gkhfod152dbv11d9a3cups25; Hm_lpvt_9d483e9e48ba1faa0dfceaf6333de846=1521594266',
  'content-type' => 'multipart/form-data; boundary=---------------------------294953170913595',
  'content-length' => '64181',
  'x-requested-with' => 'XMLHttpRequest',
  'referer' => 'http://drj.bjzhishanzhimei.com/admin/Villa/doAdd',
  'accept-encoding' => 'gzip, deflate',
  'accept-language' => 'zh-CN,zh;q=0.8,zh-TW;q=0.7,zh-HK;q=0.5,en-US;q=0.3,en;q=0.2',
  'accept' => 'application/json, text/javascript, */*; q=0.01',
  'user-agent' => 'Mozilla/5.0 (Windows NT 6.1; Win64; x64; rv:59.0) Gecko/20100101 Firefox/59.0',
  'host' => 'drj.bjzhishanzhimei.com',
)
[ info ] [ PARAM ] array (
)
[ info ] [ SESSION ] INIT array (
  'prefix' => 'module',
  'auto_start' => true,
  'host' => '127.0.0.1',
  'port' => 6379,
  'password' => '',
  'path' => 'D:\\phpStudy\\WWW\\drj\\runtime\\session',
  'sess_path' => 'D:\\phpStudy\\WWW\\drj\\runtime\\session',
)
[ info ] [ RUN ] app\admin\controller\Api->uploadImg[ D:\phpStudy\WWW\drj\application\admin\controller\Api.php ]
[ info ] [ LOG ] INIT File
---------------------------------------------------------------
[ 2018-03-21T09:41:18+08:00 ] 127.0.0.1 POST /index.php/admin/Api/uploadImg
[ info ] drj.bjzhishanzhimei.com/index.php/admin/Api/uploadImg [运行时间：0.608035s][吞吐率：1.64req/s] [内存消耗：2,146.37kb] [文件加载：72]
[ info ] [ LANG ] D:\phpStudy\WWW\drj\thinkphp\lang\zh-cn.php
[ info ] [ ROUTE ] array (
  'type' => 'module',
  'module' => 
  array (
    0 => 'admin',
    1 => 'Api',
    2 => 'uploadImg',
  ),
)
[ info ] [ HEADER ] array (
  'connection' => 'close',
  'cookie' => 'Hm_lvt_9d483e9e48ba1faa0dfceaf6333de846=1521075854,1521421642,1521507948,1521594000; PHPSESSID=63gkhfod152dbv11d9a3cups25; Hm_lpvt_9d483e9e48ba1faa0dfceaf6333de846=1521594266',
  'content-type' => 'multipart/form-data; boundary=---------------------------3011666269613',
  'content-length' => '64177',
  'x-requested-with' => 'XMLHttpRequest',
  'referer' => 'http://drj.bjzhishanzhimei.com/admin/Villa/doAdd',
  'accept-encoding' => 'gzip, deflate',
  'accept-language' => 'zh-CN,zh;q=0.8,zh-TW;q=0.7,zh-HK;q=0.5,en-US;q=0.3,en;q=0.2',
  'accept' => 'application/json, text/javascript, */*; q=0.01',
  'user-agent' => 'Mozilla/5.0 (Windows NT 6.1; Win64; x64; rv:59.0) Gecko/20100101 Firefox/59.0',
  'host' => 'drj.bjzhishanzhimei.com',
)
[ info ] [ PARAM ] array (
)
[ info ] [ SESSION ] INIT array (
  'prefix' => 'module',
  'auto_start' => true,
  'host' => '127.0.0.1',
  'port' => 6379,
  'password' => '',
  'path' => 'D:\\phpStudy\\WWW\\drj\\runtime\\session',
  'sess_path' => 'D:\\phpStudy\\WWW\\drj\\runtime\\session',
)
[ info ] [ RUN ] app\admin\controller\Api->uploadImg[ D:\phpStudy\WWW\drj\application\admin\controller\Api.php ]
[ info ] [ LOG ] INIT File
---------------------------------------------------------------
[ 2018-03-21T09:41:18+08:00 ] 127.0.0.1 POST /index.php/admin/Api/uploadImg
[ info ] drj.bjzhishanzhimei.com/index.php/admin/Api/uploadImg [运行时间：1.006058s][吞吐率：0.99req/s] [内存消耗：2,146.37kb] [文件加载：72]
[ info ] [ LANG ] D:\phpStudy\WWW\drj\thinkphp\lang\zh-cn.php
[ info ] [ ROUTE ] array (
  'type' => 'module',
  'module' => 
  array (
    0 => 'admin',
    1 => 'Api',
    2 => 'uploadImg',
  ),
)
[ info ] [ HEADER ] array (
  'connection' => 'close',
  'cookie' => 'Hm_lvt_9d483e9e48ba1faa0dfceaf6333de846=1521075854,1521421642,1521507948,1521594000; PHPSESSID=63gkhfod152dbv11d9a3cups25; Hm_lpvt_9d483e9e48ba1faa0dfceaf6333de846=1521594266',
  'content-type' => 'multipart/form-data; boundary=---------------------------146196682304',
  'content-length' => '37205',
  'x-requested-with' => 'XMLHttpRequest',
  'referer' => 'http://drj.bjzhishanzhimei.com/admin/Villa/doAdd',
  'accept-encoding' => 'gzip, deflate',
  'accept-language' => 'zh-CN,zh;q=0.8,zh-TW;q=0.7,zh-HK;q=0.5,en-US;q=0.3,en;q=0.2',
  'accept' => 'application/json, text/javascript, */*; q=0.01',
  'user-agent' => 'Mozilla/5.0 (Windows NT 6.1; Win64; x64; rv:59.0) Gecko/20100101 Firefox/59.0',
  'host' => 'drj.bjzhishanzhimei.com',
)
[ info ] [ PARAM ] array (
)
[ info ] [ SESSION ] INIT array (
  'prefix' => 'module',
  'auto_start' => true,
  'host' => '127.0.0.1',
  'port' => 6379,
  'password' => '',
  'path' => 'D:\\phpStudy\\WWW\\drj\\runtime\\session',
  'sess_path' => 'D:\\phpStudy\\WWW\\drj\\runtime\\session',
)
[ info ] [ RUN ] app\admin\controller\Api->uploadImg[ D:\phpStudy\WWW\drj\application\admin\controller\Api.php ]
[ info ] [ LOG ] INIT File
---------------------------------------------------------------
[ 2018-03-21T09:41:18+08:00 ] 127.0.0.1 POST /index.php/admin/Api/uploadImg
[ info ] drj.bjzhishanzhimei.com/index.php/admin/Api/uploadImg [运行时间：1.520087s][吞吐率：0.66req/s] [内存消耗：2,146.37kb] [文件加载：72]
[ info ] [ LANG ] D:\phpStudy\WWW\drj\thinkphp\lang\zh-cn.php
[ info ] [ ROUTE ] array (
  'type' => 'module',
  'module' => 
  array (
    0 => 'admin',
    1 => 'Api',
    2 => 'uploadImg',
  ),
)
[ info ] [ HEADER ] array (
  'connection' => 'close',
  'cookie' => 'Hm_lvt_9d483e9e48ba1faa0dfceaf6333de846=1521075854,1521421642,1521507948,1521594000; PHPSESSID=63gkhfod152dbv11d9a3cups25; Hm_lpvt_9d483e9e48ba1faa0dfceaf6333de846=1521594266',
  'content-type' => 'multipart/form-data; boundary=---------------------------126193123113192',
  'content-length' => '64181',
  'x-requested-with' => 'XMLHttpRequest',
  'referer' => 'http://drj.bjzhishanzhimei.com/admin/Villa/doAdd',
  'accept-encoding' => 'gzip, deflate',
  'accept-language' => 'zh-CN,zh;q=0.8,zh-TW;q=0.7,zh-HK;q=0.5,en-US;q=0.3,en;q=0.2',
  'accept' => 'application/json, text/javascript, */*; q=0.01',
  'user-agent' => 'Mozilla/5.0 (Windows NT 6.1; Win64; x64; rv:59.0) Gecko/20100101 Firefox/59.0',
  'host' => 'drj.bjzhishanzhimei.com',
)
[ info ] [ PARAM ] array (
)
[ info ] [ SESSION ] INIT array (
  'prefix' => 'module',
  'auto_start' => true,
  'host' => '127.0.0.1',
  'port' => 6379,
  'password' => '',
  'path' => 'D:\\phpStudy\\WWW\\drj\\runtime\\session',
  'sess_path' => 'D:\\phpStudy\\WWW\\drj\\runtime\\session',
)
[ info ] [ RUN ] app\admin\controller\Api->uploadImg[ D:\phpStudy\WWW\drj\application\admin\controller\Api.php ]
[ info ] [ LOG ] INIT File
---------------------------------------------------------------
[ 2018-03-21T09:41:37+08:00 ] 127.0.0.1 POST /admin/Villa/doAdd
[ info ] drj.bjzhishanzhimei.com/admin/Villa/doAdd [运行时间：1.163066s][吞吐率：0.86req/s] [内存消耗：2,801.00kb] [文件加载：71]
[ info ] [ LANG ] D:\phpStudy\WWW\drj\thinkphp\lang\zh-cn.php
[ info ] [ ROUTE ] array (
  'type' => 'module',
  'module' => 
  array (
    0 => 'admin',
    1 => 'Villa',
    2 => 'doAdd',
  ),
)
[ info ] [ HEADER ] array (
  'connection' => 'close',
  'cookie' => 'Hm_lvt_9d483e9e48ba1faa0dfceaf6333de846=1521075854,1521421642,1521507948,1521594000; PHPSESSID=63gkhfod152dbv11d9a3cups25; Hm_lpvt_9d483e9e48ba1faa0dfceaf6333de846=1521594266',
  'content-length' => '1669',
  'x-requested-with' => 'XMLHttpRequest',
  'content-type' => 'application/x-www-form-urlencoded; charset=UTF-8',
  'referer' => 'http://drj.bjzhishanzhimei.com/admin/Villa/doAdd',
  'accept-encoding' => 'gzip, deflate',
  'accept-language' => 'zh-CN,zh;q=0.8,zh-TW;q=0.7,zh-HK;q=0.5,en-US;q=0.3,en;q=0.2',
  'accept' => '*/*',
  'user-agent' => 'Mozilla/5.0 (Windows NT 6.1; Win64; x64; rv:59.0) Gecko/20100101 Firefox/59.0',
  'host' => 'drj.bjzhishanzhimei.com',
)
[ info ] [ PARAM ] array (
  '/admin/Villa/doAdd' => '',
  'vd_name' => '32',
  'vd_class' => '定制别墅',
  'vd_class_r' => '家',
  'vd_unit_price' => '2',
  'vd_price' => '232',
  'vd_building_area' => '23',
  'vd_covers_area' => '32',
  'vd_height' => '3',
  'vd_door' => '23',
  'vd_wmw' => '32',
  'vd_wq' => '32',
  'room' => '32',
  'office' => '3',
  'wei' => '32',
  'file' => '',
  'wg-input' => 
  array (
    0 => 'http://oy1wh09ro.bkt.clouddn.com/2018/03/c5516201803210941175001.jpg',
    1 => 'http://oy1wh09ro.bkt.clouddn.com/2018/03/63d01201803210941188218.jpg',
    2 => 'http://oy1wh09ro.bkt.clouddn.com/2018/03/6c36c201803210941182465.jpg',
  ),
  'sn-input' => 
  array (
    0 => 'http://oy1wh09ro.bkt.clouddn.com/2018/03/facb32018032109411126.jpg',
    1 => 'http://oy1wh09ro.bkt.clouddn.com/2018/03/0f441201803210941128119.jpg',
    2 => 'http://oy1wh09ro.bkt.clouddn.com/2018/03/fe233201803210941127261.jpg',
  ),
  'xj-input' => 
  array (
    0 => 'http://oy1wh09ro.bkt.clouddn.com/2018/03/7dafe201803210941031336.jpg',
    1 => 'http://oy1wh09ro.bkt.clouddn.com/2018/03/d0e10201803210941035258.jpg',
    2 => 'http://oy1wh09ro.bkt.clouddn.com/2018/03/0ef3b201803210941021728.jpg',
  ),
  'jg-input' => 
  array (
    0 => 'http://oy1wh09ro.bkt.clouddn.com/2018/03/8ce7e201803210940567312.jpg',
    1 => 'http://oy1wh09ro.bkt.clouddn.com/2018/03/60bf6201803210940566891.jpg',
    2 => 'http://oy1wh09ro.bkt.clouddn.com/2018/03/3d464201803210940573939.jpg',
  ),
  'mj-input' => 
  array (
    0 => 'http://oy1wh09ro.bkt.clouddn.com/2018/03/ec786201803210940482813.jpg',
    1 => 'http://oy1wh09ro.bkt.clouddn.com/2018/03/abc51201803210940488938.jpg',
    2 => 'http://oy1wh09ro.bkt.clouddn.com/2018/03/b33b2201803210940492832.jpg',
  ),
)
[ info ] [ SESSION ] INIT array (
  'prefix' => 'module',
  'auto_start' => true,
  'host' => '127.0.0.1',
  'port' => 6379,
  'password' => '',
  'path' => 'D:\\phpStudy\\WWW\\drj\\runtime\\session',
  'sess_path' => 'D:\\phpStudy\\WWW\\drj\\runtime\\session',
)
[ info ] [ RUN ] app\admin\controller\villa->doadd[ D:\phpStudy\WWW\drj\application\admin\controller\Villa.php ]
[ info ] [ DB ] INIT mysql
[ info ] [ LOG ] INIT File
[ sql ] [ DB ] CONNECT:[ UseTime:0.117007s ] mysql:host=47.104.154.142;port=9989;dbname=drj;charset=utf8
[ sql ] [ SQL ] SHOW COLUMNS FROM `villa_data` [ RunTime:0.078005s ]
[ sql ] [ SQL ] INSERT INTO `villa_data` (`vd_name` , `vd_price` , `vd_unit_price` , `vd_covers_area` , `vd_building_area` , `vd_height` , `vd_door` , `vd_wq` , `vd_wmw` , `room` , `wei` , `office` , `vd_class` , `vd_class_r` , `create_at` , `update_at`) VALUES ('32' , 232 , 2 , 32 , 23 , '3' , '23' , '32' , '32' , '32' , '32' , '3' , '定制别墅' , '家' , 1521596496 , 1521596496) [ RunTime:0.082005s ]
[ sql ] [ SQL ] SHOW COLUMNS FROM `villa_img` [ RunTime:0.078004s ]
[ sql ] [ SQL ] INSERT INTO `villa_img` (`vi_villa_id` , `img` , `type` , `create_at` , `update_at`) VALUES (48 , 'http://oy1wh09ro.bkt.clouddn.com/2018/03/fe233201803210941127261.jpg' , 2 , 1521596496 , 1521596496) [ RunTime:0.083005s ]
[ sql ] [ SQL ] INSERT INTO `villa_data` (`vd_name` , `vd_price` , `vd_unit_price` , `vd_covers_area` , `vd_building_area` , `vd_height` , `vd_door` , `vd_wq` , `vd_wmw` , `room` , `wei` , `office` , `vd_class` , `vd_class_r` , `create_at` , `update_at`) VALUES ('32' , 232 , 2 , 32 , 23 , '3' , '23' , '32' , '32' , '32' , '32' , '3' , '定制别墅' , '家' , 1521596496 , 1521596496) [ RunTime:0.089005s ]
---------------------------------------------------------------
[ 2018-03-21T11:36:59+08:00 ] 127.0.0.1 GET /admin/Building/tolist
[ info ] drj.bjzhishanzhimei.com/admin/Building/tolist [运行时间：0.840048s][吞吐率：1.19req/s] [内存消耗：3,055.62kb] [文件加载：79]
[ info ] [ LANG ] D:\phpStudy\WWW\drj\thinkphp\lang\zh-cn.php
[ info ] [ ROUTE ] array (
  'type' => 'module',
  'module' => 
  array (
    0 => 'admin',
    1 => 'Building',
    2 => 'tolist',
  ),
)
[ info ] [ HEADER ] array (
  'upgrade-insecure-requests' => '1',
  'connection' => 'close',
  'cookie' => 'Hm_lvt_9d483e9e48ba1faa0dfceaf6333de846=1521075854,1521421642,1521507948,1521594000; PHPSESSID=63gkhfod152dbv11d9a3cups25; Hm_lpvt_9d483e9e48ba1faa0dfceaf6333de846=1521594266',
  'referer' => 'http://drj.bjzhishanzhimei.com/admin',
  'accept-encoding' => 'gzip, deflate',
  'accept-language' => 'zh-CN,zh;q=0.8,zh-TW;q=0.7,zh-HK;q=0.5,en-US;q=0.3,en;q=0.2',
  'accept' => 'text/html,application/xhtml+xml,application/xml;q=0.9,*/*;q=0.8',
  'user-agent' => 'Mozilla/5.0 (Windows NT 6.1; Win64; x64; rv:59.0) Gecko/20100101 Firefox/59.0',
  'host' => 'drj.bjzhishanzhimei.com',
)
[ info ] [ PARAM ] array (
  '/admin/Building/tolist' => '',
)
[ info ] [ SESSION ] INIT array (
  'prefix' => 'module',
  'auto_start' => true,
  'host' => '127.0.0.1',
  'port' => 6379,
  'password' => '',
  'path' => 'D:\\phpStudy\\WWW\\drj\\runtime\\session',
  'sess_path' => 'D:\\phpStudy\\WWW\\drj\\runtime\\session',
)
[ info ] [ RUN ] app\admin\controller\Building->tolist[ D:\phpStudy\WWW\drj\application\admin\controller\Building.php ]
[ info ] [ DB ] INIT mysql
[ info ] [ VIEW ] D:\phpStudy\WWW\drj\public/../application/admin\view\building\tolist.html [ array (
  0 => 'menu',
  1 => 'path',
  2 => 'User',
  3 => 'mName',
  4 => 'cName',
  5 => 'aName',
  6 => 'page',
) ]
[ info ] [ LOG ] INIT File
[ sql ] [ DB ] CONNECT:[ UseTime:0.135008s ] mysql:host=47.104.154.142;port=9989;dbname=drj;charset=utf8
[ sql ] [ SQL ] SHOW COLUMNS FROM `building_details` [ RunTime:0.093005s ]
[ sql ] [ SQL ] SELECT COUNT(*) AS tp_count FROM `building_details` `bd` LEFT JOIN `building_column` `bc` ON `bc`.`id`=`bd`.`g_column` LEFT JOIN `building_column` `bc2` ON `bc2`.`id`=`bd`.`g_columr` LEFT JOIN `building_column` `bc3` ON `bc3`.`id`=`bd`.`g_columx` LIMIT 1 [ RunTime:0.092005s ]
[ sql ] [ SQL ] SELECT `bd`.*,bc.name as oname,bc2.name as tname,bc3.name as ename FROM `building_details` `bd` LEFT JOIN `building_column` `bc` ON `bc`.`id`=`bd`.`g_column` LEFT JOIN `building_column` `bc2` ON `bc2`.`id`=`bd`.`g_columr` LEFT JOIN `building_column` `bc3` ON `bc3`.`id`=`bd`.`g_columx` ORDER BY bd.order ASC LIMIT 0,10 [ RunTime:0.093006s ]
[ error ] [8]A non well formed numeric value encountered[D:\phpStudy\WWW\drj\thinkphp\library\think\Model.php:477]
---------------------------------------------------------------
[ 2018-03-21T11:38:39+08:00 ] 127.0.0.1 GET /admin/Consumer/tolist
[ info ] drj.bjzhishanzhimei.com/admin/Consumer/tolist [运行时间：0.529030s][吞吐率：1.89req/s] [内存消耗：2,852.23kb] [文件加载：70]
[ info ] [ LANG ] D:\phpStudy\WWW\drj\thinkphp\lang\zh-cn.php
[ info ] [ ROUTE ] array (
  'type' => 'module',
  'module' => 
  array (
    0 => 'admin',
    1 => 'Consumer',
    2 => 'tolist',
  ),
)
[ info ] [ HEADER ] array (
  'upgrade-insecure-requests' => '1',
  'connection' => 'close',
  'cookie' => 'Hm_lvt_9d483e9e48ba1faa0dfceaf6333de846=1521075854,1521421642,1521507948,1521594000; PHPSESSID=63gkhfod152dbv11d9a3cups25; Hm_lpvt_9d483e9e48ba1faa0dfceaf6333de846=1521594266',
  'referer' => 'http://drj.bjzhishanzhimei.com/admin',
  'accept-encoding' => 'gzip, deflate',
  'accept-language' => 'zh-CN,zh;q=0.8,zh-TW;q=0.7,zh-HK;q=0.5,en-US;q=0.3,en;q=0.2',
  'accept' => 'text/html,application/xhtml+xml,application/xml;q=0.9,*/*;q=0.8',
  'user-agent' => 'Mozilla/5.0 (Windows NT 6.1; Win64; x64; rv:59.0) Gecko/20100101 Firefox/59.0',
  'host' => 'drj.bjzhishanzhimei.com',
)
[ info ] [ PARAM ] array (
  '/admin/Consumer/tolist' => '',
)
[ info ] [ SESSION ] INIT array (
  'prefix' => 'module',
  'auto_start' => true,
  'host' => '127.0.0.1',
  'port' => 6379,
  'password' => '',
  'path' => 'D:\\phpStudy\\WWW\\drj\\runtime\\session',
  'sess_path' => 'D:\\phpStudy\\WWW\\drj\\runtime\\session',
)
[ info ] [ RUN ] app\admin\controller\Consumer->tolist[ D:\phpStudy\WWW\drj\application\admin\controller\Consumer.php ]
[ info ] [ DB ] INIT mysql
[ info ] [ VIEW ] D:\phpStudy\WWW\drj\public/../application/admin\view\consumer\tolist.html [ array (
  0 => 'menu',
  1 => 'path',
  2 => 'User',
  3 => 'mName',
  4 => 'cName',
  5 => 'aName',
  6 => 'page',
) ]
[ info ] [ LOG ] INIT File
[ sql ] [ DB ] CONNECT:[ UseTime:0.116007s ] mysql:host=47.104.154.142;port=9989;dbname=drj;charset=utf8
[ sql ] [ SQL ] SHOW COLUMNS FROM `user_data` [ RunTime:0.081005s ]
[ sql ] [ SQL ] SELECT * FROM `user_data` WHERE  `type` = 1 [ RunTime:0.081005s ]
---------------------------------------------------------------
[ 2018-03-21T11:38:39+08:00 ] 127.0.0.1 GET /Js/admin/Consumer/tolist.js?v=1521603519
[ info ] drj.bjzhishanzhimei.com/Js/admin/Consumer/tolist.js?v=1521603519 [运行时间：0.187011s][吞吐率：5.35req/s] [内存消耗：1,413.38kb] [文件加载：49]
[ info ] [ LANG ] D:\phpStudy\WWW\drj\thinkphp\lang\zh-cn.php
[ info ] [ ROUTE ] array (
  'type' => 'module',
  'module' => 
  array (
    0 => 'Js',
    1 => 'admin',
    2 => 'Consumer',
  ),
)
[ info ] [ HEADER ] array (
  'connection' => 'close',
  'cookie' => 'Hm_lvt_9d483e9e48ba1faa0dfceaf6333de846=1521075854,1521421642,1521507948,1521594000; PHPSESSID=63gkhfod152dbv11d9a3cups25; Hm_lpvt_9d483e9e48ba1faa0dfceaf6333de846=1521594266',
  'referer' => 'http://drj.bjzhishanzhimei.com/admin/Consumer/tolist',
  'accept-encoding' => 'gzip, deflate',
  'accept-language' => 'zh-CN,zh;q=0.8,zh-TW;q=0.7,zh-HK;q=0.5,en-US;q=0.3,en;q=0.2',
  'accept' => '*/*',
  'user-agent' => 'Mozilla/5.0 (Windows NT 6.1; Win64; x64; rv:59.0) Gecko/20100101 Firefox/59.0',
  'host' => 'drj.bjzhishanzhimei.com',
)
[ info ] [ PARAM ] array (
  '/Js/admin/Consumer/tolist_js' => '',
  'v' => '1521603519',
)
[ info ] [ LOG ] INIT File
---------------------------------------------------------------
[ 2018-03-21T14:38:16+08:00 ] 127.0.0.1 GET /admin/Clum/tolist
[ info ] drj.bjzhishanzhimei.com/admin/Clum/tolist [运行时间：0.581033s][吞吐率：1.72req/s] [内存消耗：2,870.03kb] [文件加载：70]
[ info ] [ LANG ] D:\phpStudy\WWW\drj\thinkphp\lang\zh-cn.php
[ info ] [ ROUTE ] array (
  'type' => 'module',
  'module' => 
  array (
    0 => 'admin',
    1 => 'Clum',
    2 => 'tolist',
  ),
)
[ info ] [ HEADER ] array (
  'upgrade-insecure-requests' => '1',
  'connection' => 'close',
  'cookie' => 'Hm_lvt_9d483e9e48ba1faa0dfceaf6333de846=1521075854,1521421642,1521507948,1521594000; PHPSESSID=63gkhfod152dbv11d9a3cups25; Hm_lpvt_9d483e9e48ba1faa0dfceaf6333de846=1521594266',
  'referer' => 'http://drj.bjzhishanzhimei.com/admin',
  'accept-encoding' => 'gzip, deflate',
  'accept-language' => 'zh-CN,zh;q=0.8,zh-TW;q=0.7,zh-HK;q=0.5,en-US;q=0.3,en;q=0.2',
  'accept' => 'text/html,application/xhtml+xml,application/xml;q=0.9,*/*;q=0.8',
  'user-agent' => 'Mozilla/5.0 (Windows NT 6.1; Win64; x64; rv:59.0) Gecko/20100101 Firefox/59.0',
  'host' => 'drj.bjzhishanzhimei.com',
)
[ info ] [ PARAM ] array (
  '/admin/Clum/tolist' => '',
)
[ info ] [ SESSION ] INIT array (
  'prefix' => 'module',
  'auto_start' => true,
  'host' => '127.0.0.1',
  'port' => 6379,
  'password' => '',
  'path' => 'D:\\phpStudy\\WWW\\drj\\runtime\\session',
  'sess_path' => 'D:\\phpStudy\\WWW\\drj\\runtime\\session',
)
[ info ] [ RUN ] app\admin\controller\Clum->tolist[ D:\phpStudy\WWW\drj\application\admin\controller\Clum.php ]
[ info ] [ DB ] INIT mysql
[ info ] [ VIEW ] D:\phpStudy\WWW\drj\public/../application/admin\view\clum\tolist.html [ array (
  0 => 'menu',
  1 => 'path',
  2 => 'User',
  3 => 'mName',
  4 => 'cName',
  5 => 'aName',
  6 => 'page',
) ]
[ info ] [ LOG ] INIT File
[ sql ] [ DB ] CONNECT:[ UseTime:0.142008s ] mysql:host=47.104.154.142;port=9989;dbname=drj;charset=utf8
[ sql ] [ SQL ] SHOW COLUMNS FROM `building_column` [ RunTime:0.096005s ]
[ sql ] [ SQL ] SELECT * FROM `building_column` ORDER BY `id`  desc [ RunTime:0.097005s ]
---------------------------------------------------------------
[ 2018-03-21T14:38:17+08:00 ] 127.0.0.1 GET /Js/admin/Clum/tolist.js?v=1521614296
[ info ] drj.bjzhishanzhimei.com/Js/admin/Clum/tolist.js?v=1521614296 [运行时间：0.174009s][吞吐率：5.75req/s] [内存消耗：1,413.34kb] [文件加载：49]
[ info ] [ LANG ] D:\phpStudy\WWW\drj\thinkphp\lang\zh-cn.php
[ info ] [ ROUTE ] array (
  'type' => 'module',
  'module' => 
  array (
    0 => 'Js',
    1 => 'admin',
    2 => 'Clum',
  ),
)
[ info ] [ HEADER ] array (
  'connection' => 'close',
  'cookie' => 'Hm_lvt_9d483e9e48ba1faa0dfceaf6333de846=1521075854,1521421642,1521507948,1521594000; PHPSESSID=63gkhfod152dbv11d9a3cups25; Hm_lpvt_9d483e9e48ba1faa0dfceaf6333de846=1521594266',
  'referer' => 'http://drj.bjzhishanzhimei.com/admin/Clum/tolist',
  'accept-encoding' => 'gzip, deflate',
  'accept-language' => 'zh-CN,zh;q=0.8,zh-TW;q=0.7,zh-HK;q=0.5,en-US;q=0.3,en;q=0.2',
  'accept' => '*/*',
  'user-agent' => 'Mozilla/5.0 (Windows NT 6.1; Win64; x64; rv:59.0) Gecko/20100101 Firefox/59.0',
  'host' => 'drj.bjzhishanzhimei.com',
)
[ info ] [ PARAM ] array (
  '/Js/admin/Clum/tolist_js' => '',
  'v' => '1521614296',
)
[ info ] [ LOG ] INIT File
---------------------------------------------------------------
[ 2018-03-21T14:38:18+08:00 ] 127.0.0.1 GET /admin/Orbuilding/tolist
[ info ] drj.bjzhishanzhimei.com/admin/Orbuilding/tolist [运行时间：0.514030s][吞吐率：1.95req/s] [内存消耗：2,841.80kb] [文件加载：70]
[ info ] [ LANG ] D:\phpStudy\WWW\drj\thinkphp\lang\zh-cn.php
[ info ] [ ROUTE ] array (
  'type' => 'module',
  'module' => 
  array (
    0 => 'admin',
    1 => 'Orbuilding',
    2 => 'tolist',
  ),
)
[ info ] [ HEADER ] array (
  'upgrade-insecure-requests' => '1',
  'connection' => 'close',
  'cookie' => 'Hm_lvt_9d483e9e48ba1faa0dfceaf6333de846=1521075854,1521421642,1521507948,1521594000; PHPSESSID=63gkhfod152dbv11d9a3cups25; Hm_lpvt_9d483e9e48ba1faa0dfceaf6333de846=1521594266',
  'referer' => 'http://drj.bjzhishanzhimei.com/admin',
  'accept-encoding' => 'gzip, deflate',
  'accept-language' => 'zh-CN,zh;q=0.8,zh-TW;q=0.7,zh-HK;q=0.5,en-US;q=0.3,en;q=0.2',
  'accept' => 'text/html,application/xhtml+xml,application/xml;q=0.9,*/*;q=0.8',
  'user-agent' => 'Mozilla/5.0 (Windows NT 6.1; Win64; x64; rv:59.0) Gecko/20100101 Firefox/59.0',
  'host' => 'drj.bjzhishanzhimei.com',
)
[ info ] [ PARAM ] array (
  '/admin/Orbuilding/tolist' => '',
)
[ info ] [ SESSION ] INIT array (
  'prefix' => 'module',
  'auto_start' => true,
  'host' => '127.0.0.1',
  'port' => 6379,
  'password' => '',
  'path' => 'D:\\phpStudy\\WWW\\drj\\runtime\\session',
  'sess_path' => 'D:\\phpStudy\\WWW\\drj\\runtime\\session',
)
[ info ] [ RUN ] app\admin\controller\Orbuilding->tolist[ D:\phpStudy\WWW\drj\application\admin\controller\Orbuilding.php ]
[ info ] [ DB ] INIT mysql
[ info ] [ VIEW ] D:\phpStudy\WWW\drj\public/../application/admin\view\orbuilding\tolist.html [ array (
  0 => 'menu',
  1 => 'path',
  2 => 'User',
  3 => 'mName',
  4 => 'cName',
  5 => 'aName',
  6 => 'page',
) ]
[ info ] [ LOG ] INIT File
[ sql ] [ DB ] CONNECT:[ UseTime:0.124007s ] mysql:host=47.104.154.142;port=9989;dbname=drj;charset=utf8
[ sql ] [ SQL ] SHOW COLUMNS FROM `building_order` [ RunTime:0.085005s ]
[ sql ] [ SQL ] SELECT * FROM `building_order` [ RunTime:0.084004s ]
---------------------------------------------------------------
[ 2018-03-21T14:38:18+08:00 ] 127.0.0.1 GET /Js/admin/Orbuilding/tolist.js?v=1521614298
[ info ] drj.bjzhishanzhimei.com/Js/admin/Orbuilding/tolist.js?v=1521614298 [运行时间：0.158009s][吞吐率：6.33req/s] [内存消耗：1,413.38kb] [文件加载：49]
[ info ] [ LANG ] D:\phpStudy\WWW\drj\thinkphp\lang\zh-cn.php
[ info ] [ ROUTE ] array (
  'type' => 'module',
  'module' => 
  array (
    0 => 'Js',
    1 => 'admin',
    2 => 'Orbuilding',
  ),
)
[ info ] [ HEADER ] array (
  'connection' => 'close',
  'cookie' => 'Hm_lvt_9d483e9e48ba1faa0dfceaf6333de846=1521075854,1521421642,1521507948,1521594000; PHPSESSID=63gkhfod152dbv11d9a3cups25; Hm_lpvt_9d483e9e48ba1faa0dfceaf6333de846=1521594266',
  'referer' => 'http://drj.bjzhishanzhimei.com/admin/Orbuilding/tolist',
  'accept-encoding' => 'gzip, deflate',
  'accept-language' => 'zh-CN,zh;q=0.8,zh-TW;q=0.7,zh-HK;q=0.5,en-US;q=0.3,en;q=0.2',
  'accept' => '*/*',
  'user-agent' => 'Mozilla/5.0 (Windows NT 6.1; Win64; x64; rv:59.0) Gecko/20100101 Firefox/59.0',
  'host' => 'drj.bjzhishanzhimei.com',
)
[ info ] [ PARAM ] array (
  '/Js/admin/Orbuilding/tolist_js' => '',
  'v' => '1521614298',
)
[ info ] [ LOG ] INIT File
---------------------------------------------------------------
[ 2018-03-21T14:47:47+08:00 ] 127.0.0.1 POST /admin/Consumer/editStatus
[ info ] drj.bjzhishanzhimei.com/admin/Consumer/editStatus [运行时间：0.184010s][吞吐率：5.43req/s] [内存消耗：2,033.66kb] [文件加载：65]
[ info ] [ LANG ] D:\phpStudy\WWW\drj\thinkphp\lang\zh-cn.php
[ info ] [ ROUTE ] array (
  'type' => 'module',
  'module' => 
  array (
    0 => 'admin',
    1 => 'Consumer',
    2 => 'editStatus',
  ),
)
[ info ] [ HEADER ] array (
  'connection' => 'close',
  'cookie' => 'Hm_lvt_9d483e9e48ba1faa0dfceaf6333de846=1521075854,1521421642,1521507948,1521594000; PHPSESSID=63gkhfod152dbv11d9a3cups25; Hm_lpvt_9d483e9e48ba1faa0dfceaf6333de846=1521594266',
  'content-length' => '12',
  'x-requested-with' => 'XMLHttpRequest',
  'content-type' => 'application/x-www-form-urlencoded; charset=UTF-8',
  'referer' => 'http://drj.bjzhishanzhimei.com/admin/Consumer/tolist',
  'accept-encoding' => 'gzip, deflate',
  'accept-language' => 'zh-CN,zh;q=0.8,zh-TW;q=0.7,zh-HK;q=0.5,en-US;q=0.3,en;q=0.2',
  'accept' => '*/*',
  'user-agent' => 'Mozilla/5.0 (Windows NT 6.1; Win64; x64; rv:59.0) Gecko/20100101 Firefox/59.0',
  'host' => 'drj.bjzhishanzhimei.com',
)
[ info ] [ PARAM ] array (
  '/admin/Consumer/editStatus' => '',
  'id' => '4',
  'state' => '2',
)
[ info ] [ SESSION ] INIT array (
  'prefix' => 'module',
  'auto_start' => true,
  'host' => '127.0.0.1',
  'port' => 6379,
  'password' => '',
  'path' => 'D:\\phpStudy\\WWW\\drj\\runtime\\session',
  'sess_path' => 'D:\\phpStudy\\WWW\\drj\\runtime\\session',
)
[ info ] [ LOG ] INIT File
---------------------------------------------------------------
[ 2018-03-21T14:47:48+08:00 ] 127.0.0.1 POST /admin/Consumer/editStatus
[ info ] drj.bjzhishanzhimei.com/admin/Consumer/editStatus [运行时间：0.185011s][吞吐率：5.41req/s] [内存消耗：2,033.09kb] [文件加载：65]
[ info ] [ LANG ] D:\phpStudy\WWW\drj\thinkphp\lang\zh-cn.php
[ info ] [ ROUTE ] array (
  'type' => 'module',
  'module' => 
  array (
    0 => 'admin',
    1 => 'Consumer',
    2 => 'editStatus',
  ),
)
[ info ] [ HEADER ] array (
  'connection' => 'close',
  'cookie' => 'Hm_lvt_9d483e9e48ba1faa0dfceaf6333de846=1521075854,1521421642,1521507948,1521594000; PHPSESSID=63gkhfod152dbv11d9a3cups25; Hm_lpvt_9d483e9e48ba1faa0dfceaf6333de846=1521594266',
  'content-length' => '12',
  'x-requested-with' => 'XMLHttpRequest',
  'content-type' => 'application/x-www-form-urlencoded; charset=UTF-8',
  'referer' => 'http://drj.bjzhishanzhimei.com/admin/Consumer/tolist',
  'accept-encoding' => 'gzip, deflate',
  'accept-language' => 'zh-CN,zh;q=0.8,zh-TW;q=0.7,zh-HK;q=0.5,en-US;q=0.3,en;q=0.2',
  'accept' => '*/*',
  'user-agent' => 'Mozilla/5.0 (Windows NT 6.1; Win64; x64; rv:59.0) Gecko/20100101 Firefox/59.0',
  'host' => 'drj.bjzhishanzhimei.com',
)
[ info ] [ PARAM ] array (
  '/admin/Consumer/editStatus' => '',
  'id' => '4',
  'state' => '2',
)
[ info ] [ SESSION ] INIT array (
  'prefix' => 'module',
  'auto_start' => true,
  'host' => '127.0.0.1',
  'port' => 6379,
  'password' => '',
  'path' => 'D:\\phpStudy\\WWW\\drj\\runtime\\session',
  'sess_path' => 'D:\\phpStudy\\WWW\\drj\\runtime\\session',
)
[ info ] [ LOG ] INIT File
---------------------------------------------------------------
[ 2018-03-21T14:47:49+08:00 ] 127.0.0.1 POST /admin/Consumer/editStatus
[ info ] drj.bjzhishanzhimei.com/admin/Consumer/editStatus [运行时间：0.188011s][吞吐率：5.32req/s] [内存消耗：2,033.09kb] [文件加载：65]
[ info ] [ LANG ] D:\phpStudy\WWW\drj\thinkphp\lang\zh-cn.php
[ info ] [ ROUTE ] array (
  'type' => 'module',
  'module' => 
  array (
    0 => 'admin',
    1 => 'Consumer',
    2 => 'editStatus',
  ),
)
[ info ] [ HEADER ] array (
  'connection' => 'close',
  'cookie' => 'Hm_lvt_9d483e9e48ba1faa0dfceaf6333de846=1521075854,1521421642,1521507948,1521594000; PHPSESSID=63gkhfod152dbv11d9a3cups25; Hm_lpvt_9d483e9e48ba1faa0dfceaf6333de846=1521594266',
  'content-length' => '12',
  'x-requested-with' => 'XMLHttpRequest',
  'content-type' => 'application/x-www-form-urlencoded; charset=UTF-8',
  'referer' => 'http://drj.bjzhishanzhimei.com/admin/Consumer/tolist',
  'accept-encoding' => 'gzip, deflate',
  'accept-language' => 'zh-CN,zh;q=0.8,zh-TW;q=0.7,zh-HK;q=0.5,en-US;q=0.3,en;q=0.2',
  'accept' => '*/*',
  'user-agent' => 'Mozilla/5.0 (Windows NT 6.1; Win64; x64; rv:59.0) Gecko/20100101 Firefox/59.0',
  'host' => 'drj.bjzhishanzhimei.com',
)
[ info ] [ PARAM ] array (
  '/admin/Consumer/editStatus' => '',
  'id' => '4',
  'state' => '2',
)
[ info ] [ SESSION ] INIT array (
  'prefix' => 'module',
  'auto_start' => true,
  'host' => '127.0.0.1',
  'port' => 6379,
  'password' => '',
  'path' => 'D:\\phpStudy\\WWW\\drj\\runtime\\session',
  'sess_path' => 'D:\\phpStudy\\WWW\\drj\\runtime\\session',
)
[ info ] [ LOG ] INIT File
---------------------------------------------------------------
[ 2018-03-21T14:47:51+08:00 ] 127.0.0.1 POST /admin/Consumer/editStatus
[ info ] drj.bjzhishanzhimei.com/admin/Consumer/editStatus [运行时间：0.184011s][吞吐率：5.43req/s] [内存消耗：2,033.09kb] [文件加载：65]
[ info ] [ LANG ] D:\phpStudy\WWW\drj\thinkphp\lang\zh-cn.php
[ info ] [ ROUTE ] array (
  'type' => 'module',
  'module' => 
  array (
    0 => 'admin',
    1 => 'Consumer',
    2 => 'editStatus',
  ),
)
[ info ] [ HEADER ] array (
  'connection' => 'close',
  'cookie' => 'Hm_lvt_9d483e9e48ba1faa0dfceaf6333de846=1521075854,1521421642,1521507948,1521594000; PHPSESSID=63gkhfod152dbv11d9a3cups25; Hm_lpvt_9d483e9e48ba1faa0dfceaf6333de846=1521594266',
  'content-length' => '12',
  'x-requested-with' => 'XMLHttpRequest',
  'content-type' => 'application/x-www-form-urlencoded; charset=UTF-8',
  'referer' => 'http://drj.bjzhishanzhimei.com/admin/Consumer/tolist',
  'accept-encoding' => 'gzip, deflate',
  'accept-language' => 'zh-CN,zh;q=0.8,zh-TW;q=0.7,zh-HK;q=0.5,en-US;q=0.3,en;q=0.2',
  'accept' => '*/*',
  'user-agent' => 'Mozilla/5.0 (Windows NT 6.1; Win64; x64; rv:59.0) Gecko/20100101 Firefox/59.0',
  'host' => 'drj.bjzhishanzhimei.com',
)
[ info ] [ PARAM ] array (
  '/admin/Consumer/editStatus' => '',
  'id' => '4',
  'state' => '1',
)
[ info ] [ SESSION ] INIT array (
  'prefix' => 'module',
  'auto_start' => true,
  'host' => '127.0.0.1',
  'port' => 6379,
  'password' => '',
  'path' => 'D:\\phpStudy\\WWW\\drj\\runtime\\session',
  'sess_path' => 'D:\\phpStudy\\WWW\\drj\\runtime\\session',
)
[ info ] [ LOG ] INIT File
---------------------------------------------------------------
[ 2018-03-21T15:39:16+08:00 ] 127.0.0.1 GET /admin/Villa/tolist
[ info ] drj.bjzhishanzhimei.com/admin/Villa/tolist [运行时间：0.533031s][吞吐率：1.88req/s] [内存消耗：2,909.16kb] [文件加载：70]
[ info ] [ LANG ] D:\phpStudy\WWW\drj\thinkphp\lang\zh-cn.php
[ info ] [ ROUTE ] array (
  'type' => 'module',
  'module' => 
  array (
    0 => 'admin',
    1 => 'Villa',
    2 => 'tolist',
  ),
)
[ info ] [ HEADER ] array (
  'upgrade-insecure-requests' => '1',
  'connection' => 'close',
  'cookie' => 'Hm_lvt_9d483e9e48ba1faa0dfceaf6333de846=1521075854,1521421642,1521507948,1521594000; PHPSESSID=63gkhfod152dbv11d9a3cups25; Hm_lpvt_9d483e9e48ba1faa0dfceaf6333de846=1521594266',
  'referer' => 'http://drj.bjzhishanzhimei.com/admin',
  'accept-encoding' => 'gzip, deflate',
  'accept-language' => 'zh-CN,zh;q=0.8,zh-TW;q=0.7,zh-HK;q=0.5,en-US;q=0.3,en;q=0.2',
  'accept' => 'text/html,application/xhtml+xml,application/xml;q=0.9,*/*;q=0.8',
  'user-agent' => 'Mozilla/5.0 (Windows NT 6.1; Win64; x64; rv:59.0) Gecko/20100101 Firefox/59.0',
  'host' => 'drj.bjzhishanzhimei.com',
)
[ info ] [ PARAM ] array (
  '/admin/Villa/tolist' => '',
)
[ info ] [ SESSION ] INIT array (
  'prefix' => 'module',
  'auto_start' => true,
  'host' => '127.0.0.1',
  'port' => 6379,
  'password' => '',
  'path' => 'D:\\phpStudy\\WWW\\drj\\runtime\\session',
  'sess_path' => 'D:\\phpStudy\\WWW\\drj\\runtime\\session',
)
[ info ] [ RUN ] app\admin\controller\villa->tolist[ D:\phpStudy\WWW\drj\application\admin\controller\Villa.php ]
[ info ] [ DB ] INIT mysql
[ info ] [ VIEW ] D:\phpStudy\WWW\drj\public/../application/admin\view\villa\tolist.html [ array (
  0 => 'menu',
  1 => 'path',
  2 => 'User',
  3 => 'mName',
  4 => 'cName',
  5 => 'aName',
  6 => 'page',
) ]
[ info ] [ LOG ] INIT File
[ sql ] [ DB ] CONNECT:[ UseTime:0.108006s ] mysql:host=47.104.154.142;port=9989;dbname=drj;charset=utf8
[ sql ] [ SQL ] SHOW COLUMNS FROM `villa_data` [ RunTime:0.075005s ]
[ sql ] [ SQL ] SELECT * FROM `villa_data` [ RunTime:0.076004s ]
---------------------------------------------------------------
[ 2018-03-21T15:39:19+08:00 ] 127.0.0.1 GET /admin/Ordlist/tolist
[ info ] drj.bjzhishanzhimei.com/admin/Ordlist/tolist [运行时间：0.558032s][吞吐率：1.79req/s] [内存消耗：2,835.54kb] [文件加载：70]
[ info ] [ LANG ] D:\phpStudy\WWW\drj\thinkphp\lang\zh-cn.php
[ info ] [ ROUTE ] array (
  'type' => 'module',
  'module' => 
  array (
    0 => 'admin',
    1 => 'Ordlist',
    2 => 'tolist',
  ),
)
[ info ] [ HEADER ] array (
  'upgrade-insecure-requests' => '1',
  'connection' => 'close',
  'cookie' => 'Hm_lvt_9d483e9e48ba1faa0dfceaf6333de846=1521075854,1521421642,1521507948,1521594000; PHPSESSID=63gkhfod152dbv11d9a3cups25; Hm_lpvt_9d483e9e48ba1faa0dfceaf6333de846=1521594266',
  'referer' => 'http://drj.bjzhishanzhimei.com/admin',
  'accept-encoding' => 'gzip, deflate',
  'accept-language' => 'zh-CN,zh;q=0.8,zh-TW;q=0.7,zh-HK;q=0.5,en-US;q=0.3,en;q=0.2',
  'accept' => 'text/html,application/xhtml+xml,application/xml;q=0.9,*/*;q=0.8',
  'user-agent' => 'Mozilla/5.0 (Windows NT 6.1; Win64; x64; rv:59.0) Gecko/20100101 Firefox/59.0',
  'host' => 'drj.bjzhishanzhimei.com',
)
[ info ] [ PARAM ] array (
  '/admin/Ordlist/tolist' => '',
)
[ info ] [ SESSION ] INIT array (
  'prefix' => 'module',
  'auto_start' => true,
  'host' => '127.0.0.1',
  'port' => 6379,
  'password' => '',
  'path' => 'D:\\phpStudy\\WWW\\drj\\runtime\\session',
  'sess_path' => 'D:\\phpStudy\\WWW\\drj\\runtime\\session',
)
[ info ] [ RUN ] app\admin\controller\Ordlist->tolist[ D:\phpStudy\WWW\drj\application\admin\controller\Ordlist.php ]
[ info ] [ DB ] INIT mysql
[ info ] [ VIEW ] D:\phpStudy\WWW\drj\public/../application/admin\view\ordlist\tolist.html [ array (
  0 => 'menu',
  1 => 'path',
  2 => 'User',
  3 => 'mName',
  4 => 'cName',
  5 => 'aName',
  6 => 'page',
) ]
[ info ] [ LOG ] INIT File
[ sql ] [ DB ] CONNECT:[ UseTime:0.142008s ] mysql:host=47.104.154.142;port=9989;dbname=drj;charset=utf8
[ sql ] [ SQL ] SHOW COLUMNS FROM `villa_order` [ RunTime:0.100006s ]
[ sql ] [ SQL ] SELECT * FROM `villa_order` [ RunTime:0.096005s ]
---------------------------------------------------------------
[ 2018-03-21T15:39:20+08:00 ] 127.0.0.1 GET /Js/admin/Ordlist/tolist.js?v=1521617959
[ info ] drj.bjzhishanzhimei.com/Js/admin/Ordlist/tolist.js?v=1521617959 [运行时间：0.178010s][吞吐率：5.62req/s] [内存消耗：1,413.36kb] [文件加载：49]
[ info ] [ LANG ] D:\phpStudy\WWW\drj\thinkphp\lang\zh-cn.php
[ info ] [ ROUTE ] array (
  'type' => 'module',
  'module' => 
  array (
    0 => 'Js',
    1 => 'admin',
    2 => 'Ordlist',
  ),
)
[ info ] [ HEADER ] array (
  'connection' => 'close',
  'cookie' => 'Hm_lvt_9d483e9e48ba1faa0dfceaf6333de846=1521075854,1521421642,1521507948,1521594000; PHPSESSID=63gkhfod152dbv11d9a3cups25; Hm_lpvt_9d483e9e48ba1faa0dfceaf6333de846=1521594266',
  'referer' => 'http://drj.bjzhishanzhimei.com/admin/Ordlist/tolist',
  'accept-encoding' => 'gzip, deflate',
  'accept-language' => 'zh-CN,zh;q=0.8,zh-TW;q=0.7,zh-HK;q=0.5,en-US;q=0.3,en;q=0.2',
  'accept' => '*/*',
  'user-agent' => 'Mozilla/5.0 (Windows NT 6.1; Win64; x64; rv:59.0) Gecko/20100101 Firefox/59.0',
  'host' => 'drj.bjzhishanzhimei.com',
)
[ info ] [ PARAM ] array (
  '/Js/admin/Ordlist/tolist_js' => '',
  'v' => '1521617959',
)
[ info ] [ LOG ] INIT File
