---------------------------------------------------------------
[ 2018-03-23T09:12:16+08:00 ] 127.0.0.1 GET /admin
[ info ] drj.bjzhishanzhimei.com/admin [运行时间：0.190001s][吞吐率：5.26req/s] [内存消耗：1,742.57kb] [文件加载：61]
[ info ] [ LANG ] D:\phpStudy\WWW\drj\thinkphp\lang\zh-cn.php
[ info ] [ ROUTE ] array (
  'type' => 'module',
  'module' => 
  array (
    0 => 'admin',
    1 => NULL,
    2 => NULL,
  ),
)
[ info ] [ HEADER ] array (
  'upgrade-insecure-requests' => '1',
  'connection' => 'close',
  'cookie' => 'Hm_lvt_9d483e9e48ba1faa0dfceaf6333de846=1521421642,1521507948,1521594000,1521688526',
  'accept-encoding' => 'gzip, deflate',
  'accept-language' => 'zh-CN,zh;q=0.8,zh-TW;q=0.7,zh-HK;q=0.5,en-US;q=0.3,en;q=0.2',
  'accept' => 'text/html,application/xhtml+xml,application/xml;q=0.9,*/*;q=0.8',
  'user-agent' => 'Mozilla/5.0 (Windows NT 6.1; Win64; x64; rv:59.0) Gecko/20100101 Firefox/59.0',
  'host' => 'drj.bjzhishanzhimei.com',
)
[ info ] [ PARAM ] array (
  '/admin' => '',
)
[ info ] [ SESSION ] INIT array (
  'prefix' => 'module',
  'auto_start' => true,
  'host' => '127.0.0.1',
  'port' => 6379,
  'password' => '',
  'path' => 'D:\\phpStudy\\WWW\\drj\\runtime\\session',
  'sess_path' => 'D:\\phpStudy\\WWW\\drj\\runtime\\session',
)
[ info ] [ VIEW ] D:\phpStudy\WWW\drj\thinkphp\tpl\dispatch_jump.tpl [ array (
  0 => 'code',
  1 => 'msg',
  2 => 'data',
  3 => 'url',
  4 => 'wait',
) ]
[ info ] [ LOG ] INIT File
---------------------------------------------------------------
[ 2018-03-23T09:12:19+08:00 ] 127.0.0.1 GET /admin/login/index.html
[ info ] drj.bjzhishanzhimei.com/admin/login/index.html [运行时间：0.180000s][吞吐率：5.56req/s] [内存消耗：1,751.49kb] [文件加载：60]
[ info ] [ LANG ] D:\phpStudy\WWW\drj\thinkphp\lang\zh-cn.php
[ info ] [ ROUTE ] array (
  'type' => 'module',
  'module' => 
  array (
    0 => 'admin',
    1 => 'login',
    2 => 'index',
  ),
)
[ info ] [ HEADER ] array (
  'upgrade-insecure-requests' => '1',
  'connection' => 'close',
  'cookie' => 'Hm_lvt_9d483e9e48ba1faa0dfceaf6333de846=1521507948,1521594000,1521688526,1521767536; PHPSESSID=405rakdbv4bpk6ni5ij95m4mm5; Hm_lpvt_9d483e9e48ba1faa0dfceaf6333de846=1521767536',
  'referer' => 'http://drj.bjzhishanzhimei.com/admin',
  'accept-encoding' => 'gzip, deflate',
  'accept-language' => 'zh-CN,zh;q=0.8,zh-TW;q=0.7,zh-HK;q=0.5,en-US;q=0.3,en;q=0.2',
  'accept' => 'text/html,application/xhtml+xml,application/xml;q=0.9,*/*;q=0.8',
  'user-agent' => 'Mozilla/5.0 (Windows NT 6.1; Win64; x64; rv:59.0) Gecko/20100101 Firefox/59.0',
  'host' => 'drj.bjzhishanzhimei.com',
)
[ info ] [ PARAM ] array (
  '/admin/login/index_html' => '',
)
[ info ] [ RUN ] app\admin\controller\Login->index[ D:\phpStudy\WWW\drj\application\admin\controller\Login.php ]
[ info ] [ VIEW ] D:\phpStudy\WWW\drj\public/../application/admin\view\login\index.html [ array (
  0 => 'mName',
  1 => 'cName',
  2 => 'aName',
) ]
[ info ] [ LOG ] INIT File
---------------------------------------------------------------
[ 2018-03-23T09:12:19+08:00 ] 127.0.0.1 GET /captcha.html
[ info ] drj.bjzhishanzhimei.com/captcha.html [运行时间：0.190001s][吞吐率：5.26req/s] [内存消耗：1,418.07kb] [文件加载：47]
[ info ] [ LANG ] D:\phpStudy\WWW\drj\thinkphp\lang\zh-cn.php
[ info ] [ ROUTE ] array (
  'type' => 'method',
  'method' => 
  array (
    0 => '\\think\\captcha\\CaptchaController',
    1 => 'index',
  ),
  'var' => 
  array (
  ),
)
[ info ] [ HEADER ] array (
  'connection' => 'close',
  'cookie' => 'Hm_lvt_9d483e9e48ba1faa0dfceaf6333de846=1521507948,1521594000,1521688526,1521767536; PHPSESSID=405rakdbv4bpk6ni5ij95m4mm5; Hm_lpvt_9d483e9e48ba1faa0dfceaf6333de846=1521767536',
  'referer' => 'http://drj.bjzhishanzhimei.com/admin/login/index.html',
  'accept-encoding' => 'gzip, deflate',
  'accept-language' => 'zh-CN,zh;q=0.8,zh-TW;q=0.7,zh-HK;q=0.5,en-US;q=0.3,en;q=0.2',
  'accept' => '*/*',
  'user-agent' => 'Mozilla/5.0 (Windows NT 6.1; Win64; x64; rv:59.0) Gecko/20100101 Firefox/59.0',
  'host' => 'drj.bjzhishanzhimei.com',
)
[ info ] [ PARAM ] array (
  '/captcha_html' => '',
  'id' => NULL,
)
[ info ] [ RUN ] think\captcha\CaptchaController->index[ D:\phpStudy\WWW\drj\vendor\topthink\think-captcha\src\CaptchaController.php ]
[ info ] [ SESSION ] INIT array (
  'prefix' => 'module',
  'auto_start' => true,
  'host' => '127.0.0.1',
  'port' => 6379,
  'password' => '',
  'path' => 'D:\\phpStudy\\WWW\\drj\\runtime\\session',
  'sess_path' => 'D:\\phpStudy\\WWW\\drj\\runtime\\session',
)
[ info ] [ LOG ] INIT File
---------------------------------------------------------------
[ 2018-03-23T09:12:28+08:00 ] 127.0.0.1 POST /admin/login/login.html
[ info ] drj.bjzhishanzhimei.com/admin/login/login.html [运行时间：0.960002s][吞吐率：1.04req/s] [内存消耗：2,951.72kb] [文件加载：76]
[ info ] [ LANG ] D:\phpStudy\WWW\drj\thinkphp\lang\zh-cn.php
[ info ] [ ROUTE ] array (
  'type' => 'module',
  'module' => 
  array (
    0 => 'admin',
    1 => 'login',
    2 => 'login',
  ),
)
[ info ] [ HEADER ] array (
  'connection' => 'close',
  'cookie' => 'Hm_lvt_9d483e9e48ba1faa0dfceaf6333de846=1521507948,1521594000,1521688526,1521767536; PHPSESSID=405rakdbv4bpk6ni5ij95m4mm5; Hm_lpvt_9d483e9e48ba1faa0dfceaf6333de846=1521767540',
  'content-length' => '45',
  'x-requested-with' => 'XMLHttpRequest',
  'content-type' => 'application/x-www-form-urlencoded; charset=UTF-8',
  'referer' => 'http://drj.bjzhishanzhimei.com/admin/login/index.html',
  'accept-encoding' => 'gzip, deflate',
  'accept-language' => 'zh-CN,zh;q=0.8,zh-TW;q=0.7,zh-HK;q=0.5,en-US;q=0.3,en;q=0.2',
  'accept' => 'application/json, text/javascript, */*; q=0.01',
  'user-agent' => 'Mozilla/5.0 (Windows NT 6.1; Win64; x64; rv:59.0) Gecko/20100101 Firefox/59.0',
  'host' => 'drj.bjzhishanzhimei.com',
)
[ info ] [ PARAM ] array (
  '/admin/login/login_html' => '',
  'phone' => '12345678910',
  'password' => '123456',
  'captcha' => 'h3b',
)
[ info ] [ RUN ] app\admin\controller\Login->login[ D:\phpStudy\WWW\drj\application\admin\controller\Login.php ]
[ info ] [ SESSION ] INIT array (
  'prefix' => 'module',
  'auto_start' => true,
  'host' => '127.0.0.1',
  'port' => 6379,
  'password' => '',
  'path' => 'D:\\phpStudy\\WWW\\drj\\runtime\\session',
  'sess_path' => 'D:\\phpStudy\\WWW\\drj\\runtime\\session',
)
[ info ] [ DB ] INIT mysql
[ info ] [ CACHE ] INIT File
[ info ] [ LOG ] INIT File
[ sql ] [ DB ] CONNECT:[ UseTime:0.120000s ] mysql:host=47.104.154.142;port=9989;dbname=drj;charset=utf8
[ sql ] [ SQL ] SHOW COLUMNS FROM `member` [ RunTime:0.080000s ]
[ sql ] [ SQL ] SELECT * FROM `member` WHERE  `am_phone` = '12345678910' LIMIT 1 [ RunTime:0.080000s ]
[ sql ] [ SQL ] SHOW COLUMNS FROM `member_log` [ RunTime:0.080000s ]
[ sql ] [ SQL ] INSERT INTO `member_log` (`ml_member_id` , `ml_name` , `ml_url` , `ml_ip` , `create_at`) VALUES (17 , '登录后台' , 'admin/login/login' , '127.0.0.1' , 1521767548) [ RunTime:0.090001s ]
[ sql ] [ SQL ] UPDATE `member`  SET `am_ssid`='405rakdbv4bpk6ni5ij95m4mm5',`am_pre_time`=1521767548,`update_at`=1521767548  WHERE  `am_id` = 17 [ RunTime:0.090000s ]
---------------------------------------------------------------
[ 2018-03-23T09:12:29+08:00 ] 127.0.0.1 GET /admin/index/index.html
[ info ] drj.bjzhishanzhimei.com/admin/index/index.html [运行时间：0.170000s][吞吐率：5.88req/s] [内存消耗：2,046.27kb] [文件加载：63]
[ info ] [ LANG ] D:\phpStudy\WWW\drj\thinkphp\lang\zh-cn.php
[ info ] [ ROUTE ] array (
  'type' => 'module',
  'module' => 
  array (
    0 => 'admin',
    1 => 'index',
    2 => 'index',
  ),
)
[ info ] [ HEADER ] array (
  'upgrade-insecure-requests' => '1',
  'connection' => 'close',
  'cookie' => 'Hm_lvt_9d483e9e48ba1faa0dfceaf6333de846=1521507948,1521594000,1521688526,1521767536; PHPSESSID=405rakdbv4bpk6ni5ij95m4mm5; Hm_lpvt_9d483e9e48ba1faa0dfceaf6333de846=1521767540',
  'referer' => 'http://drj.bjzhishanzhimei.com/admin/login/index.html',
  'accept-encoding' => 'gzip, deflate',
  'accept-language' => 'zh-CN,zh;q=0.8,zh-TW;q=0.7,zh-HK;q=0.5,en-US;q=0.3,en;q=0.2',
  'accept' => 'text/html,application/xhtml+xml,application/xml;q=0.9,*/*;q=0.8',
  'user-agent' => 'Mozilla/5.0 (Windows NT 6.1; Win64; x64; rv:59.0) Gecko/20100101 Firefox/59.0',
  'host' => 'drj.bjzhishanzhimei.com',
)
[ info ] [ PARAM ] array (
  '/admin/index/index_html' => '',
)
[ info ] [ SESSION ] INIT array (
  'prefix' => 'module',
  'auto_start' => true,
  'host' => '127.0.0.1',
  'port' => 6379,
  'password' => '',
  'path' => 'D:\\phpStudy\\WWW\\drj\\runtime\\session',
  'sess_path' => 'D:\\phpStudy\\WWW\\drj\\runtime\\session',
)
[ info ] [ RUN ] app\admin\controller\Index->index[ D:\phpStudy\WWW\drj\application\admin\controller\Index.php ]
[ info ] [ VIEW ] D:\phpStudy\WWW\drj\public/../application/admin\view\index\index.html [ array (
  0 => 'menu',
  1 => 'path',
  2 => 'User',
  3 => 'mName',
  4 => 'cName',
  5 => 'aName',
) ]
[ info ] [ LOG ] INIT File
---------------------------------------------------------------
[ 2018-03-23T09:12:29+08:00 ] 127.0.0.1 GET /admin/index/welcome.html
[ info ] drj.bjzhishanzhimei.com/admin/index/welcome.html [运行时间：0.400001s][吞吐率：2.50req/s] [内存消耗：2,222.46kb] [文件加载：67]
[ info ] [ LANG ] D:\phpStudy\WWW\drj\thinkphp\lang\zh-cn.php
[ info ] [ ROUTE ] array (
  'type' => 'module',
  'module' => 
  array (
    0 => 'admin',
    1 => 'index',
    2 => 'welcome',
  ),
)
[ info ] [ HEADER ] array (
  'upgrade-insecure-requests' => '1',
  'connection' => 'close',
  'cookie' => 'Hm_lvt_9d483e9e48ba1faa0dfceaf6333de846=1521507948,1521594000,1521688526,1521767536; PHPSESSID=405rakdbv4bpk6ni5ij95m4mm5; Hm_lpvt_9d483e9e48ba1faa0dfceaf6333de846=1521767540',
  'referer' => 'http://drj.bjzhishanzhimei.com/admin/index/index.html',
  'accept-encoding' => 'gzip, deflate',
  'accept-language' => 'zh-CN,zh;q=0.8,zh-TW;q=0.7,zh-HK;q=0.5,en-US;q=0.3,en;q=0.2',
  'accept' => 'text/html,application/xhtml+xml,application/xml;q=0.9,*/*;q=0.8',
  'user-agent' => 'Mozilla/5.0 (Windows NT 6.1; Win64; x64; rv:59.0) Gecko/20100101 Firefox/59.0',
  'host' => 'drj.bjzhishanzhimei.com',
)
[ info ] [ PARAM ] array (
  '/admin/index/welcome_html' => '',
)
[ info ] [ SESSION ] INIT array (
  'prefix' => 'module',
  'auto_start' => true,
  'host' => '127.0.0.1',
  'port' => 6379,
  'password' => '',
  'path' => 'D:\\phpStudy\\WWW\\drj\\runtime\\session',
  'sess_path' => 'D:\\phpStudy\\WWW\\drj\\runtime\\session',
)
[ info ] [ RUN ] app\admin\controller\Index->welcome[ D:\phpStudy\WWW\drj\application\admin\controller\Index.php ]
[ info ] [ DB ] INIT mysql
[ info ] [ VIEW ] D:\phpStudy\WWW\drj\public/../application/admin\view\index\welcome.html [ array (
  0 => 'menu',
  1 => 'path',
  2 => 'User',
  3 => 'mName',
  4 => 'cName',
  5 => 'aName',
  6 => 'service',
) ]
[ info ] [ LOG ] INIT File
[ sql ] [ DB ] CONNECT:[ UseTime:0.140001s ] mysql:host=47.104.154.142;port=9989;dbname=drj;charset=utf8
[ sql ] [ SQL ] select version() [ RunTime:0.100000s ]
---------------------------------------------------------------
[ 2018-03-23T09:12:34+08:00 ] 127.0.0.1 GET /admin
[ info ] drj.bjzhishanzhimei.com/admin [运行时间：0.180000s][吞吐率：5.56req/s] [内存消耗：2,045.13kb] [文件加载：63]
[ info ] [ LANG ] D:\phpStudy\WWW\drj\thinkphp\lang\zh-cn.php
[ info ] [ ROUTE ] array (
  'type' => 'module',
  'module' => 
  array (
    0 => 'admin',
    1 => NULL,
    2 => NULL,
  ),
)
[ info ] [ HEADER ] array (
  'upgrade-insecure-requests' => '1',
  'connection' => 'close',
  'cookie' => 'Hm_lvt_9d483e9e48ba1faa0dfceaf6333de846=1521507948,1521594000,1521688526,1521767536; PHPSESSID=405rakdbv4bpk6ni5ij95m4mm5; Hm_lpvt_9d483e9e48ba1faa0dfceaf6333de846=1521767550',
  'accept-encoding' => 'gzip, deflate',
  'accept-language' => 'zh-CN,zh;q=0.8,zh-TW;q=0.7,zh-HK;q=0.5,en-US;q=0.3,en;q=0.2',
  'accept' => 'text/html,application/xhtml+xml,application/xml;q=0.9,*/*;q=0.8',
  'user-agent' => 'Mozilla/5.0 (Windows NT 6.1; Win64; x64; rv:59.0) Gecko/20100101 Firefox/59.0',
  'host' => 'drj.bjzhishanzhimei.com',
)
[ info ] [ PARAM ] array (
  '/admin' => '',
)
[ info ] [ SESSION ] INIT array (
  'prefix' => 'module',
  'auto_start' => true,
  'host' => '127.0.0.1',
  'port' => 6379,
  'password' => '',
  'path' => 'D:\\phpStudy\\WWW\\drj\\runtime\\session',
  'sess_path' => 'D:\\phpStudy\\WWW\\drj\\runtime\\session',
)
[ info ] [ RUN ] app\admin\controller\Index->index[ D:\phpStudy\WWW\drj\application\admin\controller\Index.php ]
[ info ] [ VIEW ] D:\phpStudy\WWW\drj\public/../application/admin\view\index\index.html [ array (
  0 => 'menu',
  1 => 'path',
  2 => 'User',
  3 => 'mName',
  4 => 'cName',
  5 => 'aName',
) ]
[ info ] [ LOG ] INIT File
---------------------------------------------------------------
[ 2018-03-23T09:12:35+08:00 ] 127.0.0.1 GET /admin/index/welcome.html
[ info ] drj.bjzhishanzhimei.com/admin/index/welcome.html [运行时间：0.430001s][吞吐率：2.33req/s] [内存消耗：2,222.19kb] [文件加载：67]
[ info ] [ LANG ] D:\phpStudy\WWW\drj\thinkphp\lang\zh-cn.php
[ info ] [ ROUTE ] array (
  'type' => 'module',
  'module' => 
  array (
    0 => 'admin',
    1 => 'index',
    2 => 'welcome',
  ),
)
[ info ] [ HEADER ] array (
  'upgrade-insecure-requests' => '1',
  'connection' => 'close',
  'cookie' => 'Hm_lvt_9d483e9e48ba1faa0dfceaf6333de846=1521507948,1521594000,1521688526,1521767536; PHPSESSID=405rakdbv4bpk6ni5ij95m4mm5; Hm_lpvt_9d483e9e48ba1faa0dfceaf6333de846=1521767550',
  'referer' => 'http://drj.bjzhishanzhimei.com/admin',
  'accept-encoding' => 'gzip, deflate',
  'accept-language' => 'zh-CN,zh;q=0.8,zh-TW;q=0.7,zh-HK;q=0.5,en-US;q=0.3,en;q=0.2',
  'accept' => 'text/html,application/xhtml+xml,application/xml;q=0.9,*/*;q=0.8',
  'user-agent' => 'Mozilla/5.0 (Windows NT 6.1; Win64; x64; rv:59.0) Gecko/20100101 Firefox/59.0',
  'host' => 'drj.bjzhishanzhimei.com',
)
[ info ] [ PARAM ] array (
  '/admin/index/welcome_html' => '',
)
[ info ] [ SESSION ] INIT array (
  'prefix' => 'module',
  'auto_start' => true,
  'host' => '127.0.0.1',
  'port' => 6379,
  'password' => '',
  'path' => 'D:\\phpStudy\\WWW\\drj\\runtime\\session',
  'sess_path' => 'D:\\phpStudy\\WWW\\drj\\runtime\\session',
)
[ info ] [ RUN ] app\admin\controller\Index->welcome[ D:\phpStudy\WWW\drj\application\admin\controller\Index.php ]
[ info ] [ DB ] INIT mysql
[ info ] [ VIEW ] D:\phpStudy\WWW\drj\public/../application/admin\view\index\welcome.html [ array (
  0 => 'menu',
  1 => 'path',
  2 => 'User',
  3 => 'mName',
  4 => 'cName',
  5 => 'aName',
  6 => 'service',
) ]
[ info ] [ LOG ] INIT File
[ sql ] [ DB ] CONNECT:[ UseTime:0.130000s ] mysql:host=47.104.154.142;port=9989;dbname=drj;charset=utf8
[ sql ] [ SQL ] select version() [ RunTime:0.090001s ]
---------------------------------------------------------------
[ 2018-03-23T09:19:57+08:00 ] 127.0.0.1 GET /admin/Building/tolist
[ info ] drj.bjzhishanzhimei.com/admin/Building/tolist [运行时间：0.610001s][吞吐率：1.64req/s] [内存消耗：2,880.84kb] [文件加载：70]
[ info ] [ LANG ] D:\phpStudy\WWW\drj\thinkphp\lang\zh-cn.php
[ info ] [ ROUTE ] array (
  'type' => 'module',
  'module' => 
  array (
    0 => 'admin',
    1 => 'Building',
    2 => 'tolist',
  ),
)
[ info ] [ HEADER ] array (
  'upgrade-insecure-requests' => '1',
  'connection' => 'close',
  'cookie' => 'Hm_lvt_9d483e9e48ba1faa0dfceaf6333de846=1521507948,1521594000,1521688526,1521767536; PHPSESSID=405rakdbv4bpk6ni5ij95m4mm5; Hm_lpvt_9d483e9e48ba1faa0dfceaf6333de846=1521767555',
  'referer' => 'http://drj.bjzhishanzhimei.com/admin',
  'accept-encoding' => 'gzip, deflate',
  'accept-language' => 'zh-CN,zh;q=0.8,zh-TW;q=0.7,zh-HK;q=0.5,en-US;q=0.3,en;q=0.2',
  'accept' => 'text/html,application/xhtml+xml,application/xml;q=0.9,*/*;q=0.8',
  'user-agent' => 'Mozilla/5.0 (Windows NT 6.1; Win64; x64; rv:59.0) Gecko/20100101 Firefox/59.0',
  'host' => 'drj.bjzhishanzhimei.com',
)
[ info ] [ PARAM ] array (
  '/admin/Building/tolist' => '',
)
[ info ] [ SESSION ] INIT array (
  'prefix' => 'module',
  'auto_start' => true,
  'host' => '127.0.0.1',
  'port' => 6379,
  'password' => '',
  'path' => 'D:\\phpStudy\\WWW\\drj\\runtime\\session',
  'sess_path' => 'D:\\phpStudy\\WWW\\drj\\runtime\\session',
)
[ info ] [ RUN ] app\admin\controller\Building->tolist[ D:\phpStudy\WWW\drj\application\admin\controller\Building.php ]
[ info ] [ DB ] INIT mysql
[ info ] [ VIEW ] D:\phpStudy\WWW\drj\public/../application/admin\view\building\tolist.html [ array (
  0 => 'menu',
  1 => 'path',
  2 => 'User',
  3 => 'mName',
  4 => 'cName',
  5 => 'aName',
  6 => 'page',
) ]
[ info ] [ LOG ] INIT File
[ sql ] [ DB ] CONNECT:[ UseTime:0.140000s ] mysql:host=47.104.154.142;port=9989;dbname=drj;charset=utf8
[ sql ] [ SQL ] SHOW COLUMNS FROM `building_details` [ RunTime:0.090000s ]
[ sql ] [ SQL ] SELECT * FROM `building_details` [ RunTime:0.100001s ]
---------------------------------------------------------------
[ 2018-03-23T10:08:32+08:00 ] 127.0.0.1 GET /admin/Villa/tolist
[ info ] drj.bjzhishanzhimei.com/admin/Villa/tolist [运行时间：0.620001s][吞吐率：1.61req/s] [内存消耗：2,909.21kb] [文件加载：70]
[ info ] [ LANG ] D:\phpStudy\WWW\drj\thinkphp\lang\zh-cn.php
[ info ] [ ROUTE ] array (
  'type' => 'module',
  'module' => 
  array (
    0 => 'admin',
    1 => 'Villa',
    2 => 'tolist',
  ),
)
[ info ] [ HEADER ] array (
  'upgrade-insecure-requests' => '1',
  'connection' => 'close',
  'cookie' => 'Hm_lvt_9d483e9e48ba1faa0dfceaf6333de846=1521507948,1521594000,1521688526,1521767536; PHPSESSID=405rakdbv4bpk6ni5ij95m4mm5; Hm_lpvt_9d483e9e48ba1faa0dfceaf6333de846=1521767555',
  'referer' => 'http://drj.bjzhishanzhimei.com/admin',
  'accept-encoding' => 'gzip, deflate',
  'accept-language' => 'zh-CN,zh;q=0.8,zh-TW;q=0.7,zh-HK;q=0.5,en-US;q=0.3,en;q=0.2',
  'accept' => 'text/html,application/xhtml+xml,application/xml;q=0.9,*/*;q=0.8',
  'user-agent' => 'Mozilla/5.0 (Windows NT 6.1; Win64; x64; rv:59.0) Gecko/20100101 Firefox/59.0',
  'host' => 'drj.bjzhishanzhimei.com',
)
[ info ] [ PARAM ] array (
  '/admin/Villa/tolist' => '',
)
[ info ] [ SESSION ] INIT array (
  'prefix' => 'module',
  'auto_start' => true,
  'host' => '127.0.0.1',
  'port' => 6379,
  'password' => '',
  'path' => 'D:\\phpStudy\\WWW\\drj\\runtime\\session',
  'sess_path' => 'D:\\phpStudy\\WWW\\drj\\runtime\\session',
)
[ info ] [ RUN ] app\admin\controller\villa->tolist[ D:\phpStudy\WWW\drj\application\admin\controller\Villa.php ]
[ info ] [ DB ] INIT mysql
[ info ] [ VIEW ] D:\phpStudy\WWW\drj\public/../application/admin\view\villa\tolist.html [ array (
  0 => 'menu',
  1 => 'path',
  2 => 'User',
  3 => 'mName',
  4 => 'cName',
  5 => 'aName',
  6 => 'page',
) ]
[ info ] [ LOG ] INIT File
[ sql ] [ DB ] CONNECT:[ UseTime:0.140000s ] mysql:host=47.104.154.142;port=9989;dbname=drj;charset=utf8
[ sql ] [ SQL ] SHOW COLUMNS FROM `villa_data` [ RunTime:0.100000s ]
[ sql ] [ SQL ] SELECT * FROM `villa_data` [ RunTime:0.100000s ]
---------------------------------------------------------------
[ 2018-03-23T10:08:58+08:00 ] 127.0.0.1 GET /admin/Villa/doAdd
[ info ] drj.bjzhishanzhimei.com/admin/Villa/doAdd [运行时间：0.180001s][吞吐率：5.56req/s] [内存消耗：2,017.05kb] [文件加载：63]
[ info ] [ LANG ] D:\phpStudy\WWW\drj\thinkphp\lang\zh-cn.php
[ info ] [ ROUTE ] array (
  'type' => 'module',
  'module' => 
  array (
    0 => 'admin',
    1 => 'Villa',
    2 => 'doAdd',
  ),
)
[ info ] [ HEADER ] array (
  'upgrade-insecure-requests' => '1',
  'connection' => 'close',
  'cookie' => 'Hm_lvt_9d483e9e48ba1faa0dfceaf6333de846=1521507948,1521594000,1521688526,1521767536; PHPSESSID=405rakdbv4bpk6ni5ij95m4mm5; Hm_lpvt_9d483e9e48ba1faa0dfceaf6333de846=1521767555',
  'referer' => 'http://drj.bjzhishanzhimei.com/admin/Villa/tolist',
  'accept-encoding' => 'gzip, deflate',
  'accept-language' => 'zh-CN,zh;q=0.8,zh-TW;q=0.7,zh-HK;q=0.5,en-US;q=0.3,en;q=0.2',
  'accept' => 'text/html,application/xhtml+xml,application/xml;q=0.9,*/*;q=0.8',
  'user-agent' => 'Mozilla/5.0 (Windows NT 6.1; Win64; x64; rv:59.0) Gecko/20100101 Firefox/59.0',
  'host' => 'drj.bjzhishanzhimei.com',
)
[ info ] [ PARAM ] array (
  '/admin/Villa/doAdd' => '',
)
[ info ] [ SESSION ] INIT array (
  'prefix' => 'module',
  'auto_start' => true,
  'host' => '127.0.0.1',
  'port' => 6379,
  'password' => '',
  'path' => 'D:\\phpStudy\\WWW\\drj\\runtime\\session',
  'sess_path' => 'D:\\phpStudy\\WWW\\drj\\runtime\\session',
)
[ info ] [ RUN ] app\admin\controller\villa->doadd[ D:\phpStudy\WWW\drj\application\admin\controller\Villa.php ]
[ info ] [ VIEW ] D:\phpStudy\WWW\drj\public/../application/admin\view\villa\doadd.html [ array (
  0 => 'menu',
  1 => 'path',
  2 => 'User',
  3 => 'mName',
  4 => 'cName',
  5 => 'aName',
) ]
[ info ] [ LOG ] INIT File
