---------------------------------------------------------------
[ 2018-01-12T09:10:57+08:00 ] 127.0.0.1 GET /admin
[ info ] www.lsy.com/admin [运行时间：0.130000s][吞吐率：7.69req/s] [内存消耗：1,682.03kb] [文件加载：60]
[ info ] [ LANG ] D:\phpStudy\WWW\lsy\thinkphp\lang\zh-cn.php
[ info ] [ ROUTE ] array (
  'type' => 'module',
  'module' => 
  array (
    0 => 'admin',
    1 => NULL,
    2 => NULL,
  ),
)
[ info ] [ HEADER ] array (
  'cache-control' => 'no-cache',
  'pragma' => 'no-cache',
  'upgrade-insecure-requests' => '1',
  'connection' => 'close',
  'accept-encoding' => 'gzip, deflate',
  'accept-language' => 'zh-CN,zh;q=0.8,zh-TW;q=0.7,zh-HK;q=0.5,en-US;q=0.3,en;q=0.2',
  'accept' => 'text/html,application/xhtml+xml,application/xml;q=0.9,*/*;q=0.8',
  'user-agent' => 'Mozilla/5.0 (Windows NT 6.1; Win64; x64; rv:57.0) Gecko/20100101 Firefox/57.0',
  'host' => 'www.lsy.com',
)
[ info ] [ PARAM ] array (
  '/admin' => '',
)
[ info ] [ SESSION ] INIT array (
  'prefix' => 'module',
  'auto_start' => true,
  'host' => '127.0.0.1',
  'port' => 6379,
  'password' => '',
  'path' => 'D:\\phpStudy\\WWW\\lsy\\runtime\\session',
  'sess_path' => 'D:\\phpStudy\\WWW\\lsy\\runtime\\session',
)
[ info ] [ VIEW ] D:\phpStudy\WWW\lsy\thinkphp\tpl\dispatch_jump.tpl [ array (
  0 => 'code',
  1 => 'msg',
  2 => 'data',
  3 => 'url',
  4 => 'wait',
) ]
[ info ] [ LOG ] INIT File
---------------------------------------------------------------
[ 2018-01-12T09:11:01+08:00 ] 127.0.0.1 GET /admin/login/index.html
[ info ] www.lsy.com/admin/login/index.html [运行时间：0.130000s][吞吐率：7.69req/s] [内存消耗：1,690.66kb] [文件加载：59]
[ info ] [ LANG ] D:\phpStudy\WWW\lsy\thinkphp\lang\zh-cn.php
[ info ] [ ROUTE ] array (
  'type' => 'module',
  'module' => 
  array (
    0 => 'admin',
    1 => 'login',
    2 => 'index',
  ),
)
[ info ] [ HEADER ] array (
  'cache-control' => 'no-cache',
  'pragma' => 'no-cache',
  'upgrade-insecure-requests' => '1',
  'connection' => 'close',
  'referer' => 'http://www.lsy.com/admin',
  'accept-encoding' => 'gzip, deflate',
  'accept-language' => 'zh-CN,zh;q=0.8,zh-TW;q=0.7,zh-HK;q=0.5,en-US;q=0.3,en;q=0.2',
  'accept' => 'text/html,application/xhtml+xml,application/xml;q=0.9,*/*;q=0.8',
  'user-agent' => 'Mozilla/5.0 (Windows NT 6.1; Win64; x64; rv:57.0) Gecko/20100101 Firefox/57.0',
  'host' => 'www.lsy.com',
)
[ info ] [ PARAM ] array (
  '/admin/login/index_html' => '',
)
[ info ] [ RUN ] app\admin\controller\Login->index[ D:\phpStudy\WWW\lsy\application\admin\controller\Login.php ]
[ info ] [ VIEW ] D:\phpStudy\WWW\lsy\public/../application/admin\view\login\index.html [ array (
  0 => 'mName',
  1 => 'cName',
  2 => 'aName',
) ]
[ info ] [ LOG ] INIT File
---------------------------------------------------------------
[ 2018-01-12T11:26:05+08:00 ] 127.0.0.1 GET /admin
[ info ] www.lsy.com/admin [运行时间：0.100000s][吞吐率：10.00req/s] [内存消耗：1,682.04kb] [文件加载：60]
[ info ] [ LANG ] D:\phpStudy\WWW\lsy\thinkphp\lang\zh-cn.php
[ info ] [ ROUTE ] array (
  'type' => 'module',
  'module' => 
  array (
    0 => 'admin',
    1 => NULL,
    2 => NULL,
  ),
)
[ info ] [ HEADER ] array (
  'cache-control' => 'no-cache',
  'pragma' => 'no-cache',
  'upgrade-insecure-requests' => '1',
  'connection' => 'close',
  'accept-encoding' => 'gzip, deflate',
  'accept-language' => 'zh-CN,zh;q=0.8,zh-TW;q=0.7,zh-HK;q=0.5,en-US;q=0.3,en;q=0.2',
  'accept' => 'text/html,application/xhtml+xml,application/xml;q=0.9,*/*;q=0.8',
  'user-agent' => 'Mozilla/5.0 (Windows NT 6.1; Win64; x64; rv:57.0) Gecko/20100101 Firefox/57.0',
  'host' => 'www.lsy.com',
)
[ info ] [ PARAM ] array (
  '/admin' => '',
)
[ info ] [ SESSION ] INIT array (
  'prefix' => 'module',
  'auto_start' => true,
  'host' => '127.0.0.1',
  'port' => 6379,
  'password' => '',
  'path' => 'D:\\phpStudy\\WWW\\lsy\\runtime\\session',
  'sess_path' => 'D:\\phpStudy\\WWW\\lsy\\runtime\\session',
)
[ info ] [ VIEW ] D:\phpStudy\WWW\lsy\thinkphp\tpl\dispatch_jump.tpl [ array (
  0 => 'code',
  1 => 'msg',
  2 => 'data',
  3 => 'url',
  4 => 'wait',
) ]
[ info ] [ LOG ] INIT File
---------------------------------------------------------------
[ 2018-01-12T11:26:09+08:00 ] 127.0.0.1 GET /admin/login/index.html
[ info ] www.lsy.com/admin/login/index.html [运行时间：0.120000s][吞吐率：8.33req/s] [内存消耗：1,690.66kb] [文件加载：59]
[ info ] [ LANG ] D:\phpStudy\WWW\lsy\thinkphp\lang\zh-cn.php
[ info ] [ ROUTE ] array (
  'type' => 'module',
  'module' => 
  array (
    0 => 'admin',
    1 => 'login',
    2 => 'index',
  ),
)
[ info ] [ HEADER ] array (
  'cache-control' => 'no-cache',
  'pragma' => 'no-cache',
  'upgrade-insecure-requests' => '1',
  'connection' => 'close',
  'referer' => 'http://www.lsy.com/admin',
  'accept-encoding' => 'gzip, deflate',
  'accept-language' => 'zh-CN,zh;q=0.8,zh-TW;q=0.7,zh-HK;q=0.5,en-US;q=0.3,en;q=0.2',
  'accept' => 'text/html,application/xhtml+xml,application/xml;q=0.9,*/*;q=0.8',
  'user-agent' => 'Mozilla/5.0 (Windows NT 6.1; Win64; x64; rv:57.0) Gecko/20100101 Firefox/57.0',
  'host' => 'www.lsy.com',
)
[ info ] [ PARAM ] array (
  '/admin/login/index_html' => '',
)
[ info ] [ RUN ] app\admin\controller\Login->index[ D:\phpStudy\WWW\lsy\application\admin\controller\Login.php ]
[ info ] [ VIEW ] D:\phpStudy\WWW\lsy\public/../application/admin\view\login\index.html [ array (
  0 => 'mName',
  1 => 'cName',
  2 => 'aName',
) ]
[ info ] [ LOG ] INIT File
