---------------------------------------------------------------
[ 2018-01-21T14:19:25+08:00 ] 127.0.0.1 GET /
[ info ] mrw.com/ [运行时间：0.133259s][吞吐率：7.50req/s] [内存消耗：1,088.30kb] [文件加载：49]
[ info ] [ LANG ] D:\phpStudy\WWW\mrw\thinkphp\lang\zh-cn.php
[ info ] [ ROUTE ] array (
  'type' => 'module',
  'module' => 
  array (
    0 => '',
    1 => NULL,
    2 => NULL,
  ),
)
[ info ] [ HEADER ] array (
  'cache-control' => 'no-cache',
  'pragma' => 'no-cache',
  'upgrade-insecure-requests' => '1',
  'connection' => 'close',
  'accept-encoding' => 'gzip, deflate',
  'accept-language' => 'zh-CN,zh;q=0.8,zh-TW;q=0.7,zh-HK;q=0.5,en-US;q=0.3,en;q=0.2',
  'accept' => 'text/html,application/xhtml+xml,application/xml;q=0.9,*/*;q=0.8',
  'user-agent' => 'Mozilla/5.0 (Windows NT 10.0; WOW64; rv:57.0) Gecko/20100101 Firefox/57.0',
  'host' => 'mrw.com',
)
[ info ] [ PARAM ] array (
)
[ info ] [ LOG ] INIT File
