---------------------------------------------------------------
[ 2018-02-05T14:49:22+08:00 ] 127.0.0.1 GET /admin
[ info ] mrw.com/admin [运行时间：0.053711s][吞吐率：18.62req/s] [内存消耗：1,424.70kb] [文件加载：61]
[ info ] [ LANG ] D:\phpStudy\WWW\zgmrw\thinkphp\lang\zh-cn.php
[ info ] [ ROUTE ] array (
  'type' => 'module',
  'module' => 
  array (
    0 => 'admin',
    1 => NULL,
    2 => NULL,
  ),
)
[ info ] [ HEADER ] array (
  'cache-control' => 'no-cache',
  'pragma' => 'no-cache',
  'upgrade-insecure-requests' => '1',
  'connection' => 'close',
  'accept-encoding' => 'gzip, deflate',
  'accept-language' => 'zh-CN,zh;q=0.8,zh-TW;q=0.7,zh-HK;q=0.5,en-US;q=0.3,en;q=0.2',
  'accept' => 'text/html,application/xhtml+xml,application/xml;q=0.9,*/*;q=0.8',
  'user-agent' => 'Mozilla/5.0 (Windows NT 10.0; WOW64; rv:58.0) Gecko/20100101 Firefox/58.0',
  'host' => 'mrw.com',
)
[ info ] [ PARAM ] array (
  '/admin' => '',
)
[ info ] [ SESSION ] INIT array (
  'prefix' => 'module',
  'auto_start' => true,
  'host' => '127.0.0.1',
  'port' => 6379,
  'password' => '',
  'path' => 'D:\\phpStudy\\WWW\\zgmrw\\runtime\\session',
  'sess_path' => 'D:\\phpStudy\\WWW\\zgmrw\\runtime\\session',
)
[ info ] [ VIEW ] D:\phpStudy\WWW\zgmrw\thinkphp\tpl\dispatch_jump.tpl [ array (
  0 => 'code',
  1 => 'msg',
  2 => 'data',
  3 => 'url',
  4 => 'wait',
) ]
[ info ] [ LOG ] INIT File
---------------------------------------------------------------
[ 2018-02-05T14:49:25+08:00 ] 127.0.0.1 GET /admin/login/index.html
[ info ] mrw.com/admin/login/index.html [运行时间：0.059509s][吞吐率：16.80req/s] [内存消耗：1,424.25kb] [文件加载：60]
[ info ] [ LANG ] D:\phpStudy\WWW\zgmrw\thinkphp\lang\zh-cn.php
[ info ] [ ROUTE ] array (
  'type' => 'module',
  'module' => 
  array (
    0 => 'admin',
    1 => 'login',
    2 => 'index',
  ),
)
[ info ] [ HEADER ] array (
  'cache-control' => 'no-cache',
  'pragma' => 'no-cache',
  'upgrade-insecure-requests' => '1',
  'connection' => 'close',
  'referer' => 'http://mrw.com/admin',
  'accept-encoding' => 'gzip, deflate',
  'accept-language' => 'zh-CN,zh;q=0.8,zh-TW;q=0.7,zh-HK;q=0.5,en-US;q=0.3,en;q=0.2',
  'accept' => 'text/html,application/xhtml+xml,application/xml;q=0.9,*/*;q=0.8',
  'user-agent' => 'Mozilla/5.0 (Windows NT 10.0; WOW64; rv:58.0) Gecko/20100101 Firefox/58.0',
  'host' => 'mrw.com',
)
[ info ] [ PARAM ] array (
  '/admin/login/index_html' => '',
)
[ info ] [ RUN ] app\admin\controller\Login->index[ D:\phpStudy\WWW\zgmrw\application\admin\controller\Login.php ]
[ info ] [ VIEW ] D:\phpStudy\WWW\zgmrw\public/../application/admin\view\login\index.html [ array (
  0 => 'mName',
  1 => 'cName',
  2 => 'aName',
) ]
[ info ] [ LOG ] INIT File
---------------------------------------------------------------
[ 2018-02-05T14:50:21+08:00 ] 127.0.0.1 GET /index.html
[ info ] mrw.com/index.html [运行时间：0.030797s][吞吐率：32.47req/s] [内存消耗：1,424.46kb] [文件加载：61]
[ info ] [ LANG ] D:\phpStudy\WWW\zgmrw\thinkphp\lang\zh-cn.php
[ info ] [ ROUTE ] array (
  'type' => 'module',
  'module' => 
  array (
    0 => 'admin',
    1 => 'Index',
    2 => 'index',
  ),
  'convert' => false,
)
[ info ] [ HEADER ] array (
  'cache-control' => 'no-cache',
  'pragma' => 'no-cache',
  'upgrade-insecure-requests' => '1',
  'connection' => 'close',
  'accept-encoding' => 'gzip, deflate',
  'accept-language' => 'zh-CN,zh;q=0.8,zh-TW;q=0.7,zh-HK;q=0.5,en-US;q=0.3,en;q=0.2',
  'accept' => 'text/html,application/xhtml+xml,application/xml;q=0.9,*/*;q=0.8',
  'user-agent' => 'Mozilla/5.0 (Windows NT 10.0; WOW64; rv:58.0) Gecko/20100101 Firefox/58.0',
  'host' => 'mrw.com',
)
[ info ] [ PARAM ] array (
  '/index_html' => '',
)
[ info ] [ SESSION ] INIT array (
  'prefix' => 'module',
  'auto_start' => true,
  'host' => '127.0.0.1',
  'port' => 6379,
  'password' => '',
  'path' => 'D:\\phpStudy\\WWW\\zgmrw\\runtime\\session',
  'sess_path' => 'D:\\phpStudy\\WWW\\zgmrw\\runtime\\session',
)
[ info ] [ VIEW ] D:\phpStudy\WWW\zgmrw\thinkphp\tpl\dispatch_jump.tpl [ array (
  0 => 'code',
  1 => 'msg',
  2 => 'data',
  3 => 'url',
  4 => 'wait',
) ]
[ info ] [ LOG ] INIT File
---------------------------------------------------------------
[ 2018-02-05T14:50:24+08:00 ] 127.0.0.1 GET /admin/login/index.html
[ info ] mrw.com/admin/login/index.html [运行时间：0.025972s][吞吐率：38.50req/s] [内存消耗：1,424.43kb] [文件加载：60]
[ info ] [ LANG ] D:\phpStudy\WWW\zgmrw\thinkphp\lang\zh-cn.php
[ info ] [ ROUTE ] array (
  'type' => 'module',
  'module' => 
  array (
    0 => 'admin',
    1 => 'login',
    2 => 'index',
  ),
)
[ info ] [ HEADER ] array (
  'cache-control' => 'no-cache',
  'pragma' => 'no-cache',
  'upgrade-insecure-requests' => '1',
  'connection' => 'close',
  'referer' => 'http://mrw.com/index.html',
  'accept-encoding' => 'gzip, deflate',
  'accept-language' => 'zh-CN,zh;q=0.8,zh-TW;q=0.7,zh-HK;q=0.5,en-US;q=0.3,en;q=0.2',
  'accept' => 'text/html,application/xhtml+xml,application/xml;q=0.9,*/*;q=0.8',
  'user-agent' => 'Mozilla/5.0 (Windows NT 10.0; WOW64; rv:58.0) Gecko/20100101 Firefox/58.0',
  'host' => 'mrw.com',
)
[ info ] [ PARAM ] array (
  '/admin/login/index_html' => '',
)
[ info ] [ RUN ] app\admin\controller\Login->index[ D:\phpStudy\WWW\zgmrw\application\admin\controller\Login.php ]
[ info ] [ VIEW ] D:\phpStudy\WWW\zgmrw\public/../application/admin\view\login\index.html [ array (
  0 => 'mName',
  1 => 'cName',
  2 => 'aName',
) ]
[ info ] [ LOG ] INIT File
