---------------------------------------------------------------
[ 2017-12-27T00:21:27+08:00 ] 172.17.75.57 59.110.6.177 GET /
[ info ] 39.104.13.217:80/ [运行时间：0.014382s][吞吐率：69.53req/s] [内存消耗：1,690.97kb] [文件加载：50]
[ info ] [ LANG ] /www/wwwroot/kx.lsybk.com/thinkphp/lang/zh-cn.php
[ info ] [ ROUTE ] array (
  'type' => 'module',
  'module' => 
  array (
    0 => '',
    1 => NULL,
    2 => NULL,
  ),
)
[ info ] [ HEADER ] array (
  'accept-encoding' => 'identity',
  'connection' => 'Close',
  'host' => '39.104.13.217:80',
  'content-type' => '',
  'content-length' => '',
)
[ info ] [ PARAM ] array (
)
[ info ] [ SESSION ] INIT array (
  'id' => '',
  'var_session_id' => '',
  'prefix' => 'think',
  'type' => '',
  'auto_start' => true,
)
[ info ] [ VIEW ] /www/wwwroot/kx.lsybk.com/thinkphp/tpl/dispatch_jump.tpl [ array (
  0 => 'mName',
  1 => 'cName',
  2 => 'aName',
  3 => 'menu',
  4 => 'kx',
  5 => 'code',
  6 => 'msg',
  7 => 'data',
  8 => 'url',
  9 => 'wait',
) ]
[ info ] [ LOG ] INIT File
---------------------------------------------------------------
[ 2017-12-27T04:04:30+08:00 ] 172.17.75.57 80.82.78.50 GET /cache/global/img/gs.gif
[ info ] www.baidu.com/cache/global/img/gs.gif [运行时间：0.012267s][吞吐率：81.52req/s] [内存消耗：1,392.19kb] [文件加载：41]
[ info ] [ LANG ] /www/wwwroot/kx.lsybk.com/thinkphp/lang/zh-cn.php
[ info ] [ ROUTE ] array (
  'type' => 'module',
  'module' => 
  array (
    0 => '404',
    1 => NULL,
    2 => NULL,
  ),
)
[ info ] [ HEADER ] array (
  'if-modified-since' => 'Thu, 19 Apr 2012 09:51:20 GMT',
  'user-agent' => 'Mozilla',
  'host' => 'www.baidu.com',
  'content-type' => '',
  'content-length' => '',
)
[ info ] [ PARAM ] array (
)
[ info ] [ LOG ] INIT File
---------------------------------------------------------------
[ 2017-12-27T04:24:06+08:00 ] 172.17.75.57 47.203.93.242 GET /
[ info ] httpheader.net/ [运行时间：0.014843s][吞吐率：67.37req/s] [内存消耗：1,692.70kb] [文件加载：50]
[ info ] [ LANG ] /www/wwwroot/kx.lsybk.com/thinkphp/lang/zh-cn.php
[ info ] [ ROUTE ] array (
  'type' => 'module',
  'module' => 
  array (
    0 => '',
    1 => NULL,
    2 => NULL,
  ),
)
[ info ] [ HEADER ] array (
  'cache-control' => 'no-cache',
  'pragma' => 'no-cache',
  'accept-charset' => 'ISO-8859-1,utf-8;q=0.7,*;q=0.7',
  'accept' => 'text/html,application/xhtml+xml,application/xml;q=0.9,*/*;q=0.8',
  'accept-language' => 'en-gb,en;q=0.5',
  'proxy-connection' => 'Keep-Alive',
  'accept-encoding' => 'deflate, gzip',
  'host' => 'httpheader.net',
  'user-agent' => 'Mozilla/5.0 (Windows; U; Windows NT 6.1; en-US; rv:1.9.2.28) Gecko/20120306 Firefox/3.6.28 (.NET CLR 3.5.30729)',
  'content-type' => '',
  'content-length' => '',
)
[ info ] [ PARAM ] array (
)
[ info ] [ SESSION ] INIT array (
  'id' => '',
  'var_session_id' => '',
  'prefix' => 'think',
  'type' => '',
  'auto_start' => true,
)
[ info ] [ VIEW ] /www/wwwroot/kx.lsybk.com/thinkphp/tpl/dispatch_jump.tpl [ array (
  0 => 'mName',
  1 => 'cName',
  2 => 'aName',
  3 => 'menu',
  4 => 'kx',
  5 => 'code',
  6 => 'msg',
  7 => 'data',
  8 => 'url',
  9 => 'wait',
) ]
[ info ] [ LOG ] INIT File
---------------------------------------------------------------
[ 2017-12-27T05:35:13+08:00 ] 172.17.75.57 94.102.49.174 GET /cache/global/img/gs.gif
[ info ] www.baidu.com/cache/global/img/gs.gif [运行时间：0.012379s][吞吐率：80.78req/s] [内存消耗：1,392.19kb] [文件加载：41]
[ info ] [ LANG ] /www/wwwroot/kx.lsybk.com/thinkphp/lang/zh-cn.php
[ info ] [ ROUTE ] array (
  'type' => 'module',
  'module' => 
  array (
    0 => '404',
    1 => NULL,
    2 => NULL,
  ),
)
[ info ] [ HEADER ] array (
  'if-modified-since' => 'Thu, 19 Apr 2012 09:51:20 GMT',
  'user-agent' => 'Mozilla',
  'host' => 'www.baidu.com',
  'content-type' => '',
  'content-length' => '',
)
[ info ] [ PARAM ] array (
)
[ info ] [ LOG ] INIT File
---------------------------------------------------------------
[ 2017-12-27T08:45:39+08:00 ] 172.17.75.57 106.11.226.147 GET /
[ info ] zz.lsybk.com/ [运行时间：0.015890s][吞吐率：62.93req/s] [内存消耗：1,692.48kb] [文件加载：50]
[ info ] [ LANG ] /www/wwwroot/kx.lsybk.com/thinkphp/lang/zh-cn.php
[ info ] [ ROUTE ] array (
  'type' => 'module',
  'module' => 
  array (
    0 => '',
    1 => NULL,
    2 => NULL,
  ),
)
[ info ] [ HEADER ] array (
  'connection' => 'keep-alive',
  'accept' => 'text/html, image/gif, image/jpeg, *; q=.2, */*; q=.2',
  'host' => 'zz.lsybk.com',
  'pragma' => 'no-cache',
  'cache-control' => 'no-cache',
  'user-agent' => 'Mozilla/5.0 (iPad; CPU OS 9_1 like Mac OS X) AppleWebKit/601.1.46 (KHTML, like Gecko) Version/9.0 Mobile/13B143 Safari/601.1',
  'accept-encoding' => 'gzip',
  'content-type' => '',
  'content-length' => '',
)
[ info ] [ PARAM ] array (
)
[ info ] [ SESSION ] INIT array (
  'id' => '',
  'var_session_id' => '',
  'prefix' => 'think',
  'type' => '',
  'auto_start' => true,
)
[ info ] [ VIEW ] /www/wwwroot/kx.lsybk.com/thinkphp/tpl/dispatch_jump.tpl [ array (
  0 => 'mName',
  1 => 'cName',
  2 => 'aName',
  3 => 'menu',
  4 => 'kx',
  5 => 'code',
  6 => 'msg',
  7 => 'data',
  8 => 'url',
  9 => 'wait',
) ]
[ info ] [ LOG ] INIT File
---------------------------------------------------------------
[ 2017-12-27T16:03:11+08:00 ] 172.17.75.57 106.11.242.25 GET /
[ info ] kx.lsybk.com/ [运行时间：0.014401s][吞吐率：69.44req/s] [内存消耗：1,692.48kb] [文件加载：50]
[ info ] [ LANG ] /www/wwwroot/kx.lsybk.com/thinkphp/lang/zh-cn.php
[ info ] [ ROUTE ] array (
  'type' => 'module',
  'module' => 
  array (
    0 => '',
    1 => NULL,
    2 => NULL,
  ),
)
[ info ] [ HEADER ] array (
  'connection' => 'keep-alive',
  'accept' => 'text/html, image/gif, image/jpeg, *; q=.2, */*; q=.2',
  'host' => 'kx.lsybk.com',
  'pragma' => 'no-cache',
  'cache-control' => 'no-cache',
  'user-agent' => 'Mozilla/5.0 (iPad; CPU OS 9_1 like Mac OS X) AppleWebKit/601.1.46 (KHTML, like Gecko) Version/9.0 Mobile/13B143 Safari/601.1',
  'accept-encoding' => 'gzip',
  'content-type' => '',
  'content-length' => '',
)
[ info ] [ PARAM ] array (
)
[ info ] [ SESSION ] INIT array (
  'id' => '',
  'var_session_id' => '',
  'prefix' => 'think',
  'type' => '',
  'auto_start' => true,
)
[ info ] [ VIEW ] /www/wwwroot/kx.lsybk.com/thinkphp/tpl/dispatch_jump.tpl [ array (
  0 => 'mName',
  1 => 'cName',
  2 => 'aName',
  3 => 'menu',
  4 => 'kx',
  5 => 'code',
  6 => 'msg',
  7 => 'data',
  8 => 'url',
  9 => 'wait',
) ]
[ info ] [ LOG ] INIT File
---------------------------------------------------------------
[ 2017-12-27T16:21:28+08:00 ] 172.17.75.57 59.110.6.177 GET /
[ info ] 39.104.62.120:80/ [运行时间：0.014813s][吞吐率：67.51req/s] [内存消耗：1,690.98kb] [文件加载：50]
[ info ] [ LANG ] /www/wwwroot/kx.lsybk.com/thinkphp/lang/zh-cn.php
[ info ] [ ROUTE ] array (
  'type' => 'module',
  'module' => 
  array (
    0 => '',
    1 => NULL,
    2 => NULL,
  ),
)
[ info ] [ HEADER ] array (
  'accept-encoding' => 'identity',
  'connection' => 'Close',
  'host' => '39.104.62.120:80',
  'content-type' => '',
  'content-length' => '',
)
[ info ] [ PARAM ] array (
)
[ info ] [ SESSION ] INIT array (
  'id' => '',
  'var_session_id' => '',
  'prefix' => 'think',
  'type' => '',
  'auto_start' => true,
)
[ info ] [ VIEW ] /www/wwwroot/kx.lsybk.com/thinkphp/tpl/dispatch_jump.tpl [ array (
  0 => 'mName',
  1 => 'cName',
  2 => 'aName',
  3 => 'menu',
  4 => 'kx',
  5 => 'code',
  6 => 'msg',
  7 => 'data',
  8 => 'url',
  9 => 'wait',
) ]
[ info ] [ LOG ] INIT File
---------------------------------------------------------------
[ 2017-12-27T17:51:41+08:00 ] 172.17.75.57 139.162.88.63 GET /echo.php?info=1234567890
[ info ] clientapi.ipip.net/echo.php?info=1234567890 [运行时间：0.011571s][吞吐率：86.42req/s] [内存消耗：1,392.20kb] [文件加载：41]
[ info ] [ LANG ] /www/wwwroot/kx.lsybk.com/thinkphp/lang/zh-cn.php
[ info ] [ ROUTE ] array (
  'type' => 'module',
  'module' => 
  array (
    0 => '404',
    1 => NULL,
    2 => NULL,
  ),
)
[ info ] [ HEADER ] array (
  'connection' => 'close',
  'user-agent' => 'Go-http-client/1.1',
  'host' => 'clientapi.ipip.net',
  'content-type' => '',
  'content-length' => '',
)
[ info ] [ PARAM ] array (
)
[ info ] [ LOG ] INIT File
---------------------------------------------------------------
[ 2017-12-27T22:41:52+08:00 ] 172.17.75.57 47.203.93.242 GET /
[ info ] httpheader.net/ [运行时间：0.013947s][吞吐率：71.70req/s] [内存消耗：1,692.70kb] [文件加载：50]
[ info ] [ LANG ] /www/wwwroot/kx.lsybk.com/thinkphp/lang/zh-cn.php
[ info ] [ ROUTE ] array (
  'type' => 'module',
  'module' => 
  array (
    0 => '',
    1 => NULL,
    2 => NULL,
  ),
)
[ info ] [ HEADER ] array (
  'cache-control' => 'no-cache',
  'pragma' => 'no-cache',
  'accept-charset' => 'ISO-8859-1,utf-8;q=0.7,*;q=0.7',
  'accept' => 'text/html,application/xhtml+xml,application/xml;q=0.9,*/*;q=0.8',
  'accept-language' => 'en-gb,en;q=0.5',
  'proxy-connection' => 'Keep-Alive',
  'accept-encoding' => 'deflate, gzip',
  'host' => 'httpheader.net',
  'user-agent' => 'Mozilla/5.0 (Windows; U; Windows NT 6.1; en-US; rv:1.9.2.28) Gecko/20120306 Firefox/3.6.28 (.NET CLR 3.5.30729)',
  'content-type' => '',
  'content-length' => '',
)
[ info ] [ PARAM ] array (
)
[ info ] [ SESSION ] INIT array (
  'id' => '',
  'var_session_id' => '',
  'prefix' => 'think',
  'type' => '',
  'auto_start' => true,
)
[ info ] [ VIEW ] /www/wwwroot/kx.lsybk.com/thinkphp/tpl/dispatch_jump.tpl [ array (
  0 => 'mName',
  1 => 'cName',
  2 => 'aName',
  3 => 'menu',
  4 => 'kx',
  5 => 'code',
  6 => 'msg',
  7 => 'data',
  8 => 'url',
  9 => 'wait',
) ]
[ info ] [ LOG ] INIT File
