---------------------------------------------------------------
[ 2017-12-29T00:17:48+08:00 ] 172.17.75.57 47.93.112.232 GET /
[ info ] 39.104.28.64:80/ [运行时间：0.014743s][吞吐率：67.83req/s] [内存消耗：1,690.97kb] [文件加载：50]
[ info ] [ LANG ] /www/wwwroot/kx.lsybk.com/thinkphp/lang/zh-cn.php
[ info ] [ ROUTE ] array (
  'type' => 'module',
  'module' => 
  array (
    0 => '',
    1 => NULL,
    2 => NULL,
  ),
)
[ info ] [ HEADER ] array (
  'accept-encoding' => 'identity',
  'connection' => 'Close',
  'host' => '39.104.28.64:80',
  'content-type' => '',
  'content-length' => '',
)
[ info ] [ PARAM ] array (
)
[ info ] [ SESSION ] INIT array (
  'id' => '',
  'var_session_id' => '',
  'prefix' => 'think',
  'type' => '',
  'auto_start' => true,
)
[ info ] [ VIEW ] /www/wwwroot/kx.lsybk.com/thinkphp/tpl/dispatch_jump.tpl [ array (
  0 => 'mName',
  1 => 'cName',
  2 => 'aName',
  3 => 'menu',
  4 => 'kx',
  5 => 'code',
  6 => 'msg',
  7 => 'data',
  8 => 'url',
  9 => 'wait',
) ]
[ info ] [ LOG ] INIT File
---------------------------------------------------------------
[ 2017-12-29T03:14:42+08:00 ] 172.17.75.57 80.82.78.50 GET /cache/global/img/gs.gif
[ info ] www.baidu.com/cache/global/img/gs.gif [运行时间：0.011935s][吞吐率：83.79req/s] [内存消耗：1,392.19kb] [文件加载：41]
[ info ] [ LANG ] /www/wwwroot/kx.lsybk.com/thinkphp/lang/zh-cn.php
[ info ] [ ROUTE ] array (
  'type' => 'module',
  'module' => 
  array (
    0 => '404',
    1 => NULL,
    2 => NULL,
  ),
)
[ info ] [ HEADER ] array (
  'if-modified-since' => 'Thu, 19 Apr 2012 09:51:20 GMT',
  'user-agent' => 'Mozilla',
  'host' => 'www.baidu.com',
  'content-type' => '',
  'content-length' => '',
)
[ info ] [ PARAM ] array (
)
[ info ] [ LOG ] INIT File
---------------------------------------------------------------
[ 2017-12-29T04:15:32+08:00 ] 172.17.75.57 47.203.93.242 GET /
[ info ] httpheader.net/ [运行时间：0.014459s][吞吐率：69.16req/s] [内存消耗：1,692.70kb] [文件加载：50]
[ info ] [ LANG ] /www/wwwroot/kx.lsybk.com/thinkphp/lang/zh-cn.php
[ info ] [ ROUTE ] array (
  'type' => 'module',
  'module' => 
  array (
    0 => '',
    1 => NULL,
    2 => NULL,
  ),
)
[ info ] [ HEADER ] array (
  'cache-control' => 'no-cache',
  'pragma' => 'no-cache',
  'accept-charset' => 'ISO-8859-1,utf-8;q=0.7,*;q=0.7',
  'accept' => 'text/html,application/xhtml+xml,application/xml;q=0.9,*/*;q=0.8',
  'accept-language' => 'en-gb,en;q=0.5',
  'proxy-connection' => 'Keep-Alive',
  'accept-encoding' => 'deflate, gzip',
  'host' => 'httpheader.net',
  'user-agent' => 'Mozilla/5.0 (Windows; U; Windows NT 6.1; en-US; rv:1.9.2.28) Gecko/20120306 Firefox/3.6.28 (.NET CLR 3.5.30729)',
  'content-type' => '',
  'content-length' => '',
)
[ info ] [ PARAM ] array (
)
[ info ] [ SESSION ] INIT array (
  'id' => '',
  'var_session_id' => '',
  'prefix' => 'think',
  'type' => '',
  'auto_start' => true,
)
[ info ] [ VIEW ] /www/wwwroot/kx.lsybk.com/thinkphp/tpl/dispatch_jump.tpl [ array (
  0 => 'mName',
  1 => 'cName',
  2 => 'aName',
  3 => 'menu',
  4 => 'kx',
  5 => 'code',
  6 => 'msg',
  7 => 'data',
  8 => 'url',
  9 => 'wait',
) ]
[ info ] [ LOG ] INIT File
---------------------------------------------------------------
[ 2017-12-29T06:19:42+08:00 ] 172.17.75.57 223.14.177.39 GET /
[ info ] www.minghui.org/ [运行时间：0.014031s][吞吐率：71.27req/s] [内存消耗：1,693.34kb] [文件加载：50]
[ info ] [ LANG ] /www/wwwroot/kx.lsybk.com/thinkphp/lang/zh-cn.php
[ info ] [ ROUTE ] array (
  'type' => 'module',
  'module' => 
  array (
    0 => '',
    1 => NULL,
    2 => NULL,
  ),
)
[ info ] [ HEADER ] array (
  'cache-control' => 'max-age=0',
  'accept' => 'text/html,application/xhtml+xml,application/xml;q=0.9,image/webp,*/*;q=0.8',
  'accept-language' => 'zh-CN,zh;q=0.8',
  'connection' => 'keep-alive',
  'accept-encoding' => 'gzip, deflate, sdch',
  'user-agent' => 'Mozilla/5.0 (Windows NT 6.1) AppleWebKit/537.36 (KHTML, like Gecko) Chrome/50.0.2661.102 Safari/537.36Mozilla/5.0 (Windows NT 6.1; Trident/7.0; rv:11.0) like GeckoMozilla/5.0 (Windows NT 10.0; WOW64; rv:45.0) Gecko/20100101 Firefox/45.0',
  'proxy-connection' => 'Keep-Alive',
  'proxy-authorization' => 'Basic Og==',
  'host' => 'www.minghui.org',
  'content-type' => '',
  'content-length' => '',
)
[ info ] [ PARAM ] array (
)
[ info ] [ SESSION ] INIT array (
  'id' => '',
  'var_session_id' => '',
  'prefix' => 'think',
  'type' => '',
  'auto_start' => true,
)
[ info ] [ VIEW ] /www/wwwroot/kx.lsybk.com/thinkphp/tpl/dispatch_jump.tpl [ array (
  0 => 'mName',
  1 => 'cName',
  2 => 'aName',
  3 => 'menu',
  4 => 'kx',
  5 => 'code',
  6 => 'msg',
  7 => 'data',
  8 => 'url',
  9 => 'wait',
) ]
[ info ] [ LOG ] INIT File
---------------------------------------------------------------
[ 2017-12-29T06:19:43+08:00 ] 172.17.75.57 180.212.204.1 GET /
[ info ] www.123cha.com/ [运行时间：0.015626s][吞吐率：64.00req/s] [内存消耗：1,692.71kb] [文件加载：50]
[ info ] [ LANG ] /www/wwwroot/kx.lsybk.com/thinkphp/lang/zh-cn.php
[ info ] [ ROUTE ] array (
  'type' => 'module',
  'module' => 
  array (
    0 => '',
    1 => NULL,
    2 => NULL,
  ),
)
[ info ] [ HEADER ] array (
  'cache-control' => 'max-age=0',
  'accept' => 'text/html,application/xhtml+xml,application/xml;q=0.9,image/webp,*/*;q=0.8',
  'accept-language' => 'zh-CN,zh;q=0.8',
  'connection' => 'keep-alive',
  'accept-encoding' => 'gzip, deflate, sdch',
  'user-agent' => 'Mozilla/5.0 (Windows NT 10.0; WOW64) AppleWebKit/537.36 (KHTML, like Gecko) Chrome/45.0.2454.101 Safari/537.36',
  'proxy-connection' => 'Keep-Alive',
  'proxy-authorization' => 'Basic Og==',
  'host' => 'www.123cha.com',
  'content-type' => '',
  'content-length' => '',
)
[ info ] [ PARAM ] array (
)
[ info ] [ SESSION ] INIT array (
  'id' => '',
  'var_session_id' => '',
  'prefix' => 'think',
  'type' => '',
  'auto_start' => true,
)
[ info ] [ VIEW ] /www/wwwroot/kx.lsybk.com/thinkphp/tpl/dispatch_jump.tpl [ array (
  0 => 'mName',
  1 => 'cName',
  2 => 'aName',
  3 => 'menu',
  4 => 'kx',
  5 => 'code',
  6 => 'msg',
  7 => 'data',
  8 => 'url',
  9 => 'wait',
) ]
[ info ] [ LOG ] INIT File
---------------------------------------------------------------
[ 2017-12-29T06:19:47+08:00 ] 172.17.75.57 106.47.172.227 GET /
[ info ] www.epochtimes.com/ [运行时间：0.014208s][吞吐率：70.38req/s] [内存消耗：1,692.73kb] [文件加载：50]
[ info ] [ LANG ] /www/wwwroot/kx.lsybk.com/thinkphp/lang/zh-cn.php
[ info ] [ ROUTE ] array (
  'type' => 'module',
  'module' => 
  array (
    0 => '',
    1 => NULL,
    2 => NULL,
  ),
)
[ info ] [ HEADER ] array (
  'cache-control' => 'max-age=0',
  'accept' => 'text/html,application/xhtml+xml,application/xml;q=0.9,image/webp,*/*;q=0.8',
  'accept-language' => 'zh-CN,zh;q=0.8',
  'connection' => 'keep-alive',
  'accept-encoding' => 'gzip, deflate, sdch',
  'user-agent' => 'Mozilla/5.0 (Windows NT 10.0; WOW64; rv:45.0) Gecko/20100101 Firefox/45.0',
  'proxy-connection' => 'Keep-Alive',
  'proxy-authorization' => 'Basic Og==',
  'host' => 'www.epochtimes.com',
  'content-type' => '',
  'content-length' => '',
)
[ info ] [ PARAM ] array (
)
[ info ] [ SESSION ] INIT array (
  'id' => '',
  'var_session_id' => '',
  'prefix' => 'think',
  'type' => '',
  'auto_start' => true,
)
[ info ] [ VIEW ] /www/wwwroot/kx.lsybk.com/thinkphp/tpl/dispatch_jump.tpl [ array (
  0 => 'mName',
  1 => 'cName',
  2 => 'aName',
  3 => 'menu',
  4 => 'kx',
  5 => 'code',
  6 => 'msg',
  7 => 'data',
  8 => 'url',
  9 => 'wait',
) ]
[ info ] [ LOG ] INIT File
---------------------------------------------------------------
[ 2017-12-29T06:19:49+08:00 ] 172.17.75.57 175.152.31.61 GET /
[ info ] www.ip.cn/ [运行时间：0.013972s][吞吐率：71.57req/s] [内存消耗：1,692.71kb] [文件加载：50]
[ info ] [ LANG ] /www/wwwroot/kx.lsybk.com/thinkphp/lang/zh-cn.php
[ info ] [ ROUTE ] array (
  'type' => 'module',
  'module' => 
  array (
    0 => '',
    1 => NULL,
    2 => NULL,
  ),
)
[ info ] [ HEADER ] array (
  'cache-control' => 'max-age=0',
  'accept' => 'text/html,application/xhtml+xml,application/xml;q=0.9,image/webp,*/*;q=0.8',
  'accept-language' => 'zh-CN,zh;q=0.8',
  'connection' => 'keep-alive',
  'accept-encoding' => 'gzip, deflate, sdch',
  'user-agent' => 'Mozilla/5.0 (Windows NT 10.0; WOW64) AppleWebKit/537.36 (KHTML, like Gecko) Chrome/45.0.2454.101 Safari/537.36',
  'proxy-connection' => 'Keep-Alive',
  'proxy-authorization' => 'Basic Og==',
  'host' => 'www.ip.cn',
  'content-type' => '',
  'content-length' => '',
)
[ info ] [ PARAM ] array (
)
[ info ] [ SESSION ] INIT array (
  'id' => '',
  'var_session_id' => '',
  'prefix' => 'think',
  'type' => '',
  'auto_start' => true,
)
[ info ] [ VIEW ] /www/wwwroot/kx.lsybk.com/thinkphp/tpl/dispatch_jump.tpl [ array (
  0 => 'mName',
  1 => 'cName',
  2 => 'aName',
  3 => 'menu',
  4 => 'kx',
  5 => 'code',
  6 => 'msg',
  7 => 'data',
  8 => 'url',
  9 => 'wait',
) ]
[ info ] [ LOG ] INIT File
---------------------------------------------------------------
[ 2017-12-29T06:19:50+08:00 ] 172.17.75.57 59.174.104.121 GET /
[ info ] boxun.com/ [运行时间：0.014070s][吞吐率：71.07req/s] [内存消耗：1,692.71kb] [文件加载：50]
[ info ] [ LANG ] /www/wwwroot/kx.lsybk.com/thinkphp/lang/zh-cn.php
[ info ] [ ROUTE ] array (
  'type' => 'module',
  'module' => 
  array (
    0 => '',
    1 => NULL,
    2 => NULL,
  ),
)
[ info ] [ HEADER ] array (
  'cache-control' => 'max-age=0',
  'accept' => 'text/html,application/xhtml+xml,application/xml;q=0.9,image/webp,*/*;q=0.8',
  'accept-language' => 'zh-CN,zh;q=0.8',
  'connection' => 'keep-alive',
  'accept-encoding' => 'gzip, deflate, sdch',
  'user-agent' => 'Mozilla/5.0 (Windows NT 10.0; WOW64) AppleWebKit/537.36 (KHTML, like Gecko) Chrome/45.0.2454.101 Safari/537.36',
  'proxy-connection' => 'Keep-Alive',
  'proxy-authorization' => 'Basic Og==',
  'host' => 'boxun.com',
  'content-type' => '',
  'content-length' => '',
)
[ info ] [ PARAM ] array (
)
[ info ] [ SESSION ] INIT array (
  'id' => '',
  'var_session_id' => '',
  'prefix' => 'think',
  'type' => '',
  'auto_start' => true,
)
[ info ] [ VIEW ] /www/wwwroot/kx.lsybk.com/thinkphp/tpl/dispatch_jump.tpl [ array (
  0 => 'mName',
  1 => 'cName',
  2 => 'aName',
  3 => 'menu',
  4 => 'kx',
  5 => 'code',
  6 => 'msg',
  7 => 'data',
  8 => 'url',
  9 => 'wait',
) ]
[ info ] [ LOG ] INIT File
---------------------------------------------------------------
[ 2017-12-29T06:50:57+08:00 ] 172.17.75.57 120.132.3.65 GET /404/search_children.js
[ info ] www.qq.com/404/search_children.js [运行时间：0.011970s][吞吐率：83.54req/s] [内存消耗：1,392.55kb] [文件加载：41]
[ info ] [ LANG ] /www/wwwroot/kx.lsybk.com/thinkphp/lang/zh-cn.php
[ info ] [ ROUTE ] array (
  'type' => 'module',
  'module' => 
  array (
    0 => '404',
    1 => NULL,
    2 => NULL,
  ),
)
[ info ] [ HEADER ] array (
  'user-agent' => 'Mozilla/5.0 (X11; Linux x86_64) AppleWebKit/537.36 (KHTML, like Gecko) Chrome/35.0.1916.114 Safari/537.36',
  'pragma' => 'no-cache',
  'accept' => '*/*',
  'host' => 'www.qq.com',
  'content-type' => '',
  'content-length' => '',
)
[ info ] [ PARAM ] array (
)
[ info ] [ LOG ] INIT File
---------------------------------------------------------------
[ 2017-12-29T08:23:59+08:00 ] 172.17.75.57 116.62.176.205 GET /
[ info ] 39.104.61.64:80/ [运行时间：0.014523s][吞吐率：68.86req/s] [内存消耗：1,690.98kb] [文件加载：50]
[ info ] [ LANG ] /www/wwwroot/kx.lsybk.com/thinkphp/lang/zh-cn.php
[ info ] [ ROUTE ] array (
  'type' => 'module',
  'module' => 
  array (
    0 => '',
    1 => NULL,
    2 => NULL,
  ),
)
[ info ] [ HEADER ] array (
  'accept-encoding' => 'identity',
  'connection' => 'Close',
  'host' => '39.104.61.64:80',
  'content-type' => '',
  'content-length' => '',
)
[ info ] [ PARAM ] array (
)
[ info ] [ SESSION ] INIT array (
  'id' => '',
  'var_session_id' => '',
  'prefix' => 'think',
  'type' => '',
  'auto_start' => true,
)
[ info ] [ VIEW ] /www/wwwroot/kx.lsybk.com/thinkphp/tpl/dispatch_jump.tpl [ array (
  0 => 'mName',
  1 => 'cName',
  2 => 'aName',
  3 => 'menu',
  4 => 'kx',
  5 => 'code',
  6 => 'msg',
  7 => 'data',
  8 => 'url',
  9 => 'wait',
) ]
[ info ] [ LOG ] INIT File
---------------------------------------------------------------
[ 2017-12-29T08:50:46+08:00 ] 172.17.75.57 106.11.227.84 GET /
[ info ] zz.lsybk.com/ [运行时间：0.014480s][吞吐率：69.06req/s] [内存消耗：1,692.48kb] [文件加载：50]
[ info ] [ LANG ] /www/wwwroot/kx.lsybk.com/thinkphp/lang/zh-cn.php
[ info ] [ ROUTE ] array (
  'type' => 'module',
  'module' => 
  array (
    0 => '',
    1 => NULL,
    2 => NULL,
  ),
)
[ info ] [ HEADER ] array (
  'connection' => 'keep-alive',
  'accept' => 'text/html, image/gif, image/jpeg, *; q=.2, */*; q=.2',
  'host' => 'zz.lsybk.com',
  'pragma' => 'no-cache',
  'cache-control' => 'no-cache',
  'user-agent' => 'Mozilla/5.0 (iPad; CPU OS 9_1 like Mac OS X) AppleWebKit/601.1.46 (KHTML, like Gecko) Version/9.0 Mobile/13B143 Safari/601.1',
  'accept-encoding' => 'gzip',
  'content-type' => '',
  'content-length' => '',
)
[ info ] [ PARAM ] array (
)
[ info ] [ SESSION ] INIT array (
  'id' => '',
  'var_session_id' => '',
  'prefix' => 'think',
  'type' => '',
  'auto_start' => true,
)
[ info ] [ VIEW ] /www/wwwroot/kx.lsybk.com/thinkphp/tpl/dispatch_jump.tpl [ array (
  0 => 'mName',
  1 => 'cName',
  2 => 'aName',
  3 => 'menu',
  4 => 'kx',
  5 => 'code',
  6 => 'msg',
  7 => 'data',
  8 => 'url',
  9 => 'wait',
) ]
[ info ] [ LOG ] INIT File
---------------------------------------------------------------
[ 2017-12-29T14:22:25+08:00 ] 172.17.75.57 172.82.166.210 GET /cache/global/img/gs.gif
[ info ] www.baidu.com/cache/global/img/gs.gif [运行时间：0.012110s][吞吐率：82.58req/s] [内存消耗：1,392.19kb] [文件加载：41]
[ info ] [ LANG ] /www/wwwroot/kx.lsybk.com/thinkphp/lang/zh-cn.php
[ info ] [ ROUTE ] array (
  'type' => 'module',
  'module' => 
  array (
    0 => '404',
    1 => NULL,
    2 => NULL,
  ),
)
[ info ] [ HEADER ] array (
  'if-modified-since' => 'Thu, 19 Apr 2012 09:51:20 GMT',
  'user-agent' => 'Mozilla',
  'host' => 'www.baidu.com',
  'content-type' => '',
  'content-length' => '',
)
[ info ] [ PARAM ] array (
)
[ info ] [ LOG ] INIT File
---------------------------------------------------------------
[ 2017-12-29T16:08:16+08:00 ] 172.17.75.57 106.11.227.97 GET /
[ info ] kx.lsybk.com/ [运行时间：0.014072s][吞吐率：71.06req/s] [内存消耗：1,692.48kb] [文件加载：50]
[ info ] [ LANG ] /www/wwwroot/kx.lsybk.com/thinkphp/lang/zh-cn.php
[ info ] [ ROUTE ] array (
  'type' => 'module',
  'module' => 
  array (
    0 => '',
    1 => NULL,
    2 => NULL,
  ),
)
[ info ] [ HEADER ] array (
  'connection' => 'keep-alive',
  'accept' => 'text/html, image/gif, image/jpeg, *; q=.2, */*; q=.2',
  'host' => 'kx.lsybk.com',
  'pragma' => 'no-cache',
  'cache-control' => 'no-cache',
  'user-agent' => 'Mozilla/5.0 (iPad; CPU OS 9_1 like Mac OS X) AppleWebKit/601.1.46 (KHTML, like Gecko) Version/9.0 Mobile/13B143 Safari/601.1',
  'accept-encoding' => 'gzip',
  'content-type' => '',
  'content-length' => '',
)
[ info ] [ PARAM ] array (
)
[ info ] [ SESSION ] INIT array (
  'id' => '',
  'var_session_id' => '',
  'prefix' => 'think',
  'type' => '',
  'auto_start' => true,
)
[ info ] [ VIEW ] /www/wwwroot/kx.lsybk.com/thinkphp/tpl/dispatch_jump.tpl [ array (
  0 => 'mName',
  1 => 'cName',
  2 => 'aName',
  3 => 'menu',
  4 => 'kx',
  5 => 'code',
  6 => 'msg',
  7 => 'data',
  8 => 'url',
  9 => 'wait',
) ]
[ info ] [ LOG ] INIT File
---------------------------------------------------------------
[ 2017-12-29T16:23:45+08:00 ] 172.17.75.57 59.110.6.177 GET /
[ info ] 39.104.9.148:80/ [运行时间：0.014034s][吞吐率：71.26req/s] [内存消耗：1,690.98kb] [文件加载：50]
[ info ] [ LANG ] /www/wwwroot/kx.lsybk.com/thinkphp/lang/zh-cn.php
[ info ] [ ROUTE ] array (
  'type' => 'module',
  'module' => 
  array (
    0 => '',
    1 => NULL,
    2 => NULL,
  ),
)
[ info ] [ HEADER ] array (
  'accept-encoding' => 'identity',
  'connection' => 'Close',
  'host' => '39.104.9.148:80',
  'content-type' => '',
  'content-length' => '',
)
[ info ] [ PARAM ] array (
)
[ info ] [ SESSION ] INIT array (
  'id' => '',
  'var_session_id' => '',
  'prefix' => 'think',
  'type' => '',
  'auto_start' => true,
)
[ info ] [ VIEW ] /www/wwwroot/kx.lsybk.com/thinkphp/tpl/dispatch_jump.tpl [ array (
  0 => 'mName',
  1 => 'cName',
  2 => 'aName',
  3 => 'menu',
  4 => 'kx',
  5 => 'code',
  6 => 'msg',
  7 => 'data',
  8 => 'url',
  9 => 'wait',
) ]
[ info ] [ LOG ] INIT File
---------------------------------------------------------------
[ 2017-12-29T17:15:48+08:00 ] 172.17.75.57 139.162.88.63 GET /echo.php?info=1234567890
[ info ] clientapi.ipip.net/echo.php?info=1234567890 [运行时间：0.011626s][吞吐率：86.01req/s] [内存消耗：1,392.20kb] [文件加载：41]
[ info ] [ LANG ] /www/wwwroot/kx.lsybk.com/thinkphp/lang/zh-cn.php
[ info ] [ ROUTE ] array (
  'type' => 'module',
  'module' => 
  array (
    0 => '404',
    1 => NULL,
    2 => NULL,
  ),
)
[ info ] [ HEADER ] array (
  'connection' => 'close',
  'user-agent' => 'Go-http-client/1.1',
  'host' => 'clientapi.ipip.net',
  'content-type' => '',
  'content-length' => '',
)
[ info ] [ PARAM ] array (
)
[ info ] [ LOG ] INIT File
---------------------------------------------------------------
[ 2017-12-29T20:42:58+08:00 ] 172.17.75.57 94.102.49.174 GET /cache/global/img/gs.gif
[ info ] www.baidu.com/cache/global/img/gs.gif [运行时间：0.012395s][吞吐率：80.68req/s] [内存消耗：1,392.19kb] [文件加载：41]
[ info ] [ LANG ] /www/wwwroot/kx.lsybk.com/thinkphp/lang/zh-cn.php
[ info ] [ ROUTE ] array (
  'type' => 'module',
  'module' => 
  array (
    0 => '404',
    1 => NULL,
    2 => NULL,
  ),
)
[ info ] [ HEADER ] array (
  'if-modified-since' => 'Thu, 19 Apr 2012 09:51:20 GMT',
  'user-agent' => 'Mozilla',
  'host' => 'www.baidu.com',
  'content-type' => '',
  'content-length' => '',
)
[ info ] [ PARAM ] array (
)
[ info ] [ LOG ] INIT File
