---------------------------------------------------------------
[ 2017-12-30T00:19:56+08:00 ] 172.17.75.57 59.110.6.177 GET /
[ info ] 39.104.30.52:80/ [运行时间：0.013949s][吞吐率：71.69req/s] [内存消耗：1,690.97kb] [文件加载：50]
[ info ] [ LANG ] /www/wwwroot/kx.lsybk.com/thinkphp/lang/zh-cn.php
[ info ] [ ROUTE ] array (
  'type' => 'module',
  'module' => 
  array (
    0 => '',
    1 => NULL,
    2 => NULL,
  ),
)
[ info ] [ HEADER ] array (
  'accept-encoding' => 'identity',
  'connection' => 'Close',
  'host' => '39.104.30.52:80',
  'content-type' => '',
  'content-length' => '',
)
[ info ] [ PARAM ] array (
)
[ info ] [ SESSION ] INIT array (
  'id' => '',
  'var_session_id' => '',
  'prefix' => 'think',
  'type' => '',
  'auto_start' => true,
)
[ info ] [ VIEW ] /www/wwwroot/kx.lsybk.com/thinkphp/tpl/dispatch_jump.tpl [ array (
  0 => 'mName',
  1 => 'cName',
  2 => 'aName',
  3 => 'menu',
  4 => 'kx',
  5 => 'code',
  6 => 'msg',
  7 => 'data',
  8 => 'url',
  9 => 'wait',
) ]
[ info ] [ LOG ] INIT File
---------------------------------------------------------------
[ 2017-12-30T02:32:51+08:00 ] 172.17.75.57 80.82.78.50 GET /cache/global/img/gs.gif
[ info ] www.baidu.com/cache/global/img/gs.gif [运行时间：0.011858s][吞吐率：84.33req/s] [内存消耗：1,392.19kb] [文件加载：41]
[ info ] [ LANG ] /www/wwwroot/kx.lsybk.com/thinkphp/lang/zh-cn.php
[ info ] [ ROUTE ] array (
  'type' => 'module',
  'module' => 
  array (
    0 => '404',
    1 => NULL,
    2 => NULL,
  ),
)
[ info ] [ HEADER ] array (
  'if-modified-since' => 'Thu, 19 Apr 2012 09:51:20 GMT',
  'user-agent' => 'Mozilla',
  'host' => 'www.baidu.com',
  'content-type' => '',
  'content-length' => '',
)
[ info ] [ PARAM ] array (
)
[ info ] [ LOG ] INIT File
---------------------------------------------------------------
[ 2017-12-30T08:29:50+08:00 ] 172.17.75.57 114.215.45.79 GET /
[ info ] 39.104.9.135:80/ [运行时间：0.014904s][吞吐率：67.10req/s] [内存消耗：1,690.98kb] [文件加载：50]
[ info ] [ LANG ] /www/wwwroot/kx.lsybk.com/thinkphp/lang/zh-cn.php
[ info ] [ ROUTE ] array (
  'type' => 'module',
  'module' => 
  array (
    0 => '',
    1 => NULL,
    2 => NULL,
  ),
)
[ info ] [ HEADER ] array (
  'accept-encoding' => 'identity',
  'connection' => 'Close',
  'host' => '39.104.9.135:80',
  'content-type' => '',
  'content-length' => '',
)
[ info ] [ PARAM ] array (
)
[ info ] [ SESSION ] INIT array (
  'id' => '',
  'var_session_id' => '',
  'prefix' => 'think',
  'type' => '',
  'auto_start' => true,
)
[ info ] [ VIEW ] /www/wwwroot/kx.lsybk.com/thinkphp/tpl/dispatch_jump.tpl [ array (
  0 => 'mName',
  1 => 'cName',
  2 => 'aName',
  3 => 'menu',
  4 => 'kx',
  5 => 'code',
  6 => 'msg',
  7 => 'data',
  8 => 'url',
  9 => 'wait',
) ]
[ info ] [ LOG ] INIT File
---------------------------------------------------------------
[ 2017-12-30T08:57:39+08:00 ] 172.17.75.57 106.11.225.246 GET /
[ info ] zz.lsybk.com/ [运行时间：0.014024s][吞吐率：71.31req/s] [内存消耗：1,692.48kb] [文件加载：50]
[ info ] [ LANG ] /www/wwwroot/kx.lsybk.com/thinkphp/lang/zh-cn.php
[ info ] [ ROUTE ] array (
  'type' => 'module',
  'module' => 
  array (
    0 => '',
    1 => NULL,
    2 => NULL,
  ),
)
[ info ] [ HEADER ] array (
  'connection' => 'keep-alive',
  'accept' => 'text/html, image/gif, image/jpeg, *; q=.2, */*; q=.2',
  'host' => 'zz.lsybk.com',
  'pragma' => 'no-cache',
  'cache-control' => 'no-cache',
  'user-agent' => 'Mozilla/5.0 (iPad; CPU OS 9_1 like Mac OS X) AppleWebKit/601.1.46 (KHTML, like Gecko) Version/9.0 Mobile/13B143 Safari/601.1',
  'accept-encoding' => 'gzip',
  'content-type' => '',
  'content-length' => '',
)
[ info ] [ PARAM ] array (
)
[ info ] [ SESSION ] INIT array (
  'id' => '',
  'var_session_id' => '',
  'prefix' => 'think',
  'type' => '',
  'auto_start' => true,
)
[ info ] [ VIEW ] /www/wwwroot/kx.lsybk.com/thinkphp/tpl/dispatch_jump.tpl [ array (
  0 => 'mName',
  1 => 'cName',
  2 => 'aName',
  3 => 'menu',
  4 => 'kx',
  5 => 'code',
  6 => 'msg',
  7 => 'data',
  8 => 'url',
  9 => 'wait',
) ]
[ info ] [ LOG ] INIT File
---------------------------------------------------------------
[ 2017-12-30T16:33:15+08:00 ] 172.17.75.57 106.11.225.101 GET /
[ info ] kx.lsybk.com/ [运行时间：0.014637s][吞吐率：68.32req/s] [内存消耗：1,692.48kb] [文件加载：50]
[ info ] [ LANG ] /www/wwwroot/kx.lsybk.com/thinkphp/lang/zh-cn.php
[ info ] [ ROUTE ] array (
  'type' => 'module',
  'module' => 
  array (
    0 => '',
    1 => NULL,
    2 => NULL,
  ),
)
[ info ] [ HEADER ] array (
  'connection' => 'keep-alive',
  'accept' => 'text/html, image/gif, image/jpeg, *; q=.2, */*; q=.2',
  'host' => 'kx.lsybk.com',
  'pragma' => 'no-cache',
  'cache-control' => 'no-cache',
  'user-agent' => 'Mozilla/5.0 (iPad; CPU OS 9_1 like Mac OS X) AppleWebKit/601.1.46 (KHTML, like Gecko) Version/9.0 Mobile/13B143 Safari/601.1',
  'accept-encoding' => 'gzip',
  'content-type' => '',
  'content-length' => '',
)
[ info ] [ PARAM ] array (
)
[ info ] [ SESSION ] INIT array (
  'id' => '',
  'var_session_id' => '',
  'prefix' => 'think',
  'type' => '',
  'auto_start' => true,
)
[ info ] [ VIEW ] /www/wwwroot/kx.lsybk.com/thinkphp/tpl/dispatch_jump.tpl [ array (
  0 => 'mName',
  1 => 'cName',
  2 => 'aName',
  3 => 'menu',
  4 => 'kx',
  5 => 'code',
  6 => 'msg',
  7 => 'data',
  8 => 'url',
  9 => 'wait',
) ]
[ info ] [ LOG ] INIT File
---------------------------------------------------------------
[ 2017-12-30T17:06:40+08:00 ] 172.17.75.57 114.215.45.79 GET /
[ info ] 39.104.30.192:80/ [运行时间：0.014522s][吞吐率：68.86req/s] [内存消耗：1,690.98kb] [文件加载：50]
[ info ] [ LANG ] /www/wwwroot/kx.lsybk.com/thinkphp/lang/zh-cn.php
[ info ] [ ROUTE ] array (
  'type' => 'module',
  'module' => 
  array (
    0 => '',
    1 => NULL,
    2 => NULL,
  ),
)
[ info ] [ HEADER ] array (
  'accept-encoding' => 'identity',
  'connection' => 'Close',
  'host' => '39.104.30.192:80',
  'content-type' => '',
  'content-length' => '',
)
[ info ] [ PARAM ] array (
)
[ info ] [ SESSION ] INIT array (
  'id' => '',
  'var_session_id' => '',
  'prefix' => 'think',
  'type' => '',
  'auto_start' => true,
)
[ info ] [ VIEW ] /www/wwwroot/kx.lsybk.com/thinkphp/tpl/dispatch_jump.tpl [ array (
  0 => 'mName',
  1 => 'cName',
  2 => 'aName',
  3 => 'menu',
  4 => 'kx',
  5 => 'code',
  6 => 'msg',
  7 => 'data',
  8 => 'url',
  9 => 'wait',
) ]
[ info ] [ LOG ] INIT File
---------------------------------------------------------------
[ 2017-12-30T17:40:01+08:00 ] 172.17.75.57 94.102.49.174 GET /cache/global/img/gs.gif
[ info ] www.baidu.com/cache/global/img/gs.gif [运行时间：0.012285s][吞吐率：81.40req/s] [内存消耗：1,392.19kb] [文件加载：41]
[ info ] [ LANG ] /www/wwwroot/kx.lsybk.com/thinkphp/lang/zh-cn.php
[ info ] [ ROUTE ] array (
  'type' => 'module',
  'module' => 
  array (
    0 => '404',
    1 => NULL,
    2 => NULL,
  ),
)
[ info ] [ HEADER ] array (
  'if-modified-since' => 'Thu, 19 Apr 2012 09:51:20 GMT',
  'user-agent' => 'Mozilla',
  'host' => 'www.baidu.com',
  'content-type' => '',
  'content-length' => '',
)
[ info ] [ PARAM ] array (
)
[ info ] [ LOG ] INIT File
