---------------------------------------------------------------
[ 2018-06-08T17:17:21+08:00 ] 127.0.0.1 GET /admin
[ info ] drj.bjzhishanzhimei.com/admin [运行时间：0.526030s][吞吐率：1.90req/s] [内存消耗：2,673.05kb] [文件加载：88]
[ info ] [ LANG ] D:\phpStudy\WWW\drhome\thinkphp\lang\zh-cn.php
[ info ] [ ROUTE ] array (
  'type' => 'module',
  'module' => 
  array (
    0 => 'admin',
    1 => NULL,
    2 => NULL,
  ),
)
[ info ] [ HEADER ] array (
  'upgrade-insecure-requests' => '1',
  'connection' => 'close',
  'cookie' => 'Hm_lvt_9d483e9e48ba1faa0dfceaf6333de846=1527058214,1527155550,1527757599,1528273410',
  'accept-encoding' => 'gzip, deflate',
  'accept-language' => 'zh-CN,zh;q=0.8,zh-TW;q=0.7,zh-HK;q=0.5,en-US;q=0.3,en;q=0.2',
  'accept' => 'text/html,application/xhtml+xml,application/xml;q=0.9,*/*;q=0.8',
  'user-agent' => 'Mozilla/5.0 (Windows NT 6.1; Win64; x64; rv:60.0) Gecko/20100101 Firefox/60.0',
  'host' => 'drj.bjzhishanzhimei.com',
)
[ info ] [ PARAM ] array (
  '/admin' => '',
)
[ info ] [ SESSION ] INIT array (
  'prefix' => 'module',
  'auto_start' => true,
  'host' => '127.0.0.1',
  'port' => 6379,
  'password' => '',
  'path' => 'D:\\phpStudy\\WWW\\drhome\\runtime\\session',
  'sess_path' => 'D:\\phpStudy\\WWW\\drhome\\runtime\\session',
)
[ info ] [ VIEW ] D:\phpStudy\WWW\drhome\thinkphp\tpl\dispatch_jump.tpl [ array (
  0 => 'code',
  1 => 'msg',
  2 => 'data',
  3 => 'url',
  4 => 'wait',
) ]
[ info ] [ LOG ] INIT File
---------------------------------------------------------------
[ 2018-06-08T17:17:25+08:00 ] 127.0.0.1 GET /admin/login/index.html
[ info ] drj.bjzhishanzhimei.com/admin/login/index.html [运行时间：0.482028s][吞吐率：2.07req/s] [内存消耗：2,681.99kb] [文件加载：87]
[ info ] [ LANG ] D:\phpStudy\WWW\drhome\thinkphp\lang\zh-cn.php
[ info ] [ ROUTE ] array (
  'type' => 'module',
  'module' => 
  array (
    0 => 'admin',
    1 => 'login',
    2 => 'index',
  ),
)
[ info ] [ HEADER ] array (
  'upgrade-insecure-requests' => '1',
  'connection' => 'close',
  'cookie' => 'Hm_lvt_9d483e9e48ba1faa0dfceaf6333de846=1527155550,1527757599,1528273410,1528449442; PHPSESSID=do7ho6pq2v2osijd8n7t1qhc17; Hm_lpvt_9d483e9e48ba1faa0dfceaf6333de846=1528449442',
  'referer' => 'http://drj.bjzhishanzhimei.com/admin',
  'accept-encoding' => 'gzip, deflate',
  'accept-language' => 'zh-CN,zh;q=0.8,zh-TW;q=0.7,zh-HK;q=0.5,en-US;q=0.3,en;q=0.2',
  'accept' => 'text/html,application/xhtml+xml,application/xml;q=0.9,*/*;q=0.8',
  'user-agent' => 'Mozilla/5.0 (Windows NT 6.1; Win64; x64; rv:60.0) Gecko/20100101 Firefox/60.0',
  'host' => 'drj.bjzhishanzhimei.com',
)
[ info ] [ PARAM ] array (
  '/admin/login/index_html' => '',
)
[ info ] [ RUN ] app\admin\controller\Login->index[ D:\phpStudy\WWW\drhome\application\admin\controller\Login.php ]
[ info ] [ VIEW ] D:\phpStudy\WWW\drhome\public/../application/admin\view\login\index.html [ array (
  0 => 'mName',
  1 => 'cName',
  2 => 'aName',
) ]
[ info ] [ LOG ] INIT File
---------------------------------------------------------------
[ 2018-06-08T17:17:25+08:00 ] 127.0.0.1 GET /captcha.html
[ info ] drj.bjzhishanzhimei.com/captcha.html [运行时间：0.520030s][吞吐率：1.92req/s] [内存消耗：2,332.39kb] [文件加载：74]
[ info ] [ LANG ] D:\phpStudy\WWW\drhome\thinkphp\lang\zh-cn.php
[ info ] [ ROUTE ] array (
  'type' => 'method',
  'method' => 
  array (
    0 => '\\think\\captcha\\CaptchaController',
    1 => 'index',
  ),
  'var' => 
  array (
  ),
)
[ info ] [ HEADER ] array (
  'connection' => 'close',
  'cookie' => 'Hm_lvt_9d483e9e48ba1faa0dfceaf6333de846=1527155550,1527757599,1528273410,1528449442; PHPSESSID=do7ho6pq2v2osijd8n7t1qhc17; Hm_lpvt_9d483e9e48ba1faa0dfceaf6333de846=1528449442',
  'referer' => 'http://drj.bjzhishanzhimei.com/admin/login/index.html',
  'accept-encoding' => 'gzip, deflate',
  'accept-language' => 'zh-CN,zh;q=0.8,zh-TW;q=0.7,zh-HK;q=0.5,en-US;q=0.3,en;q=0.2',
  'accept' => '*/*',
  'user-agent' => 'Mozilla/5.0 (Windows NT 6.1; Win64; x64; rv:60.0) Gecko/20100101 Firefox/60.0',
  'host' => 'drj.bjzhishanzhimei.com',
)
[ info ] [ PARAM ] array (
  '/captcha_html' => '',
  'id' => NULL,
)
[ info ] [ RUN ] think\captcha\CaptchaController->index[ D:\phpStudy\WWW\drhome\vendor\topthink\think-captcha\src\CaptchaController.php ]
[ info ] [ SESSION ] INIT array (
  'prefix' => 'module',
  'auto_start' => true,
  'host' => '127.0.0.1',
  'port' => 6379,
  'password' => '',
  'path' => 'D:\\phpStudy\\WWW\\drhome\\runtime\\session',
  'sess_path' => 'D:\\phpStudy\\WWW\\drhome\\runtime\\session',
)
[ info ] [ LOG ] INIT File
---------------------------------------------------------------
[ 2018-06-08T17:17:31+08:00 ] 127.0.0.1 POST /admin/login/login.html
[ info ] drj.bjzhishanzhimei.com/admin/login/login.html [运行时间：0.467026s][吞吐率：2.14req/s] [内存消耗：2,680.54kb] [文件加载：87]
[ info ] [ LANG ] D:\phpStudy\WWW\drhome\thinkphp\lang\zh-cn.php
[ info ] [ ROUTE ] array (
  'type' => 'module',
  'module' => 
  array (
    0 => 'admin',
    1 => 'login',
    2 => 'login',
  ),
)
[ info ] [ HEADER ] array (
  'connection' => 'close',
  'cookie' => 'Hm_lvt_9d483e9e48ba1faa0dfceaf6333de846=1527155550,1527757599,1528273410,1528449442; PHPSESSID=do7ho6pq2v2osijd8n7t1qhc17; Hm_lpvt_9d483e9e48ba1faa0dfceaf6333de846=1528449445',
  'content-length' => '45',
  'x-requested-with' => 'XMLHttpRequest',
  'content-type' => 'application/x-www-form-urlencoded; charset=UTF-8',
  'referer' => 'http://drj.bjzhishanzhimei.com/admin/login/index.html',
  'accept-encoding' => 'gzip, deflate',
  'accept-language' => 'zh-CN,zh;q=0.8,zh-TW;q=0.7,zh-HK;q=0.5,en-US;q=0.3,en;q=0.2',
  'accept' => 'application/json, text/javascript, */*; q=0.01',
  'user-agent' => 'Mozilla/5.0 (Windows NT 6.1; Win64; x64; rv:60.0) Gecko/20100101 Firefox/60.0',
  'host' => 'drj.bjzhishanzhimei.com',
)
[ info ] [ PARAM ] array (
  '/admin/login/login_html' => '',
  'phone' => '12345678910',
  'password' => '123456',
  'captcha' => 'BWS',
)
[ info ] [ RUN ] app\admin\controller\Login->login[ D:\phpStudy\WWW\drhome\application\admin\controller\Login.php ]
[ info ] [ SESSION ] INIT array (
  'prefix' => 'module',
  'auto_start' => true,
  'host' => '127.0.0.1',
  'port' => 6379,
  'password' => '',
  'path' => 'D:\\phpStudy\\WWW\\drhome\\runtime\\session',
  'sess_path' => 'D:\\phpStudy\\WWW\\drhome\\runtime\\session',
)
[ info ] [ LOG ] INIT File
---------------------------------------------------------------
[ 2018-06-08T17:17:32+08:00 ] 127.0.0.1 GET /captcha.html?0.7319739593107416
[ info ] drj.bjzhishanzhimei.com/captcha.html?0.7319739593107416 [运行时间：0.406023s][吞吐率：2.46req/s] [内存消耗：2,332.60kb] [文件加载：74]
[ info ] [ LANG ] D:\phpStudy\WWW\drhome\thinkphp\lang\zh-cn.php
[ info ] [ ROUTE ] array (
  'type' => 'method',
  'method' => 
  array (
    0 => '\\think\\captcha\\CaptchaController',
    1 => 'index',
  ),
  'var' => 
  array (
  ),
)
[ info ] [ HEADER ] array (
  'connection' => 'close',
  'cookie' => 'Hm_lvt_9d483e9e48ba1faa0dfceaf6333de846=1527155550,1527757599,1528273410,1528449442; PHPSESSID=do7ho6pq2v2osijd8n7t1qhc17; Hm_lpvt_9d483e9e48ba1faa0dfceaf6333de846=1528449445',
  'referer' => 'http://drj.bjzhishanzhimei.com/admin/login/index.html',
  'accept-encoding' => 'gzip, deflate',
  'accept-language' => 'zh-CN,zh;q=0.8,zh-TW;q=0.7,zh-HK;q=0.5,en-US;q=0.3,en;q=0.2',
  'accept' => '*/*',
  'user-agent' => 'Mozilla/5.0 (Windows NT 6.1; Win64; x64; rv:60.0) Gecko/20100101 Firefox/60.0',
  'host' => 'drj.bjzhishanzhimei.com',
)
[ info ] [ PARAM ] array (
  '/captcha_html' => '',
  '0_7319739593107416' => '',
  'id' => NULL,
)
[ info ] [ RUN ] think\captcha\CaptchaController->index[ D:\phpStudy\WWW\drhome\vendor\topthink\think-captcha\src\CaptchaController.php ]
[ info ] [ SESSION ] INIT array (
  'prefix' => 'module',
  'auto_start' => true,
  'host' => '127.0.0.1',
  'port' => 6379,
  'password' => '',
  'path' => 'D:\\phpStudy\\WWW\\drhome\\runtime\\session',
  'sess_path' => 'D:\\phpStudy\\WWW\\drhome\\runtime\\session',
)
[ info ] [ LOG ] INIT File
---------------------------------------------------------------
[ 2018-06-08T17:17:37+08:00 ] 127.0.0.1 POST /admin/login/login.html
[ info ] drj.bjzhishanzhimei.com/admin/login/login.html [运行时间：1.086062s][吞吐率：0.92req/s] [内存消耗：3,877.26kb] [文件加载：103]
[ info ] [ LANG ] D:\phpStudy\WWW\drhome\thinkphp\lang\zh-cn.php
[ info ] [ ROUTE ] array (
  'type' => 'module',
  'module' => 
  array (
    0 => 'admin',
    1 => 'login',
    2 => 'login',
  ),
)
[ info ] [ HEADER ] array (
  'connection' => 'close',
  'cookie' => 'Hm_lvt_9d483e9e48ba1faa0dfceaf6333de846=1527155550,1527757599,1528273410,1528449442; PHPSESSID=do7ho6pq2v2osijd8n7t1qhc17; Hm_lpvt_9d483e9e48ba1faa0dfceaf6333de846=1528449445',
  'content-length' => '45',
  'x-requested-with' => 'XMLHttpRequest',
  'content-type' => 'application/x-www-form-urlencoded; charset=UTF-8',
  'referer' => 'http://drj.bjzhishanzhimei.com/admin/login/index.html',
  'accept-encoding' => 'gzip, deflate',
  'accept-language' => 'zh-CN,zh;q=0.8,zh-TW;q=0.7,zh-HK;q=0.5,en-US;q=0.3,en;q=0.2',
  'accept' => 'application/json, text/javascript, */*; q=0.01',
  'user-agent' => 'Mozilla/5.0 (Windows NT 6.1; Win64; x64; rv:60.0) Gecko/20100101 Firefox/60.0',
  'host' => 'drj.bjzhishanzhimei.com',
)
[ info ] [ PARAM ] array (
  '/admin/login/login_html' => '',
  'phone' => '12345678910',
  'password' => '123456',
  'captcha' => 'PFH',
)
[ info ] [ RUN ] app\admin\controller\Login->login[ D:\phpStudy\WWW\drhome\application\admin\controller\Login.php ]
[ info ] [ SESSION ] INIT array (
  'prefix' => 'module',
  'auto_start' => true,
  'host' => '127.0.0.1',
  'port' => 6379,
  'password' => '',
  'path' => 'D:\\phpStudy\\WWW\\drhome\\runtime\\session',
  'sess_path' => 'D:\\phpStudy\\WWW\\drhome\\runtime\\session',
)
[ info ] [ DB ] INIT mysql
[ info ] [ CACHE ] INIT File
[ info ] [ LOG ] INIT File
[ sql ] [ DB ] CONNECT:[ UseTime:0.069004s ] mysql:host=47.104.154.142;port=9989;dbname=drj;charset=utf8
[ sql ] [ SQL ] SHOW COLUMNS FROM `member` [ RunTime:0.050003s ]
[ sql ] [ SQL ] SELECT * FROM `member` WHERE  `am_phone` = '12345678910' LIMIT 1 [ RunTime:0.048003s ]
[ sql ] [ SQL ] SHOW COLUMNS FROM `member_log` [ RunTime:0.048003s ]
[ sql ] [ SQL ] INSERT INTO `member_log` (`ml_member_id` , `ml_name` , `ml_url` , `ml_ip` , `create_at`) VALUES (17 , '登录后台' , 'admin/login/login' , '127.0.0.1' , 1528449457) [ RunTime:0.052003s ]
[ sql ] [ SQL ] UPDATE `member`  SET `am_ssid`='do7ho6pq2v2osijd8n7t1qhc17',`am_pre_time`=1528449457,`update_at`=1528449457  WHERE  `am_id` = 17 [ RunTime:0.051003s ]
---------------------------------------------------------------
[ 2018-06-08T17:17:39+08:00 ] 127.0.0.1 GET /admin/index/index.html
[ info ] drj.bjzhishanzhimei.com/admin/index/index.html [运行时间：1.523087s][吞吐率：0.66req/s] [内存消耗：3,811.47kb] [文件加载：97]
[ info ] [ LANG ] D:\phpStudy\WWW\drhome\thinkphp\lang\zh-cn.php
[ info ] [ ROUTE ] array (
  'type' => 'module',
  'module' => 
  array (
    0 => 'admin',
    1 => 'index',
    2 => 'index',
  ),
)
[ info ] [ HEADER ] array (
  'upgrade-insecure-requests' => '1',
  'connection' => 'close',
  'cookie' => 'Hm_lvt_9d483e9e48ba1faa0dfceaf6333de846=1527155550,1527757599,1528273410,1528449442; PHPSESSID=do7ho6pq2v2osijd8n7t1qhc17; Hm_lpvt_9d483e9e48ba1faa0dfceaf6333de846=1528449445',
  'referer' => 'http://drj.bjzhishanzhimei.com/admin/login/index.html',
  'accept-encoding' => 'gzip, deflate',
  'accept-language' => 'zh-CN,zh;q=0.8,zh-TW;q=0.7,zh-HK;q=0.5,en-US;q=0.3,en;q=0.2',
  'accept' => 'text/html,application/xhtml+xml,application/xml;q=0.9,*/*;q=0.8',
  'user-agent' => 'Mozilla/5.0 (Windows NT 6.1; Win64; x64; rv:60.0) Gecko/20100101 Firefox/60.0',
  'host' => 'drj.bjzhishanzhimei.com',
)
[ info ] [ PARAM ] array (
  '/admin/index/index_html' => '',
)
[ info ] [ SESSION ] INIT array (
  'prefix' => 'module',
  'auto_start' => true,
  'host' => '127.0.0.1',
  'port' => 6379,
  'password' => '',
  'path' => 'D:\\phpStudy\\WWW\\drhome\\runtime\\session',
  'sess_path' => 'D:\\phpStudy\\WWW\\drhome\\runtime\\session',
)
[ info ] [ DB ] INIT mysql
[ info ] [ RUN ] app\admin\controller\Index->index[ D:\phpStudy\WWW\drhome\application\admin\controller\Index.php ]
[ info ] [ VIEW ] D:\phpStudy\WWW\drhome\public/../application/admin\view\index\index.html [ array (
  0 => 'menu',
  1 => 'path',
  2 => 'User',
  3 => 'mName',
  4 => 'cName',
  5 => 'aName',
) ]
[ info ] [ LOG ] INIT File
[ sql ] [ DB ] CONNECT:[ UseTime:0.061003s ] mysql:host=47.104.154.142;port=9989;dbname=drj;charset=utf8
[ sql ] [ SQL ] SHOW COLUMNS FROM `action_data` [ RunTime:0.043002s ]
[ sql ] [ SQL ] SELECT * FROM `action_data` WHERE  `ad_pid` = 0 [ RunTime:0.044003s ]
[ sql ] [ SQL ] SELECT * FROM `action_data` WHERE  `ad_pid` = 49 [ RunTime:0.043002s ]
[ sql ] [ SQL ] SELECT * FROM `action_data` WHERE  `ad_pid` = 51 [ RunTime:0.043002s ]
[ sql ] [ SQL ] SELECT * FROM `action_data` WHERE  `ad_pid` = 59 [ RunTime:0.044002s ]
[ sql ] [ SQL ] SELECT * FROM `action_data` WHERE  `ad_pid` = 63 [ RunTime:0.043002s ]
[ sql ] [ SQL ] SELECT * FROM `action_data` WHERE  `ad_pid` = 67 [ RunTime:0.043003s ]
[ sql ] [ SQL ] SELECT * FROM `action_data` WHERE  `ad_pid` = 75 [ RunTime:0.042002s ]
[ sql ] [ SQL ] SELECT * FROM `action_data` WHERE  `ad_pid` = 80 [ RunTime:0.043002s ]
[ sql ] [ SQL ] SELECT * FROM `action_data` WHERE  `ad_pid` = 82 [ RunTime:0.043003s ]
[ sql ] [ SQL ] SELECT * FROM `action_data` WHERE  `ad_pid` = 85 [ RunTime:0.042002s ]
[ sql ] [ SQL ] SELECT * FROM `action_data` WHERE  `ad_pid` = 87 [ RunTime:0.043002s ]
[ sql ] [ SQL ] SELECT * FROM `action_data` WHERE  `ad_pid` = 92 [ RunTime:0.043003s ]
[ sql ] [ SQL ] SELECT * FROM `action_data` WHERE  `ad_pid` = 95 [ RunTime:0.043002s ]
---------------------------------------------------------------
[ 2018-06-08T17:17:40+08:00 ] 127.0.0.1 GET /admin/index/welcome.html
[ info ] drj.bjzhishanzhimei.com/admin/index/welcome.html [运行时间：1.502086s][吞吐率：0.67req/s] [内存消耗：3,752.09kb] [文件加载：97]
[ info ] [ LANG ] D:\phpStudy\WWW\drhome\thinkphp\lang\zh-cn.php
[ info ] [ ROUTE ] array (
  'type' => 'module',
  'module' => 
  array (
    0 => 'admin',
    1 => 'index',
    2 => 'welcome',
  ),
)
[ info ] [ HEADER ] array (
  'upgrade-insecure-requests' => '1',
  'connection' => 'close',
  'cookie' => 'Hm_lvt_9d483e9e48ba1faa0dfceaf6333de846=1527155550,1527757599,1528273410,1528449442; PHPSESSID=do7ho6pq2v2osijd8n7t1qhc17; Hm_lpvt_9d483e9e48ba1faa0dfceaf6333de846=1528449445',
  'referer' => 'http://drj.bjzhishanzhimei.com/admin/index/index.html',
  'accept-encoding' => 'gzip, deflate',
  'accept-language' => 'zh-CN,zh;q=0.8,zh-TW;q=0.7,zh-HK;q=0.5,en-US;q=0.3,en;q=0.2',
  'accept' => 'text/html,application/xhtml+xml,application/xml;q=0.9,*/*;q=0.8',
  'user-agent' => 'Mozilla/5.0 (Windows NT 6.1; Win64; x64; rv:60.0) Gecko/20100101 Firefox/60.0',
  'host' => 'drj.bjzhishanzhimei.com',
)
[ info ] [ PARAM ] array (
  '/admin/index/welcome_html' => '',
)
[ info ] [ SESSION ] INIT array (
  'prefix' => 'module',
  'auto_start' => true,
  'host' => '127.0.0.1',
  'port' => 6379,
  'password' => '',
  'path' => 'D:\\phpStudy\\WWW\\drhome\\runtime\\session',
  'sess_path' => 'D:\\phpStudy\\WWW\\drhome\\runtime\\session',
)
[ info ] [ DB ] INIT mysql
[ info ] [ RUN ] app\admin\controller\Index->welcome[ D:\phpStudy\WWW\drhome\application\admin\controller\Index.php ]
[ info ] [ VIEW ] D:\phpStudy\WWW\drhome\public/../application/admin\view\index\welcome.html [ array (
  0 => 'menu',
  1 => 'path',
  2 => 'User',
  3 => 'mName',
  4 => 'cName',
  5 => 'aName',
  6 => 'service',
) ]
[ info ] [ LOG ] INIT File
[ sql ] [ DB ] CONNECT:[ UseTime:0.071004s ] mysql:host=47.104.154.142;port=9989;dbname=drj;charset=utf8
[ sql ] [ SQL ] SHOW COLUMNS FROM `action_data` [ RunTime:0.049003s ]
[ sql ] [ SQL ] SELECT * FROM `action_data` WHERE  `ad_pid` = 0 [ RunTime:0.049003s ]
[ sql ] [ SQL ] SELECT * FROM `action_data` WHERE  `ad_pid` = 49 [ RunTime:0.049003s ]
[ sql ] [ SQL ] SELECT * FROM `action_data` WHERE  `ad_pid` = 51 [ RunTime:0.050003s ]
[ sql ] [ SQL ] SELECT * FROM `action_data` WHERE  `ad_pid` = 59 [ RunTime:0.048003s ]
[ sql ] [ SQL ] SELECT * FROM `action_data` WHERE  `ad_pid` = 63 [ RunTime:0.049003s ]
[ sql ] [ SQL ] SELECT * FROM `action_data` WHERE  `ad_pid` = 67 [ RunTime:0.049003s ]
[ sql ] [ SQL ] SELECT * FROM `action_data` WHERE  `ad_pid` = 75 [ RunTime:0.048003s ]
[ sql ] [ SQL ] SELECT * FROM `action_data` WHERE  `ad_pid` = 80 [ RunTime:0.050003s ]
[ sql ] [ SQL ] SELECT * FROM `action_data` WHERE  `ad_pid` = 82 [ RunTime:0.049003s ]
[ sql ] [ SQL ] SELECT * FROM `action_data` WHERE  `ad_pid` = 85 [ RunTime:0.049002s ]
[ sql ] [ SQL ] SELECT * FROM `action_data` WHERE  `ad_pid` = 87 [ RunTime:0.049003s ]
[ sql ] [ SQL ] SELECT * FROM `action_data` WHERE  `ad_pid` = 92 [ RunTime:0.049002s ]
[ sql ] [ SQL ] SELECT * FROM `action_data` WHERE  `ad_pid` = 95 [ RunTime:0.049003s ]
[ sql ] [ SQL ] select version() [ RunTime:0.048003s ]
---------------------------------------------------------------
[ 2018-06-08T20:27:06+08:00 ] 127.0.0.1 GET /admin
[ info ] drj.bjzhishanzhimei.com/admin [运行时间：0.520000s][吞吐率：1.92req/s] [内存消耗：2,673.66kb] [文件加载：88]
[ info ] [ LANG ] D:\phpStudy\WWW\drhome\thinkphp\lang\zh-cn.php
[ info ] [ ROUTE ] array (
  'type' => 'module',
  'module' => 
  array (
    0 => 'admin',
    1 => NULL,
    2 => NULL,
  ),
)
[ info ] [ HEADER ] array (
  'upgrade-insecure-requests' => '1',
  'connection' => 'close',
  'cookie' => 'Hm_lvt_9d483e9e48ba1faa0dfceaf6333de846=1527155550,1527757599,1528273410,1528449442',
  'accept-encoding' => 'gzip, deflate',
  'accept-language' => 'zh-CN,zh;q=0.8,zh-TW;q=0.7,zh-HK;q=0.5,en-US;q=0.3,en;q=0.2',
  'accept' => 'text/html,application/xhtml+xml,application/xml;q=0.9,*/*;q=0.8',
  'user-agent' => 'Mozilla/5.0 (Windows NT 6.1; Win64; x64; rv:60.0) Gecko/20100101 Firefox/60.0',
  'host' => 'drj.bjzhishanzhimei.com',
)
[ info ] [ PARAM ] array (
  '/admin' => '',
)
[ info ] [ SESSION ] INIT array (
  'prefix' => 'module',
  'auto_start' => true,
  'host' => '127.0.0.1',
  'port' => 6379,
  'password' => '',
  'path' => 'D:\\phpStudy\\WWW\\drhome\\runtime\\session',
  'sess_path' => 'D:\\phpStudy\\WWW\\drhome\\runtime\\session',
)
[ info ] [ VIEW ] D:\phpStudy\WWW\drhome\thinkphp\tpl\dispatch_jump.tpl [ array (
  0 => 'code',
  1 => 'msg',
  2 => 'data',
  3 => 'url',
  4 => 'wait',
) ]
[ info ] [ LOG ] INIT File
---------------------------------------------------------------
[ 2018-06-08T20:27:09+08:00 ] 127.0.0.1 GET /admin/login/index.html
[ info ] drj.bjzhishanzhimei.com/admin/login/index.html [运行时间：0.520000s][吞吐率：1.92req/s] [内存消耗：2,682.59kb] [文件加载：87]
[ info ] [ LANG ] D:\phpStudy\WWW\drhome\thinkphp\lang\zh-cn.php
[ info ] [ ROUTE ] array (
  'type' => 'module',
  'module' => 
  array (
    0 => 'admin',
    1 => 'login',
    2 => 'index',
  ),
)
[ info ] [ HEADER ] array (
  'upgrade-insecure-requests' => '1',
  'connection' => 'close',
  'cookie' => 'Hm_lvt_9d483e9e48ba1faa0dfceaf6333de846=1527757599,1528273410,1528449442,1528460826; PHPSESSID=c86edeek55odrg70l8k4qcum12; Hm_lpvt_9d483e9e48ba1faa0dfceaf6333de846=1528460826',
  'referer' => 'http://drj.bjzhishanzhimei.com/admin',
  'accept-encoding' => 'gzip, deflate',
  'accept-language' => 'zh-CN,zh;q=0.8,zh-TW;q=0.7,zh-HK;q=0.5,en-US;q=0.3,en;q=0.2',
  'accept' => 'text/html,application/xhtml+xml,application/xml;q=0.9,*/*;q=0.8',
  'user-agent' => 'Mozilla/5.0 (Windows NT 6.1; Win64; x64; rv:60.0) Gecko/20100101 Firefox/60.0',
  'host' => 'drj.bjzhishanzhimei.com',
)
[ info ] [ PARAM ] array (
  '/admin/login/index_html' => '',
)
[ info ] [ RUN ] app\admin\controller\Login->index[ D:\phpStudy\WWW\drhome\application\admin\controller\Login.php ]
[ info ] [ VIEW ] D:\phpStudy\WWW\drhome\public/../application/admin\view\login\index.html [ array (
  0 => 'mName',
  1 => 'cName',
  2 => 'aName',
) ]
[ info ] [ LOG ] INIT File
---------------------------------------------------------------
[ 2018-06-08T20:27:10+08:00 ] 127.0.0.1 GET /captcha.html
[ info ] drj.bjzhishanzhimei.com/captcha.html [运行时间：0.530001s][吞吐率：1.89req/s] [内存消耗：2,332.39kb] [文件加载：74]
[ info ] [ LANG ] D:\phpStudy\WWW\drhome\thinkphp\lang\zh-cn.php
[ info ] [ ROUTE ] array (
  'type' => 'method',
  'method' => 
  array (
    0 => '\\think\\captcha\\CaptchaController',
    1 => 'index',
  ),
  'var' => 
  array (
  ),
)
[ info ] [ HEADER ] array (
  'connection' => 'close',
  'cookie' => 'Hm_lvt_9d483e9e48ba1faa0dfceaf6333de846=1527757599,1528273410,1528449442,1528460826; PHPSESSID=c86edeek55odrg70l8k4qcum12; Hm_lpvt_9d483e9e48ba1faa0dfceaf6333de846=1528460826',
  'referer' => 'http://drj.bjzhishanzhimei.com/admin/login/index.html',
  'accept-encoding' => 'gzip, deflate',
  'accept-language' => 'zh-CN,zh;q=0.8,zh-TW;q=0.7,zh-HK;q=0.5,en-US;q=0.3,en;q=0.2',
  'accept' => '*/*',
  'user-agent' => 'Mozilla/5.0 (Windows NT 6.1; Win64; x64; rv:60.0) Gecko/20100101 Firefox/60.0',
  'host' => 'drj.bjzhishanzhimei.com',
)
[ info ] [ PARAM ] array (
  '/captcha_html' => '',
  'id' => NULL,
)
[ info ] [ RUN ] think\captcha\CaptchaController->index[ D:\phpStudy\WWW\drhome\vendor\topthink\think-captcha\src\CaptchaController.php ]
[ info ] [ SESSION ] INIT array (
  'prefix' => 'module',
  'auto_start' => true,
  'host' => '127.0.0.1',
  'port' => 6379,
  'password' => '',
  'path' => 'D:\\phpStudy\\WWW\\drhome\\runtime\\session',
  'sess_path' => 'D:\\phpStudy\\WWW\\drhome\\runtime\\session',
)
[ info ] [ LOG ] INIT File
---------------------------------------------------------------
[ 2018-06-08T20:27:24+08:00 ] 127.0.0.1 POST /admin/login/login.html
[ info ] drj.bjzhishanzhimei.com/admin/login/login.html [运行时间：0.460000s][吞吐率：2.17req/s] [内存消耗：2,681.13kb] [文件加载：87]
[ info ] [ LANG ] D:\phpStudy\WWW\drhome\thinkphp\lang\zh-cn.php
[ info ] [ ROUTE ] array (
  'type' => 'module',
  'module' => 
  array (
    0 => 'admin',
    1 => 'login',
    2 => 'login',
  ),
)
[ info ] [ HEADER ] array (
  'connection' => 'close',
  'cookie' => 'Hm_lvt_9d483e9e48ba1faa0dfceaf6333de846=1527757599,1528273410,1528449442,1528460826; PHPSESSID=c86edeek55odrg70l8k4qcum12; Hm_lpvt_9d483e9e48ba1faa0dfceaf6333de846=1528460830',
  'content-length' => '45',
  'x-requested-with' => 'XMLHttpRequest',
  'content-type' => 'application/x-www-form-urlencoded; charset=UTF-8',
  'referer' => 'http://drj.bjzhishanzhimei.com/admin/login/index.html',
  'accept-encoding' => 'gzip, deflate',
  'accept-language' => 'zh-CN,zh;q=0.8,zh-TW;q=0.7,zh-HK;q=0.5,en-US;q=0.3,en;q=0.2',
  'accept' => 'application/json, text/javascript, */*; q=0.01',
  'user-agent' => 'Mozilla/5.0 (Windows NT 6.1; Win64; x64; rv:60.0) Gecko/20100101 Firefox/60.0',
  'host' => 'drj.bjzhishanzhimei.com',
)
[ info ] [ PARAM ] array (
  '/admin/login/login_html' => '',
  'phone' => '12345678910',
  'password' => '123456',
  'captcha' => 'XBV',
)
[ info ] [ RUN ] app\admin\controller\Login->login[ D:\phpStudy\WWW\drhome\application\admin\controller\Login.php ]
[ info ] [ SESSION ] INIT array (
  'prefix' => 'module',
  'auto_start' => true,
  'host' => '127.0.0.1',
  'port' => 6379,
  'password' => '',
  'path' => 'D:\\phpStudy\\WWW\\drhome\\runtime\\session',
  'sess_path' => 'D:\\phpStudy\\WWW\\drhome\\runtime\\session',
)
[ info ] [ LOG ] INIT File
---------------------------------------------------------------
[ 2018-06-08T20:27:24+08:00 ] 127.0.0.1 GET /captcha.html?0.6488667556384425
[ info ] drj.bjzhishanzhimei.com/captcha.html?0.6488667556384425 [运行时间：0.401001s][吞吐率：2.49req/s] [内存消耗：2,332.60kb] [文件加载：74]
[ info ] [ LANG ] D:\phpStudy\WWW\drhome\thinkphp\lang\zh-cn.php
[ info ] [ ROUTE ] array (
  'type' => 'method',
  'method' => 
  array (
    0 => '\\think\\captcha\\CaptchaController',
    1 => 'index',
  ),
  'var' => 
  array (
  ),
)
[ info ] [ HEADER ] array (
  'connection' => 'close',
  'cookie' => 'Hm_lvt_9d483e9e48ba1faa0dfceaf6333de846=1527757599,1528273410,1528449442,1528460826; PHPSESSID=c86edeek55odrg70l8k4qcum12; Hm_lpvt_9d483e9e48ba1faa0dfceaf6333de846=1528460830',
  'referer' => 'http://drj.bjzhishanzhimei.com/admin/login/index.html',
  'accept-encoding' => 'gzip, deflate',
  'accept-language' => 'zh-CN,zh;q=0.8,zh-TW;q=0.7,zh-HK;q=0.5,en-US;q=0.3,en;q=0.2',
  'accept' => '*/*',
  'user-agent' => 'Mozilla/5.0 (Windows NT 6.1; Win64; x64; rv:60.0) Gecko/20100101 Firefox/60.0',
  'host' => 'drj.bjzhishanzhimei.com',
)
[ info ] [ PARAM ] array (
  '/captcha_html' => '',
  '0_6488667556384425' => '',
  'id' => NULL,
)
[ info ] [ RUN ] think\captcha\CaptchaController->index[ D:\phpStudy\WWW\drhome\vendor\topthink\think-captcha\src\CaptchaController.php ]
[ info ] [ SESSION ] INIT array (
  'prefix' => 'module',
  'auto_start' => true,
  'host' => '127.0.0.1',
  'port' => 6379,
  'password' => '',
  'path' => 'D:\\phpStudy\\WWW\\drhome\\runtime\\session',
  'sess_path' => 'D:\\phpStudy\\WWW\\drhome\\runtime\\session',
)
[ info ] [ LOG ] INIT File
---------------------------------------------------------------
[ 2018-06-08T20:27:30+08:00 ] 127.0.0.1 POST /admin/login/login.html
[ info ] drj.bjzhishanzhimei.com/admin/login/login.html [运行时间：1.070002s][吞吐率：0.93req/s] [内存消耗：3,877.85kb] [文件加载：103]
[ info ] [ LANG ] D:\phpStudy\WWW\drhome\thinkphp\lang\zh-cn.php
[ info ] [ ROUTE ] array (
  'type' => 'module',
  'module' => 
  array (
    0 => 'admin',
    1 => 'login',
    2 => 'login',
  ),
)
[ info ] [ HEADER ] array (
  'connection' => 'close',
  'cookie' => 'Hm_lvt_9d483e9e48ba1faa0dfceaf6333de846=1527757599,1528273410,1528449442,1528460826; PHPSESSID=c86edeek55odrg70l8k4qcum12; Hm_lpvt_9d483e9e48ba1faa0dfceaf6333de846=1528460830',
  'content-length' => '45',
  'x-requested-with' => 'XMLHttpRequest',
  'content-type' => 'application/x-www-form-urlencoded; charset=UTF-8',
  'referer' => 'http://drj.bjzhishanzhimei.com/admin/login/index.html',
  'accept-encoding' => 'gzip, deflate',
  'accept-language' => 'zh-CN,zh;q=0.8,zh-TW;q=0.7,zh-HK;q=0.5,en-US;q=0.3,en;q=0.2',
  'accept' => 'application/json, text/javascript, */*; q=0.01',
  'user-agent' => 'Mozilla/5.0 (Windows NT 6.1; Win64; x64; rv:60.0) Gecko/20100101 Firefox/60.0',
  'host' => 'drj.bjzhishanzhimei.com',
)
[ info ] [ PARAM ] array (
  '/admin/login/login_html' => '',
  'phone' => '12345678910',
  'password' => '123456',
  'captcha' => 'PQ2',
)
[ info ] [ RUN ] app\admin\controller\Login->login[ D:\phpStudy\WWW\drhome\application\admin\controller\Login.php ]
[ info ] [ SESSION ] INIT array (
  'prefix' => 'module',
  'auto_start' => true,
  'host' => '127.0.0.1',
  'port' => 6379,
  'password' => '',
  'path' => 'D:\\phpStudy\\WWW\\drhome\\runtime\\session',
  'sess_path' => 'D:\\phpStudy\\WWW\\drhome\\runtime\\session',
)
[ info ] [ DB ] INIT mysql
[ info ] [ CACHE ] INIT File
[ info ] [ LOG ] INIT File
[ sql ] [ DB ] CONNECT:[ UseTime:0.080000s ] mysql:host=47.104.154.142;port=9989;dbname=drj;charset=utf8
[ sql ] [ SQL ] SHOW COLUMNS FROM `member` [ RunTime:0.050000s ]
[ sql ] [ SQL ] SELECT * FROM `member` WHERE  `am_phone` = '12345678910' LIMIT 1 [ RunTime:0.050000s ]
[ sql ] [ SQL ] SHOW COLUMNS FROM `member_log` [ RunTime:0.060000s ]
[ sql ] [ SQL ] INSERT INTO `member_log` (`ml_member_id` , `ml_name` , `ml_url` , `ml_ip` , `create_at`) VALUES (17 , '登录后台' , 'admin/login/login' , '127.0.0.1' , 1528460850) [ RunTime:0.050001s ]
[ sql ] [ SQL ] UPDATE `member`  SET `am_ssid`='c86edeek55odrg70l8k4qcum12',`am_pre_time`=1528460850,`update_at`=1528460850  WHERE  `am_id` = 17 [ RunTime:0.050000s ]
---------------------------------------------------------------
[ 2018-06-08T20:27:32+08:00 ] 127.0.0.1 GET /admin/index/index.html
[ info ] drj.bjzhishanzhimei.com/admin/index/index.html [运行时间：1.630002s][吞吐率：0.61req/s] [内存消耗：3,812.40kb] [文件加载：97]
[ info ] [ LANG ] D:\phpStudy\WWW\drhome\thinkphp\lang\zh-cn.php
[ info ] [ ROUTE ] array (
  'type' => 'module',
  'module' => 
  array (
    0 => 'admin',
    1 => 'index',
    2 => 'index',
  ),
)
[ info ] [ HEADER ] array (
  'upgrade-insecure-requests' => '1',
  'connection' => 'close',
  'cookie' => 'Hm_lvt_9d483e9e48ba1faa0dfceaf6333de846=1527757599,1528273410,1528449442,1528460826; PHPSESSID=c86edeek55odrg70l8k4qcum12; Hm_lpvt_9d483e9e48ba1faa0dfceaf6333de846=1528460830',
  'referer' => 'http://drj.bjzhishanzhimei.com/admin/login/index.html',
  'accept-encoding' => 'gzip, deflate',
  'accept-language' => 'zh-CN,zh;q=0.8,zh-TW;q=0.7,zh-HK;q=0.5,en-US;q=0.3,en;q=0.2',
  'accept' => 'text/html,application/xhtml+xml,application/xml;q=0.9,*/*;q=0.8',
  'user-agent' => 'Mozilla/5.0 (Windows NT 6.1; Win64; x64; rv:60.0) Gecko/20100101 Firefox/60.0',
  'host' => 'drj.bjzhishanzhimei.com',
)
[ info ] [ PARAM ] array (
  '/admin/index/index_html' => '',
)
[ info ] [ SESSION ] INIT array (
  'prefix' => 'module',
  'auto_start' => true,
  'host' => '127.0.0.1',
  'port' => 6379,
  'password' => '',
  'path' => 'D:\\phpStudy\\WWW\\drhome\\runtime\\session',
  'sess_path' => 'D:\\phpStudy\\WWW\\drhome\\runtime\\session',
)
[ info ] [ DB ] INIT mysql
[ info ] [ RUN ] app\admin\controller\Index->index[ D:\phpStudy\WWW\drhome\application\admin\controller\Index.php ]
[ info ] [ VIEW ] D:\phpStudy\WWW\drhome\public/../application/admin\view\index\index.html [ array (
  0 => 'menu',
  1 => 'path',
  2 => 'User',
  3 => 'mName',
  4 => 'cName',
  5 => 'aName',
) ]
[ info ] [ LOG ] INIT File
[ sql ] [ DB ] CONNECT:[ UseTime:0.070000s ] mysql:host=47.104.154.142;port=9989;dbname=drj;charset=utf8
[ sql ] [ SQL ] SHOW COLUMNS FROM `action_data` [ RunTime:0.050000s ]
[ sql ] [ SQL ] SELECT * FROM `action_data` WHERE  `ad_pid` = 0 [ RunTime:0.050000s ]
[ sql ] [ SQL ] SELECT * FROM `action_data` WHERE  `ad_pid` = 49 [ RunTime:0.050000s ]
[ sql ] [ SQL ] SELECT * FROM `action_data` WHERE  `ad_pid` = 51 [ RunTime:0.050000s ]
[ sql ] [ SQL ] SELECT * FROM `action_data` WHERE  `ad_pid` = 59 [ RunTime:0.050000s ]
[ sql ] [ SQL ] SELECT * FROM `action_data` WHERE  `ad_pid` = 63 [ RunTime:0.050000s ]
[ sql ] [ SQL ] SELECT * FROM `action_data` WHERE  `ad_pid` = 67 [ RunTime:0.050000s ]
[ sql ] [ SQL ] SELECT * FROM `action_data` WHERE  `ad_pid` = 75 [ RunTime:0.050000s ]
[ sql ] [ SQL ] SELECT * FROM `action_data` WHERE  `ad_pid` = 80 [ RunTime:0.050001s ]
[ sql ] [ SQL ] SELECT * FROM `action_data` WHERE  `ad_pid` = 82 [ RunTime:0.050000s ]
[ sql ] [ SQL ] SELECT * FROM `action_data` WHERE  `ad_pid` = 85 [ RunTime:0.060000s ]
[ sql ] [ SQL ] SELECT * FROM `action_data` WHERE  `ad_pid` = 87 [ RunTime:0.060000s ]
[ sql ] [ SQL ] SELECT * FROM `action_data` WHERE  `ad_pid` = 92 [ RunTime:0.050000s ]
[ sql ] [ SQL ] SELECT * FROM `action_data` WHERE  `ad_pid` = 95 [ RunTime:0.050000s ]
---------------------------------------------------------------
[ 2018-06-08T20:27:34+08:00 ] 127.0.0.1 GET /admin/index/welcome.html
[ info ] drj.bjzhishanzhimei.com/admin/index/welcome.html [运行时间：1.790003s][吞吐率：0.56req/s] [内存消耗：3,753.02kb] [文件加载：97]
[ info ] [ LANG ] D:\phpStudy\WWW\drhome\thinkphp\lang\zh-cn.php
[ info ] [ ROUTE ] array (
  'type' => 'module',
  'module' => 
  array (
    0 => 'admin',
    1 => 'index',
    2 => 'welcome',
  ),
)
[ info ] [ HEADER ] array (
  'upgrade-insecure-requests' => '1',
  'connection' => 'close',
  'cookie' => 'Hm_lvt_9d483e9e48ba1faa0dfceaf6333de846=1527757599,1528273410,1528449442,1528460826; PHPSESSID=c86edeek55odrg70l8k4qcum12; Hm_lpvt_9d483e9e48ba1faa0dfceaf6333de846=1528460830',
  'referer' => 'http://drj.bjzhishanzhimei.com/admin/index/index.html',
  'accept-encoding' => 'gzip, deflate',
  'accept-language' => 'zh-CN,zh;q=0.8,zh-TW;q=0.7,zh-HK;q=0.5,en-US;q=0.3,en;q=0.2',
  'accept' => 'text/html,application/xhtml+xml,application/xml;q=0.9,*/*;q=0.8',
  'user-agent' => 'Mozilla/5.0 (Windows NT 6.1; Win64; x64; rv:60.0) Gecko/20100101 Firefox/60.0',
  'host' => 'drj.bjzhishanzhimei.com',
)
[ info ] [ PARAM ] array (
  '/admin/index/welcome_html' => '',
)
[ info ] [ SESSION ] INIT array (
  'prefix' => 'module',
  'auto_start' => true,
  'host' => '127.0.0.1',
  'port' => 6379,
  'password' => '',
  'path' => 'D:\\phpStudy\\WWW\\drhome\\runtime\\session',
  'sess_path' => 'D:\\phpStudy\\WWW\\drhome\\runtime\\session',
)
[ info ] [ DB ] INIT mysql
[ info ] [ RUN ] app\admin\controller\Index->welcome[ D:\phpStudy\WWW\drhome\application\admin\controller\Index.php ]
[ info ] [ VIEW ] D:\phpStudy\WWW\drhome\public/../application/admin\view\index\welcome.html [ array (
  0 => 'menu',
  1 => 'path',
  2 => 'User',
  3 => 'mName',
  4 => 'cName',
  5 => 'aName',
  6 => 'service',
) ]
[ info ] [ LOG ] INIT File
[ sql ] [ DB ] CONNECT:[ UseTime:0.070000s ] mysql:host=47.104.154.142;port=9989;dbname=drj;charset=utf8
[ sql ] [ SQL ] SHOW COLUMNS FROM `action_data` [ RunTime:0.050000s ]
[ sql ] [ SQL ] SELECT * FROM `action_data` WHERE  `ad_pid` = 0 [ RunTime:0.050000s ]
[ sql ] [ SQL ] SELECT * FROM `action_data` WHERE  `ad_pid` = 49 [ RunTime:0.050000s ]
[ sql ] [ SQL ] SELECT * FROM `action_data` WHERE  `ad_pid` = 51 [ RunTime:0.050000s ]
[ sql ] [ SQL ] SELECT * FROM `action_data` WHERE  `ad_pid` = 59 [ RunTime:0.050000s ]
[ sql ] [ SQL ] SELECT * FROM `action_data` WHERE  `ad_pid` = 63 [ RunTime:0.050000s ]
[ sql ] [ SQL ] SELECT * FROM `action_data` WHERE  `ad_pid` = 67 [ RunTime:0.040000s ]
[ sql ] [ SQL ] SELECT * FROM `action_data` WHERE  `ad_pid` = 75 [ RunTime:0.050000s ]
[ sql ] [ SQL ] SELECT * FROM `action_data` WHERE  `ad_pid` = 80 [ RunTime:0.050000s ]
[ sql ] [ SQL ] SELECT * FROM `action_data` WHERE  `ad_pid` = 82 [ RunTime:0.050000s ]
[ sql ] [ SQL ] SELECT * FROM `action_data` WHERE  `ad_pid` = 85 [ RunTime:0.050000s ]
[ sql ] [ SQL ] SELECT * FROM `action_data` WHERE  `ad_pid` = 87 [ RunTime:0.050000s ]
[ sql ] [ SQL ] SELECT * FROM `action_data` WHERE  `ad_pid` = 92 [ RunTime:0.050000s ]
[ sql ] [ SQL ] SELECT * FROM `action_data` WHERE  `ad_pid` = 95 [ RunTime:0.040000s ]
[ sql ] [ SQL ] select version() [ RunTime:0.050000s ]
---------------------------------------------------------------
[ 2018-06-08T20:30:01+08:00 ] 127.0.0.1 GET /admin/User/tolist
[ info ] drj.bjzhishanzhimei.com/admin/User/tolist [运行时间：2.217126s][吞吐率：0.45req/s] [内存消耗：3,986.02kb] [文件加载：99]
[ info ] [ LANG ] D:\phpStudy\WWW\drhome\thinkphp\lang\zh-cn.php
[ info ] [ ROUTE ] array (
  'type' => 'module',
  'module' => 
  array (
    0 => 'admin',
    1 => 'User',
    2 => 'tolist',
  ),
)
[ info ] [ HEADER ] array (
  'upgrade-insecure-requests' => '1',
  'connection' => 'close',
  'cookie' => 'Hm_lvt_9d483e9e48ba1faa0dfceaf6333de846=1527757599,1528273410,1528449442,1528460826; PHPSESSID=c86edeek55odrg70l8k4qcum12; Hm_lpvt_9d483e9e48ba1faa0dfceaf6333de846=1528460853',
  'referer' => 'http://drj.bjzhishanzhimei.com/admin/index/index.html',
  'accept-encoding' => 'gzip, deflate',
  'accept-language' => 'zh-CN,zh;q=0.8,zh-TW;q=0.7,zh-HK;q=0.5,en-US;q=0.3,en;q=0.2',
  'accept' => 'text/html,application/xhtml+xml,application/xml;q=0.9,*/*;q=0.8',
  'user-agent' => 'Mozilla/5.0 (Windows NT 6.1; Win64; x64; rv:60.0) Gecko/20100101 Firefox/60.0',
  'host' => 'drj.bjzhishanzhimei.com',
)
[ info ] [ PARAM ] array (
  '/admin/User/tolist' => '',
)
[ info ] [ DB ] INIT mysql
[ info ] [ SESSION ] INIT array (
  'prefix' => 'module',
  'auto_start' => true,
  'host' => '127.0.0.1',
  'port' => 6379,
  'password' => '',
  'path' => 'D:\\phpStudy\\WWW\\drhome\\runtime\\session',
  'sess_path' => 'D:\\phpStudy\\WWW\\drhome\\runtime\\session',
)
[ info ] [ RUN ] app\admin\controller\User->toList[ D:\phpStudy\WWW\drhome\application\admin\controller\User.php ]
[ info ] [ VIEW ] D:\phpStudy\WWW\drhome\public/../application/admin\view\user\tolist.html [ array (
  0 => 'provice',
  1 => 'menu',
  2 => 'path',
  3 => 'User',
  4 => 'mName',
  5 => 'cName',
  6 => 'aName',
  7 => 'page',
) ]
[ info ] [ LOG ] INIT File
[ sql ] [ DB ] CONNECT:[ UseTime:0.069004s ] mysql:host=47.104.154.142;port=9989;dbname=drj;charset=utf8
[ sql ] [ SQL ] SHOW COLUMNS FROM `provice` [ RunTime:0.048002s ]
[ sql ] [ SQL ] SELECT * FROM `provice` [ RunTime:0.049002s ]
[ sql ] [ SQL ] SHOW COLUMNS FROM `action_data` [ RunTime:0.048003s ]
[ sql ] [ SQL ] SELECT * FROM `action_data` WHERE  `ad_pid` = 0 [ RunTime:0.048003s ]
[ sql ] [ SQL ] SELECT * FROM `action_data` WHERE  `ad_pid` = 49 [ RunTime:0.048003s ]
[ sql ] [ SQL ] SELECT * FROM `action_data` WHERE  `ad_pid` = 51 [ RunTime:0.048003s ]
[ sql ] [ SQL ] SELECT * FROM `action_data` WHERE  `ad_pid` = 59 [ RunTime:0.051003s ]
[ sql ] [ SQL ] SELECT * FROM `action_data` WHERE  `ad_pid` = 63 [ RunTime:0.048003s ]
[ sql ] [ SQL ] SELECT * FROM `action_data` WHERE  `ad_pid` = 67 [ RunTime:0.049003s ]
[ sql ] [ SQL ] SELECT * FROM `action_data` WHERE  `ad_pid` = 75 [ RunTime:0.049002s ]
[ sql ] [ SQL ] SELECT * FROM `action_data` WHERE  `ad_pid` = 80 [ RunTime:0.049003s ]
[ sql ] [ SQL ] SELECT * FROM `action_data` WHERE  `ad_pid` = 82 [ RunTime:0.048003s ]
[ sql ] [ SQL ] SELECT * FROM `action_data` WHERE  `ad_pid` = 85 [ RunTime:0.050003s ]
[ sql ] [ SQL ] SELECT * FROM `action_data` WHERE  `ad_pid` = 87 [ RunTime:0.049002s ]
[ sql ] [ SQL ] SELECT * FROM `action_data` WHERE  `ad_pid` = 92 [ RunTime:0.050003s ]
[ sql ] [ SQL ] SELECT * FROM `action_data` WHERE  `ad_pid` = 95 [ RunTime:0.048003s ]
[ sql ] [ SQL ] SHOW COLUMNS FROM `user_data` [ RunTime:0.049003s ]
[ sql ] [ SQL ] SELECT COUNT(*) AS tp_count FROM `user_data` WHERE  `type` = 2  AND `status` = 1 LIMIT 1 [ RunTime:0.049002s ]
[ sql ] [ SQL ] SELECT * FROM `user_data` WHERE  `type` = 2  AND `status` = 1 LIMIT 0,15 [ RunTime:0.051003s ]
---------------------------------------------------------------
[ 2018-06-08T20:30:04+08:00 ] 127.0.0.1 GET /admin/User/doAdd
[ info ] drj.bjzhishanzhimei.com/admin/User/doAdd [运行时间：1.938110s][吞吐率：0.52req/s] [内存消耗：3,969.59kb] [文件加载：99]
[ info ] [ LANG ] D:\phpStudy\WWW\drhome\thinkphp\lang\zh-cn.php
[ info ] [ ROUTE ] array (
  'type' => 'module',
  'module' => 
  array (
    0 => 'admin',
    1 => 'User',
    2 => 'doAdd',
  ),
)
[ info ] [ HEADER ] array (
  'upgrade-insecure-requests' => '1',
  'connection' => 'close',
  'cookie' => 'Hm_lvt_9d483e9e48ba1faa0dfceaf6333de846=1527757599,1528273410,1528449442,1528460826; PHPSESSID=c86edeek55odrg70l8k4qcum12; Hm_lpvt_9d483e9e48ba1faa0dfceaf6333de846=1528460853',
  'referer' => 'http://drj.bjzhishanzhimei.com/admin/User/tolist',
  'accept-encoding' => 'gzip, deflate',
  'accept-language' => 'zh-CN,zh;q=0.8,zh-TW;q=0.7,zh-HK;q=0.5,en-US;q=0.3,en;q=0.2',
  'accept' => 'text/html,application/xhtml+xml,application/xml;q=0.9,*/*;q=0.8',
  'user-agent' => 'Mozilla/5.0 (Windows NT 6.1; Win64; x64; rv:60.0) Gecko/20100101 Firefox/60.0',
  'host' => 'drj.bjzhishanzhimei.com',
)
[ info ] [ PARAM ] array (
  '/admin/User/doAdd' => '',
)
[ info ] [ DB ] INIT mysql
[ info ] [ SESSION ] INIT array (
  'prefix' => 'module',
  'auto_start' => true,
  'host' => '127.0.0.1',
  'port' => 6379,
  'password' => '',
  'path' => 'D:\\phpStudy\\WWW\\drhome\\runtime\\session',
  'sess_path' => 'D:\\phpStudy\\WWW\\drhome\\runtime\\session',
)
[ info ] [ RUN ] app\admin\controller\User->doAdd[ D:\phpStudy\WWW\drhome\application\admin\controller\User.php ]
[ info ] [ VIEW ] D:\phpStudy\WWW\drhome\public/../application/admin\view\user\doadd.html [ array (
  0 => 'provice',
  1 => 'menu',
  2 => 'path',
  3 => 'User',
  4 => 'mName',
  5 => 'cName',
  6 => 'aName',
) ]
[ info ] [ LOG ] INIT File
[ sql ] [ DB ] CONNECT:[ UseTime:0.072004s ] mysql:host=47.104.154.142;port=9989;dbname=drj;charset=utf8
[ sql ] [ SQL ] SHOW COLUMNS FROM `provice` [ RunTime:0.052003s ]
[ sql ] [ SQL ] SELECT * FROM `provice` [ RunTime:0.051003s ]
[ sql ] [ SQL ] SHOW COLUMNS FROM `action_data` [ RunTime:0.052003s ]
[ sql ] [ SQL ] SELECT * FROM `action_data` WHERE  `ad_pid` = 0 [ RunTime:0.051002s ]
[ sql ] [ SQL ] SELECT * FROM `action_data` WHERE  `ad_pid` = 49 [ RunTime:0.051003s ]
[ sql ] [ SQL ] SELECT * FROM `action_data` WHERE  `ad_pid` = 51 [ RunTime:0.051003s ]
[ sql ] [ SQL ] SELECT * FROM `action_data` WHERE  `ad_pid` = 59 [ RunTime:0.051003s ]
[ sql ] [ SQL ] SELECT * FROM `action_data` WHERE  `ad_pid` = 63 [ RunTime:0.052003s ]
[ sql ] [ SQL ] SELECT * FROM `action_data` WHERE  `ad_pid` = 67 [ RunTime:0.052003s ]
[ sql ] [ SQL ] SELECT * FROM `action_data` WHERE  `ad_pid` = 75 [ RunTime:0.051003s ]
[ sql ] [ SQL ] SELECT * FROM `action_data` WHERE  `ad_pid` = 80 [ RunTime:0.052003s ]
[ sql ] [ SQL ] SELECT * FROM `action_data` WHERE  `ad_pid` = 82 [ RunTime:0.051002s ]
[ sql ] [ SQL ] SELECT * FROM `action_data` WHERE  `ad_pid` = 85 [ RunTime:0.050002s ]
[ sql ] [ SQL ] SELECT * FROM `action_data` WHERE  `ad_pid` = 87 [ RunTime:0.051003s ]
[ sql ] [ SQL ] SELECT * FROM `action_data` WHERE  `ad_pid` = 92 [ RunTime:0.052003s ]
[ sql ] [ SQL ] SELECT * FROM `action_data` WHERE  `ad_pid` = 95 [ RunTime:0.052003s ]
---------------------------------------------------------------
[ 2018-06-08T20:30:17+08:00 ] 127.0.0.1 POST /index.php/admin/Image/uploadImg
[ info ] drj.bjzhishanzhimei.com/index.php/admin/Image/uploadImg [运行时间：2.302132s][吞吐率：0.43req/s] [内存消耗：3,908.26kb] [文件加载：106]
[ info ] [ LANG ] D:\phpStudy\WWW\drhome\thinkphp\lang\zh-cn.php
[ info ] [ ROUTE ] array (
  'type' => 'module',
  'module' => 
  array (
    0 => 'admin',
    1 => 'Image',
    2 => 'uploadImg',
  ),
)
[ info ] [ HEADER ] array (
  'connection' => 'close',
  'cookie' => 'Hm_lvt_9d483e9e48ba1faa0dfceaf6333de846=1527757599,1528273410,1528449442,1528460826; PHPSESSID=c86edeek55odrg70l8k4qcum12; Hm_lpvt_9d483e9e48ba1faa0dfceaf6333de846=1528460853',
  'content-type' => 'multipart/form-data; boundary=---------------------------41184676334',
  'content-length' => '33044',
  'x-requested-with' => 'XMLHttpRequest',
  'referer' => 'http://drj.bjzhishanzhimei.com/admin/User/doAdd',
  'accept-encoding' => 'gzip, deflate',
  'accept-language' => 'zh-CN,zh;q=0.8,zh-TW;q=0.7,zh-HK;q=0.5,en-US;q=0.3,en;q=0.2',
  'accept' => 'application/json, text/javascript, */*; q=0.01',
  'user-agent' => 'Mozilla/5.0 (Windows NT 6.1; Win64; x64; rv:60.0) Gecko/20100101 Firefox/60.0',
  'host' => 'drj.bjzhishanzhimei.com',
)
[ info ] [ PARAM ] array (
)
[ info ] [ SESSION ] INIT array (
  'prefix' => 'module',
  'auto_start' => true,
  'host' => '127.0.0.1',
  'port' => 6379,
  'password' => '',
  'path' => 'D:\\phpStudy\\WWW\\drhome\\runtime\\session',
  'sess_path' => 'D:\\phpStudy\\WWW\\drhome\\runtime\\session',
)
[ info ] [ DB ] INIT mysql
[ info ] [ RUN ] app\admin\controller\Image->uploadImg[ D:\phpStudy\WWW\drhome\application\admin\controller\Image.php ]
[ info ] [ LOG ] INIT File
[ sql ] [ DB ] CONNECT:[ UseTime:0.062003s ] mysql:host=47.104.154.142;port=9989;dbname=drj;charset=utf8
[ sql ] [ SQL ] SHOW COLUMNS FROM `action_data` [ RunTime:0.043003s ]
[ sql ] [ SQL ] SELECT * FROM `action_data` WHERE  `ad_pid` = 0 [ RunTime:0.043003s ]
[ sql ] [ SQL ] SELECT * FROM `action_data` WHERE  `ad_pid` = 49 [ RunTime:0.043003s ]
[ sql ] [ SQL ] SELECT * FROM `action_data` WHERE  `ad_pid` = 51 [ RunTime:0.043003s ]
[ sql ] [ SQL ] SELECT * FROM `action_data` WHERE  `ad_pid` = 59 [ RunTime:0.043002s ]
[ sql ] [ SQL ] SELECT * FROM `action_data` WHERE  `ad_pid` = 63 [ RunTime:0.043002s ]
[ sql ] [ SQL ] SELECT * FROM `action_data` WHERE  `ad_pid` = 67 [ RunTime:0.043002s ]
[ sql ] [ SQL ] SELECT * FROM `action_data` WHERE  `ad_pid` = 75 [ RunTime:0.044002s ]
[ sql ] [ SQL ] SELECT * FROM `action_data` WHERE  `ad_pid` = 80 [ RunTime:0.044002s ]
[ sql ] [ SQL ] SELECT * FROM `action_data` WHERE  `ad_pid` = 82 [ RunTime:0.043003s ]
[ sql ] [ SQL ] SELECT * FROM `action_data` WHERE  `ad_pid` = 85 [ RunTime:0.043003s ]
[ sql ] [ SQL ] SELECT * FROM `action_data` WHERE  `ad_pid` = 87 [ RunTime:0.043003s ]
[ sql ] [ SQL ] SELECT * FROM `action_data` WHERE  `ad_pid` = 92 [ RunTime:0.042002s ]
[ sql ] [ SQL ] SELECT * FROM `action_data` WHERE  `ad_pid` = 95 [ RunTime:0.042002s ]
---------------------------------------------------------------
[ 2018-06-08T20:30:20+08:00 ] 127.0.0.1 POST /admin/User/doAdd
[ info ] drj.bjzhishanzhimei.com/admin/User/doAdd [运行时间：1.842105s][吞吐率：0.54req/s] [内存消耗：3,779.01kb] [文件加载：94]
[ info ] [ LANG ] D:\phpStudy\WWW\drhome\thinkphp\lang\zh-cn.php
[ info ] [ ROUTE ] array (
  'type' => 'module',
  'module' => 
  array (
    0 => 'admin',
    1 => 'User',
    2 => 'doAdd',
  ),
)
[ info ] [ HEADER ] array (
  'connection' => 'close',
  'cookie' => 'Hm_lvt_9d483e9e48ba1faa0dfceaf6333de846=1527757599,1528273410,1528449442,1528460826; PHPSESSID=c86edeek55odrg70l8k4qcum12; Hm_lpvt_9d483e9e48ba1faa0dfceaf6333de846=1528460853',
  'content-length' => '278',
  'x-requested-with' => 'XMLHttpRequest',
  'content-type' => 'application/x-www-form-urlencoded; charset=UTF-8',
  'referer' => 'http://drj.bjzhishanzhimei.com/admin/User/doAdd',
  'accept-encoding' => 'gzip, deflate',
  'accept-language' => 'zh-CN,zh;q=0.8,zh-TW;q=0.7,zh-HK;q=0.5,en-US;q=0.3,en;q=0.2',
  'accept' => '*/*',
  'user-agent' => 'Mozilla/5.0 (Windows NT 6.1; Win64; x64; rv:60.0) Gecko/20100101 Firefox/60.0',
  'host' => 'drj.bjzhishanzhimei.com',
)
[ info ] [ PARAM ] array (
  '/admin/User/doAdd' => '',
  'name' => '23423',
  'phone' => '123456',
  'password' => '234',
  'sex' => '3',
  'message' => '234',
  'ud_status' => '请选择',
  'referee' => '234',
  'provice' => '',
  'city' => '',
  'county' => '',
  'town' => '',
  'ud_address' => '',
  'file' => '',
  'ud_logo' => 'http://p7z62dk7h.bkt.clouddn.com/2018/06/13105201806082030161560.png',
  'ud_id_photo' => '',
  'ud_id_photo_r' => '',
  'ud_photo' => '',
)
[ info ] [ DB ] INIT mysql
[ info ] [ SESSION ] INIT array (
  'prefix' => 'module',
  'auto_start' => true,
  'host' => '127.0.0.1',
  'port' => 6379,
  'password' => '',
  'path' => 'D:\\phpStudy\\WWW\\drhome\\runtime\\session',
  'sess_path' => 'D:\\phpStudy\\WWW\\drhome\\runtime\\session',
)
[ info ] [ RUN ] app\admin\controller\User->doAdd[ D:\phpStudy\WWW\drhome\application\admin\controller\User.php ]
[ info ] [ LOG ] INIT File
[ sql ] [ DB ] CONNECT:[ UseTime:0.069004s ] mysql:host=47.104.154.142;port=9989;dbname=drj;charset=utf8
[ sql ] [ SQL ] SHOW COLUMNS FROM `provice` [ RunTime:0.049003s ]
[ sql ] [ SQL ] SELECT * FROM `provice` [ RunTime:0.049003s ]
[ sql ] [ SQL ] SHOW COLUMNS FROM `action_data` [ RunTime:0.048003s ]
[ sql ] [ SQL ] SELECT * FROM `action_data` WHERE  `ad_pid` = 0 [ RunTime:0.049003s ]
[ sql ] [ SQL ] SELECT * FROM `action_data` WHERE  `ad_pid` = 49 [ RunTime:0.048003s ]
[ sql ] [ SQL ] SELECT * FROM `action_data` WHERE  `ad_pid` = 51 [ RunTime:0.048003s ]
[ sql ] [ SQL ] SELECT * FROM `action_data` WHERE  `ad_pid` = 59 [ RunTime:0.047003s ]
[ sql ] [ SQL ] SELECT * FROM `action_data` WHERE  `ad_pid` = 63 [ RunTime:0.049003s ]
[ sql ] [ SQL ] SELECT * FROM `action_data` WHERE  `ad_pid` = 67 [ RunTime:0.048003s ]
[ sql ] [ SQL ] SELECT * FROM `action_data` WHERE  `ad_pid` = 75 [ RunTime:0.048003s ]
[ sql ] [ SQL ] SELECT * FROM `action_data` WHERE  `ad_pid` = 80 [ RunTime:0.055003s ]
[ sql ] [ SQL ] SELECT * FROM `action_data` WHERE  `ad_pid` = 82 [ RunTime:0.048003s ]
[ sql ] [ SQL ] SELECT * FROM `action_data` WHERE  `ad_pid` = 85 [ RunTime:0.047002s ]
[ sql ] [ SQL ] SELECT * FROM `action_data` WHERE  `ad_pid` = 87 [ RunTime:0.047003s ]
[ sql ] [ SQL ] SELECT * FROM `action_data` WHERE  `ad_pid` = 92 [ RunTime:0.047003s ]
[ sql ] [ SQL ] SELECT * FROM `action_data` WHERE  `ad_pid` = 95 [ RunTime:0.047003s ]
