---------------------------------------------------------------
[ 2018-05-10T09:15:10+08:00 ] 127.0.0.1 GET /admin
[ info ] drj.bjzhishanzhimei.com/admin [运行时间：0.390000s][吞吐率：2.56req/s] [内存消耗：1,891.59kb] [文件加载：63]
[ info ] [ LANG ] D:\phpStudy\WWW\drhome\thinkphp\lang\zh-cn.php
[ info ] [ ROUTE ] array (
  'type' => 'module',
  'module' => 
  array (
    0 => 'admin',
    1 => NULL,
    2 => NULL,
  ),
)
[ info ] [ HEADER ] array (
  'upgrade-insecure-requests' => '1',
  'connection' => 'close',
  'cookie' => 'Hm_lvt_9d483e9e48ba1faa0dfceaf6333de846=1525396296,1525655400,1525741737,1525828813',
  'accept-encoding' => 'gzip, deflate',
  'accept-language' => 'zh-CN,zh;q=0.8,zh-TW;q=0.7,zh-HK;q=0.5,en-US;q=0.3,en;q=0.2',
  'accept' => 'text/html,application/xhtml+xml,application/xml;q=0.9,*/*;q=0.8',
  'user-agent' => 'Mozilla/5.0 (Windows NT 6.1; Win64; x64; rv:59.0) Gecko/20100101 Firefox/59.0',
  'host' => 'drj.bjzhishanzhimei.com',
)
[ info ] [ PARAM ] array (
  '/admin' => '',
)
[ info ] [ SESSION ] INIT array (
  'prefix' => 'module',
  'auto_start' => true,
  'host' => '127.0.0.1',
  'port' => 6379,
  'password' => '',
  'path' => 'D:\\phpStudy\\WWW\\drhome\\runtime\\session',
  'sess_path' => 'D:\\phpStudy\\WWW\\drhome\\runtime\\session',
)
[ info ] [ VIEW ] D:\phpStudy\WWW\drhome\thinkphp\tpl\dispatch_jump.tpl [ array (
  0 => 'code',
  1 => 'msg',
  2 => 'data',
  3 => 'url',
  4 => 'wait',
) ]
[ info ] [ LOG ] INIT File
---------------------------------------------------------------
[ 2018-05-10T09:15:13+08:00 ] 127.0.0.1 GET /admin/login/index.html
[ info ] drj.bjzhishanzhimei.com/admin/login/index.html [运行时间：0.410000s][吞吐率：2.44req/s] [内存消耗：1,900.52kb] [文件加载：62]
[ info ] [ LANG ] D:\phpStudy\WWW\drhome\thinkphp\lang\zh-cn.php
[ info ] [ ROUTE ] array (
  'type' => 'module',
  'module' => 
  array (
    0 => 'admin',
    1 => 'login',
    2 => 'index',
  ),
)
[ info ] [ HEADER ] array (
  'upgrade-insecure-requests' => '1',
  'connection' => 'close',
  'cookie' => 'Hm_lvt_9d483e9e48ba1faa0dfceaf6333de846=1525655400,1525741737,1525828813,1525914911; PHPSESSID=vfac8f9ah8ecdtv7ee472esdt5; Hm_lpvt_9d483e9e48ba1faa0dfceaf6333de846=1525914911',
  'referer' => 'http://drj.bjzhishanzhimei.com/admin',
  'accept-encoding' => 'gzip, deflate',
  'accept-language' => 'zh-CN,zh;q=0.8,zh-TW;q=0.7,zh-HK;q=0.5,en-US;q=0.3,en;q=0.2',
  'accept' => 'text/html,application/xhtml+xml,application/xml;q=0.9,*/*;q=0.8',
  'user-agent' => 'Mozilla/5.0 (Windows NT 6.1; Win64; x64; rv:59.0) Gecko/20100101 Firefox/59.0',
  'host' => 'drj.bjzhishanzhimei.com',
)
[ info ] [ PARAM ] array (
  '/admin/login/index_html' => '',
)
[ info ] [ RUN ] app\admin\controller\Login->index[ D:\phpStudy\WWW\drhome\application\admin\controller\Login.php ]
[ info ] [ VIEW ] D:\phpStudy\WWW\drhome\public/../application/admin\view\login\index.html [ array (
  0 => 'mName',
  1 => 'cName',
  2 => 'aName',
) ]
[ info ] [ LOG ] INIT File
---------------------------------------------------------------
[ 2018-05-10T09:15:14+08:00 ] 127.0.0.1 GET /captcha.html
[ info ] drj.bjzhishanzhimei.com/captcha.html [运行时间：0.370001s][吞吐率：2.70req/s] [内存消耗：1,549.35kb] [文件加载：49]
[ info ] [ LANG ] D:\phpStudy\WWW\drhome\thinkphp\lang\zh-cn.php
[ info ] [ ROUTE ] array (
  'type' => 'method',
  'method' => 
  array (
    0 => '\\think\\captcha\\CaptchaController',
    1 => 'index',
  ),
  'var' => 
  array (
  ),
)
[ info ] [ HEADER ] array (
  'connection' => 'close',
  'cookie' => 'Hm_lvt_9d483e9e48ba1faa0dfceaf6333de846=1525655400,1525741737,1525828813,1525914911; PHPSESSID=vfac8f9ah8ecdtv7ee472esdt5; Hm_lpvt_9d483e9e48ba1faa0dfceaf6333de846=1525914911',
  'referer' => 'http://drj.bjzhishanzhimei.com/admin/login/index.html',
  'accept-encoding' => 'gzip, deflate',
  'accept-language' => 'zh-CN,zh;q=0.8,zh-TW;q=0.7,zh-HK;q=0.5,en-US;q=0.3,en;q=0.2',
  'accept' => '*/*',
  'user-agent' => 'Mozilla/5.0 (Windows NT 6.1; Win64; x64; rv:59.0) Gecko/20100101 Firefox/59.0',
  'host' => 'drj.bjzhishanzhimei.com',
)
[ info ] [ PARAM ] array (
  '/captcha_html' => '',
  'id' => NULL,
)
[ info ] [ RUN ] think\captcha\CaptchaController->index[ D:\phpStudy\WWW\drhome\vendor\topthink\think-captcha\src\CaptchaController.php ]
[ info ] [ SESSION ] INIT array (
  'prefix' => 'module',
  'auto_start' => true,
  'host' => '127.0.0.1',
  'port' => 6379,
  'password' => '',
  'path' => 'D:\\phpStudy\\WWW\\drhome\\runtime\\session',
  'sess_path' => 'D:\\phpStudy\\WWW\\drhome\\runtime\\session',
)
[ info ] [ LOG ] INIT File
---------------------------------------------------------------
[ 2018-05-10T09:15:26+08:00 ] 127.0.0.1 POST /admin/login/login.html
[ info ] drj.bjzhishanzhimei.com/admin/login/login.html [运行时间：1.010001s][吞吐率：0.99req/s] [内存消耗：3,100.46kb] [文件加载：78]
[ info ] [ LANG ] D:\phpStudy\WWW\drhome\thinkphp\lang\zh-cn.php
[ info ] [ ROUTE ] array (
  'type' => 'module',
  'module' => 
  array (
    0 => 'admin',
    1 => 'login',
    2 => 'login',
  ),
)
[ info ] [ HEADER ] array (
  'connection' => 'close',
  'cookie' => 'Hm_lvt_9d483e9e48ba1faa0dfceaf6333de846=1525655400,1525741737,1525828813,1525914911; PHPSESSID=vfac8f9ah8ecdtv7ee472esdt5; Hm_lpvt_9d483e9e48ba1faa0dfceaf6333de846=1525914914',
  'content-length' => '45',
  'x-requested-with' => 'XMLHttpRequest',
  'content-type' => 'application/x-www-form-urlencoded; charset=UTF-8',
  'referer' => 'http://drj.bjzhishanzhimei.com/admin/login/index.html',
  'accept-encoding' => 'gzip, deflate',
  'accept-language' => 'zh-CN,zh;q=0.8,zh-TW;q=0.7,zh-HK;q=0.5,en-US;q=0.3,en;q=0.2',
  'accept' => 'application/json, text/javascript, */*; q=0.01',
  'user-agent' => 'Mozilla/5.0 (Windows NT 6.1; Win64; x64; rv:59.0) Gecko/20100101 Firefox/59.0',
  'host' => 'drj.bjzhishanzhimei.com',
)
[ info ] [ PARAM ] array (
  '/admin/login/login_html' => '',
  'phone' => '12345678910',
  'password' => '123456',
  'captcha' => 'BZN',
)
[ info ] [ RUN ] app\admin\controller\Login->login[ D:\phpStudy\WWW\drhome\application\admin\controller\Login.php ]
[ info ] [ SESSION ] INIT array (
  'prefix' => 'module',
  'auto_start' => true,
  'host' => '127.0.0.1',
  'port' => 6379,
  'password' => '',
  'path' => 'D:\\phpStudy\\WWW\\drhome\\runtime\\session',
  'sess_path' => 'D:\\phpStudy\\WWW\\drhome\\runtime\\session',
)
[ info ] [ DB ] INIT mysql
[ info ] [ CACHE ] INIT File
[ info ] [ LOG ] INIT File
[ sql ] [ DB ] CONNECT:[ UseTime:0.090001s ] mysql:host=47.104.154.142;port=9989;dbname=drj;charset=utf8
[ sql ] [ SQL ] SHOW COLUMNS FROM `member` [ RunTime:0.050000s ]
[ sql ] [ SQL ] SELECT * FROM `member` WHERE  `am_phone` = '12345678910' LIMIT 1 [ RunTime:0.040000s ]
[ sql ] [ SQL ] SHOW COLUMNS FROM `member_log` [ RunTime:0.050000s ]
[ sql ] [ SQL ] INSERT INTO `member_log` (`ml_member_id` , `ml_name` , `ml_url` , `ml_ip` , `create_at`) VALUES (17 , '登录后台' , 'admin/login/login' , '127.0.0.1' , 1525914926) [ RunTime:0.060000s ]
[ sql ] [ SQL ] UPDATE `member`  SET `am_ssid`='vfac8f9ah8ecdtv7ee472esdt5',`am_pre_time`=1525914926,`update_at`=1525914926  WHERE  `am_id` = 17 [ RunTime:0.050000s ]
---------------------------------------------------------------
[ 2018-05-10T09:15:28+08:00 ] 127.0.0.1 GET /admin/index/index.html
[ info ] drj.bjzhishanzhimei.com/admin/index/index.html [运行时间：1.481002s][吞吐率：0.68req/s] [内存消耗：3,055.88kb] [文件加载：72]
[ info ] [ LANG ] D:\phpStudy\WWW\drhome\thinkphp\lang\zh-cn.php
[ info ] [ ROUTE ] array (
  'type' => 'module',
  'module' => 
  array (
    0 => 'admin',
    1 => 'index',
    2 => 'index',
  ),
)
[ info ] [ HEADER ] array (
  'upgrade-insecure-requests' => '1',
  'connection' => 'close',
  'cookie' => 'Hm_lvt_9d483e9e48ba1faa0dfceaf6333de846=1525655400,1525741737,1525828813,1525914911; PHPSESSID=vfac8f9ah8ecdtv7ee472esdt5; Hm_lpvt_9d483e9e48ba1faa0dfceaf6333de846=1525914914',
  'referer' => 'http://drj.bjzhishanzhimei.com/admin/login/index.html',
  'accept-encoding' => 'gzip, deflate',
  'accept-language' => 'zh-CN,zh;q=0.8,zh-TW;q=0.7,zh-HK;q=0.5,en-US;q=0.3,en;q=0.2',
  'accept' => 'text/html,application/xhtml+xml,application/xml;q=0.9,*/*;q=0.8',
  'user-agent' => 'Mozilla/5.0 (Windows NT 6.1; Win64; x64; rv:59.0) Gecko/20100101 Firefox/59.0',
  'host' => 'drj.bjzhishanzhimei.com',
)
[ info ] [ PARAM ] array (
  '/admin/index/index_html' => '',
)
[ info ] [ SESSION ] INIT array (
  'prefix' => 'module',
  'auto_start' => true,
  'host' => '127.0.0.1',
  'port' => 6379,
  'password' => '',
  'path' => 'D:\\phpStudy\\WWW\\drhome\\runtime\\session',
  'sess_path' => 'D:\\phpStudy\\WWW\\drhome\\runtime\\session',
)
[ info ] [ DB ] INIT mysql
[ info ] [ RUN ] app\admin\controller\Index->index[ D:\phpStudy\WWW\drhome\application\admin\controller\Index.php ]
[ info ] [ VIEW ] D:\phpStudy\WWW\drhome\public/../application/admin\view\index\index.html [ array (
  0 => 'menu',
  1 => 'path',
  2 => 'User',
  3 => 'mName',
  4 => 'cName',
  5 => 'aName',
) ]
[ info ] [ LOG ] INIT File
[ sql ] [ DB ] CONNECT:[ UseTime:0.060000s ] mysql:host=47.104.154.142;port=9989;dbname=drj;charset=utf8
[ sql ] [ SQL ] SHOW COLUMNS FROM `action_data` [ RunTime:0.040000s ]
[ sql ] [ SQL ] SELECT * FROM `action_data` WHERE  `ad_pid` = 0 [ RunTime:0.040000s ]
[ sql ] [ SQL ] SELECT * FROM `action_data` WHERE  `ad_pid` = 49 [ RunTime:0.050000s ]
[ sql ] [ SQL ] SELECT * FROM `action_data` WHERE  `ad_pid` = 51 [ RunTime:0.040000s ]
[ sql ] [ SQL ] SELECT * FROM `action_data` WHERE  `ad_pid` = 59 [ RunTime:0.050001s ]
[ sql ] [ SQL ] SELECT * FROM `action_data` WHERE  `ad_pid` = 63 [ RunTime:0.040000s ]
[ sql ] [ SQL ] SELECT * FROM `action_data` WHERE  `ad_pid` = 67 [ RunTime:0.040000s ]
[ sql ] [ SQL ] SELECT * FROM `action_data` WHERE  `ad_pid` = 75 [ RunTime:0.040000s ]
[ sql ] [ SQL ] SELECT * FROM `action_data` WHERE  `ad_pid` = 80 [ RunTime:0.050000s ]
[ sql ] [ SQL ] SELECT * FROM `action_data` WHERE  `ad_pid` = 82 [ RunTime:0.050000s ]
[ sql ] [ SQL ] SELECT * FROM `action_data` WHERE  `ad_pid` = 85 [ RunTime:0.040000s ]
[ sql ] [ SQL ] SELECT * FROM `action_data` WHERE  `ad_pid` = 87 [ RunTime:0.040000s ]
[ sql ] [ SQL ] SELECT * FROM `action_data` WHERE  `ad_pid` = 90 [ RunTime:0.050000s ]
[ sql ] [ SQL ] SELECT * FROM `action_data` WHERE  `ad_pid` = 92 [ RunTime:0.040000s ]
[ sql ] [ SQL ] SELECT * FROM `action_data` WHERE  `ad_pid` = 95 [ RunTime:0.040000s ]
---------------------------------------------------------------
[ 2018-05-10T09:15:30+08:00 ] 127.0.0.1 GET /admin/index/welcome.html
[ info ] drj.bjzhishanzhimei.com/admin/index/welcome.html [运行时间：1.770002s][吞吐率：0.56req/s] [内存消耗：2,980.61kb] [文件加载：72]
[ info ] [ LANG ] D:\phpStudy\WWW\drhome\thinkphp\lang\zh-cn.php
[ info ] [ ROUTE ] array (
  'type' => 'module',
  'module' => 
  array (
    0 => 'admin',
    1 => 'index',
    2 => 'welcome',
  ),
)
[ info ] [ HEADER ] array (
  'upgrade-insecure-requests' => '1',
  'connection' => 'close',
  'cookie' => 'Hm_lvt_9d483e9e48ba1faa0dfceaf6333de846=1525655400,1525741737,1525828813,1525914911; PHPSESSID=vfac8f9ah8ecdtv7ee472esdt5; Hm_lpvt_9d483e9e48ba1faa0dfceaf6333de846=1525914914',
  'referer' => 'http://drj.bjzhishanzhimei.com/admin/index/index.html',
  'accept-encoding' => 'gzip, deflate',
  'accept-language' => 'zh-CN,zh;q=0.8,zh-TW;q=0.7,zh-HK;q=0.5,en-US;q=0.3,en;q=0.2',
  'accept' => 'text/html,application/xhtml+xml,application/xml;q=0.9,*/*;q=0.8',
  'user-agent' => 'Mozilla/5.0 (Windows NT 6.1; Win64; x64; rv:59.0) Gecko/20100101 Firefox/59.0',
  'host' => 'drj.bjzhishanzhimei.com',
)
[ info ] [ PARAM ] array (
  '/admin/index/welcome_html' => '',
)
[ info ] [ SESSION ] INIT array (
  'prefix' => 'module',
  'auto_start' => true,
  'host' => '127.0.0.1',
  'port' => 6379,
  'password' => '',
  'path' => 'D:\\phpStudy\\WWW\\drhome\\runtime\\session',
  'sess_path' => 'D:\\phpStudy\\WWW\\drhome\\runtime\\session',
)
[ info ] [ DB ] INIT mysql
[ info ] [ RUN ] app\admin\controller\Index->welcome[ D:\phpStudy\WWW\drhome\application\admin\controller\Index.php ]
[ info ] [ VIEW ] D:\phpStudy\WWW\drhome\public/../application/admin\view\index\welcome.html [ array (
  0 => 'menu',
  1 => 'path',
  2 => 'User',
  3 => 'mName',
  4 => 'cName',
  5 => 'aName',
  6 => 'service',
) ]
[ info ] [ LOG ] INIT File
[ sql ] [ DB ] CONNECT:[ UseTime:0.070000s ] mysql:host=47.104.154.142;port=9989;dbname=drj;charset=utf8
[ sql ] [ SQL ] SHOW COLUMNS FROM `action_data` [ RunTime:0.050001s ]
[ sql ] [ SQL ] SELECT * FROM `action_data` WHERE  `ad_pid` = 0 [ RunTime:0.050000s ]
[ sql ] [ SQL ] SELECT * FROM `action_data` WHERE  `ad_pid` = 49 [ RunTime:0.050000s ]
[ sql ] [ SQL ] SELECT * FROM `action_data` WHERE  `ad_pid` = 51 [ RunTime:0.050000s ]
[ sql ] [ SQL ] SELECT * FROM `action_data` WHERE  `ad_pid` = 59 [ RunTime:0.060000s ]
[ sql ] [ SQL ] SELECT * FROM `action_data` WHERE  `ad_pid` = 63 [ RunTime:0.050000s ]
[ sql ] [ SQL ] SELECT * FROM `action_data` WHERE  `ad_pid` = 67 [ RunTime:0.050000s ]
[ sql ] [ SQL ] SELECT * FROM `action_data` WHERE  `ad_pid` = 75 [ RunTime:0.040000s ]
[ sql ] [ SQL ] SELECT * FROM `action_data` WHERE  `ad_pid` = 80 [ RunTime:0.050000s ]
[ sql ] [ SQL ] SELECT * FROM `action_data` WHERE  `ad_pid` = 82 [ RunTime:0.050000s ]
[ sql ] [ SQL ] SELECT * FROM `action_data` WHERE  `ad_pid` = 85 [ RunTime:0.050001s ]
[ sql ] [ SQL ] SELECT * FROM `action_data` WHERE  `ad_pid` = 87 [ RunTime:0.050000s ]
[ sql ] [ SQL ] SELECT * FROM `action_data` WHERE  `ad_pid` = 90 [ RunTime:0.040000s ]
[ sql ] [ SQL ] SELECT * FROM `action_data` WHERE  `ad_pid` = 92 [ RunTime:0.050000s ]
[ sql ] [ SQL ] SELECT * FROM `action_data` WHERE  `ad_pid` = 95 [ RunTime:0.050000s ]
[ sql ] [ SQL ] select version() [ RunTime:0.050000s ]
