---------------------------------------------------------------
[ 2018-05-16T09:17:13+08:00 ] 127.0.0.1 GET /admin
[ info ] drj.bjzhishanzhimei.com/admin [运行时间：0.410001s][吞吐率：2.44req/s] [内存消耗：1,907.60kb] [文件加载：63]
[ info ] [ LANG ] D:\phpStudy\WWW\drhome\thinkphp\lang\zh-cn.php
[ info ] [ ROUTE ] array (
  'type' => 'module',
  'module' => 
  array (
    0 => 'admin',
    1 => NULL,
    2 => NULL,
  ),
)
[ info ] [ HEADER ] array (
  'upgrade-insecure-requests' => '1',
  'connection' => 'close',
  'cookie' => 'Hm_lvt_9d483e9e48ba1faa0dfceaf6333de846=1526260642,1526262527,1526296130,1526347261',
  'accept-encoding' => 'gzip, deflate',
  'accept-language' => 'zh-CN,zh;q=0.8,zh-TW;q=0.7,zh-HK;q=0.5,en-US;q=0.3,en;q=0.2',
  'accept' => 'text/html,application/xhtml+xml,application/xml;q=0.9,*/*;q=0.8',
  'user-agent' => 'Mozilla/5.0 (Windows NT 6.1; Win64; x64; rv:59.0) Gecko/20100101 Firefox/59.0',
  'host' => 'drj.bjzhishanzhimei.com',
)
[ info ] [ PARAM ] array (
  '/admin' => '',
)
[ info ] [ SESSION ] INIT array (
  'prefix' => 'module',
  'auto_start' => true,
  'host' => '127.0.0.1',
  'port' => 6379,
  'password' => '',
  'path' => 'D:\\phpStudy\\WWW\\drhome\\runtime\\session',
  'sess_path' => 'D:\\phpStudy\\WWW\\drhome\\runtime\\session',
)
[ info ] [ VIEW ] D:\phpStudy\WWW\drhome\thinkphp\tpl\dispatch_jump.tpl [ array (
  0 => 'code',
  1 => 'msg',
  2 => 'data',
  3 => 'url',
  4 => 'wait',
) ]
[ info ] [ LOG ] INIT File
---------------------------------------------------------------
[ 2018-05-16T09:17:17+08:00 ] 127.0.0.1 GET /admin/login/index.html
[ info ] drj.bjzhishanzhimei.com/admin/login/index.html [运行时间：0.420001s][吞吐率：2.38req/s] [内存消耗：1,916.54kb] [文件加载：62]
[ info ] [ LANG ] D:\phpStudy\WWW\drhome\thinkphp\lang\zh-cn.php
[ info ] [ ROUTE ] array (
  'type' => 'module',
  'module' => 
  array (
    0 => 'admin',
    1 => 'login',
    2 => 'index',
  ),
)
[ info ] [ HEADER ] array (
  'upgrade-insecure-requests' => '1',
  'connection' => 'close',
  'cookie' => 'Hm_lvt_9d483e9e48ba1faa0dfceaf6333de846=1526262527,1526296130,1526347261,1526433434; PHPSESSID=3uqpv6rrs1qibmfqas46jmlgl6; Hm_lpvt_9d483e9e48ba1faa0dfceaf6333de846=1526433434',
  'referer' => 'http://drj.bjzhishanzhimei.com/admin',
  'accept-encoding' => 'gzip, deflate',
  'accept-language' => 'zh-CN,zh;q=0.8,zh-TW;q=0.7,zh-HK;q=0.5,en-US;q=0.3,en;q=0.2',
  'accept' => 'text/html,application/xhtml+xml,application/xml;q=0.9,*/*;q=0.8',
  'user-agent' => 'Mozilla/5.0 (Windows NT 6.1; Win64; x64; rv:59.0) Gecko/20100101 Firefox/59.0',
  'host' => 'drj.bjzhishanzhimei.com',
)
[ info ] [ PARAM ] array (
  '/admin/login/index_html' => '',
)
[ info ] [ RUN ] app\admin\controller\Login->index[ D:\phpStudy\WWW\drhome\application\admin\controller\Login.php ]
[ info ] [ VIEW ] D:\phpStudy\WWW\drhome\public/../application/admin\view\login\index.html [ array (
  0 => 'mName',
  1 => 'cName',
  2 => 'aName',
) ]
[ info ] [ LOG ] INIT File
---------------------------------------------------------------
[ 2018-05-16T09:17:18+08:00 ] 127.0.0.1 GET /captcha.html
[ info ] drj.bjzhishanzhimei.com/captcha.html [运行时间：0.410001s][吞吐率：2.44req/s] [内存消耗：1,565.95kb] [文件加载：49]
[ info ] [ LANG ] D:\phpStudy\WWW\drhome\thinkphp\lang\zh-cn.php
[ info ] [ ROUTE ] array (
  'type' => 'method',
  'method' => 
  array (
    0 => '\\think\\captcha\\CaptchaController',
    1 => 'index',
  ),
  'var' => 
  array (
  ),
)
[ info ] [ HEADER ] array (
  'connection' => 'close',
  'cookie' => 'Hm_lvt_9d483e9e48ba1faa0dfceaf6333de846=1526262527,1526296130,1526347261,1526433434; PHPSESSID=3uqpv6rrs1qibmfqas46jmlgl6; Hm_lpvt_9d483e9e48ba1faa0dfceaf6333de846=1526433434',
  'referer' => 'http://drj.bjzhishanzhimei.com/admin/login/index.html',
  'accept-encoding' => 'gzip, deflate',
  'accept-language' => 'zh-CN,zh;q=0.8,zh-TW;q=0.7,zh-HK;q=0.5,en-US;q=0.3,en;q=0.2',
  'accept' => '*/*',
  'user-agent' => 'Mozilla/5.0 (Windows NT 6.1; Win64; x64; rv:59.0) Gecko/20100101 Firefox/59.0',
  'host' => 'drj.bjzhishanzhimei.com',
)
[ info ] [ PARAM ] array (
  '/captcha_html' => '',
  'id' => NULL,
)
[ info ] [ RUN ] think\captcha\CaptchaController->index[ D:\phpStudy\WWW\drhome\vendor\topthink\think-captcha\src\CaptchaController.php ]
[ info ] [ SESSION ] INIT array (
  'prefix' => 'module',
  'auto_start' => true,
  'host' => '127.0.0.1',
  'port' => 6379,
  'password' => '',
  'path' => 'D:\\phpStudy\\WWW\\drhome\\runtime\\session',
  'sess_path' => 'D:\\phpStudy\\WWW\\drhome\\runtime\\session',
)
[ info ] [ LOG ] INIT File
---------------------------------------------------------------
[ 2018-05-16T09:17:27+08:00 ] 127.0.0.1 POST /admin/login/login.html
[ info ] drj.bjzhishanzhimei.com/admin/login/login.html [运行时间：1.070002s][吞吐率：0.93req/s] [内存消耗：3,118.73kb] [文件加载：78]
[ info ] [ LANG ] D:\phpStudy\WWW\drhome\thinkphp\lang\zh-cn.php
[ info ] [ ROUTE ] array (
  'type' => 'module',
  'module' => 
  array (
    0 => 'admin',
    1 => 'login',
    2 => 'login',
  ),
)
[ info ] [ HEADER ] array (
  'connection' => 'close',
  'cookie' => 'Hm_lvt_9d483e9e48ba1faa0dfceaf6333de846=1526262527,1526296130,1526347261,1526433434; PHPSESSID=3uqpv6rrs1qibmfqas46jmlgl6; Hm_lpvt_9d483e9e48ba1faa0dfceaf6333de846=1526433438',
  'content-length' => '45',
  'x-requested-with' => 'XMLHttpRequest',
  'content-type' => 'application/x-www-form-urlencoded; charset=UTF-8',
  'referer' => 'http://drj.bjzhishanzhimei.com/admin/login/index.html',
  'accept-encoding' => 'gzip, deflate',
  'accept-language' => 'zh-CN,zh;q=0.8,zh-TW;q=0.7,zh-HK;q=0.5,en-US;q=0.3,en;q=0.2',
  'accept' => 'application/json, text/javascript, */*; q=0.01',
  'user-agent' => 'Mozilla/5.0 (Windows NT 6.1; Win64; x64; rv:59.0) Gecko/20100101 Firefox/59.0',
  'host' => 'drj.bjzhishanzhimei.com',
)
[ info ] [ PARAM ] array (
  '/admin/login/login_html' => '',
  'phone' => '12345678910',
  'password' => '123456',
  'captcha' => '25B',
)
[ info ] [ RUN ] app\admin\controller\Login->login[ D:\phpStudy\WWW\drhome\application\admin\controller\Login.php ]
[ info ] [ SESSION ] INIT array (
  'prefix' => 'module',
  'auto_start' => true,
  'host' => '127.0.0.1',
  'port' => 6379,
  'password' => '',
  'path' => 'D:\\phpStudy\\WWW\\drhome\\runtime\\session',
  'sess_path' => 'D:\\phpStudy\\WWW\\drhome\\runtime\\session',
)
[ info ] [ DB ] INIT mysql
[ info ] [ CACHE ] INIT File
[ info ] [ LOG ] INIT File
[ sql ] [ DB ] CONNECT:[ UseTime:0.070000s ] mysql:host=47.104.154.142;port=9989;dbname=drj;charset=utf8
[ sql ] [ SQL ] SHOW COLUMNS FROM `member` [ RunTime:0.060000s ]
[ sql ] [ SQL ] SELECT * FROM `member` WHERE  `am_phone` = '12345678910' LIMIT 1 [ RunTime:0.050000s ]
[ sql ] [ SQL ] SHOW COLUMNS FROM `member_log` [ RunTime:0.060000s ]
[ sql ] [ SQL ] INSERT INTO `member_log` (`ml_member_id` , `ml_name` , `ml_url` , `ml_ip` , `create_at`) VALUES (17 , '登录后台' , 'admin/login/login' , '127.0.0.1' , 1526433447) [ RunTime:0.060000s ]
[ sql ] [ SQL ] UPDATE `member`  SET `am_ssid`='3uqpv6rrs1qibmfqas46jmlgl6',`am_pre_time`=1526433447,`update_at`=1526433447  WHERE  `am_id` = 17 [ RunTime:0.060000s ]
---------------------------------------------------------------
[ 2018-05-16T09:17:29+08:00 ] 127.0.0.1 GET /admin/index/index.html
[ info ] drj.bjzhishanzhimei.com/admin/index/index.html [运行时间：1.791003s][吞吐率：0.56req/s] [内存消耗：3,054.48kb] [文件加载：72]
[ info ] [ LANG ] D:\phpStudy\WWW\drhome\thinkphp\lang\zh-cn.php
[ info ] [ ROUTE ] array (
  'type' => 'module',
  'module' => 
  array (
    0 => 'admin',
    1 => 'index',
    2 => 'index',
  ),
)
[ info ] [ HEADER ] array (
  'upgrade-insecure-requests' => '1',
  'connection' => 'close',
  'cookie' => 'Hm_lvt_9d483e9e48ba1faa0dfceaf6333de846=1526262527,1526296130,1526347261,1526433434; PHPSESSID=3uqpv6rrs1qibmfqas46jmlgl6; Hm_lpvt_9d483e9e48ba1faa0dfceaf6333de846=1526433438',
  'referer' => 'http://drj.bjzhishanzhimei.com/admin/login/index.html',
  'accept-encoding' => 'gzip, deflate',
  'accept-language' => 'zh-CN,zh;q=0.8,zh-TW;q=0.7,zh-HK;q=0.5,en-US;q=0.3,en;q=0.2',
  'accept' => 'text/html,application/xhtml+xml,application/xml;q=0.9,*/*;q=0.8',
  'user-agent' => 'Mozilla/5.0 (Windows NT 6.1; Win64; x64; rv:59.0) Gecko/20100101 Firefox/59.0',
  'host' => 'drj.bjzhishanzhimei.com',
)
[ info ] [ PARAM ] array (
  '/admin/index/index_html' => '',
)
[ info ] [ SESSION ] INIT array (
  'prefix' => 'module',
  'auto_start' => true,
  'host' => '127.0.0.1',
  'port' => 6379,
  'password' => '',
  'path' => 'D:\\phpStudy\\WWW\\drhome\\runtime\\session',
  'sess_path' => 'D:\\phpStudy\\WWW\\drhome\\runtime\\session',
)
[ info ] [ DB ] INIT mysql
[ info ] [ RUN ] app\admin\controller\Index->index[ D:\phpStudy\WWW\drhome\application\admin\controller\Index.php ]
[ info ] [ VIEW ] D:\phpStudy\WWW\drhome\public/../application/admin\view\index\index.html [ array (
  0 => 'menu',
  1 => 'path',
  2 => 'User',
  3 => 'mName',
  4 => 'cName',
  5 => 'aName',
) ]
[ info ] [ LOG ] INIT File
[ sql ] [ DB ] CONNECT:[ UseTime:0.080000s ] mysql:host=47.104.154.142;port=9989;dbname=drj;charset=utf8
[ sql ] [ SQL ] SHOW COLUMNS FROM `action_data` [ RunTime:0.060000s ]
[ sql ] [ SQL ] SELECT * FROM `action_data` WHERE  `ad_pid` = 0 [ RunTime:0.050000s ]
[ sql ] [ SQL ] SELECT * FROM `action_data` WHERE  `ad_pid` = 49 [ RunTime:0.060000s ]
[ sql ] [ SQL ] SELECT * FROM `action_data` WHERE  `ad_pid` = 51 [ RunTime:0.060000s ]
[ sql ] [ SQL ] SELECT * FROM `action_data` WHERE  `ad_pid` = 59 [ RunTime:0.050000s ]
[ sql ] [ SQL ] SELECT * FROM `action_data` WHERE  `ad_pid` = 63 [ RunTime:0.050000s ]
[ sql ] [ SQL ] SELECT * FROM `action_data` WHERE  `ad_pid` = 67 [ RunTime:0.060000s ]
[ sql ] [ SQL ] SELECT * FROM `action_data` WHERE  `ad_pid` = 75 [ RunTime:0.050001s ]
[ sql ] [ SQL ] SELECT * FROM `action_data` WHERE  `ad_pid` = 80 [ RunTime:0.050000s ]
[ sql ] [ SQL ] SELECT * FROM `action_data` WHERE  `ad_pid` = 82 [ RunTime:0.050000s ]
[ sql ] [ SQL ] SELECT * FROM `action_data` WHERE  `ad_pid` = 85 [ RunTime:0.050000s ]
[ sql ] [ SQL ] SELECT * FROM `action_data` WHERE  `ad_pid` = 87 [ RunTime:0.061000s ]
[ sql ] [ SQL ] SELECT * FROM `action_data` WHERE  `ad_pid` = 90 [ RunTime:0.060000s ]
[ sql ] [ SQL ] SELECT * FROM `action_data` WHERE  `ad_pid` = 92 [ RunTime:0.050000s ]
[ sql ] [ SQL ] SELECT * FROM `action_data` WHERE  `ad_pid` = 95 [ RunTime:0.050000s ]
---------------------------------------------------------------
[ 2018-05-16T09:17:31+08:00 ] 127.0.0.1 GET /admin/index/welcome.html
[ info ] drj.bjzhishanzhimei.com/admin/index/welcome.html [运行时间：1.820002s][吞吐率：0.55req/s] [内存消耗：2,996.30kb] [文件加载：72]
[ info ] [ LANG ] D:\phpStudy\WWW\drhome\thinkphp\lang\zh-cn.php
[ info ] [ ROUTE ] array (
  'type' => 'module',
  'module' => 
  array (
    0 => 'admin',
    1 => 'index',
    2 => 'welcome',
  ),
)
[ info ] [ HEADER ] array (
  'upgrade-insecure-requests' => '1',
  'connection' => 'close',
  'cookie' => 'Hm_lvt_9d483e9e48ba1faa0dfceaf6333de846=1526262527,1526296130,1526347261,1526433434; PHPSESSID=3uqpv6rrs1qibmfqas46jmlgl6; Hm_lpvt_9d483e9e48ba1faa0dfceaf6333de846=1526433438',
  'referer' => 'http://drj.bjzhishanzhimei.com/admin/index/index.html',
  'accept-encoding' => 'gzip, deflate',
  'accept-language' => 'zh-CN,zh;q=0.8,zh-TW;q=0.7,zh-HK;q=0.5,en-US;q=0.3,en;q=0.2',
  'accept' => 'text/html,application/xhtml+xml,application/xml;q=0.9,*/*;q=0.8',
  'user-agent' => 'Mozilla/5.0 (Windows NT 6.1; Win64; x64; rv:59.0) Gecko/20100101 Firefox/59.0',
  'host' => 'drj.bjzhishanzhimei.com',
)
[ info ] [ PARAM ] array (
  '/admin/index/welcome_html' => '',
)
[ info ] [ SESSION ] INIT array (
  'prefix' => 'module',
  'auto_start' => true,
  'host' => '127.0.0.1',
  'port' => 6379,
  'password' => '',
  'path' => 'D:\\phpStudy\\WWW\\drhome\\runtime\\session',
  'sess_path' => 'D:\\phpStudy\\WWW\\drhome\\runtime\\session',
)
[ info ] [ DB ] INIT mysql
[ info ] [ RUN ] app\admin\controller\Index->welcome[ D:\phpStudy\WWW\drhome\application\admin\controller\Index.php ]
[ info ] [ VIEW ] D:\phpStudy\WWW\drhome\public/../application/admin\view\index\welcome.html [ array (
  0 => 'menu',
  1 => 'path',
  2 => 'User',
  3 => 'mName',
  4 => 'cName',
  5 => 'aName',
  6 => 'service',
) ]
[ info ] [ LOG ] INIT File
[ sql ] [ DB ] CONNECT:[ UseTime:0.070001s ] mysql:host=47.104.154.142;port=9989;dbname=drj;charset=utf8
[ sql ] [ SQL ] SHOW COLUMNS FROM `action_data` [ RunTime:0.050000s ]
[ sql ] [ SQL ] SELECT * FROM `action_data` WHERE  `ad_pid` = 0 [ RunTime:0.050000s ]
[ sql ] [ SQL ] SELECT * FROM `action_data` WHERE  `ad_pid` = 49 [ RunTime:0.050000s ]
[ sql ] [ SQL ] SELECT * FROM `action_data` WHERE  `ad_pid` = 51 [ RunTime:0.050000s ]
[ sql ] [ SQL ] SELECT * FROM `action_data` WHERE  `ad_pid` = 59 [ RunTime:0.050000s ]
[ sql ] [ SQL ] SELECT * FROM `action_data` WHERE  `ad_pid` = 63 [ RunTime:0.050000s ]
[ sql ] [ SQL ] SELECT * FROM `action_data` WHERE  `ad_pid` = 67 [ RunTime:0.050000s ]
[ sql ] [ SQL ] SELECT * FROM `action_data` WHERE  `ad_pid` = 75 [ RunTime:0.050000s ]
[ sql ] [ SQL ] SELECT * FROM `action_data` WHERE  `ad_pid` = 80 [ RunTime:0.050001s ]
[ sql ] [ SQL ] SELECT * FROM `action_data` WHERE  `ad_pid` = 82 [ RunTime:0.050000s ]
[ sql ] [ SQL ] SELECT * FROM `action_data` WHERE  `ad_pid` = 85 [ RunTime:0.050000s ]
[ sql ] [ SQL ] SELECT * FROM `action_data` WHERE  `ad_pid` = 87 [ RunTime:0.050000s ]
[ sql ] [ SQL ] SELECT * FROM `action_data` WHERE  `ad_pid` = 90 [ RunTime:0.050000s ]
[ sql ] [ SQL ] SELECT * FROM `action_data` WHERE  `ad_pid` = 92 [ RunTime:0.050000s ]
[ sql ] [ SQL ] SELECT * FROM `action_data` WHERE  `ad_pid` = 95 [ RunTime:0.050000s ]
[ sql ] [ SQL ] select version() [ RunTime:0.050000s ]
---------------------------------------------------------------
[ 2018-05-16T09:18:09+08:00 ] 127.0.0.1 GET /admin/Analysis/tolist
[ info ] drj.bjzhishanzhimei.com/admin/Analysis/tolist [运行时间：1.940002s][吞吐率：0.52req/s] [内存消耗：3,113.15kb] [文件加载：74]
[ info ] [ LANG ] D:\phpStudy\WWW\drhome\thinkphp\lang\zh-cn.php
[ info ] [ ROUTE ] array (
  'type' => 'module',
  'module' => 
  array (
    0 => 'admin',
    1 => 'Analysis',
    2 => 'tolist',
  ),
)
[ info ] [ HEADER ] array (
  'upgrade-insecure-requests' => '1',
  'connection' => 'close',
  'cookie' => 'Hm_lvt_9d483e9e48ba1faa0dfceaf6333de846=1526262527,1526296130,1526347261,1526433434; PHPSESSID=3uqpv6rrs1qibmfqas46jmlgl6; Hm_lpvt_9d483e9e48ba1faa0dfceaf6333de846=1526433450',
  'referer' => 'http://drj.bjzhishanzhimei.com/admin/index/index.html',
  'accept-encoding' => 'gzip, deflate',
  'accept-language' => 'zh-CN,zh;q=0.8,zh-TW;q=0.7,zh-HK;q=0.5,en-US;q=0.3,en;q=0.2',
  'accept' => 'text/html,application/xhtml+xml,application/xml;q=0.9,*/*;q=0.8',
  'user-agent' => 'Mozilla/5.0 (Windows NT 6.1; Win64; x64; rv:59.0) Gecko/20100101 Firefox/59.0',
  'host' => 'drj.bjzhishanzhimei.com',
)
[ info ] [ PARAM ] array (
  '/admin/Analysis/tolist' => '',
)
[ info ] [ DB ] INIT mysql
[ info ] [ SESSION ] INIT array (
  'prefix' => 'module',
  'auto_start' => true,
  'host' => '127.0.0.1',
  'port' => 6379,
  'password' => '',
  'path' => 'D:\\phpStudy\\WWW\\drhome\\runtime\\session',
  'sess_path' => 'D:\\phpStudy\\WWW\\drhome\\runtime\\session',
)
[ info ] [ RUN ] app\admin\controller\Analysis->tolist[ D:\phpStudy\WWW\drhome\application\admin\controller\Analysis.php ]
[ info ] [ VIEW ] D:\phpStudy\WWW\drhome\public/../application/admin\view\analysis\tolist.html [ array (
  0 => 'provice',
  1 => 'menu',
  2 => 'path',
  3 => 'User',
  4 => 'mName',
  5 => 'cName',
  6 => 'aName',
  7 => 'page',
) ]
[ info ] [ LOG ] INIT File
[ sql ] [ DB ] CONNECT:[ UseTime:0.060000s ] mysql:host=47.104.154.142;port=9989;dbname=drj;charset=utf8
[ sql ] [ SQL ] SHOW COLUMNS FROM `provice` [ RunTime:0.050000s ]
[ sql ] [ SQL ] SELECT * FROM `provice` [ RunTime:0.050001s ]
[ sql ] [ SQL ] SHOW COLUMNS FROM `action_data` [ RunTime:0.040000s ]
[ sql ] [ SQL ] SELECT * FROM `action_data` WHERE  `ad_pid` = 0 [ RunTime:0.040000s ]
[ sql ] [ SQL ] SELECT * FROM `action_data` WHERE  `ad_pid` = 49 [ RunTime:0.040000s ]
[ sql ] [ SQL ] SELECT * FROM `action_data` WHERE  `ad_pid` = 51 [ RunTime:0.050000s ]
[ sql ] [ SQL ] SELECT * FROM `action_data` WHERE  `ad_pid` = 59 [ RunTime:0.050000s ]
[ sql ] [ SQL ] SELECT * FROM `action_data` WHERE  `ad_pid` = 63 [ RunTime:0.050000s ]
[ sql ] [ SQL ] SELECT * FROM `action_data` WHERE  `ad_pid` = 67 [ RunTime:0.050000s ]
[ sql ] [ SQL ] SELECT * FROM `action_data` WHERE  `ad_pid` = 75 [ RunTime:0.040000s ]
[ sql ] [ SQL ] SELECT * FROM `action_data` WHERE  `ad_pid` = 80 [ RunTime:0.040000s ]
[ sql ] [ SQL ] SELECT * FROM `action_data` WHERE  `ad_pid` = 82 [ RunTime:0.040000s ]
[ sql ] [ SQL ] SELECT * FROM `action_data` WHERE  `ad_pid` = 85 [ RunTime:0.040000s ]
[ sql ] [ SQL ] SELECT * FROM `action_data` WHERE  `ad_pid` = 87 [ RunTime:0.050000s ]
[ sql ] [ SQL ] SELECT * FROM `action_data` WHERE  `ad_pid` = 90 [ RunTime:0.050000s ]
[ sql ] [ SQL ] SELECT * FROM `action_data` WHERE  `ad_pid` = 92 [ RunTime:0.040000s ]
[ sql ] [ SQL ] SELECT * FROM `action_data` WHERE  `ad_pid` = 95 [ RunTime:0.040000s ]
[ sql ] [ SQL ] SHOW COLUMNS FROM `villa_order` [ RunTime:0.050000s ]
[ sql ] [ SQL ] SELECT COUNT(*) AS tp_count FROM ( SELECT count(*) FROM `villa_order` GROUP BY `provice` ) `_group_count_` LIMIT 1 [ RunTime:0.040000s ]
[ sql ] [ SQL ] SELECT count(distinct id) as totals,`id`,provice as name FROM `villa_order` GROUP BY `provice` ORDER BY totals desc LIMIT 0,10 [ RunTime:0.040000s ]
---------------------------------------------------------------
[ 2018-05-16T09:18:16+08:00 ] 127.0.0.1 GET /admin/Buildinganal/tolist
[ info ] drj.bjzhishanzhimei.com/admin/Buildinganal/tolist [运行时间：1.760003s][吞吐率：0.57req/s] [内存消耗：2,979.73kb] [文件加载：70]
[ info ] [ LANG ] D:\phpStudy\WWW\drhome\thinkphp\lang\zh-cn.php
[ info ] [ ROUTE ] array (
  'type' => 'module',
  'module' => 
  array (
    0 => 'admin',
    1 => 'Buildinganal',
    2 => 'tolist',
  ),
)
[ info ] [ HEADER ] array (
  'upgrade-insecure-requests' => '1',
  'connection' => 'close',
  'cookie' => 'Hm_lvt_9d483e9e48ba1faa0dfceaf6333de846=1526262527,1526296130,1526347261,1526433434; PHPSESSID=3uqpv6rrs1qibmfqas46jmlgl6; Hm_lpvt_9d483e9e48ba1faa0dfceaf6333de846=1526433450',
  'referer' => 'http://drj.bjzhishanzhimei.com/admin/index/index.html',
  'accept-encoding' => 'gzip, deflate',
  'accept-language' => 'zh-CN,zh;q=0.8,zh-TW;q=0.7,zh-HK;q=0.5,en-US;q=0.3,en;q=0.2',
  'accept' => 'text/html,application/xhtml+xml,application/xml;q=0.9,*/*;q=0.8',
  'user-agent' => 'Mozilla/5.0 (Windows NT 6.1; Win64; x64; rv:59.0) Gecko/20100101 Firefox/59.0',
  'host' => 'drj.bjzhishanzhimei.com',
)
[ info ] [ PARAM ] array (
  '/admin/Buildinganal/tolist' => '',
)
[ info ] [ SESSION ] INIT array (
  'prefix' => 'module',
  'auto_start' => true,
  'host' => '127.0.0.1',
  'port' => 6379,
  'password' => '',
  'path' => 'D:\\phpStudy\\WWW\\drhome\\runtime\\session',
  'sess_path' => 'D:\\phpStudy\\WWW\\drhome\\runtime\\session',
)
[ info ] [ DB ] INIT mysql
[ info ] [ RUN ] app\admin\controller\Buildinganal->tolist[ D:\phpStudy\WWW\drhome\application\admin\controller\Buildinganal.php ]
[ info ] [ LOG ] INIT File
[ sql ] [ DB ] CONNECT:[ UseTime:0.090000s ] mysql:host=47.104.154.142;port=9989;dbname=drj;charset=utf8
[ sql ] [ SQL ] SHOW COLUMNS FROM `action_data` [ RunTime:0.050000s ]
[ sql ] [ SQL ] SELECT * FROM `action_data` WHERE  `ad_pid` = 0 [ RunTime:0.050000s ]
[ sql ] [ SQL ] SELECT * FROM `action_data` WHERE  `ad_pid` = 49 [ RunTime:0.050000s ]
[ sql ] [ SQL ] SELECT * FROM `action_data` WHERE  `ad_pid` = 51 [ RunTime:0.060000s ]
[ sql ] [ SQL ] SELECT * FROM `action_data` WHERE  `ad_pid` = 59 [ RunTime:0.050000s ]
[ sql ] [ SQL ] SELECT * FROM `action_data` WHERE  `ad_pid` = 63 [ RunTime:0.050000s ]
[ sql ] [ SQL ] SELECT * FROM `action_data` WHERE  `ad_pid` = 67 [ RunTime:0.050000s ]
[ sql ] [ SQL ] SELECT * FROM `action_data` WHERE  `ad_pid` = 75 [ RunTime:0.050000s ]
[ sql ] [ SQL ] SELECT * FROM `action_data` WHERE  `ad_pid` = 80 [ RunTime:0.050000s ]
[ sql ] [ SQL ] SELECT * FROM `action_data` WHERE  `ad_pid` = 82 [ RunTime:0.050000s ]
[ sql ] [ SQL ] SELECT * FROM `action_data` WHERE  `ad_pid` = 85 [ RunTime:0.050000s ]
[ sql ] [ SQL ] SELECT * FROM `action_data` WHERE  `ad_pid` = 87 [ RunTime:0.050000s ]
[ sql ] [ SQL ] SELECT * FROM `action_data` WHERE  `ad_pid` = 90 [ RunTime:0.050000s ]
[ sql ] [ SQL ] SELECT * FROM `action_data` WHERE  `ad_pid` = 92 [ RunTime:0.050000s ]
[ sql ] [ SQL ] SELECT * FROM `action_data` WHERE  `ad_pid` = 95 [ RunTime:0.060001s ]
---------------------------------------------------------------
[ 2018-05-16T09:18:37+08:00 ] 127.0.0.1 GET /admin/Consumers/analyse
[ info ] drj.bjzhishanzhimei.com/admin/Consumers/analyse [运行时间：2.020002s][吞吐率：0.50req/s] [内存消耗：3,112.52kb] [文件加载：74]
[ info ] [ LANG ] D:\phpStudy\WWW\drhome\thinkphp\lang\zh-cn.php
[ info ] [ ROUTE ] array (
  'type' => 'module',
  'module' => 
  array (
    0 => 'admin',
    1 => 'Consumers',
    2 => 'analyse',
  ),
)
[ info ] [ HEADER ] array (
  'upgrade-insecure-requests' => '1',
  'connection' => 'close',
  'cookie' => 'Hm_lvt_9d483e9e48ba1faa0dfceaf6333de846=1526262527,1526296130,1526347261,1526433434; PHPSESSID=3uqpv6rrs1qibmfqas46jmlgl6; Hm_lpvt_9d483e9e48ba1faa0dfceaf6333de846=1526433450',
  'referer' => 'http://drj.bjzhishanzhimei.com/admin/index/index.html',
  'accept-encoding' => 'gzip, deflate',
  'accept-language' => 'zh-CN,zh;q=0.8,zh-TW;q=0.7,zh-HK;q=0.5,en-US;q=0.3,en;q=0.2',
  'accept' => 'text/html,application/xhtml+xml,application/xml;q=0.9,*/*;q=0.8',
  'user-agent' => 'Mozilla/5.0 (Windows NT 6.1; Win64; x64; rv:59.0) Gecko/20100101 Firefox/59.0',
  'host' => 'drj.bjzhishanzhimei.com',
)
[ info ] [ PARAM ] array (
  '/admin/Consumers/analyse' => '',
)
[ info ] [ DB ] INIT mysql
[ info ] [ SESSION ] INIT array (
  'prefix' => 'module',
  'auto_start' => true,
  'host' => '127.0.0.1',
  'port' => 6379,
  'password' => '',
  'path' => 'D:\\phpStudy\\WWW\\drhome\\runtime\\session',
  'sess_path' => 'D:\\phpStudy\\WWW\\drhome\\runtime\\session',
)
[ info ] [ RUN ] app\admin\controller\Consumers->analyse[ D:\phpStudy\WWW\drhome\application\admin\controller\Consumers.php ]
[ info ] [ VIEW ] D:\phpStudy\WWW\drhome\public/../application/admin\view\consumers\analyse.html [ array (
  0 => 'provice',
  1 => 'menu',
  2 => 'path',
  3 => 'User',
  4 => 'mName',
  5 => 'cName',
  6 => 'aName',
  7 => 'page',
) ]
[ info ] [ LOG ] INIT File
[ sql ] [ DB ] CONNECT:[ UseTime:0.060000s ] mysql:host=47.104.154.142;port=9989;dbname=drj;charset=utf8
[ sql ] [ SQL ] SHOW COLUMNS FROM `provice` [ RunTime:0.050000s ]
[ sql ] [ SQL ] SELECT * FROM `provice` [ RunTime:0.040000s ]
[ sql ] [ SQL ] SHOW COLUMNS FROM `action_data` [ RunTime:0.040001s ]
[ sql ] [ SQL ] SELECT * FROM `action_data` WHERE  `ad_pid` = 0 [ RunTime:0.040000s ]
[ sql ] [ SQL ] SELECT * FROM `action_data` WHERE  `ad_pid` = 49 [ RunTime:0.050000s ]
[ sql ] [ SQL ] SELECT * FROM `action_data` WHERE  `ad_pid` = 51 [ RunTime:0.050000s ]
[ sql ] [ SQL ] SELECT * FROM `action_data` WHERE  `ad_pid` = 59 [ RunTime:0.040000s ]
[ sql ] [ SQL ] SELECT * FROM `action_data` WHERE  `ad_pid` = 63 [ RunTime:0.040000s ]
[ sql ] [ SQL ] SELECT * FROM `action_data` WHERE  `ad_pid` = 67 [ RunTime:0.050000s ]
[ sql ] [ SQL ] SELECT * FROM `action_data` WHERE  `ad_pid` = 75 [ RunTime:0.040000s ]
[ sql ] [ SQL ] SELECT * FROM `action_data` WHERE  `ad_pid` = 80 [ RunTime:0.040000s ]
[ sql ] [ SQL ] SELECT * FROM `action_data` WHERE  `ad_pid` = 82 [ RunTime:0.040001s ]
[ sql ] [ SQL ] SELECT * FROM `action_data` WHERE  `ad_pid` = 85 [ RunTime:0.050000s ]
[ sql ] [ SQL ] SELECT * FROM `action_data` WHERE  `ad_pid` = 87 [ RunTime:0.050000s ]
[ sql ] [ SQL ] SELECT * FROM `action_data` WHERE  `ad_pid` = 90 [ RunTime:0.050000s ]
[ sql ] [ SQL ] SELECT * FROM `action_data` WHERE  `ad_pid` = 92 [ RunTime:0.040000s ]
[ sql ] [ SQL ] SELECT * FROM `action_data` WHERE  `ad_pid` = 95 [ RunTime:0.050000s ]
[ sql ] [ SQL ] SHOW COLUMNS FROM `villa_order` [ RunTime:0.040000s ]
[ sql ] [ SQL ] SELECT COUNT(*) AS tp_count FROM ( SELECT count(*) FROM `villa_order` GROUP BY `provice` ) `_group_count_` LIMIT 1 [ RunTime:0.040000s ]
[ sql ] [ SQL ] SELECT count(distinct id) as totals,`id`,provice as name FROM `villa_order` GROUP BY `provice` ORDER BY totals desc LIMIT 0,10 [ RunTime:0.040000s ]
---------------------------------------------------------------
[ 2018-05-16T09:18:45+08:00 ] 127.0.0.1 GET /admin/Partners/tolist
[ info ] drj.bjzhishanzhimei.com/admin/Partners/tolist [运行时间：2.030002s][吞吐率：0.49req/s] [内存消耗：3,115.75kb] [文件加载：74]
[ info ] [ LANG ] D:\phpStudy\WWW\drhome\thinkphp\lang\zh-cn.php
[ info ] [ ROUTE ] array (
  'type' => 'module',
  'module' => 
  array (
    0 => 'admin',
    1 => 'Partners',
    2 => 'tolist',
  ),
)
[ info ] [ HEADER ] array (
  'upgrade-insecure-requests' => '1',
  'connection' => 'close',
  'cookie' => 'Hm_lvt_9d483e9e48ba1faa0dfceaf6333de846=1526262527,1526296130,1526347261,1526433434; PHPSESSID=3uqpv6rrs1qibmfqas46jmlgl6; Hm_lpvt_9d483e9e48ba1faa0dfceaf6333de846=1526433450',
  'referer' => 'http://drj.bjzhishanzhimei.com/admin/index/index.html',
  'accept-encoding' => 'gzip, deflate',
  'accept-language' => 'zh-CN,zh;q=0.8,zh-TW;q=0.7,zh-HK;q=0.5,en-US;q=0.3,en;q=0.2',
  'accept' => 'text/html,application/xhtml+xml,application/xml;q=0.9,*/*;q=0.8',
  'user-agent' => 'Mozilla/5.0 (Windows NT 6.1; Win64; x64; rv:59.0) Gecko/20100101 Firefox/59.0',
  'host' => 'drj.bjzhishanzhimei.com',
)
[ info ] [ PARAM ] array (
  '/admin/Partners/tolist' => '',
)
[ info ] [ DB ] INIT mysql
[ info ] [ SESSION ] INIT array (
  'prefix' => 'module',
  'auto_start' => true,
  'host' => '127.0.0.1',
  'port' => 6379,
  'password' => '',
  'path' => 'D:\\phpStudy\\WWW\\drhome\\runtime\\session',
  'sess_path' => 'D:\\phpStudy\\WWW\\drhome\\runtime\\session',
)
[ info ] [ RUN ] app\admin\controller\Partners->tolist[ D:\phpStudy\WWW\drhome\application\admin\controller\Partners.php ]
[ info ] [ VIEW ] D:\phpStudy\WWW\drhome\public/../application/admin\view\partners\tolist.html [ array (
  0 => 'provice',
  1 => 'menu',
  2 => 'path',
  3 => 'User',
  4 => 'mName',
  5 => 'cName',
  6 => 'aName',
  7 => 'page',
) ]
[ info ] [ LOG ] INIT File
[ sql ] [ DB ] CONNECT:[ UseTime:0.070000s ] mysql:host=47.104.154.142;port=9989;dbname=drj;charset=utf8
[ sql ] [ SQL ] SHOW COLUMNS FROM `provice` [ RunTime:0.050000s ]
[ sql ] [ SQL ] SELECT * FROM `provice` [ RunTime:0.050000s ]
[ sql ] [ SQL ] SHOW COLUMNS FROM `action_data` [ RunTime:0.040001s ]
[ sql ] [ SQL ] SELECT * FROM `action_data` WHERE  `ad_pid` = 0 [ RunTime:0.040000s ]
[ sql ] [ SQL ] SELECT * FROM `action_data` WHERE  `ad_pid` = 49 [ RunTime:0.050000s ]
[ sql ] [ SQL ] SELECT * FROM `action_data` WHERE  `ad_pid` = 51 [ RunTime:0.050000s ]
[ sql ] [ SQL ] SELECT * FROM `action_data` WHERE  `ad_pid` = 59 [ RunTime:0.040000s ]
[ sql ] [ SQL ] SELECT * FROM `action_data` WHERE  `ad_pid` = 63 [ RunTime:0.040000s ]
[ sql ] [ SQL ] SELECT * FROM `action_data` WHERE  `ad_pid` = 67 [ RunTime:0.050000s ]
[ sql ] [ SQL ] SELECT * FROM `action_data` WHERE  `ad_pid` = 75 [ RunTime:0.040000s ]
[ sql ] [ SQL ] SELECT * FROM `action_data` WHERE  `ad_pid` = 80 [ RunTime:0.040000s ]
[ sql ] [ SQL ] SELECT * FROM `action_data` WHERE  `ad_pid` = 82 [ RunTime:0.040000s ]
[ sql ] [ SQL ] SELECT * FROM `action_data` WHERE  `ad_pid` = 85 [ RunTime:0.040001s ]
[ sql ] [ SQL ] SELECT * FROM `action_data` WHERE  `ad_pid` = 87 [ RunTime:0.050000s ]
[ sql ] [ SQL ] SELECT * FROM `action_data` WHERE  `ad_pid` = 90 [ RunTime:0.040000s ]
[ sql ] [ SQL ] SELECT * FROM `action_data` WHERE  `ad_pid` = 92 [ RunTime:0.040000s ]
[ sql ] [ SQL ] SELECT * FROM `action_data` WHERE  `ad_pid` = 95 [ RunTime:0.040000s ]
[ sql ] [ SQL ] SHOW COLUMNS FROM `user_data` [ RunTime:0.040000s ]
[ sql ] [ SQL ] SELECT COUNT(*) AS tp_count FROM ( SELECT count(*) FROM `user_data` WHERE  `type` = 2 GROUP BY `province` ) `_group_count_` LIMIT 1 [ RunTime:0.040000s ]
[ sql ] [ SQL ] SELECT count(distinct ud_id) as totals,`ud_id`,province as name FROM `user_data` WHERE  `type` = 2 GROUP BY `province` ORDER BY totals desc LIMIT 0,10 [ RunTime:0.040000s ]
---------------------------------------------------------------
[ 2018-05-16T09:18:48+08:00 ] 127.0.0.1 GET /admin/Partnerd/tolist
[ info ] drj.bjzhishanzhimei.com/admin/Partnerd/tolist [运行时间：1.740002s][吞吐率：0.57req/s] [内存消耗：2,978.95kb] [文件加载：70]
[ info ] [ LANG ] D:\phpStudy\WWW\drhome\thinkphp\lang\zh-cn.php
[ info ] [ ROUTE ] array (
  'type' => 'module',
  'module' => 
  array (
    0 => 'admin',
    1 => 'Partnerd',
    2 => 'tolist',
  ),
)
[ info ] [ HEADER ] array (
  'upgrade-insecure-requests' => '1',
  'connection' => 'close',
  'cookie' => 'Hm_lvt_9d483e9e48ba1faa0dfceaf6333de846=1526262527,1526296130,1526347261,1526433434; PHPSESSID=3uqpv6rrs1qibmfqas46jmlgl6; Hm_lpvt_9d483e9e48ba1faa0dfceaf6333de846=1526433450',
  'referer' => 'http://drj.bjzhishanzhimei.com/admin/index/index.html',
  'accept-encoding' => 'gzip, deflate',
  'accept-language' => 'zh-CN,zh;q=0.8,zh-TW;q=0.7,zh-HK;q=0.5,en-US;q=0.3,en;q=0.2',
  'accept' => 'text/html,application/xhtml+xml,application/xml;q=0.9,*/*;q=0.8',
  'user-agent' => 'Mozilla/5.0 (Windows NT 6.1; Win64; x64; rv:59.0) Gecko/20100101 Firefox/59.0',
  'host' => 'drj.bjzhishanzhimei.com',
)
[ info ] [ PARAM ] array (
  '/admin/Partnerd/tolist' => '',
)
[ info ] [ SESSION ] INIT array (
  'prefix' => 'module',
  'auto_start' => true,
  'host' => '127.0.0.1',
  'port' => 6379,
  'password' => '',
  'path' => 'D:\\phpStudy\\WWW\\drhome\\runtime\\session',
  'sess_path' => 'D:\\phpStudy\\WWW\\drhome\\runtime\\session',
)
[ info ] [ DB ] INIT mysql
[ info ] [ RUN ] app\admin\controller\Partnerd->tolist[ D:\phpStudy\WWW\drhome\application\admin\controller\Partnerd.php ]
[ info ] [ LOG ] INIT File
[ sql ] [ DB ] CONNECT:[ UseTime:0.080000s ] mysql:host=47.104.154.142;port=9989;dbname=drj;charset=utf8
[ sql ] [ SQL ] SHOW COLUMNS FROM `action_data` [ RunTime:0.050001s ]
[ sql ] [ SQL ] SELECT * FROM `action_data` WHERE  `ad_pid` = 0 [ RunTime:0.060000s ]
[ sql ] [ SQL ] SELECT * FROM `action_data` WHERE  `ad_pid` = 49 [ RunTime:0.050000s ]
[ sql ] [ SQL ] SELECT * FROM `action_data` WHERE  `ad_pid` = 51 [ RunTime:0.060000s ]
[ sql ] [ SQL ] SELECT * FROM `action_data` WHERE  `ad_pid` = 59 [ RunTime:0.050000s ]
[ sql ] [ SQL ] SELECT * FROM `action_data` WHERE  `ad_pid` = 63 [ RunTime:0.050000s ]
[ sql ] [ SQL ] SELECT * FROM `action_data` WHERE  `ad_pid` = 67 [ RunTime:0.050000s ]
[ sql ] [ SQL ] SELECT * FROM `action_data` WHERE  `ad_pid` = 75 [ RunTime:0.060000s ]
[ sql ] [ SQL ] SELECT * FROM `action_data` WHERE  `ad_pid` = 80 [ RunTime:0.050000s ]
[ sql ] [ SQL ] SELECT * FROM `action_data` WHERE  `ad_pid` = 82 [ RunTime:0.050000s ]
[ sql ] [ SQL ] SELECT * FROM `action_data` WHERE  `ad_pid` = 85 [ RunTime:0.050000s ]
[ sql ] [ SQL ] SELECT * FROM `action_data` WHERE  `ad_pid` = 87 [ RunTime:0.050000s ]
[ sql ] [ SQL ] SELECT * FROM `action_data` WHERE  `ad_pid` = 90 [ RunTime:0.050000s ]
[ sql ] [ SQL ] SELECT * FROM `action_data` WHERE  `ad_pid` = 92 [ RunTime:0.050000s ]
[ sql ] [ SQL ] SELECT * FROM `action_data` WHERE  `ad_pid` = 95 [ RunTime:0.050000s ]
---------------------------------------------------------------
[ 2018-05-16T09:19:11+08:00 ] 127.0.0.1 GET /admin/index/index.html
[ info ] drj.bjzhishanzhimei.com/admin/index/index.html [运行时间：1.590003s][吞吐率：0.63req/s] [内存消耗：3,052.84kb] [文件加载：72]
[ info ] [ LANG ] D:\phpStudy\WWW\drhome\thinkphp\lang\zh-cn.php
[ info ] [ ROUTE ] array (
  'type' => 'module',
  'module' => 
  array (
    0 => 'admin',
    1 => 'index',
    2 => 'index',
  ),
)
[ info ] [ HEADER ] array (
  'cache-control' => 'max-age=0',
  'upgrade-insecure-requests' => '1',
  'connection' => 'close',
  'cookie' => 'Hm_lvt_9d483e9e48ba1faa0dfceaf6333de846=1526262527,1526296130,1526347261,1526433434; PHPSESSID=3uqpv6rrs1qibmfqas46jmlgl6; Hm_lpvt_9d483e9e48ba1faa0dfceaf6333de846=1526433450',
  'referer' => 'http://drj.bjzhishanzhimei.com/admin/login/index.html',
  'accept-encoding' => 'gzip, deflate',
  'accept-language' => 'zh-CN,zh;q=0.8,zh-TW;q=0.7,zh-HK;q=0.5,en-US;q=0.3,en;q=0.2',
  'accept' => 'text/html,application/xhtml+xml,application/xml;q=0.9,*/*;q=0.8',
  'user-agent' => 'Mozilla/5.0 (Windows NT 6.1; Win64; x64; rv:59.0) Gecko/20100101 Firefox/59.0',
  'host' => 'drj.bjzhishanzhimei.com',
)
[ info ] [ PARAM ] array (
  '/admin/index/index_html' => '',
)
[ info ] [ SESSION ] INIT array (
  'prefix' => 'module',
  'auto_start' => true,
  'host' => '127.0.0.1',
  'port' => 6379,
  'password' => '',
  'path' => 'D:\\phpStudy\\WWW\\drhome\\runtime\\session',
  'sess_path' => 'D:\\phpStudy\\WWW\\drhome\\runtime\\session',
)
[ info ] [ DB ] INIT mysql
[ info ] [ RUN ] app\admin\controller\Index->index[ D:\phpStudy\WWW\drhome\application\admin\controller\Index.php ]
[ info ] [ VIEW ] D:\phpStudy\WWW\drhome\public/../application/admin\view\index\index.html [ array (
  0 => 'menu',
  1 => 'path',
  2 => 'User',
  3 => 'mName',
  4 => 'cName',
  5 => 'aName',
) ]
[ info ] [ LOG ] INIT File
[ sql ] [ DB ] CONNECT:[ UseTime:0.060000s ] mysql:host=47.104.154.142;port=9989;dbname=drj;charset=utf8
[ sql ] [ SQL ] SHOW COLUMNS FROM `action_data` [ RunTime:0.040000s ]
[ sql ] [ SQL ] SELECT * FROM `action_data` WHERE  `ad_pid` = 0 [ RunTime:0.050000s ]
[ sql ] [ SQL ] SELECT * FROM `action_data` WHERE  `ad_pid` = 49 [ RunTime:0.050000s ]
[ sql ] [ SQL ] SELECT * FROM `action_data` WHERE  `ad_pid` = 51 [ RunTime:0.040000s ]
[ sql ] [ SQL ] SELECT * FROM `action_data` WHERE  `ad_pid` = 59 [ RunTime:0.050000s ]
[ sql ] [ SQL ] SELECT * FROM `action_data` WHERE  `ad_pid` = 63 [ RunTime:0.040000s ]
[ sql ] [ SQL ] SELECT * FROM `action_data` WHERE  `ad_pid` = 67 [ RunTime:0.040000s ]
[ sql ] [ SQL ] SELECT * FROM `action_data` WHERE  `ad_pid` = 75 [ RunTime:0.050000s ]
[ sql ] [ SQL ] SELECT * FROM `action_data` WHERE  `ad_pid` = 80 [ RunTime:0.040000s ]
[ sql ] [ SQL ] SELECT * FROM `action_data` WHERE  `ad_pid` = 82 [ RunTime:0.040000s ]
[ sql ] [ SQL ] SELECT * FROM `action_data` WHERE  `ad_pid` = 85 [ RunTime:0.050000s ]
[ sql ] [ SQL ] SELECT * FROM `action_data` WHERE  `ad_pid` = 87 [ RunTime:0.040000s ]
[ sql ] [ SQL ] SELECT * FROM `action_data` WHERE  `ad_pid` = 90 [ RunTime:0.040000s ]
[ sql ] [ SQL ] SELECT * FROM `action_data` WHERE  `ad_pid` = 92 [ RunTime:0.050000s ]
[ sql ] [ SQL ] SELECT * FROM `action_data` WHERE  `ad_pid` = 95 [ RunTime:0.040000s ]
---------------------------------------------------------------
[ 2018-05-16T09:19:13+08:00 ] 127.0.0.1 GET /admin/index/welcome.html
[ info ] drj.bjzhishanzhimei.com/admin/index/welcome.html [运行时间：1.804103s][吞吐率：0.55req/s] [内存消耗：2,993.60kb] [文件加载：72]
[ info ] [ LANG ] D:\phpStudy\WWW\drhome\thinkphp\lang\zh-cn.php
[ info ] [ ROUTE ] array (
  'type' => 'module',
  'module' => 
  array (
    0 => 'admin',
    1 => 'index',
    2 => 'welcome',
  ),
)
[ info ] [ HEADER ] array (
  'upgrade-insecure-requests' => '1',
  'connection' => 'close',
  'cookie' => 'Hm_lvt_9d483e9e48ba1faa0dfceaf6333de846=1526262527,1526296130,1526347261,1526433434; PHPSESSID=3uqpv6rrs1qibmfqas46jmlgl6; Hm_lpvt_9d483e9e48ba1faa0dfceaf6333de846=1526433450',
  'referer' => 'http://drj.bjzhishanzhimei.com/admin/index/index.html',
  'accept-encoding' => 'gzip, deflate',
  'accept-language' => 'zh-CN,zh;q=0.8,zh-TW;q=0.7,zh-HK;q=0.5,en-US;q=0.3,en;q=0.2',
  'accept' => 'text/html,application/xhtml+xml,application/xml;q=0.9,*/*;q=0.8',
  'user-agent' => 'Mozilla/5.0 (Windows NT 6.1; Win64; x64; rv:59.0) Gecko/20100101 Firefox/59.0',
  'host' => 'drj.bjzhishanzhimei.com',
)
[ info ] [ PARAM ] array (
  '/admin/index/welcome_html' => '',
)
[ info ] [ SESSION ] INIT array (
  'prefix' => 'module',
  'auto_start' => true,
  'host' => '127.0.0.1',
  'port' => 6379,
  'password' => '',
  'path' => 'D:\\phpStudy\\WWW\\drhome\\runtime\\session',
  'sess_path' => 'D:\\phpStudy\\WWW\\drhome\\runtime\\session',
)
[ info ] [ DB ] INIT mysql
[ info ] [ RUN ] app\admin\controller\Index->welcome[ D:\phpStudy\WWW\drhome\application\admin\controller\Index.php ]
[ info ] [ VIEW ] D:\phpStudy\WWW\drhome\public/../application/admin\view\index\welcome.html [ array (
  0 => 'menu',
  1 => 'path',
  2 => 'User',
  3 => 'mName',
  4 => 'cName',
  5 => 'aName',
  6 => 'service',
) ]
[ info ] [ LOG ] INIT File
[ sql ] [ DB ] CONNECT:[ UseTime:0.071004s ] mysql:host=47.104.154.142;port=9989;dbname=drj;charset=utf8
[ sql ] [ SQL ] SHOW COLUMNS FROM `action_data` [ RunTime:0.051003s ]
[ sql ] [ SQL ] SELECT * FROM `action_data` WHERE  `ad_pid` = 0 [ RunTime:0.051003s ]
[ sql ] [ SQL ] SELECT * FROM `action_data` WHERE  `ad_pid` = 49 [ RunTime:0.050003s ]
[ sql ] [ SQL ] SELECT * FROM `action_data` WHERE  `ad_pid` = 51 [ RunTime:0.056004s ]
[ sql ] [ SQL ] SELECT * FROM `action_data` WHERE  `ad_pid` = 59 [ RunTime:0.050003s ]
[ sql ] [ SQL ] SELECT * FROM `action_data` WHERE  `ad_pid` = 63 [ RunTime:0.052003s ]
[ sql ] [ SQL ] SELECT * FROM `action_data` WHERE  `ad_pid` = 67 [ RunTime:0.054003s ]
[ sql ] [ SQL ] SELECT * FROM `action_data` WHERE  `ad_pid` = 75 [ RunTime:0.051003s ]
[ sql ] [ SQL ] SELECT * FROM `action_data` WHERE  `ad_pid` = 80 [ RunTime:0.053004s ]
[ sql ] [ SQL ] SELECT * FROM `action_data` WHERE  `ad_pid` = 82 [ RunTime:0.051003s ]
[ sql ] [ SQL ] SELECT * FROM `action_data` WHERE  `ad_pid` = 85 [ RunTime:0.059003s ]
[ sql ] [ SQL ] SELECT * FROM `action_data` WHERE  `ad_pid` = 87 [ RunTime:0.049003s ]
[ sql ] [ SQL ] SELECT * FROM `action_data` WHERE  `ad_pid` = 90 [ RunTime:0.049002s ]
[ sql ] [ SQL ] SELECT * FROM `action_data` WHERE  `ad_pid` = 92 [ RunTime:0.051003s ]
[ sql ] [ SQL ] SELECT * FROM `action_data` WHERE  `ad_pid` = 95 [ RunTime:0.050002s ]
[ sql ] [ SQL ] select version() [ RunTime:0.049003s ]
---------------------------------------------------------------
[ 2018-05-16T09:20:15+08:00 ] 127.0.0.1 GET /admin/index/index.html
[ info ] drj.bjzhishanzhimei.com/admin/index/index.html [运行时间：1.567090s][吞吐率：0.64req/s] [内存消耗：3,048.27kb] [文件加载：72]
[ info ] [ LANG ] D:\phpStudy\WWW\drhome\thinkphp\lang\zh-cn.php
[ info ] [ ROUTE ] array (
  'type' => 'module',
  'module' => 
  array (
    0 => 'admin',
    1 => 'index',
    2 => 'index',
  ),
)
[ info ] [ HEADER ] array (
  'cache-control' => 'max-age=0',
  'upgrade-insecure-requests' => '1',
  'connection' => 'close',
  'cookie' => 'Hm_lvt_9d483e9e48ba1faa0dfceaf6333de846=1526262527,1526296130,1526347261,1526433434; PHPSESSID=3uqpv6rrs1qibmfqas46jmlgl6; Hm_lpvt_9d483e9e48ba1faa0dfceaf6333de846=1526433552',
  'referer' => 'http://drj.bjzhishanzhimei.com/admin/login/index.html',
  'accept-encoding' => 'gzip, deflate',
  'accept-language' => 'zh-CN,zh;q=0.8,zh-TW;q=0.7,zh-HK;q=0.5,en-US;q=0.3,en;q=0.2',
  'accept' => 'text/html,application/xhtml+xml,application/xml;q=0.9,*/*;q=0.8',
  'user-agent' => 'Mozilla/5.0 (Windows NT 6.1; Win64; x64; rv:59.0) Gecko/20100101 Firefox/59.0',
  'host' => 'drj.bjzhishanzhimei.com',
)
[ info ] [ PARAM ] array (
  '/admin/index/index_html' => '',
)
[ info ] [ SESSION ] INIT array (
  'prefix' => 'module',
  'auto_start' => true,
  'host' => '127.0.0.1',
  'port' => 6379,
  'password' => '',
  'path' => 'D:\\phpStudy\\WWW\\drhome\\runtime\\session',
  'sess_path' => 'D:\\phpStudy\\WWW\\drhome\\runtime\\session',
)
[ info ] [ DB ] INIT mysql
[ info ] [ RUN ] app\admin\controller\Index->index[ D:\phpStudy\WWW\drhome\application\admin\controller\Index.php ]
[ info ] [ VIEW ] D:\phpStudy\WWW\drhome\public/../application/admin\view\index\index.html [ array (
  0 => 'menu',
  1 => 'path',
  2 => 'User',
  3 => 'mName',
  4 => 'cName',
  5 => 'aName',
) ]
[ info ] [ LOG ] INIT File
[ sql ] [ DB ] CONNECT:[ UseTime:0.069004s ] mysql:host=47.104.154.142;port=9989;dbname=drj;charset=utf8
[ sql ] [ SQL ] SHOW COLUMNS FROM `action_data` [ RunTime:0.049003s ]
[ sql ] [ SQL ] SELECT * FROM `action_data` WHERE  `ad_pid` = 0 [ RunTime:0.050003s ]
[ sql ] [ SQL ] SELECT * FROM `action_data` WHERE  `ad_pid` = 49 [ RunTime:0.049003s ]
[ sql ] [ SQL ] SELECT * FROM `action_data` WHERE  `ad_pid` = 51 [ RunTime:0.048002s ]
[ sql ] [ SQL ] SELECT * FROM `action_data` WHERE  `ad_pid` = 59 [ RunTime:0.048003s ]
[ sql ] [ SQL ] SELECT * FROM `action_data` WHERE  `ad_pid` = 63 [ RunTime:0.061004s ]
[ sql ] [ SQL ] SELECT * FROM `action_data` WHERE  `ad_pid` = 67 [ RunTime:0.048003s ]
[ sql ] [ SQL ] SELECT * FROM `action_data` WHERE  `ad_pid` = 75 [ RunTime:0.049003s ]
[ sql ] [ SQL ] SELECT * FROM `action_data` WHERE  `ad_pid` = 80 [ RunTime:0.048002s ]
[ sql ] [ SQL ] SELECT * FROM `action_data` WHERE  `ad_pid` = 82 [ RunTime:0.049003s ]
[ sql ] [ SQL ] SELECT * FROM `action_data` WHERE  `ad_pid` = 85 [ RunTime:0.048003s ]
[ sql ] [ SQL ] SELECT * FROM `action_data` WHERE  `ad_pid` = 87 [ RunTime:0.049003s ]
[ sql ] [ SQL ] SELECT * FROM `action_data` WHERE  `ad_pid` = 92 [ RunTime:0.048002s ]
[ sql ] [ SQL ] SELECT * FROM `action_data` WHERE  `ad_pid` = 95 [ RunTime:0.050003s ]
---------------------------------------------------------------
[ 2018-05-16T09:20:17+08:00 ] 127.0.0.1 GET /admin/index/welcome.html
[ info ] drj.bjzhishanzhimei.com/admin/index/welcome.html [运行时间：1.614092s][吞吐率：0.62req/s] [内存消耗：2,988.59kb] [文件加载：72]
[ info ] [ LANG ] D:\phpStudy\WWW\drhome\thinkphp\lang\zh-cn.php
[ info ] [ ROUTE ] array (
  'type' => 'module',
  'module' => 
  array (
    0 => 'admin',
    1 => 'index',
    2 => 'welcome',
  ),
)
[ info ] [ HEADER ] array (
  'upgrade-insecure-requests' => '1',
  'connection' => 'close',
  'cookie' => 'Hm_lvt_9d483e9e48ba1faa0dfceaf6333de846=1526262527,1526296130,1526347261,1526433434; PHPSESSID=3uqpv6rrs1qibmfqas46jmlgl6; Hm_lpvt_9d483e9e48ba1faa0dfceaf6333de846=1526433552',
  'referer' => 'http://drj.bjzhishanzhimei.com/admin/index/index.html',
  'accept-encoding' => 'gzip, deflate',
  'accept-language' => 'zh-CN,zh;q=0.8,zh-TW;q=0.7,zh-HK;q=0.5,en-US;q=0.3,en;q=0.2',
  'accept' => 'text/html,application/xhtml+xml,application/xml;q=0.9,*/*;q=0.8',
  'user-agent' => 'Mozilla/5.0 (Windows NT 6.1; Win64; x64; rv:59.0) Gecko/20100101 Firefox/59.0',
  'host' => 'drj.bjzhishanzhimei.com',
)
[ info ] [ PARAM ] array (
  '/admin/index/welcome_html' => '',
)
[ info ] [ SESSION ] INIT array (
  'prefix' => 'module',
  'auto_start' => true,
  'host' => '127.0.0.1',
  'port' => 6379,
  'password' => '',
  'path' => 'D:\\phpStudy\\WWW\\drhome\\runtime\\session',
  'sess_path' => 'D:\\phpStudy\\WWW\\drhome\\runtime\\session',
)
[ info ] [ DB ] INIT mysql
[ info ] [ RUN ] app\admin\controller\Index->welcome[ D:\phpStudy\WWW\drhome\application\admin\controller\Index.php ]
[ info ] [ VIEW ] D:\phpStudy\WWW\drhome\public/../application/admin\view\index\welcome.html [ array (
  0 => 'menu',
  1 => 'path',
  2 => 'User',
  3 => 'mName',
  4 => 'cName',
  5 => 'aName',
  6 => 'service',
) ]
[ info ] [ LOG ] INIT File
[ sql ] [ DB ] CONNECT:[ UseTime:0.079005s ] mysql:host=47.104.154.142;port=9989;dbname=drj;charset=utf8
[ sql ] [ SQL ] SHOW COLUMNS FROM `action_data` [ RunTime:0.052003s ]
[ sql ] [ SQL ] SELECT * FROM `action_data` WHERE  `ad_pid` = 0 [ RunTime:0.053003s ]
[ sql ] [ SQL ] SELECT * FROM `action_data` WHERE  `ad_pid` = 49 [ RunTime:0.052003s ]
[ sql ] [ SQL ] SELECT * FROM `action_data` WHERE  `ad_pid` = 51 [ RunTime:0.052003s ]
[ sql ] [ SQL ] SELECT * FROM `action_data` WHERE  `ad_pid` = 59 [ RunTime:0.053003s ]
[ sql ] [ SQL ] SELECT * FROM `action_data` WHERE  `ad_pid` = 63 [ RunTime:0.053003s ]
[ sql ] [ SQL ] SELECT * FROM `action_data` WHERE  `ad_pid` = 67 [ RunTime:0.052003s ]
[ sql ] [ SQL ] SELECT * FROM `action_data` WHERE  `ad_pid` = 75 [ RunTime:0.052003s ]
[ sql ] [ SQL ] SELECT * FROM `action_data` WHERE  `ad_pid` = 80 [ RunTime:0.053003s ]
[ sql ] [ SQL ] SELECT * FROM `action_data` WHERE  `ad_pid` = 82 [ RunTime:0.052003s ]
[ sql ] [ SQL ] SELECT * FROM `action_data` WHERE  `ad_pid` = 85 [ RunTime:0.052003s ]
[ sql ] [ SQL ] SELECT * FROM `action_data` WHERE  `ad_pid` = 87 [ RunTime:0.052003s ]
[ sql ] [ SQL ] SELECT * FROM `action_data` WHERE  `ad_pid` = 92 [ RunTime:0.053003s ]
[ sql ] [ SQL ] SELECT * FROM `action_data` WHERE  `ad_pid` = 95 [ RunTime:0.053003s ]
[ sql ] [ SQL ] select version() [ RunTime:0.051003s ]
---------------------------------------------------------------
[ 2018-05-16T09:20:23+08:00 ] 127.0.0.1 GET /admin/Consumer/tolist
[ info ] drj.bjzhishanzhimei.com/admin/Consumer/tolist [运行时间：1.585090s][吞吐率：0.63req/s] [内存消耗：3,178.23kb] [文件加载：75]
[ info ] [ LANG ] D:\phpStudy\WWW\drhome\thinkphp\lang\zh-cn.php
[ info ] [ ROUTE ] array (
  'type' => 'module',
  'module' => 
  array (
    0 => 'admin',
    1 => 'Consumer',
    2 => 'tolist',
  ),
)
[ info ] [ HEADER ] array (
  'upgrade-insecure-requests' => '1',
  'connection' => 'close',
  'cookie' => 'Hm_lvt_9d483e9e48ba1faa0dfceaf6333de846=1526262527,1526296130,1526347261,1526433434; PHPSESSID=3uqpv6rrs1qibmfqas46jmlgl6; Hm_lpvt_9d483e9e48ba1faa0dfceaf6333de846=1526433616',
  'referer' => 'http://drj.bjzhishanzhimei.com/admin/index/index.html',
  'accept-encoding' => 'gzip, deflate',
  'accept-language' => 'zh-CN,zh;q=0.8,zh-TW;q=0.7,zh-HK;q=0.5,en-US;q=0.3,en;q=0.2',
  'accept' => 'text/html,application/xhtml+xml,application/xml;q=0.9,*/*;q=0.8',
  'user-agent' => 'Mozilla/5.0 (Windows NT 6.1; Win64; x64; rv:59.0) Gecko/20100101 Firefox/59.0',
  'host' => 'drj.bjzhishanzhimei.com',
)
[ info ] [ PARAM ] array (
  '/admin/Consumer/tolist' => '',
)
[ info ] [ SESSION ] INIT array (
  'prefix' => 'module',
  'auto_start' => true,
  'host' => '127.0.0.1',
  'port' => 6379,
  'password' => '',
  'path' => 'D:\\phpStudy\\WWW\\drhome\\runtime\\session',
  'sess_path' => 'D:\\phpStudy\\WWW\\drhome\\runtime\\session',
)
[ info ] [ DB ] INIT mysql
[ info ] [ RUN ] app\admin\controller\Consumer->tolist[ D:\phpStudy\WWW\drhome\application\admin\controller\Consumer.php ]
[ info ] [ VIEW ] D:\phpStudy\WWW\drhome\public/../application/admin\view\consumer\tolist.html [ array (
  0 => 'menu',
  1 => 'path',
  2 => 'User',
  3 => 'mName',
  4 => 'cName',
  5 => 'aName',
  6 => 'page',
) ]
[ info ] [ LOG ] INIT File
[ sql ] [ DB ] CONNECT:[ UseTime:0.064004s ] mysql:host=47.104.154.142;port=9989;dbname=drj;charset=utf8
[ sql ] [ SQL ] SHOW COLUMNS FROM `action_data` [ RunTime:0.044002s ]
[ sql ] [ SQL ] SELECT * FROM `action_data` WHERE  `ad_pid` = 0 [ RunTime:0.044002s ]
[ sql ] [ SQL ] SELECT * FROM `action_data` WHERE  `ad_pid` = 49 [ RunTime:0.044003s ]
[ sql ] [ SQL ] SELECT * FROM `action_data` WHERE  `ad_pid` = 51 [ RunTime:0.044003s ]
[ sql ] [ SQL ] SELECT * FROM `action_data` WHERE  `ad_pid` = 59 [ RunTime:0.045003s ]
[ sql ] [ SQL ] SELECT * FROM `action_data` WHERE  `ad_pid` = 63 [ RunTime:0.046002s ]
[ sql ] [ SQL ] SELECT * FROM `action_data` WHERE  `ad_pid` = 67 [ RunTime:0.044002s ]
[ sql ] [ SQL ] SELECT * FROM `action_data` WHERE  `ad_pid` = 75 [ RunTime:0.045003s ]
[ sql ] [ SQL ] SELECT * FROM `action_data` WHERE  `ad_pid` = 80 [ RunTime:0.045003s ]
[ sql ] [ SQL ] SELECT * FROM `action_data` WHERE  `ad_pid` = 82 [ RunTime:0.045002s ]
[ sql ] [ SQL ] SELECT * FROM `action_data` WHERE  `ad_pid` = 85 [ RunTime:0.044002s ]
[ sql ] [ SQL ] SELECT * FROM `action_data` WHERE  `ad_pid` = 87 [ RunTime:0.044002s ]
[ sql ] [ SQL ] SELECT * FROM `action_data` WHERE  `ad_pid` = 92 [ RunTime:0.045003s ]
[ sql ] [ SQL ] SELECT * FROM `action_data` WHERE  `ad_pid` = 95 [ RunTime:0.044003s ]
[ sql ] [ SQL ] SHOW COLUMNS FROM `user_data` [ RunTime:0.044002s ]
[ sql ] [ SQL ] SELECT COUNT(*) AS tp_count FROM `user_data` WHERE  `type` = 1 LIMIT 1 [ RunTime:0.044002s ]
[ sql ] [ SQL ] SELECT * FROM `user_data` WHERE  `type` = 1 LIMIT 0,15 [ RunTime:0.046003s ]
---------------------------------------------------------------
[ 2018-05-16T09:20:27+08:00 ] 127.0.0.1 GET /admin/Consumer_r/tolist
[ info ] drj.bjzhishanzhimei.com/admin/Consumer_r/tolist [运行时间：3.132179s][吞吐率：0.32req/s] [内存消耗：3,135.30kb] [文件加载：75]
[ info ] [ LANG ] D:\phpStudy\WWW\drhome\thinkphp\lang\zh-cn.php
[ info ] [ ROUTE ] array (
  'type' => 'module',
  'module' => 
  array (
    0 => 'admin',
    1 => 'Consumer_r',
    2 => 'tolist',
  ),
)
[ info ] [ HEADER ] array (
  'upgrade-insecure-requests' => '1',
  'connection' => 'close',
  'cookie' => 'Hm_lvt_9d483e9e48ba1faa0dfceaf6333de846=1526262527,1526296130,1526347261,1526433434; PHPSESSID=3uqpv6rrs1qibmfqas46jmlgl6; Hm_lpvt_9d483e9e48ba1faa0dfceaf6333de846=1526433616',
  'referer' => 'http://drj.bjzhishanzhimei.com/admin/index/index.html',
  'accept-encoding' => 'gzip, deflate',
  'accept-language' => 'zh-CN,zh;q=0.8,zh-TW;q=0.7,zh-HK;q=0.5,en-US;q=0.3,en;q=0.2',
  'accept' => 'text/html,application/xhtml+xml,application/xml;q=0.9,*/*;q=0.8',
  'user-agent' => 'Mozilla/5.0 (Windows NT 6.1; Win64; x64; rv:59.0) Gecko/20100101 Firefox/59.0',
  'host' => 'drj.bjzhishanzhimei.com',
)
[ info ] [ PARAM ] array (
  '/admin/Consumer_r/tolist' => '',
)
[ info ] [ SESSION ] INIT array (
  'prefix' => 'module',
  'auto_start' => true,
  'host' => '127.0.0.1',
  'port' => 6379,
  'password' => '',
  'path' => 'D:\\phpStudy\\WWW\\drhome\\runtime\\session',
  'sess_path' => 'D:\\phpStudy\\WWW\\drhome\\runtime\\session',
)
[ info ] [ DB ] INIT mysql
[ info ] [ RUN ] app\admin\controller\ConsumerR->tolist[ D:\phpStudy\WWW\drhome\application\admin\controller\ConsumerR.php ]
[ info ] [ VIEW ] D:\phpStudy\WWW\drhome\public/../application/admin\view\consumer_r\tolist.html [ array (
  0 => 'menu',
  1 => 'path',
  2 => 'User',
  3 => 'mName',
  4 => 'cName',
  5 => 'aName',
  6 => 'page',
) ]
[ info ] [ LOG ] INIT File
[ sql ] [ DB ] CONNECT:[ UseTime:0.073004s ] mysql:host=47.104.154.142;port=9989;dbname=drj;charset=utf8
[ sql ] [ SQL ] SHOW COLUMNS FROM `action_data` [ RunTime:0.051003s ]
[ sql ] [ SQL ] SELECT * FROM `action_data` WHERE  `ad_pid` = 0 [ RunTime:0.053003s ]
[ sql ] [ SQL ] SELECT * FROM `action_data` WHERE  `ad_pid` = 49 [ RunTime:0.054003s ]
[ sql ] [ SQL ] SELECT * FROM `action_data` WHERE  `ad_pid` = 51 [ RunTime:0.052002s ]
[ sql ] [ SQL ] SELECT * FROM `action_data` WHERE  `ad_pid` = 59 [ RunTime:0.052003s ]
[ sql ] [ SQL ] SELECT * FROM `action_data` WHERE  `ad_pid` = 63 [ RunTime:0.059003s ]
[ sql ] [ SQL ] SELECT * FROM `action_data` WHERE  `ad_pid` = 67 [ RunTime:0.053003s ]
[ sql ] [ SQL ] SELECT * FROM `action_data` WHERE  `ad_pid` = 75 [ RunTime:0.050003s ]
[ sql ] [ SQL ] SELECT * FROM `action_data` WHERE  `ad_pid` = 80 [ RunTime:0.051003s ]
[ sql ] [ SQL ] SELECT * FROM `action_data` WHERE  `ad_pid` = 82 [ RunTime:0.051003s ]
[ sql ] [ SQL ] SELECT * FROM `action_data` WHERE  `ad_pid` = 85 [ RunTime:0.051003s ]
[ sql ] [ SQL ] SELECT * FROM `action_data` WHERE  `ad_pid` = 87 [ RunTime:0.052003s ]
[ sql ] [ SQL ] SELECT * FROM `action_data` WHERE  `ad_pid` = 92 [ RunTime:0.051003s ]
[ sql ] [ SQL ] SELECT * FROM `action_data` WHERE  `ad_pid` = 95 [ RunTime:0.053003s ]
[ sql ] [ SQL ] SHOW COLUMNS FROM `grab_red` [ RunTime:0.051003s ]
[ sql ] [ SQL ] SELECT COUNT(*) AS tp_count FROM `grab_red` LIMIT 1 [ RunTime:0.050003s ]
[ sql ] [ SQL ] SELECT * FROM `grab_red` LIMIT 0,15 [ RunTime:0.051003s ]
[ sql ] [ SQL ] SHOW COLUMNS FROM `user_data` [ RunTime:0.051003s ]
[ sql ] [ SQL ] SELECT * FROM `user_data` WHERE  `ud_id` = 4 LIMIT 1 [ RunTime:0.053003s ]
[ sql ] [ SQL ] SELECT * FROM `user_data` WHERE  `ud_id` = 4 LIMIT 1 [ RunTime:0.052003s ]
[ sql ] [ SQL ] SELECT * FROM `user_data` WHERE  `ud_id` = 4 LIMIT 1 [ RunTime:0.052003s ]
[ sql ] [ SQL ] SELECT * FROM `user_data` WHERE  `ud_id` = 4 LIMIT 1 [ RunTime:0.052003s ]
[ sql ] [ SQL ] SELECT * FROM `user_data` WHERE  `ud_id` = 4 LIMIT 1 [ RunTime:0.053003s ]
[ sql ] [ SQL ] SELECT * FROM `user_data` WHERE  `ud_id` = 4 LIMIT 1 [ RunTime:0.053003s ]
[ sql ] [ SQL ] SELECT * FROM `user_data` WHERE  `ud_id` = 4 LIMIT 1 [ RunTime:0.053003s ]
[ sql ] [ SQL ] SELECT * FROM `user_data` WHERE  `ud_id` = 4 LIMIT 1 [ RunTime:0.052003s ]
[ sql ] [ SQL ] SELECT * FROM `user_data` WHERE  `ud_id` = 4 LIMIT 1 [ RunTime:0.052003s ]
[ sql ] [ SQL ] SELECT * FROM `user_data` WHERE  `ud_id` = 4 LIMIT 1 [ RunTime:0.053003s ]
[ sql ] [ SQL ] SELECT * FROM `user_data` WHERE  `ud_id` = 4 LIMIT 1 [ RunTime:0.052003s ]
[ sql ] [ SQL ] SELECT * FROM `user_data` WHERE  `ud_id` = 4 LIMIT 1 [ RunTime:0.051003s ]
---------------------------------------------------------------
[ 2018-05-16T09:20:27+08:00 ] 127.0.0.1 GET /Js/admin/ConsumerR/tolist.js?v=1526433627
[ info ] drj.bjzhishanzhimei.com/Js/admin/ConsumerR/tolist.js?v=1526433627 [运行时间：0.418024s][吞吐率：2.39req/s] [内存消耗：1,562.43kb] [文件加载：51]
[ info ] [ LANG ] D:\phpStudy\WWW\drhome\thinkphp\lang\zh-cn.php
[ info ] [ ROUTE ] array (
  'type' => 'module',
  'module' => 
  array (
    0 => 'Js',
    1 => 'admin',
    2 => 'ConsumerR',
  ),
)
[ info ] [ HEADER ] array (
  'connection' => 'close',
  'cookie' => 'Hm_lvt_9d483e9e48ba1faa0dfceaf6333de846=1526262527,1526296130,1526347261,1526433434; PHPSESSID=3uqpv6rrs1qibmfqas46jmlgl6; Hm_lpvt_9d483e9e48ba1faa0dfceaf6333de846=1526433616',
  'referer' => 'http://drj.bjzhishanzhimei.com/admin/Consumer_r/tolist',
  'accept-encoding' => 'gzip, deflate',
  'accept-language' => 'zh-CN,zh;q=0.8,zh-TW;q=0.7,zh-HK;q=0.5,en-US;q=0.3,en;q=0.2',
  'accept' => '*/*',
  'user-agent' => 'Mozilla/5.0 (Windows NT 6.1; Win64; x64; rv:59.0) Gecko/20100101 Firefox/59.0',
  'host' => 'drj.bjzhishanzhimei.com',
)
[ info ] [ PARAM ] array (
  '/Js/admin/ConsumerR/tolist_js' => '',
  'v' => '1526433627',
)
[ info ] [ LOG ] INIT File
---------------------------------------------------------------
[ 2018-05-16T09:20:30+08:00 ] 127.0.0.1 GET /admin/Consumers/analyse
[ info ] drj.bjzhishanzhimei.com/admin/Consumers/analyse [运行时间：2.082119s][吞吐率：0.48req/s] [内存消耗：3,108.34kb] [文件加载：74]
[ info ] [ LANG ] D:\phpStudy\WWW\drhome\thinkphp\lang\zh-cn.php
[ info ] [ ROUTE ] array (
  'type' => 'module',
  'module' => 
  array (
    0 => 'admin',
    1 => 'Consumers',
    2 => 'analyse',
  ),
)
[ info ] [ HEADER ] array (
  'upgrade-insecure-requests' => '1',
  'connection' => 'close',
  'cookie' => 'Hm_lvt_9d483e9e48ba1faa0dfceaf6333de846=1526262527,1526296130,1526347261,1526433434; PHPSESSID=3uqpv6rrs1qibmfqas46jmlgl6; Hm_lpvt_9d483e9e48ba1faa0dfceaf6333de846=1526433616',
  'referer' => 'http://drj.bjzhishanzhimei.com/admin/index/index.html',
  'accept-encoding' => 'gzip, deflate',
  'accept-language' => 'zh-CN,zh;q=0.8,zh-TW;q=0.7,zh-HK;q=0.5,en-US;q=0.3,en;q=0.2',
  'accept' => 'text/html,application/xhtml+xml,application/xml;q=0.9,*/*;q=0.8',
  'user-agent' => 'Mozilla/5.0 (Windows NT 6.1; Win64; x64; rv:59.0) Gecko/20100101 Firefox/59.0',
  'host' => 'drj.bjzhishanzhimei.com',
)
[ info ] [ PARAM ] array (
  '/admin/Consumers/analyse' => '',
)
[ info ] [ DB ] INIT mysql
[ info ] [ SESSION ] INIT array (
  'prefix' => 'module',
  'auto_start' => true,
  'host' => '127.0.0.1',
  'port' => 6379,
  'password' => '',
  'path' => 'D:\\phpStudy\\WWW\\drhome\\runtime\\session',
  'sess_path' => 'D:\\phpStudy\\WWW\\drhome\\runtime\\session',
)
[ info ] [ RUN ] app\admin\controller\Consumers->analyse[ D:\phpStudy\WWW\drhome\application\admin\controller\Consumers.php ]
[ info ] [ VIEW ] D:\phpStudy\WWW\drhome\public/../application/admin\view\consumers\analyse.html [ array (
  0 => 'provice',
  1 => 'menu',
  2 => 'path',
  3 => 'User',
  4 => 'mName',
  5 => 'cName',
  6 => 'aName',
  7 => 'page',
) ]
[ info ] [ LOG ] INIT File
[ sql ] [ DB ] CONNECT:[ UseTime:0.073004s ] mysql:host=47.104.154.142;port=9989;dbname=drj;charset=utf8
[ sql ] [ SQL ] SHOW COLUMNS FROM `provice` [ RunTime:0.051003s ]
[ sql ] [ SQL ] SELECT * FROM `provice` [ RunTime:0.051003s ]
[ sql ] [ SQL ] SHOW COLUMNS FROM `action_data` [ RunTime:0.050003s ]
[ sql ] [ SQL ] SELECT * FROM `action_data` WHERE  `ad_pid` = 0 [ RunTime:0.051003s ]
[ sql ] [ SQL ] SELECT * FROM `action_data` WHERE  `ad_pid` = 49 [ RunTime:0.051003s ]
[ sql ] [ SQL ] SELECT * FROM `action_data` WHERE  `ad_pid` = 51 [ RunTime:0.051003s ]
[ sql ] [ SQL ] SELECT * FROM `action_data` WHERE  `ad_pid` = 59 [ RunTime:0.051003s ]
[ sql ] [ SQL ] SELECT * FROM `action_data` WHERE  `ad_pid` = 63 [ RunTime:0.052003s ]
[ sql ] [ SQL ] SELECT * FROM `action_data` WHERE  `ad_pid` = 67 [ RunTime:0.051003s ]
[ sql ] [ SQL ] SELECT * FROM `action_data` WHERE  `ad_pid` = 75 [ RunTime:0.052003s ]
[ sql ] [ SQL ] SELECT * FROM `action_data` WHERE  `ad_pid` = 80 [ RunTime:0.052003s ]
[ sql ] [ SQL ] SELECT * FROM `action_data` WHERE  `ad_pid` = 82 [ RunTime:0.051003s ]
[ sql ] [ SQL ] SELECT * FROM `action_data` WHERE  `ad_pid` = 85 [ RunTime:0.052003s ]
[ sql ] [ SQL ] SELECT * FROM `action_data` WHERE  `ad_pid` = 87 [ RunTime:0.051003s ]
[ sql ] [ SQL ] SELECT * FROM `action_data` WHERE  `ad_pid` = 92 [ RunTime:0.051003s ]
[ sql ] [ SQL ] SELECT * FROM `action_data` WHERE  `ad_pid` = 95 [ RunTime:0.057003s ]
[ sql ] [ SQL ] SHOW COLUMNS FROM `villa_order` [ RunTime:0.050003s ]
[ sql ] [ SQL ] SELECT COUNT(*) AS tp_count FROM ( SELECT count(*) FROM `villa_order` GROUP BY `provice` ) `_group_count_` LIMIT 1 [ RunTime:0.050003s ]
[ sql ] [ SQL ] SELECT count(distinct id) as totals,`id`,provice as name FROM `villa_order` GROUP BY `provice` ORDER BY totals desc LIMIT 0,10 [ RunTime:0.051003s ]
---------------------------------------------------------------
[ 2018-05-16T09:20:38+08:00 ] 127.0.0.1 GET /admin/Building/unbuilding
[ info ] drj.bjzhishanzhimei.com/admin/Building/unbuilding [运行时间：2.009115s][吞吐率：0.50req/s] [内存消耗：3,218.43kb] [文件加载：75]
[ info ] [ LANG ] D:\phpStudy\WWW\drhome\thinkphp\lang\zh-cn.php
[ info ] [ ROUTE ] array (
  'type' => 'module',
  'module' => 
  array (
    0 => 'admin',
    1 => 'Building',
    2 => 'unbuilding',
  ),
)
[ info ] [ HEADER ] array (
  'upgrade-insecure-requests' => '1',
  'connection' => 'close',
  'cookie' => 'Hm_lvt_9d483e9e48ba1faa0dfceaf6333de846=1526262527,1526296130,1526347261,1526433434; PHPSESSID=3uqpv6rrs1qibmfqas46jmlgl6; Hm_lpvt_9d483e9e48ba1faa0dfceaf6333de846=1526433616',
  'referer' => 'http://drj.bjzhishanzhimei.com/admin/index/index.html',
  'accept-encoding' => 'gzip, deflate',
  'accept-language' => 'zh-CN,zh;q=0.8,zh-TW;q=0.7,zh-HK;q=0.5,en-US;q=0.3,en;q=0.2',
  'accept' => 'text/html,application/xhtml+xml,application/xml;q=0.9,*/*;q=0.8',
  'user-agent' => 'Mozilla/5.0 (Windows NT 6.1; Win64; x64; rv:59.0) Gecko/20100101 Firefox/59.0',
  'host' => 'drj.bjzhishanzhimei.com',
)
[ info ] [ PARAM ] array (
  '/admin/Building/unbuilding' => '',
)
[ info ] [ SESSION ] INIT array (
  'prefix' => 'module',
  'auto_start' => true,
  'host' => '127.0.0.1',
  'port' => 6379,
  'password' => '',
  'path' => 'D:\\phpStudy\\WWW\\drhome\\runtime\\session',
  'sess_path' => 'D:\\phpStudy\\WWW\\drhome\\runtime\\session',
)
[ info ] [ DB ] INIT mysql
[ info ] [ RUN ] app\admin\controller\Building->unbuilding[ D:\phpStudy\WWW\drhome\application\admin\controller\Building.php ]
[ info ] [ VIEW ] D:\phpStudy\WWW\drhome\public/../application/admin\view\building\unbuilding.html [ array (
  0 => 'menu',
  1 => 'path',
  2 => 'User',
  3 => 'mName',
  4 => 'cName',
  5 => 'aName',
  6 => 'deploy',
  7 => 'page',
) ]
[ info ] [ LOG ] INIT File
[ sql ] [ DB ] CONNECT:[ UseTime:0.075004s ] mysql:host=47.104.154.142;port=9989;dbname=drj;charset=utf8
[ sql ] [ SQL ] SHOW COLUMNS FROM `action_data` [ RunTime:0.053003s ]
[ sql ] [ SQL ] SELECT * FROM `action_data` WHERE  `ad_pid` = 0 [ RunTime:0.053003s ]
[ sql ] [ SQL ] SELECT * FROM `action_data` WHERE  `ad_pid` = 49 [ RunTime:0.053003s ]
[ sql ] [ SQL ] SELECT * FROM `action_data` WHERE  `ad_pid` = 51 [ RunTime:0.054003s ]
[ sql ] [ SQL ] SELECT * FROM `action_data` WHERE  `ad_pid` = 59 [ RunTime:0.053003s ]
[ sql ] [ SQL ] SELECT * FROM `action_data` WHERE  `ad_pid` = 63 [ RunTime:0.053003s ]
[ sql ] [ SQL ] SELECT * FROM `action_data` WHERE  `ad_pid` = 67 [ RunTime:0.053003s ]
[ sql ] [ SQL ] SELECT * FROM `action_data` WHERE  `ad_pid` = 75 [ RunTime:0.054003s ]
[ sql ] [ SQL ] SELECT * FROM `action_data` WHERE  `ad_pid` = 80 [ RunTime:0.052003s ]
[ sql ] [ SQL ] SELECT * FROM `action_data` WHERE  `ad_pid` = 82 [ RunTime:0.052003s ]
[ sql ] [ SQL ] SELECT * FROM `action_data` WHERE  `ad_pid` = 85 [ RunTime:0.052003s ]
[ sql ] [ SQL ] SELECT * FROM `action_data` WHERE  `ad_pid` = 87 [ RunTime:0.053003s ]
[ sql ] [ SQL ] SELECT * FROM `action_data` WHERE  `ad_pid` = 92 [ RunTime:0.053003s ]
[ sql ] [ SQL ] SELECT * FROM `action_data` WHERE  `ad_pid` = 95 [ RunTime:0.052003s ]
[ sql ] [ SQL ] SHOW COLUMNS FROM `deploy` [ RunTime:0.052003s ]
[ sql ] [ SQL ] SELECT * FROM `deploy` WHERE  `type` = 2 [ RunTime:0.051003s ]
[ sql ] [ SQL ] SHOW COLUMNS FROM `building_details` [ RunTime:0.053003s ]
[ sql ] [ SQL ] SELECT COUNT(*) AS tp_count FROM `building_details` WHERE  `status` = 2 LIMIT 1 [ RunTime:0.052003s ]
[ sql ] [ SQL ] SELECT * FROM `building_details` WHERE  `status` = 2 LIMIT 0,15 [ RunTime:0.053003s ]
