---------------------------------------------------------------
[ 2018-05-21T09:29:45+08:00 ] 127.0.0.1 GET /admin
[ info ] drj.bjzhishanzhimei.com/admin [运行时间：0.432025s][吞吐率：2.31req/s] [内存消耗：1,910.05kb] [文件加载：63]
[ info ] [ LANG ] D:\phpStudy\WWW\drhome\thinkphp\lang\zh-cn.php
[ info ] [ ROUTE ] array (
  'type' => 'module',
  'module' => 
  array (
    0 => 'admin',
    1 => NULL,
    2 => NULL,
  ),
)
[ info ] [ HEADER ] array (
  'upgrade-insecure-requests' => '1',
  'connection' => 'close',
  'cookie' => 'Hm_lvt_9d483e9e48ba1faa0dfceaf6333de846=1526433434,1526519957,1526607217,1526675936',
  'accept-encoding' => 'gzip, deflate',
  'accept-language' => 'zh-CN,zh;q=0.8,zh-TW;q=0.7,zh-HK;q=0.5,en-US;q=0.3,en;q=0.2',
  'accept' => 'text/html,application/xhtml+xml,application/xml;q=0.9,*/*;q=0.8',
  'user-agent' => 'Mozilla/5.0 (Windows NT 6.1; Win64; x64; rv:59.0) Gecko/20100101 Firefox/59.0',
  'host' => 'drj.bjzhishanzhimei.com',
)
[ info ] [ PARAM ] array (
  '/admin' => '',
)
[ info ] [ SESSION ] INIT array (
  'prefix' => 'module',
  'auto_start' => true,
  'host' => '127.0.0.1',
  'port' => 6379,
  'password' => '',
  'path' => 'D:\\phpStudy\\WWW\\drhome\\runtime\\session',
  'sess_path' => 'D:\\phpStudy\\WWW\\drhome\\runtime\\session',
)
[ info ] [ VIEW ] D:\phpStudy\WWW\drhome\thinkphp\tpl\dispatch_jump.tpl [ array (
  0 => 'code',
  1 => 'msg',
  2 => 'data',
  3 => 'url',
  4 => 'wait',
) ]
[ info ] [ LOG ] INIT File
---------------------------------------------------------------
[ 2018-05-21T09:29:48+08:00 ] 127.0.0.1 GET /admin/login/index.html
[ info ] drj.bjzhishanzhimei.com/admin/login/index.html [运行时间：0.423024s][吞吐率：2.36req/s] [内存消耗：1,918.99kb] [文件加载：62]
[ info ] [ LANG ] D:\phpStudy\WWW\drhome\thinkphp\lang\zh-cn.php
[ info ] [ ROUTE ] array (
  'type' => 'module',
  'module' => 
  array (
    0 => 'admin',
    1 => 'login',
    2 => 'index',
  ),
)
[ info ] [ HEADER ] array (
  'upgrade-insecure-requests' => '1',
  'connection' => 'close',
  'cookie' => 'Hm_lvt_9d483e9e48ba1faa0dfceaf6333de846=1526519957,1526607217,1526675936,1526866186; PHPSESSID=nc9l02acb1cq954qbnv6b0pe16; Hm_lpvt_9d483e9e48ba1faa0dfceaf6333de846=1526866186',
  'referer' => 'http://drj.bjzhishanzhimei.com/admin',
  'accept-encoding' => 'gzip, deflate',
  'accept-language' => 'zh-CN,zh;q=0.8,zh-TW;q=0.7,zh-HK;q=0.5,en-US;q=0.3,en;q=0.2',
  'accept' => 'text/html,application/xhtml+xml,application/xml;q=0.9,*/*;q=0.8',
  'user-agent' => 'Mozilla/5.0 (Windows NT 6.1; Win64; x64; rv:59.0) Gecko/20100101 Firefox/59.0',
  'host' => 'drj.bjzhishanzhimei.com',
)
[ info ] [ PARAM ] array (
  '/admin/login/index_html' => '',
)
[ info ] [ RUN ] app\admin\controller\Login->index[ D:\phpStudy\WWW\drhome\application\admin\controller\Login.php ]
[ info ] [ VIEW ] D:\phpStudy\WWW\drhome\public/../application/admin\view\login\index.html [ array (
  0 => 'mName',
  1 => 'cName',
  2 => 'aName',
) ]
[ info ] [ LOG ] INIT File
---------------------------------------------------------------
[ 2018-05-21T09:29:49+08:00 ] 127.0.0.1 GET /captcha.html
[ info ] drj.bjzhishanzhimei.com/captcha.html [运行时间：0.427024s][吞吐率：2.34req/s] [内存消耗：1,571.09kb] [文件加载：49]
[ info ] [ LANG ] D:\phpStudy\WWW\drhome\thinkphp\lang\zh-cn.php
[ info ] [ ROUTE ] array (
  'type' => 'method',
  'method' => 
  array (
    0 => '\\think\\captcha\\CaptchaController',
    1 => 'index',
  ),
  'var' => 
  array (
  ),
)
[ info ] [ HEADER ] array (
  'connection' => 'close',
  'cookie' => 'Hm_lvt_9d483e9e48ba1faa0dfceaf6333de846=1526519957,1526607217,1526675936,1526866186; PHPSESSID=nc9l02acb1cq954qbnv6b0pe16; Hm_lpvt_9d483e9e48ba1faa0dfceaf6333de846=1526866186',
  'referer' => 'http://drj.bjzhishanzhimei.com/admin/login/index.html',
  'accept-encoding' => 'gzip, deflate',
  'accept-language' => 'zh-CN,zh;q=0.8,zh-TW;q=0.7,zh-HK;q=0.5,en-US;q=0.3,en;q=0.2',
  'accept' => '*/*',
  'user-agent' => 'Mozilla/5.0 (Windows NT 6.1; Win64; x64; rv:59.0) Gecko/20100101 Firefox/59.0',
  'host' => 'drj.bjzhishanzhimei.com',
)
[ info ] [ PARAM ] array (
  '/captcha_html' => '',
  'id' => NULL,
)
[ info ] [ RUN ] think\captcha\CaptchaController->index[ D:\phpStudy\WWW\drhome\vendor\topthink\think-captcha\src\CaptchaController.php ]
[ info ] [ SESSION ] INIT array (
  'prefix' => 'module',
  'auto_start' => true,
  'host' => '127.0.0.1',
  'port' => 6379,
  'password' => '',
  'path' => 'D:\\phpStudy\\WWW\\drhome\\runtime\\session',
  'sess_path' => 'D:\\phpStudy\\WWW\\drhome\\runtime\\session',
)
[ info ] [ LOG ] INIT File
---------------------------------------------------------------
[ 2018-05-21T09:29:58+08:00 ] 127.0.0.1 POST /admin/login/login.html
[ info ] drj.bjzhishanzhimei.com/admin/login/login.html [运行时间：0.404023s][吞吐率：2.48req/s] [内存消耗：1,919.52kb] [文件加载：62]
[ info ] [ LANG ] D:\phpStudy\WWW\drhome\thinkphp\lang\zh-cn.php
[ info ] [ ROUTE ] array (
  'type' => 'module',
  'module' => 
  array (
    0 => 'admin',
    1 => 'login',
    2 => 'login',
  ),
)
[ info ] [ HEADER ] array (
  'connection' => 'close',
  'cookie' => 'Hm_lvt_9d483e9e48ba1faa0dfceaf6333de846=1526519957,1526607217,1526675936,1526866186; PHPSESSID=nc9l02acb1cq954qbnv6b0pe16; Hm_lpvt_9d483e9e48ba1faa0dfceaf6333de846=1526866189',
  'content-length' => '45',
  'x-requested-with' => 'XMLHttpRequest',
  'content-type' => 'application/x-www-form-urlencoded; charset=UTF-8',
  'referer' => 'http://drj.bjzhishanzhimei.com/admin/login/index.html',
  'accept-encoding' => 'gzip, deflate',
  'accept-language' => 'zh-CN,zh;q=0.8,zh-TW;q=0.7,zh-HK;q=0.5,en-US;q=0.3,en;q=0.2',
  'accept' => 'application/json, text/javascript, */*; q=0.01',
  'user-agent' => 'Mozilla/5.0 (Windows NT 6.1; Win64; x64; rv:59.0) Gecko/20100101 Firefox/59.0',
  'host' => 'drj.bjzhishanzhimei.com',
)
[ info ] [ PARAM ] array (
  '/admin/login/login_html' => '',
  'phone' => '12345678910',
  'password' => '123456',
  'captcha' => 'ULX',
)
[ info ] [ RUN ] app\admin\controller\Login->login[ D:\phpStudy\WWW\drhome\application\admin\controller\Login.php ]
[ info ] [ SESSION ] INIT array (
  'prefix' => 'module',
  'auto_start' => true,
  'host' => '127.0.0.1',
  'port' => 6379,
  'password' => '',
  'path' => 'D:\\phpStudy\\WWW\\drhome\\runtime\\session',
  'sess_path' => 'D:\\phpStudy\\WWW\\drhome\\runtime\\session',
)
[ info ] [ LOG ] INIT File
---------------------------------------------------------------
[ 2018-05-21T09:29:58+08:00 ] 127.0.0.1 GET /captcha.html?0.08815930141265482
[ info ] drj.bjzhishanzhimei.com/captcha.html?0.08815930141265482 [运行时间：0.345019s][吞吐率：2.90req/s] [内存消耗：1,571.30kb] [文件加载：49]
[ info ] [ LANG ] D:\phpStudy\WWW\drhome\thinkphp\lang\zh-cn.php
[ info ] [ ROUTE ] array (
  'type' => 'method',
  'method' => 
  array (
    0 => '\\think\\captcha\\CaptchaController',
    1 => 'index',
  ),
  'var' => 
  array (
  ),
)
[ info ] [ HEADER ] array (
  'connection' => 'close',
  'cookie' => 'Hm_lvt_9d483e9e48ba1faa0dfceaf6333de846=1526519957,1526607217,1526675936,1526866186; PHPSESSID=nc9l02acb1cq954qbnv6b0pe16; Hm_lpvt_9d483e9e48ba1faa0dfceaf6333de846=1526866189',
  'referer' => 'http://drj.bjzhishanzhimei.com/admin/login/index.html',
  'accept-encoding' => 'gzip, deflate',
  'accept-language' => 'zh-CN,zh;q=0.8,zh-TW;q=0.7,zh-HK;q=0.5,en-US;q=0.3,en;q=0.2',
  'accept' => '*/*',
  'user-agent' => 'Mozilla/5.0 (Windows NT 6.1; Win64; x64; rv:59.0) Gecko/20100101 Firefox/59.0',
  'host' => 'drj.bjzhishanzhimei.com',
)
[ info ] [ PARAM ] array (
  '/captcha_html' => '',
  '0_08815930141265482' => '',
  'id' => NULL,
)
[ info ] [ RUN ] think\captcha\CaptchaController->index[ D:\phpStudy\WWW\drhome\vendor\topthink\think-captcha\src\CaptchaController.php ]
[ info ] [ SESSION ] INIT array (
  'prefix' => 'module',
  'auto_start' => true,
  'host' => '127.0.0.1',
  'port' => 6379,
  'password' => '',
  'path' => 'D:\\phpStudy\\WWW\\drhome\\runtime\\session',
  'sess_path' => 'D:\\phpStudy\\WWW\\drhome\\runtime\\session',
)
[ info ] [ LOG ] INIT File
---------------------------------------------------------------
[ 2018-05-21T09:30:03+08:00 ] 127.0.0.1 POST /admin/login/login.html
[ info ] drj.bjzhishanzhimei.com/admin/login/login.html [运行时间：1.105063s][吞吐率：0.90req/s] [内存消耗：3,121.18kb] [文件加载：78]
[ info ] [ LANG ] D:\phpStudy\WWW\drhome\thinkphp\lang\zh-cn.php
[ info ] [ ROUTE ] array (
  'type' => 'module',
  'module' => 
  array (
    0 => 'admin',
    1 => 'login',
    2 => 'login',
  ),
)
[ info ] [ HEADER ] array (
  'connection' => 'close',
  'cookie' => 'Hm_lvt_9d483e9e48ba1faa0dfceaf6333de846=1526519957,1526607217,1526675936,1526866186; PHPSESSID=nc9l02acb1cq954qbnv6b0pe16; Hm_lpvt_9d483e9e48ba1faa0dfceaf6333de846=1526866189',
  'content-length' => '45',
  'x-requested-with' => 'XMLHttpRequest',
  'content-type' => 'application/x-www-form-urlencoded; charset=UTF-8',
  'referer' => 'http://drj.bjzhishanzhimei.com/admin/login/index.html',
  'accept-encoding' => 'gzip, deflate',
  'accept-language' => 'zh-CN,zh;q=0.8,zh-TW;q=0.7,zh-HK;q=0.5,en-US;q=0.3,en;q=0.2',
  'accept' => 'application/json, text/javascript, */*; q=0.01',
  'user-agent' => 'Mozilla/5.0 (Windows NT 6.1; Win64; x64; rv:59.0) Gecko/20100101 Firefox/59.0',
  'host' => 'drj.bjzhishanzhimei.com',
)
[ info ] [ PARAM ] array (
  '/admin/login/login_html' => '',
  'phone' => '12345678910',
  'password' => '123456',
  'captcha' => '5MR',
)
[ info ] [ RUN ] app\admin\controller\Login->login[ D:\phpStudy\WWW\drhome\application\admin\controller\Login.php ]
[ info ] [ SESSION ] INIT array (
  'prefix' => 'module',
  'auto_start' => true,
  'host' => '127.0.0.1',
  'port' => 6379,
  'password' => '',
  'path' => 'D:\\phpStudy\\WWW\\drhome\\runtime\\session',
  'sess_path' => 'D:\\phpStudy\\WWW\\drhome\\runtime\\session',
)
[ info ] [ DB ] INIT mysql
[ info ] [ CACHE ] INIT File
[ info ] [ LOG ] INIT File
[ sql ] [ DB ] CONNECT:[ UseTime:0.104006s ] mysql:host=47.104.154.142;port=9989;dbname=drj;charset=utf8
[ sql ] [ SQL ] SHOW COLUMNS FROM `member` [ RunTime:0.051003s ]
[ sql ] [ SQL ] SELECT * FROM `member` WHERE  `am_phone` = '12345678910' LIMIT 1 [ RunTime:0.051003s ]
[ sql ] [ SQL ] SHOW COLUMNS FROM `member_log` [ RunTime:0.051003s ]
[ sql ] [ SQL ] INSERT INTO `member_log` (`ml_member_id` , `ml_name` , `ml_url` , `ml_ip` , `create_at`) VALUES (17 , '登录后台' , 'admin/login/login' , '127.0.0.1' , 1526866203) [ RunTime:0.057003s ]
[ sql ] [ SQL ] UPDATE `member`  SET `am_ssid`='nc9l02acb1cq954qbnv6b0pe16',`am_pre_time`=1526866203,`update_at`=1526866203  WHERE  `am_id` = 17 [ RunTime:0.054003s ]
---------------------------------------------------------------
[ 2018-05-21T09:30:05+08:00 ] 127.0.0.1 GET /admin/index/index.html
[ info ] drj.bjzhishanzhimei.com/admin/index/index.html [运行时间：1.626093s][吞吐率：0.61req/s] [内存消耗：3,053.36kb] [文件加载：72]
[ info ] [ LANG ] D:\phpStudy\WWW\drhome\thinkphp\lang\zh-cn.php
[ info ] [ ROUTE ] array (
  'type' => 'module',
  'module' => 
  array (
    0 => 'admin',
    1 => 'index',
    2 => 'index',
  ),
)
[ info ] [ HEADER ] array (
  'upgrade-insecure-requests' => '1',
  'connection' => 'close',
  'cookie' => 'Hm_lvt_9d483e9e48ba1faa0dfceaf6333de846=1526519957,1526607217,1526675936,1526866186; PHPSESSID=nc9l02acb1cq954qbnv6b0pe16; Hm_lpvt_9d483e9e48ba1faa0dfceaf6333de846=1526866189',
  'referer' => 'http://drj.bjzhishanzhimei.com/admin/login/index.html',
  'accept-encoding' => 'gzip, deflate',
  'accept-language' => 'zh-CN,zh;q=0.8,zh-TW;q=0.7,zh-HK;q=0.5,en-US;q=0.3,en;q=0.2',
  'accept' => 'text/html,application/xhtml+xml,application/xml;q=0.9,*/*;q=0.8',
  'user-agent' => 'Mozilla/5.0 (Windows NT 6.1; Win64; x64; rv:59.0) Gecko/20100101 Firefox/59.0',
  'host' => 'drj.bjzhishanzhimei.com',
)
[ info ] [ PARAM ] array (
  '/admin/index/index_html' => '',
)
[ info ] [ SESSION ] INIT array (
  'prefix' => 'module',
  'auto_start' => true,
  'host' => '127.0.0.1',
  'port' => 6379,
  'password' => '',
  'path' => 'D:\\phpStudy\\WWW\\drhome\\runtime\\session',
  'sess_path' => 'D:\\phpStudy\\WWW\\drhome\\runtime\\session',
)
[ info ] [ DB ] INIT mysql
[ info ] [ RUN ] app\admin\controller\Index->index[ D:\phpStudy\WWW\drhome\application\admin\controller\Index.php ]
[ info ] [ VIEW ] D:\phpStudy\WWW\drhome\public/../application/admin\view\index\index.html [ array (
  0 => 'menu',
  1 => 'path',
  2 => 'User',
  3 => 'mName',
  4 => 'cName',
  5 => 'aName',
) ]
[ info ] [ LOG ] INIT File
[ sql ] [ DB ] CONNECT:[ UseTime:0.069004s ] mysql:host=47.104.154.142;port=9989;dbname=drj;charset=utf8
[ sql ] [ SQL ] SHOW COLUMNS FROM `action_data` [ RunTime:0.051003s ]
[ sql ] [ SQL ] SELECT * FROM `action_data` WHERE  `ad_pid` = 0 [ RunTime:0.050002s ]
[ sql ] [ SQL ] SELECT * FROM `action_data` WHERE  `ad_pid` = 49 [ RunTime:0.050003s ]
[ sql ] [ SQL ] SELECT * FROM `action_data` WHERE  `ad_pid` = 51 [ RunTime:0.049003s ]
[ sql ] [ SQL ] SELECT * FROM `action_data` WHERE  `ad_pid` = 59 [ RunTime:0.049003s ]
[ sql ] [ SQL ] SELECT * FROM `action_data` WHERE  `ad_pid` = 63 [ RunTime:0.050002s ]
[ sql ] [ SQL ] SELECT * FROM `action_data` WHERE  `ad_pid` = 67 [ RunTime:0.049003s ]
[ sql ] [ SQL ] SELECT * FROM `action_data` WHERE  `ad_pid` = 75 [ RunTime:0.049003s ]
[ sql ] [ SQL ] SELECT * FROM `action_data` WHERE  `ad_pid` = 80 [ RunTime:0.049002s ]
[ sql ] [ SQL ] SELECT * FROM `action_data` WHERE  `ad_pid` = 82 [ RunTime:0.053003s ]
[ sql ] [ SQL ] SELECT * FROM `action_data` WHERE  `ad_pid` = 85 [ RunTime:0.049003s ]
[ sql ] [ SQL ] SELECT * FROM `action_data` WHERE  `ad_pid` = 87 [ RunTime:0.049003s ]
[ sql ] [ SQL ] SELECT * FROM `action_data` WHERE  `ad_pid` = 92 [ RunTime:0.048002s ]
[ sql ] [ SQL ] SELECT * FROM `action_data` WHERE  `ad_pid` = 95 [ RunTime:0.048003s ]
---------------------------------------------------------------
[ 2018-05-21T09:30:07+08:00 ] 127.0.0.1 GET /admin/index/welcome.html
[ info ] drj.bjzhishanzhimei.com/admin/index/welcome.html [运行时间：1.487085s][吞吐率：0.67req/s] [内存消耗：2,993.74kb] [文件加载：72]
[ info ] [ LANG ] D:\phpStudy\WWW\drhome\thinkphp\lang\zh-cn.php
[ info ] [ ROUTE ] array (
  'type' => 'module',
  'module' => 
  array (
    0 => 'admin',
    1 => 'index',
    2 => 'welcome',
  ),
)
[ info ] [ HEADER ] array (
  'upgrade-insecure-requests' => '1',
  'connection' => 'close',
  'cookie' => 'Hm_lvt_9d483e9e48ba1faa0dfceaf6333de846=1526519957,1526607217,1526675936,1526866186; PHPSESSID=nc9l02acb1cq954qbnv6b0pe16; Hm_lpvt_9d483e9e48ba1faa0dfceaf6333de846=1526866189',
  'referer' => 'http://drj.bjzhishanzhimei.com/admin/index/index.html',
  'accept-encoding' => 'gzip, deflate',
  'accept-language' => 'zh-CN,zh;q=0.8,zh-TW;q=0.7,zh-HK;q=0.5,en-US;q=0.3,en;q=0.2',
  'accept' => 'text/html,application/xhtml+xml,application/xml;q=0.9,*/*;q=0.8',
  'user-agent' => 'Mozilla/5.0 (Windows NT 6.1; Win64; x64; rv:59.0) Gecko/20100101 Firefox/59.0',
  'host' => 'drj.bjzhishanzhimei.com',
)
[ info ] [ PARAM ] array (
  '/admin/index/welcome_html' => '',
)
[ info ] [ SESSION ] INIT array (
  'prefix' => 'module',
  'auto_start' => true,
  'host' => '127.0.0.1',
  'port' => 6379,
  'password' => '',
  'path' => 'D:\\phpStudy\\WWW\\drhome\\runtime\\session',
  'sess_path' => 'D:\\phpStudy\\WWW\\drhome\\runtime\\session',
)
[ info ] [ DB ] INIT mysql
[ info ] [ RUN ] app\admin\controller\Index->welcome[ D:\phpStudy\WWW\drhome\application\admin\controller\Index.php ]
[ info ] [ VIEW ] D:\phpStudy\WWW\drhome\public/../application/admin\view\index\welcome.html [ array (
  0 => 'menu',
  1 => 'path',
  2 => 'User',
  3 => 'mName',
  4 => 'cName',
  5 => 'aName',
  6 => 'service',
) ]
[ info ] [ LOG ] INIT File
[ sql ] [ DB ] CONNECT:[ UseTime:0.070004s ] mysql:host=47.104.154.142;port=9989;dbname=drj;charset=utf8
[ sql ] [ SQL ] SHOW COLUMNS FROM `action_data` [ RunTime:0.047003s ]
[ sql ] [ SQL ] SELECT * FROM `action_data` WHERE  `ad_pid` = 0 [ RunTime:0.068003s ]
[ sql ] [ SQL ] SELECT * FROM `action_data` WHERE  `ad_pid` = 49 [ RunTime:0.048003s ]
[ sql ] [ SQL ] SELECT * FROM `action_data` WHERE  `ad_pid` = 51 [ RunTime:0.050003s ]
[ sql ] [ SQL ] SELECT * FROM `action_data` WHERE  `ad_pid` = 59 [ RunTime:0.048003s ]
[ sql ] [ SQL ] SELECT * FROM `action_data` WHERE  `ad_pid` = 63 [ RunTime:0.051003s ]
[ sql ] [ SQL ] SELECT * FROM `action_data` WHERE  `ad_pid` = 67 [ RunTime:0.048003s ]
[ sql ] [ SQL ] SELECT * FROM `action_data` WHERE  `ad_pid` = 75 [ RunTime:0.049003s ]
[ sql ] [ SQL ] SELECT * FROM `action_data` WHERE  `ad_pid` = 80 [ RunTime:0.049003s ]
[ sql ] [ SQL ] SELECT * FROM `action_data` WHERE  `ad_pid` = 82 [ RunTime:0.051003s ]
[ sql ] [ SQL ] SELECT * FROM `action_data` WHERE  `ad_pid` = 85 [ RunTime:0.049002s ]
[ sql ] [ SQL ] SELECT * FROM `action_data` WHERE  `ad_pid` = 87 [ RunTime:0.051003s ]
[ sql ] [ SQL ] SELECT * FROM `action_data` WHERE  `ad_pid` = 92 [ RunTime:0.048003s ]
[ sql ] [ SQL ] SELECT * FROM `action_data` WHERE  `ad_pid` = 95 [ RunTime:0.047003s ]
[ sql ] [ SQL ] select version() [ RunTime:0.048003s ]
---------------------------------------------------------------
[ 2018-05-21T09:30:12+08:00 ] 127.0.0.1 GET /admin/User/tolist
[ info ] drj.bjzhishanzhimei.com/admin/User/tolist [运行时间：2.179125s][吞吐率：0.46req/s] [内存消耗：3,222.01kb] [文件加载：74]
[ info ] [ LANG ] D:\phpStudy\WWW\drhome\thinkphp\lang\zh-cn.php
[ info ] [ ROUTE ] array (
  'type' => 'module',
  'module' => 
  array (
    0 => 'admin',
    1 => 'User',
    2 => 'tolist',
  ),
)
[ info ] [ HEADER ] array (
  'upgrade-insecure-requests' => '1',
  'connection' => 'close',
  'cookie' => 'Hm_lvt_9d483e9e48ba1faa0dfceaf6333de846=1526519957,1526607217,1526675936,1526866186; PHPSESSID=nc9l02acb1cq954qbnv6b0pe16; Hm_lpvt_9d483e9e48ba1faa0dfceaf6333de846=1526866207',
  'referer' => 'http://drj.bjzhishanzhimei.com/admin/index/index.html',
  'accept-encoding' => 'gzip, deflate',
  'accept-language' => 'zh-CN,zh;q=0.8,zh-TW;q=0.7,zh-HK;q=0.5,en-US;q=0.3,en;q=0.2',
  'accept' => 'text/html,application/xhtml+xml,application/xml;q=0.9,*/*;q=0.8',
  'user-agent' => 'Mozilla/5.0 (Windows NT 6.1; Win64; x64; rv:59.0) Gecko/20100101 Firefox/59.0',
  'host' => 'drj.bjzhishanzhimei.com',
)
[ info ] [ PARAM ] array (
  '/admin/User/tolist' => '',
)
[ info ] [ DB ] INIT mysql
[ info ] [ SESSION ] INIT array (
  'prefix' => 'module',
  'auto_start' => true,
  'host' => '127.0.0.1',
  'port' => 6379,
  'password' => '',
  'path' => 'D:\\phpStudy\\WWW\\drhome\\runtime\\session',
  'sess_path' => 'D:\\phpStudy\\WWW\\drhome\\runtime\\session',
)
[ info ] [ RUN ] app\admin\controller\User->toList[ D:\phpStudy\WWW\drhome\application\admin\controller\User.php ]
[ info ] [ VIEW ] D:\phpStudy\WWW\drhome\public/../application/admin\view\user\tolist.html [ array (
  0 => 'provice',
  1 => 'menu',
  2 => 'path',
  3 => 'User',
  4 => 'mName',
  5 => 'cName',
  6 => 'aName',
  7 => 'page',
) ]
[ info ] [ LOG ] INIT File
[ sql ] [ DB ] CONNECT:[ UseTime:0.071004s ] mysql:host=47.104.154.142;port=9989;dbname=drj;charset=utf8
[ sql ] [ SQL ] SHOW COLUMNS FROM `provice` [ RunTime:0.054003s ]
[ sql ] [ SQL ] SELECT * FROM `provice` [ RunTime:0.053003s ]
[ sql ] [ SQL ] SHOW COLUMNS FROM `action_data` [ RunTime:0.051002s ]
[ sql ] [ SQL ] SELECT * FROM `action_data` WHERE  `ad_pid` = 0 [ RunTime:0.050003s ]
[ sql ] [ SQL ] SELECT * FROM `action_data` WHERE  `ad_pid` = 49 [ RunTime:0.051003s ]
[ sql ] [ SQL ] SELECT * FROM `action_data` WHERE  `ad_pid` = 51 [ RunTime:0.051003s ]
[ sql ] [ SQL ] SELECT * FROM `action_data` WHERE  `ad_pid` = 59 [ RunTime:0.051003s ]
[ sql ] [ SQL ] SELECT * FROM `action_data` WHERE  `ad_pid` = 63 [ RunTime:0.051003s ]
[ sql ] [ SQL ] SELECT * FROM `action_data` WHERE  `ad_pid` = 67 [ RunTime:0.052003s ]
[ sql ] [ SQL ] SELECT * FROM `action_data` WHERE  `ad_pid` = 75 [ RunTime:0.050003s ]
[ sql ] [ SQL ] SELECT * FROM `action_data` WHERE  `ad_pid` = 80 [ RunTime:0.051003s ]
[ sql ] [ SQL ] SELECT * FROM `action_data` WHERE  `ad_pid` = 82 [ RunTime:0.053003s ]
[ sql ] [ SQL ] SELECT * FROM `action_data` WHERE  `ad_pid` = 85 [ RunTime:0.050003s ]
[ sql ] [ SQL ] SELECT * FROM `action_data` WHERE  `ad_pid` = 87 [ RunTime:0.050003s ]
[ sql ] [ SQL ] SELECT * FROM `action_data` WHERE  `ad_pid` = 92 [ RunTime:0.050002s ]
[ sql ] [ SQL ] SELECT * FROM `action_data` WHERE  `ad_pid` = 95 [ RunTime:0.050002s ]
[ sql ] [ SQL ] SHOW COLUMNS FROM `user_data` [ RunTime:0.053003s ]
[ sql ] [ SQL ] SELECT COUNT(*) AS tp_count FROM `user_data` WHERE  `type` = 2  AND `status` = 1 LIMIT 1 [ RunTime:0.051003s ]
[ sql ] [ SQL ] SELECT * FROM `user_data` WHERE  `type` = 2  AND `status` = 1 LIMIT 0,15 [ RunTime:0.051003s ]
